<?xml version="1.0" encoding="UTF-8" ?>
<testsuite errors="0" failures="0" hostname="WillHall-MBPrd.roc.mn.charter.com" name="testGoogleTitle(Tests.SampleTest)" skipped="0" tests="1" time="7.229" timestamp="2020-06-12T04:23:10">
  <properties />
  <system-out><![CDATA[ ====================================== Thu Jun 11 23:23:17 CDT 2020 === Finished execution of test case : testGoogleTitle
]]></system-out>
  <system-err><![CDATA[]]></system-err>
  <testcase classname="TrueUserTests.TrueUser.DescriptionAsTest" name="testGoogleTitle(Tests.SampleTest)" time="7.229" />
</testsuite>
