<?xml version="1.0" encoding="UTF-8" ?>
<testsuite errors="0" failures="180" hostname="WillHall-MBPrd.roc.mn.charter.com" name="null" tests="169" time="123968.522" timestamp="Sat Jun 13 23:53:49 CDT 2020">
  <properties />
  <testcase classname="Tests.StudentContentTests" name="testSecondContentBreadcrumbBiographies" time="5.838" />
  <testcase classname="Tests.StudentContentTests" name="testDatabaseBreadcrumbDinosaurs" time="2.661" />
  <testcase classname="Tests.StudentContentTests" name="testClickHomeButtonFromSocialStudies" time="1.761" />
  <testcase classname="Tests.StudentContentTests" name="testClickHomeButtonFromDinosaurs" time="1.378" />
  <testcase classname="Tests.StudentContentTests" name="testFirstContentBreadcrumbAnimals" time="2.959" />
  <testcase classname="Tests.StudentContentTests" name="testThirdContentBreadcrumbAnimals" time="5.791" />
  <testcase classname="Tests.StudentContentTests" name="testSecondContentBreadcrumbDinosaurs" time="4.357" />
  <testcase classname="Tests.StudentContentTests" name="testPebbleGoLogo" time="0.675" />
  <testcase classname="Tests.StudentContentTests" name="testSecondContentBreadcrumbAnimals" time="3.929" />
  <testcase classname="Tests.StudentContentTests" name="testClickHomeButtonFromScience" time="1.397" />
  <testcase classname="Tests.StudentContentTests" name="testHomeButton" time="0.067" />
  <testcase classname="Tests.StudentContentTests" name="testAllSocialStudiesContentPresent" time="1.796" />
  <testcase classname="Tests.StudentContentTests" name="testLogOutButton" time="6.884" />
  <testcase classname="Tests.StudentContentTests" name="testSecondContentBreadcrumbSocialStudies" time="29.8">
    <failure message="Expected condition failed: waiting for element to be clickable: By.id: question-button (tried for 15 second(s) with 500 milliseconds interval)" type="testSecondContentBreadcrumbSocialStudies(Tests.StudentContentTests)">org.openqa.selenium.TimeoutException: Expected condition failed: waiting for element to be clickable: By.id: question-button (tried for 15 second(s) with 500 milliseconds interval)
	at org.openqa.selenium.support.ui.WebDriverWait.timeoutException(WebDriverWait.java:82)
	at org.openqa.selenium.support.ui.FluentWait.until(FluentWait.java:272)
	at Tests.StudentContentTests.testSecondContentBreadcrumbSocialStudies(StudentContentTests.java:796)
	at TrueUserTests.TrueUser.RegressionSuiteRunner.main(RegressionSuiteRunner.java:158)
Caused by: org.openqa.selenium.NoSuchElementException: Cannot locate an element using By.id: question-button
For documentation on this error, please visit: http://seleniumhq.org/exceptions/no_such_element.html
Build info: version: &apos;3.10.0&apos;, revision: &apos;176b4a9&apos;, time: &apos;2018-03-02T19:11:12.151Z&apos;
System info: host: &apos;WillHall-MBPrd.roc.mn.charter.com&apos;, ip: &apos;2600:6c46:7800:954:59ac:d5fb:e9a6:82fb%en0&apos;, os.name: &apos;Mac OS X&apos;, os.arch: &apos;x86_64&apos;, os.version: &apos;10.14.6&apos;, java.version: &apos;1.8.0_181&apos;
Driver info: driver.version: unknown
	at org.openqa.selenium.support.ui.ExpectedConditions.lambda$findElement$0(ExpectedConditions.java:896)
	at java.util.Optional.orElseThrow(Optional.java:290)
	at org.openqa.selenium.support.ui.ExpectedConditions.findElement(ExpectedConditions.java:895)
	at org.openqa.selenium.support.ui.ExpectedConditions.access$000(ExpectedConditions.java:44)
	at org.openqa.selenium.support.ui.ExpectedConditions$7.apply(ExpectedConditions.java:206)
	at org.openqa.selenium.support.ui.ExpectedConditions$7.apply(ExpectedConditions.java:202)
	at org.openqa.selenium.support.ui.ExpectedConditions$22.apply(ExpectedConditions.java:657)
	at org.openqa.selenium.support.ui.ExpectedConditions$22.apply(ExpectedConditions.java:654)
	at org.openqa.selenium.support.ui.FluentWait.until(FluentWait.java:249)
</failure>
  </testcase>
  <testcase classname="Tests.StudentContentTests" name="testFirstContentBreadcrumbDinosaurs" time="3.054" />
  <testcase classname="Tests.StudentContentTests" name="testTexasButtonBiografias" time="2.554" />
  <testcase classname="Tests.StudentContentTests" name="testClickHomeButtonFromAnimales" time="2.069" />
  <testcase classname="Tests.StudentContentTests" name="testDatabaseBreadcrumbScience" time="2.631" />
  <testcase classname="Tests.StudentContentTests" name="testAllScienceContentPresent" time="1.509" />
  <testcase classname="Tests.StudentContentTests" name="testDatabaseBreadcrumbBiographies" time="3.042" />
  <testcase classname="Tests.StudentContentTests" name="testAllBiographiesContentPresent" time="1.794" />
  <testcase classname="Tests.StudentContentTests" name="testClickHomeButtonFromAnimals" time="1.822" />
  <testcase classname="Tests.StudentContentTests" name="testDatabaseBreadcrumbAnimales" time="2.92" />
  <testcase classname="Tests.StudentContentTests" name="testTexasButtonBiographies" time="2.295" />
  <testcase classname="Tests.StudentContentTests" name="testFirstContentBreadcrumbScience" time="2.904" />
  <testcase classname="Tests.StudentContentTests" name="testAllDinosaursContentPresent" time="1.375" />
  <testcase classname="Tests.StudentContentTests" name="testThirdContentBreadcrumbScience" time="4.426" />
  <testcase classname="Tests.StudentContentTests" name="testFirstContentBreadcrumbSocialStudies" time="2.835" />
  <testcase classname="Tests.StudentContentTests" name="testClickHomeButtonFromBiographies" time="14.593">
    <failure message="Asserts that the user is now on the Biographies Database" type="testClickHomeButtonFromBiographies(Tests.StudentContentTests)">java.lang.AssertionError: Asserts that the user is now on the Biographies Database
	at Tests.StudentContentTests.testClickHomeButtonFromBiographies(StudentContentTests.java:416)
	at TrueUserTests.TrueUser.RegressionSuiteRunner.main(RegressionSuiteRunner.java:158)
</failure>
  </testcase>
  <testcase classname="Tests.StudentContentTests" name="testDatabaseBreadcrumbSocialStudies" time="3.077" />
  <testcase classname="Tests.StudentContentTests" name="testAllAnimalContentPresent" time="2.1" />
  <testcase classname="Tests.StudentContentTests" name="testDatabaseBreadcrumbAnimals" time="2.958" />
  <testcase classname="Tests.StudentContentTests" name="testSecondContentBreadcrumbScience" time="3.69" />
  <testcase classname="Tests.StudentContentTests" name="testFirstContentBreadcrumbBiographies" time="2.951" />
  <testcase classname="Tests.RegressionPGONewHomepageTests" name="testLogoScreenReaderElements" time="0.016" />
  <testcase classname="Tests.RegressionPGONewHomepageTests" name="testEnglishModulesLanguageElementAttributes" time="0.076" />
  <testcase classname="Tests.RegressionPGONewHomepageTests" name="canSearchIntoArticle" time="2.738" />
  <testcase classname="Tests.RegressionPGONewHomepageTests" name="testSearchScreenReaderElementAttributes" time="0.044" />
  <testcase classname="Tests.RegressionPGONewHomepageTests" name="testSpanishModulesLanguageElementAttributes" time="10.113" />
  <testcase classname="Tests.RegressionPGONewHomepageTests" name="testCapstoneTrademarkLink" time="2.115" />
  <testcase classname="Tests.RegressionPGONewHomepageTests" name="testPebbleGoLogoLink" time="0.013" />
  <testcase classname="Tests.RegressionPGONewHomepageTests" name="testCapstoneMenuScreenReaderElementAttributes" time="1.119" />
  <testcase classname="Tests.RegressionPGONewHomepageTests" name="testCapstoneMenuLinksScreenReaderElementAttributes" time="1.622" />
  <testcase classname="Tests.RegressionPGONewHomepageTests" name="testCommunityAndTeacherResourcesLink" time="3.264" />
  <testcase classname="Tests.RegressionPGONewHomepageTests" name="testSearchResultsScreenReaderElementAttributes" time="1.109" />
  <testcase classname="Tests.FooterMenuTests" name="testFirstPrivacyPolicyLink" time="100.498">
    <failure message="Expected condition failed: waiting for visibility of all elements located by By.id: logo (tried for 15 second(s) with 500 milliseconds interval)
Build info: version: &apos;3.10.0&apos;, revision: &apos;176b4a9&apos;, time: &apos;2018-03-02T19:11:12.151Z&apos;
System info: host: &apos;WillHall-MBPrd.roc.mn.charter.com&apos;, ip: &apos;2600:6c46:7800:954:59ac:d5fb:e9a6:82fb%en0&apos;, os.name: &apos;Mac OS X&apos;, os.arch: &apos;x86_64&apos;, os.version: &apos;10.14.6&apos;, java.version: &apos;1.8.0_181&apos;
Driver info: org.openqa.selenium.chrome.ChromeDriver
Capabilities {acceptInsecureCerts: false, acceptSslCerts: false, applicationCacheEnabled: false, browserConnectionEnabled: false, browserName: chrome, chrome: {chromedriverVersion: 2.43.600229 (3fae4d0cda5334..., userDataDir: /var/folders/3n/b5sknkcj0f3...}, cssSelectorsEnabled: true, databaseEnabled: false, goog:chromeOptions: {debuggerAddress: localhost:61468}, handlesAlerts: true, hasTouchScreen: false, javascriptEnabled: true, locationContextEnabled: true, mobileEmulationEnabled: false, nativeEvents: true, networkConnectionEnabled: false, pageLoadStrategy: normal, platform: MAC, platformName: MAC, rotatable: false, setWindowRect: true, takesHeapSnapshot: true, takesScreenshot: true, unexpectedAlertBehaviour: , unhandledPromptBehavior: , version: 83.0.4103.97, webStorageEnabled: true}
Session ID: d405766a02f073eef05059a316d34916" type="testFirstPrivacyPolicyLink(Tests.FooterMenuTests)">org.openqa.selenium.TimeoutException: Expected condition failed: waiting for visibility of all elements located by By.id: logo (tried for 15 second(s) with 500 milliseconds interval)
Build info: version: &apos;3.10.0&apos;, revision: &apos;176b4a9&apos;, time: &apos;2018-03-02T19:11:12.151Z&apos;
System info: host: &apos;WillHall-MBPrd.roc.mn.charter.com&apos;, ip: &apos;2600:6c46:7800:954:59ac:d5fb:e9a6:82fb%en0&apos;, os.name: &apos;Mac OS X&apos;, os.arch: &apos;x86_64&apos;, os.version: &apos;10.14.6&apos;, java.version: &apos;1.8.0_181&apos;
Driver info: org.openqa.selenium.chrome.ChromeDriver
Capabilities {acceptInsecureCerts: false, acceptSslCerts: false, applicationCacheEnabled: false, browserConnectionEnabled: false, browserName: chrome, chrome: {chromedriverVersion: 2.43.600229 (3fae4d0cda5334..., userDataDir: /var/folders/3n/b5sknkcj0f3...}, cssSelectorsEnabled: true, databaseEnabled: false, goog:chromeOptions: {debuggerAddress: localhost:61468}, handlesAlerts: true, hasTouchScreen: false, javascriptEnabled: true, locationContextEnabled: true, mobileEmulationEnabled: false, nativeEvents: true, networkConnectionEnabled: false, pageLoadStrategy: normal, platform: MAC, platformName: MAC, rotatable: false, setWindowRect: true, takesHeapSnapshot: true, takesScreenshot: true, unexpectedAlertBehaviour: , unhandledPromptBehavior: , version: 83.0.4103.97, webStorageEnabled: true}
Session ID: d405766a02f073eef05059a316d34916
	at org.openqa.selenium.support.ui.WebDriverWait.timeoutException(WebDriverWait.java:82)
	at org.openqa.selenium.support.ui.FluentWait.until(FluentWait.java:272)
	at Tests.FooterMenuTests.testFirstPrivacyPolicyLink(FooterMenuTests.java:106)
	at TrueUserTests.TrueUser.Retry$1.evaluate(Retry.java:24)
	at TrueUserTests.TrueUser.RegressionSuiteRunner.main(RegressionSuiteRunner.java:158)
</failure>
    <failure message="Expected condition failed: waiting for visibility of all elements located by By.linkText: About Us (tried for 15 second(s) with 500 milliseconds interval)
Build info: version: &apos;3.10.0&apos;, revision: &apos;176b4a9&apos;, time: &apos;2018-03-02T19:11:12.151Z&apos;
System info: host: &apos;WillHall-MBPrd.roc.mn.charter.com&apos;, ip: &apos;2600:6c46:7800:954:59ac:d5fb:e9a6:82fb%en0&apos;, os.name: &apos;Mac OS X&apos;, os.arch: &apos;x86_64&apos;, os.version: &apos;10.14.6&apos;, java.version: &apos;1.8.0_181&apos;
Driver info: org.openqa.selenium.chrome.ChromeDriver
Capabilities {acceptInsecureCerts: false, acceptSslCerts: false, applicationCacheEnabled: false, browserConnectionEnabled: false, browserName: chrome, chrome: {chromedriverVersion: 2.43.600229 (3fae4d0cda5334..., userDataDir: /var/folders/3n/b5sknkcj0f3...}, cssSelectorsEnabled: true, databaseEnabled: false, goog:chromeOptions: {debuggerAddress: localhost:61494}, handlesAlerts: true, hasTouchScreen: false, javascriptEnabled: true, locationContextEnabled: true, mobileEmulationEnabled: false, nativeEvents: true, networkConnectionEnabled: false, pageLoadStrategy: normal, platform: MAC, platformName: MAC, rotatable: false, setWindowRect: true, takesHeapSnapshot: true, takesScreenshot: true, unexpectedAlertBehaviour: , unhandledPromptBehavior: , version: 83.0.4103.97, webStorageEnabled: true}
Session ID: 3c79d29c187cf6a85a9b8e7c801182ef" type="testFirstPrivacyPolicyLink(Tests.FooterMenuTests)">org.openqa.selenium.TimeoutException: Expected condition failed: waiting for visibility of all elements located by By.linkText: About Us (tried for 15 second(s) with 500 milliseconds interval)
Build info: version: &apos;3.10.0&apos;, revision: &apos;176b4a9&apos;, time: &apos;2018-03-02T19:11:12.151Z&apos;
System info: host: &apos;WillHall-MBPrd.roc.mn.charter.com&apos;, ip: &apos;2600:6c46:7800:954:59ac:d5fb:e9a6:82fb%en0&apos;, os.name: &apos;Mac OS X&apos;, os.arch: &apos;x86_64&apos;, os.version: &apos;10.14.6&apos;, java.version: &apos;1.8.0_181&apos;
Driver info: org.openqa.selenium.chrome.ChromeDriver
Capabilities {acceptInsecureCerts: false, acceptSslCerts: false, applicationCacheEnabled: false, browserConnectionEnabled: false, browserName: chrome, chrome: {chromedriverVersion: 2.43.600229 (3fae4d0cda5334..., userDataDir: /var/folders/3n/b5sknkcj0f3...}, cssSelectorsEnabled: true, databaseEnabled: false, goog:chromeOptions: {debuggerAddress: localhost:61494}, handlesAlerts: true, hasTouchScreen: false, javascriptEnabled: true, locationContextEnabled: true, mobileEmulationEnabled: false, nativeEvents: true, networkConnectionEnabled: false, pageLoadStrategy: normal, platform: MAC, platformName: MAC, rotatable: false, setWindowRect: true, takesHeapSnapshot: true, takesScreenshot: true, unexpectedAlertBehaviour: , unhandledPromptBehavior: , version: 83.0.4103.97, webStorageEnabled: true}
Session ID: 3c79d29c187cf6a85a9b8e7c801182ef
	at org.openqa.selenium.support.ui.WebDriverWait.timeoutException(WebDriverWait.java:82)
	at org.openqa.selenium.support.ui.FluentWait.until(FluentWait.java:272)
	at Tests.FooterMenuTests$1.failed(FooterMenuTests.java:60)
	at TrueUserTests.TrueUser.Retry$1.evaluate(Retry.java:24)
	at TrueUserTests.TrueUser.RegressionSuiteRunner.main(RegressionSuiteRunner.java:158)
</failure>
  </testcase>
  <testcase classname="Tests.FooterMenuTests" name="testTermsofUseLink" time="113.227">
    <failure message="Expected condition failed: waiting for visibility of all elements located by By.id: logo (tried for 15 second(s) with 500 milliseconds interval)
Build info: version: &apos;3.10.0&apos;, revision: &apos;176b4a9&apos;, time: &apos;2018-03-02T19:11:12.151Z&apos;
System info: host: &apos;WillHall-MBPrd.roc.mn.charter.com&apos;, ip: &apos;2600:6c46:7800:954:59ac:d5fb:e9a6:82fb%en0&apos;, os.name: &apos;Mac OS X&apos;, os.arch: &apos;x86_64&apos;, os.version: &apos;10.14.6&apos;, java.version: &apos;1.8.0_181&apos;
Driver info: org.openqa.selenium.chrome.ChromeDriver
Capabilities {acceptInsecureCerts: false, acceptSslCerts: false, applicationCacheEnabled: false, browserConnectionEnabled: false, browserName: chrome, chrome: {chromedriverVersion: 2.43.600229 (3fae4d0cda5334..., userDataDir: /var/folders/3n/b5sknkcj0f3...}, cssSelectorsEnabled: true, databaseEnabled: false, goog:chromeOptions: {debuggerAddress: localhost:61608}, handlesAlerts: true, hasTouchScreen: false, javascriptEnabled: true, locationContextEnabled: true, mobileEmulationEnabled: false, nativeEvents: true, networkConnectionEnabled: false, pageLoadStrategy: normal, platform: MAC, platformName: MAC, rotatable: false, setWindowRect: true, takesHeapSnapshot: true, takesScreenshot: true, unexpectedAlertBehaviour: , unhandledPromptBehavior: , version: 83.0.4103.97, webStorageEnabled: true}
Session ID: f71f0d787d65113e63db1d0721b4bf7a" type="testTermsofUseLink(Tests.FooterMenuTests)">org.openqa.selenium.TimeoutException: Expected condition failed: waiting for visibility of all elements located by By.id: logo (tried for 15 second(s) with 500 milliseconds interval)
Build info: version: &apos;3.10.0&apos;, revision: &apos;176b4a9&apos;, time: &apos;2018-03-02T19:11:12.151Z&apos;
System info: host: &apos;WillHall-MBPrd.roc.mn.charter.com&apos;, ip: &apos;2600:6c46:7800:954:59ac:d5fb:e9a6:82fb%en0&apos;, os.name: &apos;Mac OS X&apos;, os.arch: &apos;x86_64&apos;, os.version: &apos;10.14.6&apos;, java.version: &apos;1.8.0_181&apos;
Driver info: org.openqa.selenium.chrome.ChromeDriver
Capabilities {acceptInsecureCerts: false, acceptSslCerts: false, applicationCacheEnabled: false, browserConnectionEnabled: false, browserName: chrome, chrome: {chromedriverVersion: 2.43.600229 (3fae4d0cda5334..., userDataDir: /var/folders/3n/b5sknkcj0f3...}, cssSelectorsEnabled: true, databaseEnabled: false, goog:chromeOptions: {debuggerAddress: localhost:61608}, handlesAlerts: true, hasTouchScreen: false, javascriptEnabled: true, locationContextEnabled: true, mobileEmulationEnabled: false, nativeEvents: true, networkConnectionEnabled: false, pageLoadStrategy: normal, platform: MAC, platformName: MAC, rotatable: false, setWindowRect: true, takesHeapSnapshot: true, takesScreenshot: true, unexpectedAlertBehaviour: , unhandledPromptBehavior: , version: 83.0.4103.97, webStorageEnabled: true}
Session ID: f71f0d787d65113e63db1d0721b4bf7a
	at org.openqa.selenium.support.ui.WebDriverWait.timeoutException(WebDriverWait.java:82)
	at org.openqa.selenium.support.ui.FluentWait.until(FluentWait.java:272)
	at Tests.FooterMenuTests.testTermsofUseLink(FooterMenuTests.java:167)
	at TrueUserTests.TrueUser.Retry$1.evaluate(Retry.java:24)
	at TrueUserTests.TrueUser.RegressionSuiteRunner.main(RegressionSuiteRunner.java:158)
</failure>
    <failure message="Expected condition failed: waiting for visibility of all elements located by By.linkText: About Us (tried for 15 second(s) with 500 milliseconds interval)
Build info: version: &apos;3.10.0&apos;, revision: &apos;176b4a9&apos;, time: &apos;2018-03-02T19:11:12.151Z&apos;
System info: host: &apos;WillHall-MBPrd.roc.mn.charter.com&apos;, ip: &apos;2600:6c46:7800:954:59ac:d5fb:e9a6:82fb%en0&apos;, os.name: &apos;Mac OS X&apos;, os.arch: &apos;x86_64&apos;, os.version: &apos;10.14.6&apos;, java.version: &apos;1.8.0_181&apos;
Driver info: org.openqa.selenium.chrome.ChromeDriver
Capabilities {acceptInsecureCerts: false, acceptSslCerts: false, applicationCacheEnabled: false, browserConnectionEnabled: false, browserName: chrome, chrome: {chromedriverVersion: 2.43.600229 (3fae4d0cda5334..., userDataDir: /var/folders/3n/b5sknkcj0f3...}, cssSelectorsEnabled: true, databaseEnabled: false, goog:chromeOptions: {debuggerAddress: localhost:61675}, handlesAlerts: true, hasTouchScreen: false, javascriptEnabled: true, locationContextEnabled: true, mobileEmulationEnabled: false, nativeEvents: true, networkConnectionEnabled: false, pageLoadStrategy: normal, platform: MAC, platformName: MAC, rotatable: false, setWindowRect: true, takesHeapSnapshot: true, takesScreenshot: true, unexpectedAlertBehaviour: , unhandledPromptBehavior: , version: 83.0.4103.97, webStorageEnabled: true}
Session ID: 2eb22500b0b02c0e9fe1529f7f100fde" type="testTermsofUseLink(Tests.FooterMenuTests)">org.openqa.selenium.TimeoutException: Expected condition failed: waiting for visibility of all elements located by By.linkText: About Us (tried for 15 second(s) with 500 milliseconds interval)
Build info: version: &apos;3.10.0&apos;, revision: &apos;176b4a9&apos;, time: &apos;2018-03-02T19:11:12.151Z&apos;
System info: host: &apos;WillHall-MBPrd.roc.mn.charter.com&apos;, ip: &apos;2600:6c46:7800:954:59ac:d5fb:e9a6:82fb%en0&apos;, os.name: &apos;Mac OS X&apos;, os.arch: &apos;x86_64&apos;, os.version: &apos;10.14.6&apos;, java.version: &apos;1.8.0_181&apos;
Driver info: org.openqa.selenium.chrome.ChromeDriver
Capabilities {acceptInsecureCerts: false, acceptSslCerts: false, applicationCacheEnabled: false, browserConnectionEnabled: false, browserName: chrome, chrome: {chromedriverVersion: 2.43.600229 (3fae4d0cda5334..., userDataDir: /var/folders/3n/b5sknkcj0f3...}, cssSelectorsEnabled: true, databaseEnabled: false, goog:chromeOptions: {debuggerAddress: localhost:61675}, handlesAlerts: true, hasTouchScreen: false, javascriptEnabled: true, locationContextEnabled: true, mobileEmulationEnabled: false, nativeEvents: true, networkConnectionEnabled: false, pageLoadStrategy: normal, platform: MAC, platformName: MAC, rotatable: false, setWindowRect: true, takesHeapSnapshot: true, takesScreenshot: true, unexpectedAlertBehaviour: , unhandledPromptBehavior: , version: 83.0.4103.97, webStorageEnabled: true}
Session ID: 2eb22500b0b02c0e9fe1529f7f100fde
	at org.openqa.selenium.support.ui.WebDriverWait.timeoutException(WebDriverWait.java:82)
	at org.openqa.selenium.support.ui.FluentWait.until(FluentWait.java:272)
	at Tests.FooterMenuTests$1.failed(FooterMenuTests.java:60)
	at TrueUserTests.TrueUser.Retry$1.evaluate(Retry.java:24)
	at TrueUserTests.TrueUser.RegressionSuiteRunner.main(RegressionSuiteRunner.java:158)
</failure>
  </testcase>
  <testcase classname="Tests.FooterMenuTests" name="testCreditsFooterLink" time="100.291">
    <failure message="Expected condition failed: waiting for visibility of all elements located by By.id: logo (tried for 15 second(s) with 500 milliseconds interval)
Build info: version: &apos;3.10.0&apos;, revision: &apos;176b4a9&apos;, time: &apos;2018-03-02T19:11:12.151Z&apos;
System info: host: &apos;WillHall-MBPrd.roc.mn.charter.com&apos;, ip: &apos;2600:6c46:7800:954:59ac:d5fb:e9a6:82fb%en0&apos;, os.name: &apos;Mac OS X&apos;, os.arch: &apos;x86_64&apos;, os.version: &apos;10.14.6&apos;, java.version: &apos;1.8.0_181&apos;
Driver info: org.openqa.selenium.chrome.ChromeDriver
Capabilities {acceptInsecureCerts: false, acceptSslCerts: false, applicationCacheEnabled: false, browserConnectionEnabled: false, browserName: chrome, chrome: {chromedriverVersion: 2.43.600229 (3fae4d0cda5334..., userDataDir: /var/folders/3n/b5sknkcj0f3...}, cssSelectorsEnabled: true, databaseEnabled: false, goog:chromeOptions: {debuggerAddress: localhost:61738}, handlesAlerts: true, hasTouchScreen: false, javascriptEnabled: true, locationContextEnabled: true, mobileEmulationEnabled: false, nativeEvents: true, networkConnectionEnabled: false, pageLoadStrategy: normal, platform: MAC, platformName: MAC, rotatable: false, setWindowRect: true, takesHeapSnapshot: true, takesScreenshot: true, unexpectedAlertBehaviour: , unhandledPromptBehavior: , version: 83.0.4103.97, webStorageEnabled: true}
Session ID: 434a10c4504f0acfcda314029e264740" type="testCreditsFooterLink(Tests.FooterMenuTests)">org.openqa.selenium.TimeoutException: Expected condition failed: waiting for visibility of all elements located by By.id: logo (tried for 15 second(s) with 500 milliseconds interval)
Build info: version: &apos;3.10.0&apos;, revision: &apos;176b4a9&apos;, time: &apos;2018-03-02T19:11:12.151Z&apos;
System info: host: &apos;WillHall-MBPrd.roc.mn.charter.com&apos;, ip: &apos;2600:6c46:7800:954:59ac:d5fb:e9a6:82fb%en0&apos;, os.name: &apos;Mac OS X&apos;, os.arch: &apos;x86_64&apos;, os.version: &apos;10.14.6&apos;, java.version: &apos;1.8.0_181&apos;
Driver info: org.openqa.selenium.chrome.ChromeDriver
Capabilities {acceptInsecureCerts: false, acceptSslCerts: false, applicationCacheEnabled: false, browserConnectionEnabled: false, browserName: chrome, chrome: {chromedriverVersion: 2.43.600229 (3fae4d0cda5334..., userDataDir: /var/folders/3n/b5sknkcj0f3...}, cssSelectorsEnabled: true, databaseEnabled: false, goog:chromeOptions: {debuggerAddress: localhost:61738}, handlesAlerts: true, hasTouchScreen: false, javascriptEnabled: true, locationContextEnabled: true, mobileEmulationEnabled: false, nativeEvents: true, networkConnectionEnabled: false, pageLoadStrategy: normal, platform: MAC, platformName: MAC, rotatable: false, setWindowRect: true, takesHeapSnapshot: true, takesScreenshot: true, unexpectedAlertBehaviour: , unhandledPromptBehavior: , version: 83.0.4103.97, webStorageEnabled: true}
Session ID: 434a10c4504f0acfcda314029e264740
	at org.openqa.selenium.support.ui.WebDriverWait.timeoutException(WebDriverWait.java:82)
	at org.openqa.selenium.support.ui.FluentWait.until(FluentWait.java:272)
	at Tests.FooterMenuTests.testCreditsFooterLink(FooterMenuTests.java:237)
	at TrueUserTests.TrueUser.Retry$1.evaluate(Retry.java:24)
	at TrueUserTests.TrueUser.RegressionSuiteRunner.main(RegressionSuiteRunner.java:158)
</failure>
    <failure message="Expected condition failed: waiting for visibility of all elements located by By.linkText: About Us (tried for 15 second(s) with 500 milliseconds interval)
Build info: version: &apos;3.10.0&apos;, revision: &apos;176b4a9&apos;, time: &apos;2018-03-02T19:11:12.151Z&apos;
System info: host: &apos;WillHall-MBPrd.roc.mn.charter.com&apos;, ip: &apos;2600:6c46:7800:954:59ac:d5fb:e9a6:82fb%en0&apos;, os.name: &apos;Mac OS X&apos;, os.arch: &apos;x86_64&apos;, os.version: &apos;10.14.6&apos;, java.version: &apos;1.8.0_181&apos;
Driver info: org.openqa.selenium.chrome.ChromeDriver
Capabilities {acceptInsecureCerts: false, acceptSslCerts: false, applicationCacheEnabled: false, browserConnectionEnabled: false, browserName: chrome, chrome: {chromedriverVersion: 2.43.600229 (3fae4d0cda5334..., userDataDir: /var/folders/3n/b5sknkcj0f3...}, cssSelectorsEnabled: true, databaseEnabled: false, goog:chromeOptions: {debuggerAddress: localhost:61756}, handlesAlerts: true, hasTouchScreen: false, javascriptEnabled: true, locationContextEnabled: true, mobileEmulationEnabled: false, nativeEvents: true, networkConnectionEnabled: false, pageLoadStrategy: normal, platform: MAC, platformName: MAC, rotatable: false, setWindowRect: true, takesHeapSnapshot: true, takesScreenshot: true, unexpectedAlertBehaviour: , unhandledPromptBehavior: , version: 83.0.4103.97, webStorageEnabled: true}
Session ID: be5e804fe3f3a6dee004af7aa64e77e2" type="testCreditsFooterLink(Tests.FooterMenuTests)">org.openqa.selenium.TimeoutException: Expected condition failed: waiting for visibility of all elements located by By.linkText: About Us (tried for 15 second(s) with 500 milliseconds interval)
Build info: version: &apos;3.10.0&apos;, revision: &apos;176b4a9&apos;, time: &apos;2018-03-02T19:11:12.151Z&apos;
System info: host: &apos;WillHall-MBPrd.roc.mn.charter.com&apos;, ip: &apos;2600:6c46:7800:954:59ac:d5fb:e9a6:82fb%en0&apos;, os.name: &apos;Mac OS X&apos;, os.arch: &apos;x86_64&apos;, os.version: &apos;10.14.6&apos;, java.version: &apos;1.8.0_181&apos;
Driver info: org.openqa.selenium.chrome.ChromeDriver
Capabilities {acceptInsecureCerts: false, acceptSslCerts: false, applicationCacheEnabled: false, browserConnectionEnabled: false, browserName: chrome, chrome: {chromedriverVersion: 2.43.600229 (3fae4d0cda5334..., userDataDir: /var/folders/3n/b5sknkcj0f3...}, cssSelectorsEnabled: true, databaseEnabled: false, goog:chromeOptions: {debuggerAddress: localhost:61756}, handlesAlerts: true, hasTouchScreen: false, javascriptEnabled: true, locationContextEnabled: true, mobileEmulationEnabled: false, nativeEvents: true, networkConnectionEnabled: false, pageLoadStrategy: normal, platform: MAC, platformName: MAC, rotatable: false, setWindowRect: true, takesHeapSnapshot: true, takesScreenshot: true, unexpectedAlertBehaviour: , unhandledPromptBehavior: , version: 83.0.4103.97, webStorageEnabled: true}
Session ID: be5e804fe3f3a6dee004af7aa64e77e2
	at org.openqa.selenium.support.ui.WebDriverWait.timeoutException(WebDriverWait.java:82)
	at org.openqa.selenium.support.ui.FluentWait.until(FluentWait.java:272)
	at Tests.FooterMenuTests$1.failed(FooterMenuTests.java:60)
	at TrueUserTests.TrueUser.Retry$1.evaluate(Retry.java:24)
	at TrueUserTests.TrueUser.RegressionSuiteRunner.main(RegressionSuiteRunner.java:158)
</failure>
  </testcase>
  <testcase classname="Tests.FooterMenuTests" name="testPebbleGoLink" time="101.478">
    <failure message="Expected condition failed: waiting for visibility of all elements located by By.id: logo (tried for 15 second(s) with 500 milliseconds interval)
Build info: version: &apos;3.10.0&apos;, revision: &apos;176b4a9&apos;, time: &apos;2018-03-02T19:11:12.151Z&apos;
System info: host: &apos;WillHall-MBPrd.roc.mn.charter.com&apos;, ip: &apos;2600:6c46:7800:954:59ac:d5fb:e9a6:82fb%en0&apos;, os.name: &apos;Mac OS X&apos;, os.arch: &apos;x86_64&apos;, os.version: &apos;10.14.6&apos;, java.version: &apos;1.8.0_181&apos;
Driver info: org.openqa.selenium.chrome.ChromeDriver
Capabilities {acceptInsecureCerts: false, acceptSslCerts: false, applicationCacheEnabled: false, browserConnectionEnabled: false, browserName: chrome, chrome: {chromedriverVersion: 2.43.600229 (3fae4d0cda5334..., userDataDir: /var/folders/3n/b5sknkcj0f3...}, cssSelectorsEnabled: true, databaseEnabled: false, goog:chromeOptions: {debuggerAddress: localhost:61794}, handlesAlerts: true, hasTouchScreen: false, javascriptEnabled: true, locationContextEnabled: true, mobileEmulationEnabled: false, nativeEvents: true, networkConnectionEnabled: false, pageLoadStrategy: normal, platform: MAC, platformName: MAC, rotatable: false, setWindowRect: true, takesHeapSnapshot: true, takesScreenshot: true, unexpectedAlertBehaviour: , unhandledPromptBehavior: , version: 83.0.4103.97, webStorageEnabled: true}
Session ID: a3b4cf284fa0b149e7a5a2046f0f13be" type="testPebbleGoLink(Tests.FooterMenuTests)">org.openqa.selenium.TimeoutException: Expected condition failed: waiting for visibility of all elements located by By.id: logo (tried for 15 second(s) with 500 milliseconds interval)
Build info: version: &apos;3.10.0&apos;, revision: &apos;176b4a9&apos;, time: &apos;2018-03-02T19:11:12.151Z&apos;
System info: host: &apos;WillHall-MBPrd.roc.mn.charter.com&apos;, ip: &apos;2600:6c46:7800:954:59ac:d5fb:e9a6:82fb%en0&apos;, os.name: &apos;Mac OS X&apos;, os.arch: &apos;x86_64&apos;, os.version: &apos;10.14.6&apos;, java.version: &apos;1.8.0_181&apos;
Driver info: org.openqa.selenium.chrome.ChromeDriver
Capabilities {acceptInsecureCerts: false, acceptSslCerts: false, applicationCacheEnabled: false, browserConnectionEnabled: false, browserName: chrome, chrome: {chromedriverVersion: 2.43.600229 (3fae4d0cda5334..., userDataDir: /var/folders/3n/b5sknkcj0f3...}, cssSelectorsEnabled: true, databaseEnabled: false, goog:chromeOptions: {debuggerAddress: localhost:61794}, handlesAlerts: true, hasTouchScreen: false, javascriptEnabled: true, locationContextEnabled: true, mobileEmulationEnabled: false, nativeEvents: true, networkConnectionEnabled: false, pageLoadStrategy: normal, platform: MAC, platformName: MAC, rotatable: false, setWindowRect: true, takesHeapSnapshot: true, takesScreenshot: true, unexpectedAlertBehaviour: , unhandledPromptBehavior: , version: 83.0.4103.97, webStorageEnabled: true}
Session ID: a3b4cf284fa0b149e7a5a2046f0f13be
	at org.openqa.selenium.support.ui.WebDriverWait.timeoutException(WebDriverWait.java:82)
	at org.openqa.selenium.support.ui.FluentWait.until(FluentWait.java:272)
	at Tests.FooterMenuTests.testPebbleGoLink(FooterMenuTests.java:218)
	at TrueUserTests.TrueUser.Retry$1.evaluate(Retry.java:24)
	at TrueUserTests.TrueUser.RegressionSuiteRunner.main(RegressionSuiteRunner.java:158)
</failure>
    <failure message="Expected condition failed: waiting for visibility of all elements located by By.linkText: About Us (tried for 15 second(s) with 500 milliseconds interval)
Build info: version: &apos;3.10.0&apos;, revision: &apos;176b4a9&apos;, time: &apos;2018-03-02T19:11:12.151Z&apos;
System info: host: &apos;WillHall-MBPrd.roc.mn.charter.com&apos;, ip: &apos;2600:6c46:7800:954:59ac:d5fb:e9a6:82fb%en0&apos;, os.name: &apos;Mac OS X&apos;, os.arch: &apos;x86_64&apos;, os.version: &apos;10.14.6&apos;, java.version: &apos;1.8.0_181&apos;
Driver info: org.openqa.selenium.chrome.ChromeDriver
Capabilities {acceptInsecureCerts: false, acceptSslCerts: false, applicationCacheEnabled: false, browserConnectionEnabled: false, browserName: chrome, chrome: {chromedriverVersion: 2.43.600229 (3fae4d0cda5334..., userDataDir: /var/folders/3n/b5sknkcj0f3...}, cssSelectorsEnabled: true, databaseEnabled: false, goog:chromeOptions: {debuggerAddress: localhost:61813}, handlesAlerts: true, hasTouchScreen: false, javascriptEnabled: true, locationContextEnabled: true, mobileEmulationEnabled: false, nativeEvents: true, networkConnectionEnabled: false, pageLoadStrategy: normal, platform: MAC, platformName: MAC, rotatable: false, setWindowRect: true, takesHeapSnapshot: true, takesScreenshot: true, unexpectedAlertBehaviour: , unhandledPromptBehavior: , version: 83.0.4103.97, webStorageEnabled: true}
Session ID: 598ef09cd9c8f9d04182d148ef692278" type="testPebbleGoLink(Tests.FooterMenuTests)">org.openqa.selenium.TimeoutException: Expected condition failed: waiting for visibility of all elements located by By.linkText: About Us (tried for 15 second(s) with 500 milliseconds interval)
Build info: version: &apos;3.10.0&apos;, revision: &apos;176b4a9&apos;, time: &apos;2018-03-02T19:11:12.151Z&apos;
System info: host: &apos;WillHall-MBPrd.roc.mn.charter.com&apos;, ip: &apos;2600:6c46:7800:954:59ac:d5fb:e9a6:82fb%en0&apos;, os.name: &apos;Mac OS X&apos;, os.arch: &apos;x86_64&apos;, os.version: &apos;10.14.6&apos;, java.version: &apos;1.8.0_181&apos;
Driver info: org.openqa.selenium.chrome.ChromeDriver
Capabilities {acceptInsecureCerts: false, acceptSslCerts: false, applicationCacheEnabled: false, browserConnectionEnabled: false, browserName: chrome, chrome: {chromedriverVersion: 2.43.600229 (3fae4d0cda5334..., userDataDir: /var/folders/3n/b5sknkcj0f3...}, cssSelectorsEnabled: true, databaseEnabled: false, goog:chromeOptions: {debuggerAddress: localhost:61813}, handlesAlerts: true, hasTouchScreen: false, javascriptEnabled: true, locationContextEnabled: true, mobileEmulationEnabled: false, nativeEvents: true, networkConnectionEnabled: false, pageLoadStrategy: normal, platform: MAC, platformName: MAC, rotatable: false, setWindowRect: true, takesHeapSnapshot: true, takesScreenshot: true, unexpectedAlertBehaviour: , unhandledPromptBehavior: , version: 83.0.4103.97, webStorageEnabled: true}
Session ID: 598ef09cd9c8f9d04182d148ef692278
	at org.openqa.selenium.support.ui.WebDriverWait.timeoutException(WebDriverWait.java:82)
	at org.openqa.selenium.support.ui.FluentWait.until(FluentWait.java:272)
	at Tests.FooterMenuTests$1.failed(FooterMenuTests.java:60)
	at TrueUserTests.TrueUser.Retry$1.evaluate(Retry.java:24)
	at TrueUserTests.TrueUser.RegressionSuiteRunner.main(RegressionSuiteRunner.java:158)
</failure>
  </testcase>
  <testcase classname="Tests.FooterMenuTests" name="testCapstoneLogo" time="101.744">
    <failure message="Expected condition failed: waiting for visibility of all elements located by By.id: logo (tried for 15 second(s) with 500 milliseconds interval)
Build info: version: &apos;3.10.0&apos;, revision: &apos;176b4a9&apos;, time: &apos;2018-03-02T19:11:12.151Z&apos;
System info: host: &apos;WillHall-MBPrd.roc.mn.charter.com&apos;, ip: &apos;2600:6c46:7800:954:59ac:d5fb:e9a6:82fb%en0&apos;, os.name: &apos;Mac OS X&apos;, os.arch: &apos;x86_64&apos;, os.version: &apos;10.14.6&apos;, java.version: &apos;1.8.0_181&apos;
Driver info: org.openqa.selenium.chrome.ChromeDriver
Capabilities {acceptInsecureCerts: false, acceptSslCerts: false, applicationCacheEnabled: false, browserConnectionEnabled: false, browserName: chrome, chrome: {chromedriverVersion: 2.43.600229 (3fae4d0cda5334..., userDataDir: /var/folders/3n/b5sknkcj0f3...}, cssSelectorsEnabled: true, databaseEnabled: false, goog:chromeOptions: {debuggerAddress: localhost:61856}, handlesAlerts: true, hasTouchScreen: false, javascriptEnabled: true, locationContextEnabled: true, mobileEmulationEnabled: false, nativeEvents: true, networkConnectionEnabled: false, pageLoadStrategy: normal, platform: MAC, platformName: MAC, rotatable: false, setWindowRect: true, takesHeapSnapshot: true, takesScreenshot: true, unexpectedAlertBehaviour: , unhandledPromptBehavior: , version: 83.0.4103.97, webStorageEnabled: true}
Session ID: a67622e1a32ab02f22baf3e87ca48d6c" type="testCapstoneLogo(Tests.FooterMenuTests)">org.openqa.selenium.TimeoutException: Expected condition failed: waiting for visibility of all elements located by By.id: logo (tried for 15 second(s) with 500 milliseconds interval)
Build info: version: &apos;3.10.0&apos;, revision: &apos;176b4a9&apos;, time: &apos;2018-03-02T19:11:12.151Z&apos;
System info: host: &apos;WillHall-MBPrd.roc.mn.charter.com&apos;, ip: &apos;2600:6c46:7800:954:59ac:d5fb:e9a6:82fb%en0&apos;, os.name: &apos;Mac OS X&apos;, os.arch: &apos;x86_64&apos;, os.version: &apos;10.14.6&apos;, java.version: &apos;1.8.0_181&apos;
Driver info: org.openqa.selenium.chrome.ChromeDriver
Capabilities {acceptInsecureCerts: false, acceptSslCerts: false, applicationCacheEnabled: false, browserConnectionEnabled: false, browserName: chrome, chrome: {chromedriverVersion: 2.43.600229 (3fae4d0cda5334..., userDataDir: /var/folders/3n/b5sknkcj0f3...}, cssSelectorsEnabled: true, databaseEnabled: false, goog:chromeOptions: {debuggerAddress: localhost:61856}, handlesAlerts: true, hasTouchScreen: false, javascriptEnabled: true, locationContextEnabled: true, mobileEmulationEnabled: false, nativeEvents: true, networkConnectionEnabled: false, pageLoadStrategy: normal, platform: MAC, platformName: MAC, rotatable: false, setWindowRect: true, takesHeapSnapshot: true, takesScreenshot: true, unexpectedAlertBehaviour: , unhandledPromptBehavior: , version: 83.0.4103.97, webStorageEnabled: true}
Session ID: a67622e1a32ab02f22baf3e87ca48d6c
	at org.openqa.selenium.support.ui.WebDriverWait.timeoutException(WebDriverWait.java:82)
	at org.openqa.selenium.support.ui.FluentWait.until(FluentWait.java:272)
	at Tests.FooterMenuTests.testCapstoneLogo(FooterMenuTests.java:202)
	at TrueUserTests.TrueUser.Retry$1.evaluate(Retry.java:24)
	at TrueUserTests.TrueUser.RegressionSuiteRunner.main(RegressionSuiteRunner.java:158)
</failure>
    <failure message="Expected condition failed: waiting for visibility of all elements located by By.linkText: About Us (tried for 15 second(s) with 500 milliseconds interval)
Build info: version: &apos;3.10.0&apos;, revision: &apos;176b4a9&apos;, time: &apos;2018-03-02T19:11:12.151Z&apos;
System info: host: &apos;WillHall-MBPrd.roc.mn.charter.com&apos;, ip: &apos;2600:6c46:7800:954:59ac:d5fb:e9a6:82fb%en0&apos;, os.name: &apos;Mac OS X&apos;, os.arch: &apos;x86_64&apos;, os.version: &apos;10.14.6&apos;, java.version: &apos;1.8.0_181&apos;
Driver info: org.openqa.selenium.chrome.ChromeDriver
Capabilities {acceptInsecureCerts: false, acceptSslCerts: false, applicationCacheEnabled: false, browserConnectionEnabled: false, browserName: chrome, chrome: {chromedriverVersion: 2.43.600229 (3fae4d0cda5334..., userDataDir: /var/folders/3n/b5sknkcj0f3...}, cssSelectorsEnabled: true, databaseEnabled: false, goog:chromeOptions: {debuggerAddress: localhost:61874}, handlesAlerts: true, hasTouchScreen: false, javascriptEnabled: true, locationContextEnabled: true, mobileEmulationEnabled: false, nativeEvents: true, networkConnectionEnabled: false, pageLoadStrategy: normal, platform: MAC, platformName: MAC, rotatable: false, setWindowRect: true, takesHeapSnapshot: true, takesScreenshot: true, unexpectedAlertBehaviour: , unhandledPromptBehavior: , version: 83.0.4103.97, webStorageEnabled: true}
Session ID: 83a9a23de2a875c971345209a33133cc" type="testCapstoneLogo(Tests.FooterMenuTests)">org.openqa.selenium.TimeoutException: Expected condition failed: waiting for visibility of all elements located by By.linkText: About Us (tried for 15 second(s) with 500 milliseconds interval)
Build info: version: &apos;3.10.0&apos;, revision: &apos;176b4a9&apos;, time: &apos;2018-03-02T19:11:12.151Z&apos;
System info: host: &apos;WillHall-MBPrd.roc.mn.charter.com&apos;, ip: &apos;2600:6c46:7800:954:59ac:d5fb:e9a6:82fb%en0&apos;, os.name: &apos;Mac OS X&apos;, os.arch: &apos;x86_64&apos;, os.version: &apos;10.14.6&apos;, java.version: &apos;1.8.0_181&apos;
Driver info: org.openqa.selenium.chrome.ChromeDriver
Capabilities {acceptInsecureCerts: false, acceptSslCerts: false, applicationCacheEnabled: false, browserConnectionEnabled: false, browserName: chrome, chrome: {chromedriverVersion: 2.43.600229 (3fae4d0cda5334..., userDataDir: /var/folders/3n/b5sknkcj0f3...}, cssSelectorsEnabled: true, databaseEnabled: false, goog:chromeOptions: {debuggerAddress: localhost:61874}, handlesAlerts: true, hasTouchScreen: false, javascriptEnabled: true, locationContextEnabled: true, mobileEmulationEnabled: false, nativeEvents: true, networkConnectionEnabled: false, pageLoadStrategy: normal, platform: MAC, platformName: MAC, rotatable: false, setWindowRect: true, takesHeapSnapshot: true, takesScreenshot: true, unexpectedAlertBehaviour: , unhandledPromptBehavior: , version: 83.0.4103.97, webStorageEnabled: true}
Session ID: 83a9a23de2a875c971345209a33133cc
	at org.openqa.selenium.support.ui.WebDriverWait.timeoutException(WebDriverWait.java:82)
	at org.openqa.selenium.support.ui.FluentWait.until(FluentWait.java:272)
	at Tests.FooterMenuTests$1.failed(FooterMenuTests.java:60)
	at TrueUserTests.TrueUser.Retry$1.evaluate(Retry.java:24)
	at TrueUserTests.TrueUser.RegressionSuiteRunner.main(RegressionSuiteRunner.java:158)
</failure>
  </testcase>
  <testcase classname="Tests.FooterMenuTests" name="testAboutUsFooterLink" time="101.118">
    <failure message="Expected condition failed: waiting for visibility of all elements located by By.id: logo (tried for 15 second(s) with 500 milliseconds interval)
Build info: version: &apos;3.10.0&apos;, revision: &apos;176b4a9&apos;, time: &apos;2018-03-02T19:11:12.151Z&apos;
System info: host: &apos;WillHall-MBPrd.roc.mn.charter.com&apos;, ip: &apos;2600:6c46:7800:954:59ac:d5fb:e9a6:82fb%en0&apos;, os.name: &apos;Mac OS X&apos;, os.arch: &apos;x86_64&apos;, os.version: &apos;10.14.6&apos;, java.version: &apos;1.8.0_181&apos;
Driver info: org.openqa.selenium.chrome.ChromeDriver
Capabilities {acceptInsecureCerts: false, acceptSslCerts: false, applicationCacheEnabled: false, browserConnectionEnabled: false, browserName: chrome, chrome: {chromedriverVersion: 2.43.600229 (3fae4d0cda5334..., userDataDir: /var/folders/3n/b5sknkcj0f3...}, cssSelectorsEnabled: true, databaseEnabled: false, goog:chromeOptions: {debuggerAddress: localhost:61922}, handlesAlerts: true, hasTouchScreen: false, javascriptEnabled: true, locationContextEnabled: true, mobileEmulationEnabled: false, nativeEvents: true, networkConnectionEnabled: false, pageLoadStrategy: normal, platform: MAC, platformName: MAC, rotatable: false, setWindowRect: true, takesHeapSnapshot: true, takesScreenshot: true, unexpectedAlertBehaviour: , unhandledPromptBehavior: , version: 83.0.4103.97, webStorageEnabled: true}
Session ID: fb6c274be58d45242d98adf886f14520" type="testAboutUsFooterLink(Tests.FooterMenuTests)">org.openqa.selenium.TimeoutException: Expected condition failed: waiting for visibility of all elements located by By.id: logo (tried for 15 second(s) with 500 milliseconds interval)
Build info: version: &apos;3.10.0&apos;, revision: &apos;176b4a9&apos;, time: &apos;2018-03-02T19:11:12.151Z&apos;
System info: host: &apos;WillHall-MBPrd.roc.mn.charter.com&apos;, ip: &apos;2600:6c46:7800:954:59ac:d5fb:e9a6:82fb%en0&apos;, os.name: &apos;Mac OS X&apos;, os.arch: &apos;x86_64&apos;, os.version: &apos;10.14.6&apos;, java.version: &apos;1.8.0_181&apos;
Driver info: org.openqa.selenium.chrome.ChromeDriver
Capabilities {acceptInsecureCerts: false, acceptSslCerts: false, applicationCacheEnabled: false, browserConnectionEnabled: false, browserName: chrome, chrome: {chromedriverVersion: 2.43.600229 (3fae4d0cda5334..., userDataDir: /var/folders/3n/b5sknkcj0f3...}, cssSelectorsEnabled: true, databaseEnabled: false, goog:chromeOptions: {debuggerAddress: localhost:61922}, handlesAlerts: true, hasTouchScreen: false, javascriptEnabled: true, locationContextEnabled: true, mobileEmulationEnabled: false, nativeEvents: true, networkConnectionEnabled: false, pageLoadStrategy: normal, platform: MAC, platformName: MAC, rotatable: false, setWindowRect: true, takesHeapSnapshot: true, takesScreenshot: true, unexpectedAlertBehaviour: , unhandledPromptBehavior: , version: 83.0.4103.97, webStorageEnabled: true}
Session ID: fb6c274be58d45242d98adf886f14520
	at org.openqa.selenium.support.ui.WebDriverWait.timeoutException(WebDriverWait.java:82)
	at org.openqa.selenium.support.ui.FluentWait.until(FluentWait.java:272)
	at Tests.FooterMenuTests.testAboutUsFooterLink(FooterMenuTests.java:185)
	at TrueUserTests.TrueUser.Retry$1.evaluate(Retry.java:24)
	at TrueUserTests.TrueUser.RegressionSuiteRunner.main(RegressionSuiteRunner.java:158)
</failure>
    <failure message="Expected condition failed: waiting for visibility of all elements located by By.linkText: About Us (tried for 15 second(s) with 500 milliseconds interval)
Build info: version: &apos;3.10.0&apos;, revision: &apos;176b4a9&apos;, time: &apos;2018-03-02T19:11:12.151Z&apos;
System info: host: &apos;WillHall-MBPrd.roc.mn.charter.com&apos;, ip: &apos;2600:6c46:7800:954:59ac:d5fb:e9a6:82fb%en0&apos;, os.name: &apos;Mac OS X&apos;, os.arch: &apos;x86_64&apos;, os.version: &apos;10.14.6&apos;, java.version: &apos;1.8.0_181&apos;
Driver info: org.openqa.selenium.chrome.ChromeDriver
Capabilities {acceptInsecureCerts: false, acceptSslCerts: false, applicationCacheEnabled: false, browserConnectionEnabled: false, browserName: chrome, chrome: {chromedriverVersion: 2.43.600229 (3fae4d0cda5334..., userDataDir: /var/folders/3n/b5sknkcj0f3...}, cssSelectorsEnabled: true, databaseEnabled: false, goog:chromeOptions: {debuggerAddress: localhost:61942}, handlesAlerts: true, hasTouchScreen: false, javascriptEnabled: true, locationContextEnabled: true, mobileEmulationEnabled: false, nativeEvents: true, networkConnectionEnabled: false, pageLoadStrategy: normal, platform: MAC, platformName: MAC, rotatable: false, setWindowRect: true, takesHeapSnapshot: true, takesScreenshot: true, unexpectedAlertBehaviour: , unhandledPromptBehavior: , version: 83.0.4103.97, webStorageEnabled: true}
Session ID: a4d3e7e3d2cf5fd00ea05f4990d14e60" type="testAboutUsFooterLink(Tests.FooterMenuTests)">org.openqa.selenium.TimeoutException: Expected condition failed: waiting for visibility of all elements located by By.linkText: About Us (tried for 15 second(s) with 500 milliseconds interval)
Build info: version: &apos;3.10.0&apos;, revision: &apos;176b4a9&apos;, time: &apos;2018-03-02T19:11:12.151Z&apos;
System info: host: &apos;WillHall-MBPrd.roc.mn.charter.com&apos;, ip: &apos;2600:6c46:7800:954:59ac:d5fb:e9a6:82fb%en0&apos;, os.name: &apos;Mac OS X&apos;, os.arch: &apos;x86_64&apos;, os.version: &apos;10.14.6&apos;, java.version: &apos;1.8.0_181&apos;
Driver info: org.openqa.selenium.chrome.ChromeDriver
Capabilities {acceptInsecureCerts: false, acceptSslCerts: false, applicationCacheEnabled: false, browserConnectionEnabled: false, browserName: chrome, chrome: {chromedriverVersion: 2.43.600229 (3fae4d0cda5334..., userDataDir: /var/folders/3n/b5sknkcj0f3...}, cssSelectorsEnabled: true, databaseEnabled: false, goog:chromeOptions: {debuggerAddress: localhost:61942}, handlesAlerts: true, hasTouchScreen: false, javascriptEnabled: true, locationContextEnabled: true, mobileEmulationEnabled: false, nativeEvents: true, networkConnectionEnabled: false, pageLoadStrategy: normal, platform: MAC, platformName: MAC, rotatable: false, setWindowRect: true, takesHeapSnapshot: true, takesScreenshot: true, unexpectedAlertBehaviour: , unhandledPromptBehavior: , version: 83.0.4103.97, webStorageEnabled: true}
Session ID: a4d3e7e3d2cf5fd00ea05f4990d14e60
	at org.openqa.selenium.support.ui.WebDriverWait.timeoutException(WebDriverWait.java:82)
	at org.openqa.selenium.support.ui.FluentWait.until(FluentWait.java:272)
	at Tests.FooterMenuTests$1.failed(FooterMenuTests.java:60)
	at TrueUserTests.TrueUser.Retry$1.evaluate(Retry.java:24)
	at TrueUserTests.TrueUser.RegressionSuiteRunner.main(RegressionSuiteRunner.java:158)
</failure>
  </testcase>
  <testcase classname="Tests.FooterMenuTests" name="testTermsAndConditionsNoticeLink" time="100.765">
    <failure message="Expected condition failed: waiting for visibility of all elements located by By.id: logo (tried for 15 second(s) with 500 milliseconds interval)
Build info: version: &apos;3.10.0&apos;, revision: &apos;176b4a9&apos;, time: &apos;2018-03-02T19:11:12.151Z&apos;
System info: host: &apos;WillHall-MBPrd.roc.mn.charter.com&apos;, ip: &apos;2600:6c46:7800:954:59ac:d5fb:e9a6:82fb%en0&apos;, os.name: &apos;Mac OS X&apos;, os.arch: &apos;x86_64&apos;, os.version: &apos;10.14.6&apos;, java.version: &apos;1.8.0_181&apos;
Driver info: org.openqa.selenium.chrome.ChromeDriver
Capabilities {acceptInsecureCerts: false, acceptSslCerts: false, applicationCacheEnabled: false, browserConnectionEnabled: false, browserName: chrome, chrome: {chromedriverVersion: 2.43.600229 (3fae4d0cda5334..., userDataDir: /var/folders/3n/b5sknkcj0f3...}, cssSelectorsEnabled: true, databaseEnabled: false, goog:chromeOptions: {debuggerAddress: localhost:61980}, handlesAlerts: true, hasTouchScreen: false, javascriptEnabled: true, locationContextEnabled: true, mobileEmulationEnabled: false, nativeEvents: true, networkConnectionEnabled: false, pageLoadStrategy: normal, platform: MAC, platformName: MAC, rotatable: false, setWindowRect: true, takesHeapSnapshot: true, takesScreenshot: true, unexpectedAlertBehaviour: , unhandledPromptBehavior: , version: 83.0.4103.97, webStorageEnabled: true}
Session ID: d1bc409c83735e0f76a8e67e8c0e835d" type="testTermsAndConditionsNoticeLink(Tests.FooterMenuTests)">org.openqa.selenium.TimeoutException: Expected condition failed: waiting for visibility of all elements located by By.id: logo (tried for 15 second(s) with 500 milliseconds interval)
Build info: version: &apos;3.10.0&apos;, revision: &apos;176b4a9&apos;, time: &apos;2018-03-02T19:11:12.151Z&apos;
System info: host: &apos;WillHall-MBPrd.roc.mn.charter.com&apos;, ip: &apos;2600:6c46:7800:954:59ac:d5fb:e9a6:82fb%en0&apos;, os.name: &apos;Mac OS X&apos;, os.arch: &apos;x86_64&apos;, os.version: &apos;10.14.6&apos;, java.version: &apos;1.8.0_181&apos;
Driver info: org.openqa.selenium.chrome.ChromeDriver
Capabilities {acceptInsecureCerts: false, acceptSslCerts: false, applicationCacheEnabled: false, browserConnectionEnabled: false, browserName: chrome, chrome: {chromedriverVersion: 2.43.600229 (3fae4d0cda5334..., userDataDir: /var/folders/3n/b5sknkcj0f3...}, cssSelectorsEnabled: true, databaseEnabled: false, goog:chromeOptions: {debuggerAddress: localhost:61980}, handlesAlerts: true, hasTouchScreen: false, javascriptEnabled: true, locationContextEnabled: true, mobileEmulationEnabled: false, nativeEvents: true, networkConnectionEnabled: false, pageLoadStrategy: normal, platform: MAC, platformName: MAC, rotatable: false, setWindowRect: true, takesHeapSnapshot: true, takesScreenshot: true, unexpectedAlertBehaviour: , unhandledPromptBehavior: , version: 83.0.4103.97, webStorageEnabled: true}
Session ID: d1bc409c83735e0f76a8e67e8c0e835d
	at org.openqa.selenium.support.ui.WebDriverWait.timeoutException(WebDriverWait.java:82)
	at org.openqa.selenium.support.ui.FluentWait.until(FluentWait.java:272)
	at Tests.FooterMenuTests.testTermsAndConditionsNoticeLink(FooterMenuTests.java:91)
	at TrueUserTests.TrueUser.Retry$1.evaluate(Retry.java:24)
	at TrueUserTests.TrueUser.RegressionSuiteRunner.main(RegressionSuiteRunner.java:158)
</failure>
    <failure message="Expected condition failed: waiting for visibility of all elements located by By.linkText: About Us (tried for 15 second(s) with 500 milliseconds interval)
Build info: version: &apos;3.10.0&apos;, revision: &apos;176b4a9&apos;, time: &apos;2018-03-02T19:11:12.151Z&apos;
System info: host: &apos;WillHall-MBPrd.roc.mn.charter.com&apos;, ip: &apos;2600:6c46:7800:954:59ac:d5fb:e9a6:82fb%en0&apos;, os.name: &apos;Mac OS X&apos;, os.arch: &apos;x86_64&apos;, os.version: &apos;10.14.6&apos;, java.version: &apos;1.8.0_181&apos;
Driver info: org.openqa.selenium.chrome.ChromeDriver
Capabilities {acceptInsecureCerts: false, acceptSslCerts: false, applicationCacheEnabled: false, browserConnectionEnabled: false, browserName: chrome, chrome: {chromedriverVersion: 2.43.600229 (3fae4d0cda5334..., userDataDir: /var/folders/3n/b5sknkcj0f3...}, cssSelectorsEnabled: true, databaseEnabled: false, goog:chromeOptions: {debuggerAddress: localhost:62001}, handlesAlerts: true, hasTouchScreen: false, javascriptEnabled: true, locationContextEnabled: true, mobileEmulationEnabled: false, nativeEvents: true, networkConnectionEnabled: false, pageLoadStrategy: normal, platform: MAC, platformName: MAC, rotatable: false, setWindowRect: true, takesHeapSnapshot: true, takesScreenshot: true, unexpectedAlertBehaviour: , unhandledPromptBehavior: , version: 83.0.4103.97, webStorageEnabled: true}
Session ID: 04ff13cce689e17e643804af5426e44a" type="testTermsAndConditionsNoticeLink(Tests.FooterMenuTests)">org.openqa.selenium.TimeoutException: Expected condition failed: waiting for visibility of all elements located by By.linkText: About Us (tried for 15 second(s) with 500 milliseconds interval)
Build info: version: &apos;3.10.0&apos;, revision: &apos;176b4a9&apos;, time: &apos;2018-03-02T19:11:12.151Z&apos;
System info: host: &apos;WillHall-MBPrd.roc.mn.charter.com&apos;, ip: &apos;2600:6c46:7800:954:59ac:d5fb:e9a6:82fb%en0&apos;, os.name: &apos;Mac OS X&apos;, os.arch: &apos;x86_64&apos;, os.version: &apos;10.14.6&apos;, java.version: &apos;1.8.0_181&apos;
Driver info: org.openqa.selenium.chrome.ChromeDriver
Capabilities {acceptInsecureCerts: false, acceptSslCerts: false, applicationCacheEnabled: false, browserConnectionEnabled: false, browserName: chrome, chrome: {chromedriverVersion: 2.43.600229 (3fae4d0cda5334..., userDataDir: /var/folders/3n/b5sknkcj0f3...}, cssSelectorsEnabled: true, databaseEnabled: false, goog:chromeOptions: {debuggerAddress: localhost:62001}, handlesAlerts: true, hasTouchScreen: false, javascriptEnabled: true, locationContextEnabled: true, mobileEmulationEnabled: false, nativeEvents: true, networkConnectionEnabled: false, pageLoadStrategy: normal, platform: MAC, platformName: MAC, rotatable: false, setWindowRect: true, takesHeapSnapshot: true, takesScreenshot: true, unexpectedAlertBehaviour: , unhandledPromptBehavior: , version: 83.0.4103.97, webStorageEnabled: true}
Session ID: 04ff13cce689e17e643804af5426e44a
	at org.openqa.selenium.support.ui.WebDriverWait.timeoutException(WebDriverWait.java:82)
	at org.openqa.selenium.support.ui.FluentWait.until(FluentWait.java:272)
	at Tests.FooterMenuTests$1.failed(FooterMenuTests.java:60)
	at TrueUserTests.TrueUser.Retry$1.evaluate(Retry.java:24)
	at TrueUserTests.TrueUser.RegressionSuiteRunner.main(RegressionSuiteRunner.java:158)
</failure>
  </testcase>
  <testcase classname="Tests.FooterMenuTests" name="testSecondPrivacyPolicyLink" time="99.834">
    <failure message="Expected condition failed: waiting for visibility of all elements located by By.id: logo (tried for 15 second(s) with 500 milliseconds interval)
Build info: version: &apos;3.10.0&apos;, revision: &apos;176b4a9&apos;, time: &apos;2018-03-02T19:11:12.151Z&apos;
System info: host: &apos;WillHall-MBPrd.roc.mn.charter.com&apos;, ip: &apos;2600:6c46:7800:954:59ac:d5fb:e9a6:82fb%en0&apos;, os.name: &apos;Mac OS X&apos;, os.arch: &apos;x86_64&apos;, os.version: &apos;10.14.6&apos;, java.version: &apos;1.8.0_181&apos;
Driver info: org.openqa.selenium.chrome.ChromeDriver
Capabilities {acceptInsecureCerts: false, acceptSslCerts: false, applicationCacheEnabled: false, browserConnectionEnabled: false, browserName: chrome, chrome: {chromedriverVersion: 2.43.600229 (3fae4d0cda5334..., userDataDir: /var/folders/3n/b5sknkcj0f3...}, cssSelectorsEnabled: true, databaseEnabled: false, goog:chromeOptions: {debuggerAddress: localhost:62031}, handlesAlerts: true, hasTouchScreen: false, javascriptEnabled: true, locationContextEnabled: true, mobileEmulationEnabled: false, nativeEvents: true, networkConnectionEnabled: false, pageLoadStrategy: normal, platform: MAC, platformName: MAC, rotatable: false, setWindowRect: true, takesHeapSnapshot: true, takesScreenshot: true, unexpectedAlertBehaviour: , unhandledPromptBehavior: , version: 83.0.4103.97, webStorageEnabled: true}
Session ID: 19e3ba40b162b080b9b98581a2c5b5f2" type="testSecondPrivacyPolicyLink(Tests.FooterMenuTests)">org.openqa.selenium.TimeoutException: Expected condition failed: waiting for visibility of all elements located by By.id: logo (tried for 15 second(s) with 500 milliseconds interval)
Build info: version: &apos;3.10.0&apos;, revision: &apos;176b4a9&apos;, time: &apos;2018-03-02T19:11:12.151Z&apos;
System info: host: &apos;WillHall-MBPrd.roc.mn.charter.com&apos;, ip: &apos;2600:6c46:7800:954:59ac:d5fb:e9a6:82fb%en0&apos;, os.name: &apos;Mac OS X&apos;, os.arch: &apos;x86_64&apos;, os.version: &apos;10.14.6&apos;, java.version: &apos;1.8.0_181&apos;
Driver info: org.openqa.selenium.chrome.ChromeDriver
Capabilities {acceptInsecureCerts: false, acceptSslCerts: false, applicationCacheEnabled: false, browserConnectionEnabled: false, browserName: chrome, chrome: {chromedriverVersion: 2.43.600229 (3fae4d0cda5334..., userDataDir: /var/folders/3n/b5sknkcj0f3...}, cssSelectorsEnabled: true, databaseEnabled: false, goog:chromeOptions: {debuggerAddress: localhost:62031}, handlesAlerts: true, hasTouchScreen: false, javascriptEnabled: true, locationContextEnabled: true, mobileEmulationEnabled: false, nativeEvents: true, networkConnectionEnabled: false, pageLoadStrategy: normal, platform: MAC, platformName: MAC, rotatable: false, setWindowRect: true, takesHeapSnapshot: true, takesScreenshot: true, unexpectedAlertBehaviour: , unhandledPromptBehavior: , version: 83.0.4103.97, webStorageEnabled: true}
Session ID: 19e3ba40b162b080b9b98581a2c5b5f2
	at org.openqa.selenium.support.ui.WebDriverWait.timeoutException(WebDriverWait.java:82)
	at org.openqa.selenium.support.ui.FluentWait.until(FluentWait.java:272)
	at Tests.FooterMenuTests.testSecondPrivacyPolicyLink(FooterMenuTests.java:121)
	at TrueUserTests.TrueUser.Retry$1.evaluate(Retry.java:24)
	at TrueUserTests.TrueUser.RegressionSuiteRunner.main(RegressionSuiteRunner.java:158)
</failure>
    <failure message="Expected condition failed: waiting for visibility of all elements located by By.linkText: About Us (tried for 15 second(s) with 500 milliseconds interval)
Build info: version: &apos;3.10.0&apos;, revision: &apos;176b4a9&apos;, time: &apos;2018-03-02T19:11:12.151Z&apos;
System info: host: &apos;WillHall-MBPrd.roc.mn.charter.com&apos;, ip: &apos;2600:6c46:7800:954:59ac:d5fb:e9a6:82fb%en0&apos;, os.name: &apos;Mac OS X&apos;, os.arch: &apos;x86_64&apos;, os.version: &apos;10.14.6&apos;, java.version: &apos;1.8.0_181&apos;
Driver info: org.openqa.selenium.chrome.ChromeDriver
Capabilities {acceptInsecureCerts: false, acceptSslCerts: false, applicationCacheEnabled: false, browserConnectionEnabled: false, browserName: chrome, chrome: {chromedriverVersion: 2.43.600229 (3fae4d0cda5334..., userDataDir: /var/folders/3n/b5sknkcj0f3...}, cssSelectorsEnabled: true, databaseEnabled: false, goog:chromeOptions: {debuggerAddress: localhost:62047}, handlesAlerts: true, hasTouchScreen: false, javascriptEnabled: true, locationContextEnabled: true, mobileEmulationEnabled: false, nativeEvents: true, networkConnectionEnabled: false, pageLoadStrategy: normal, platform: MAC, platformName: MAC, rotatable: false, setWindowRect: true, takesHeapSnapshot: true, takesScreenshot: true, unexpectedAlertBehaviour: , unhandledPromptBehavior: , version: 83.0.4103.97, webStorageEnabled: true}
Session ID: 588f1b7d78291787562ef8052ba49f32" type="testSecondPrivacyPolicyLink(Tests.FooterMenuTests)">org.openqa.selenium.TimeoutException: Expected condition failed: waiting for visibility of all elements located by By.linkText: About Us (tried for 15 second(s) with 500 milliseconds interval)
Build info: version: &apos;3.10.0&apos;, revision: &apos;176b4a9&apos;, time: &apos;2018-03-02T19:11:12.151Z&apos;
System info: host: &apos;WillHall-MBPrd.roc.mn.charter.com&apos;, ip: &apos;2600:6c46:7800:954:59ac:d5fb:e9a6:82fb%en0&apos;, os.name: &apos;Mac OS X&apos;, os.arch: &apos;x86_64&apos;, os.version: &apos;10.14.6&apos;, java.version: &apos;1.8.0_181&apos;
Driver info: org.openqa.selenium.chrome.ChromeDriver
Capabilities {acceptInsecureCerts: false, acceptSslCerts: false, applicationCacheEnabled: false, browserConnectionEnabled: false, browserName: chrome, chrome: {chromedriverVersion: 2.43.600229 (3fae4d0cda5334..., userDataDir: /var/folders/3n/b5sknkcj0f3...}, cssSelectorsEnabled: true, databaseEnabled: false, goog:chromeOptions: {debuggerAddress: localhost:62047}, handlesAlerts: true, hasTouchScreen: false, javascriptEnabled: true, locationContextEnabled: true, mobileEmulationEnabled: false, nativeEvents: true, networkConnectionEnabled: false, pageLoadStrategy: normal, platform: MAC, platformName: MAC, rotatable: false, setWindowRect: true, takesHeapSnapshot: true, takesScreenshot: true, unexpectedAlertBehaviour: , unhandledPromptBehavior: , version: 83.0.4103.97, webStorageEnabled: true}
Session ID: 588f1b7d78291787562ef8052ba49f32
	at org.openqa.selenium.support.ui.WebDriverWait.timeoutException(WebDriverWait.java:82)
	at org.openqa.selenium.support.ui.FluentWait.until(FluentWait.java:272)
	at Tests.FooterMenuTests$1.failed(FooterMenuTests.java:60)
	at TrueUserTests.TrueUser.Retry$1.evaluate(Retry.java:24)
	at TrueUserTests.TrueUser.RegressionSuiteRunner.main(RegressionSuiteRunner.java:158)
</failure>
  </testcase>
  <testcase classname="Tests.FooterMenuTests" name="testPrivacyPolicyFooterLink" time="104.284">
    <failure message="Expected condition failed: waiting for visibility of all elements located by By.id: logo (tried for 15 second(s) with 500 milliseconds interval)
Build info: version: &apos;3.10.0&apos;, revision: &apos;176b4a9&apos;, time: &apos;2018-03-02T19:11:12.151Z&apos;
System info: host: &apos;WillHall-MBPrd.roc.mn.charter.com&apos;, ip: &apos;2600:6c46:7800:954:59ac:d5fb:e9a6:82fb%en0&apos;, os.name: &apos;Mac OS X&apos;, os.arch: &apos;x86_64&apos;, os.version: &apos;10.14.6&apos;, java.version: &apos;1.8.0_181&apos;
Driver info: org.openqa.selenium.chrome.ChromeDriver
Capabilities {acceptInsecureCerts: false, acceptSslCerts: false, applicationCacheEnabled: false, browserConnectionEnabled: false, browserName: chrome, chrome: {chromedriverVersion: 2.43.600229 (3fae4d0cda5334..., userDataDir: /var/folders/3n/b5sknkcj0f3...}, cssSelectorsEnabled: true, databaseEnabled: false, goog:chromeOptions: {debuggerAddress: localhost:62124}, handlesAlerts: true, hasTouchScreen: false, javascriptEnabled: true, locationContextEnabled: true, mobileEmulationEnabled: false, nativeEvents: true, networkConnectionEnabled: false, pageLoadStrategy: normal, platform: MAC, platformName: MAC, rotatable: false, setWindowRect: true, takesHeapSnapshot: true, takesScreenshot: true, unexpectedAlertBehaviour: , unhandledPromptBehavior: , version: 83.0.4103.97, webStorageEnabled: true}
Session ID: f733cd1d3bea5b6e4add74e8bf3ae3b4" type="testPrivacyPolicyFooterLink(Tests.FooterMenuTests)">org.openqa.selenium.TimeoutException: Expected condition failed: waiting for visibility of all elements located by By.id: logo (tried for 15 second(s) with 500 milliseconds interval)
Build info: version: &apos;3.10.0&apos;, revision: &apos;176b4a9&apos;, time: &apos;2018-03-02T19:11:12.151Z&apos;
System info: host: &apos;WillHall-MBPrd.roc.mn.charter.com&apos;, ip: &apos;2600:6c46:7800:954:59ac:d5fb:e9a6:82fb%en0&apos;, os.name: &apos;Mac OS X&apos;, os.arch: &apos;x86_64&apos;, os.version: &apos;10.14.6&apos;, java.version: &apos;1.8.0_181&apos;
Driver info: org.openqa.selenium.chrome.ChromeDriver
Capabilities {acceptInsecureCerts: false, acceptSslCerts: false, applicationCacheEnabled: false, browserConnectionEnabled: false, browserName: chrome, chrome: {chromedriverVersion: 2.43.600229 (3fae4d0cda5334..., userDataDir: /var/folders/3n/b5sknkcj0f3...}, cssSelectorsEnabled: true, databaseEnabled: false, goog:chromeOptions: {debuggerAddress: localhost:62124}, handlesAlerts: true, hasTouchScreen: false, javascriptEnabled: true, locationContextEnabled: true, mobileEmulationEnabled: false, nativeEvents: true, networkConnectionEnabled: false, pageLoadStrategy: normal, platform: MAC, platformName: MAC, rotatable: false, setWindowRect: true, takesHeapSnapshot: true, takesScreenshot: true, unexpectedAlertBehaviour: , unhandledPromptBehavior: , version: 83.0.4103.97, webStorageEnabled: true}
Session ID: f733cd1d3bea5b6e4add74e8bf3ae3b4
	at org.openqa.selenium.support.ui.WebDriverWait.timeoutException(WebDriverWait.java:82)
	at org.openqa.selenium.support.ui.FluentWait.until(FluentWait.java:272)
	at Tests.FooterMenuTests.testPrivacyPolicyFooterLink(FooterMenuTests.java:153)
	at TrueUserTests.TrueUser.Retry$1.evaluate(Retry.java:24)
	at TrueUserTests.TrueUser.RegressionSuiteRunner.main(RegressionSuiteRunner.java:158)
</failure>
    <failure message="Expected condition failed: waiting for visibility of all elements located by By.linkText: About Us (tried for 15 second(s) with 500 milliseconds interval)
Build info: version: &apos;3.10.0&apos;, revision: &apos;176b4a9&apos;, time: &apos;2018-03-02T19:11:12.151Z&apos;
System info: host: &apos;WillHall-MBPrd.roc.mn.charter.com&apos;, ip: &apos;2600:6c46:7800:954:59ac:d5fb:e9a6:82fb%en0&apos;, os.name: &apos;Mac OS X&apos;, os.arch: &apos;x86_64&apos;, os.version: &apos;10.14.6&apos;, java.version: &apos;1.8.0_181&apos;
Driver info: org.openqa.selenium.chrome.ChromeDriver
Capabilities {acceptInsecureCerts: false, acceptSslCerts: false, applicationCacheEnabled: false, browserConnectionEnabled: false, browserName: chrome, chrome: {chromedriverVersion: 2.43.600229 (3fae4d0cda5334..., userDataDir: /var/folders/3n/b5sknkcj0f3...}, cssSelectorsEnabled: true, databaseEnabled: false, goog:chromeOptions: {debuggerAddress: localhost:62162}, handlesAlerts: true, hasTouchScreen: false, javascriptEnabled: true, locationContextEnabled: true, mobileEmulationEnabled: false, nativeEvents: true, networkConnectionEnabled: false, pageLoadStrategy: normal, platform: MAC, platformName: MAC, rotatable: false, setWindowRect: true, takesHeapSnapshot: true, takesScreenshot: true, unexpectedAlertBehaviour: , unhandledPromptBehavior: , version: 83.0.4103.97, webStorageEnabled: true}
Session ID: 3582cbe346a6ec4888b6b90bb1325d9b" type="testPrivacyPolicyFooterLink(Tests.FooterMenuTests)">org.openqa.selenium.TimeoutException: Expected condition failed: waiting for visibility of all elements located by By.linkText: About Us (tried for 15 second(s) with 500 milliseconds interval)
Build info: version: &apos;3.10.0&apos;, revision: &apos;176b4a9&apos;, time: &apos;2018-03-02T19:11:12.151Z&apos;
System info: host: &apos;WillHall-MBPrd.roc.mn.charter.com&apos;, ip: &apos;2600:6c46:7800:954:59ac:d5fb:e9a6:82fb%en0&apos;, os.name: &apos;Mac OS X&apos;, os.arch: &apos;x86_64&apos;, os.version: &apos;10.14.6&apos;, java.version: &apos;1.8.0_181&apos;
Driver info: org.openqa.selenium.chrome.ChromeDriver
Capabilities {acceptInsecureCerts: false, acceptSslCerts: false, applicationCacheEnabled: false, browserConnectionEnabled: false, browserName: chrome, chrome: {chromedriverVersion: 2.43.600229 (3fae4d0cda5334..., userDataDir: /var/folders/3n/b5sknkcj0f3...}, cssSelectorsEnabled: true, databaseEnabled: false, goog:chromeOptions: {debuggerAddress: localhost:62162}, handlesAlerts: true, hasTouchScreen: false, javascriptEnabled: true, locationContextEnabled: true, mobileEmulationEnabled: false, nativeEvents: true, networkConnectionEnabled: false, pageLoadStrategy: normal, platform: MAC, platformName: MAC, rotatable: false, setWindowRect: true, takesHeapSnapshot: true, takesScreenshot: true, unexpectedAlertBehaviour: , unhandledPromptBehavior: , version: 83.0.4103.97, webStorageEnabled: true}
Session ID: 3582cbe346a6ec4888b6b90bb1325d9b
	at org.openqa.selenium.support.ui.WebDriverWait.timeoutException(WebDriverWait.java:82)
	at org.openqa.selenium.support.ui.FluentWait.until(FluentWait.java:272)
	at Tests.FooterMenuTests$1.failed(FooterMenuTests.java:60)
	at TrueUserTests.TrueUser.Retry$1.evaluate(Retry.java:24)
	at TrueUserTests.TrueUser.RegressionSuiteRunner.main(RegressionSuiteRunner.java:158)
</failure>
  </testcase>
  <testcase classname="Tests.FooterMenuTests" name="testCopyrightFooterLink" time="100.384">
    <failure message="Expected condition failed: waiting for visibility of all elements located by By.id: logo (tried for 15 second(s) with 500 milliseconds interval)
Build info: version: &apos;3.10.0&apos;, revision: &apos;176b4a9&apos;, time: &apos;2018-03-02T19:11:12.151Z&apos;
System info: host: &apos;WillHall-MBPrd.roc.mn.charter.com&apos;, ip: &apos;2600:6c46:7800:954:59ac:d5fb:e9a6:82fb%en0&apos;, os.name: &apos;Mac OS X&apos;, os.arch: &apos;x86_64&apos;, os.version: &apos;10.14.6&apos;, java.version: &apos;1.8.0_181&apos;
Driver info: org.openqa.selenium.chrome.ChromeDriver
Capabilities {acceptInsecureCerts: false, acceptSslCerts: false, applicationCacheEnabled: false, browserConnectionEnabled: false, browserName: chrome, chrome: {chromedriverVersion: 2.43.600229 (3fae4d0cda5334..., userDataDir: /var/folders/3n/b5sknkcj0f3...}, cssSelectorsEnabled: true, databaseEnabled: false, goog:chromeOptions: {debuggerAddress: localhost:62202}, handlesAlerts: true, hasTouchScreen: false, javascriptEnabled: true, locationContextEnabled: true, mobileEmulationEnabled: false, nativeEvents: true, networkConnectionEnabled: false, pageLoadStrategy: normal, platform: MAC, platformName: MAC, rotatable: false, setWindowRect: true, takesHeapSnapshot: true, takesScreenshot: true, unexpectedAlertBehaviour: , unhandledPromptBehavior: , version: 83.0.4103.97, webStorageEnabled: true}
Session ID: 1b0aabf032542f8cb1b62b06cc38f391" type="testCopyrightFooterLink(Tests.FooterMenuTests)">org.openqa.selenium.TimeoutException: Expected condition failed: waiting for visibility of all elements located by By.id: logo (tried for 15 second(s) with 500 milliseconds interval)
Build info: version: &apos;3.10.0&apos;, revision: &apos;176b4a9&apos;, time: &apos;2018-03-02T19:11:12.151Z&apos;
System info: host: &apos;WillHall-MBPrd.roc.mn.charter.com&apos;, ip: &apos;2600:6c46:7800:954:59ac:d5fb:e9a6:82fb%en0&apos;, os.name: &apos;Mac OS X&apos;, os.arch: &apos;x86_64&apos;, os.version: &apos;10.14.6&apos;, java.version: &apos;1.8.0_181&apos;
Driver info: org.openqa.selenium.chrome.ChromeDriver
Capabilities {acceptInsecureCerts: false, acceptSslCerts: false, applicationCacheEnabled: false, browserConnectionEnabled: false, browserName: chrome, chrome: {chromedriverVersion: 2.43.600229 (3fae4d0cda5334..., userDataDir: /var/folders/3n/b5sknkcj0f3...}, cssSelectorsEnabled: true, databaseEnabled: false, goog:chromeOptions: {debuggerAddress: localhost:62202}, handlesAlerts: true, hasTouchScreen: false, javascriptEnabled: true, locationContextEnabled: true, mobileEmulationEnabled: false, nativeEvents: true, networkConnectionEnabled: false, pageLoadStrategy: normal, platform: MAC, platformName: MAC, rotatable: false, setWindowRect: true, takesHeapSnapshot: true, takesScreenshot: true, unexpectedAlertBehaviour: , unhandledPromptBehavior: , version: 83.0.4103.97, webStorageEnabled: true}
Session ID: 1b0aabf032542f8cb1b62b06cc38f391
	at org.openqa.selenium.support.ui.WebDriverWait.timeoutException(WebDriverWait.java:82)
	at org.openqa.selenium.support.ui.FluentWait.until(FluentWait.java:272)
	at Tests.FooterMenuTests.testCopyrightFooterLink(FooterMenuTests.java:251)
	at TrueUserTests.TrueUser.Retry$1.evaluate(Retry.java:24)
	at TrueUserTests.TrueUser.RegressionSuiteRunner.main(RegressionSuiteRunner.java:158)
</failure>
    <failure message="Expected condition failed: waiting for visibility of all elements located by By.linkText: About Us (tried for 15 second(s) with 500 milliseconds interval)
Build info: version: &apos;3.10.0&apos;, revision: &apos;176b4a9&apos;, time: &apos;2018-03-02T19:11:12.151Z&apos;
System info: host: &apos;WillHall-MBPrd.roc.mn.charter.com&apos;, ip: &apos;2600:6c46:7800:954:59ac:d5fb:e9a6:82fb%en0&apos;, os.name: &apos;Mac OS X&apos;, os.arch: &apos;x86_64&apos;, os.version: &apos;10.14.6&apos;, java.version: &apos;1.8.0_181&apos;
Driver info: org.openqa.selenium.chrome.ChromeDriver
Capabilities {acceptInsecureCerts: false, acceptSslCerts: false, applicationCacheEnabled: false, browserConnectionEnabled: false, browserName: chrome, chrome: {chromedriverVersion: 2.43.600229 (3fae4d0cda5334..., userDataDir: /var/folders/3n/b5sknkcj0f3...}, cssSelectorsEnabled: true, databaseEnabled: false, goog:chromeOptions: {debuggerAddress: localhost:62235}, handlesAlerts: true, hasTouchScreen: false, javascriptEnabled: true, locationContextEnabled: true, mobileEmulationEnabled: false, nativeEvents: true, networkConnectionEnabled: false, pageLoadStrategy: normal, platform: MAC, platformName: MAC, rotatable: false, setWindowRect: true, takesHeapSnapshot: true, takesScreenshot: true, unexpectedAlertBehaviour: , unhandledPromptBehavior: , version: 83.0.4103.97, webStorageEnabled: true}
Session ID: 6be755ce29195f013c1bafb321699e5a" type="testCopyrightFooterLink(Tests.FooterMenuTests)">org.openqa.selenium.TimeoutException: Expected condition failed: waiting for visibility of all elements located by By.linkText: About Us (tried for 15 second(s) with 500 milliseconds interval)
Build info: version: &apos;3.10.0&apos;, revision: &apos;176b4a9&apos;, time: &apos;2018-03-02T19:11:12.151Z&apos;
System info: host: &apos;WillHall-MBPrd.roc.mn.charter.com&apos;, ip: &apos;2600:6c46:7800:954:59ac:d5fb:e9a6:82fb%en0&apos;, os.name: &apos;Mac OS X&apos;, os.arch: &apos;x86_64&apos;, os.version: &apos;10.14.6&apos;, java.version: &apos;1.8.0_181&apos;
Driver info: org.openqa.selenium.chrome.ChromeDriver
Capabilities {acceptInsecureCerts: false, acceptSslCerts: false, applicationCacheEnabled: false, browserConnectionEnabled: false, browserName: chrome, chrome: {chromedriverVersion: 2.43.600229 (3fae4d0cda5334..., userDataDir: /var/folders/3n/b5sknkcj0f3...}, cssSelectorsEnabled: true, databaseEnabled: false, goog:chromeOptions: {debuggerAddress: localhost:62235}, handlesAlerts: true, hasTouchScreen: false, javascriptEnabled: true, locationContextEnabled: true, mobileEmulationEnabled: false, nativeEvents: true, networkConnectionEnabled: false, pageLoadStrategy: normal, platform: MAC, platformName: MAC, rotatable: false, setWindowRect: true, takesHeapSnapshot: true, takesScreenshot: true, unexpectedAlertBehaviour: , unhandledPromptBehavior: , version: 83.0.4103.97, webStorageEnabled: true}
Session ID: 6be755ce29195f013c1bafb321699e5a
	at org.openqa.selenium.support.ui.WebDriverWait.timeoutException(WebDriverWait.java:82)
	at org.openqa.selenium.support.ui.FluentWait.until(FluentWait.java:272)
	at Tests.FooterMenuTests$1.failed(FooterMenuTests.java:60)
	at TrueUserTests.TrueUser.Retry$1.evaluate(Retry.java:24)
	at TrueUserTests.TrueUser.RegressionSuiteRunner.main(RegressionSuiteRunner.java:158)
</failure>
  </testcase>
  <testcase classname="Tests.FooterMenuTests" name="testTermsAndConditionsElements" time="100.081">
    <failure message="Expected condition failed: waiting for visibility of all elements located by By.id: logo (tried for 15 second(s) with 500 milliseconds interval)
Build info: version: &apos;3.10.0&apos;, revision: &apos;176b4a9&apos;, time: &apos;2018-03-02T19:11:12.151Z&apos;
System info: host: &apos;WillHall-MBPrd.roc.mn.charter.com&apos;, ip: &apos;2600:6c46:7800:954:59ac:d5fb:e9a6:82fb%en0&apos;, os.name: &apos;Mac OS X&apos;, os.arch: &apos;x86_64&apos;, os.version: &apos;10.14.6&apos;, java.version: &apos;1.8.0_181&apos;
Driver info: org.openqa.selenium.chrome.ChromeDriver
Capabilities {acceptInsecureCerts: false, acceptSslCerts: false, applicationCacheEnabled: false, browserConnectionEnabled: false, browserName: chrome, chrome: {chromedriverVersion: 2.43.600229 (3fae4d0cda5334..., userDataDir: /var/folders/3n/b5sknkcj0f3...}, cssSelectorsEnabled: true, databaseEnabled: false, goog:chromeOptions: {debuggerAddress: localhost:62291}, handlesAlerts: true, hasTouchScreen: false, javascriptEnabled: true, locationContextEnabled: true, mobileEmulationEnabled: false, nativeEvents: true, networkConnectionEnabled: false, pageLoadStrategy: normal, platform: MAC, platformName: MAC, rotatable: false, setWindowRect: true, takesHeapSnapshot: true, takesScreenshot: true, unexpectedAlertBehaviour: , unhandledPromptBehavior: , version: 83.0.4103.97, webStorageEnabled: true}
Session ID: aef321d9613fcb6c6491d1a4bbb4de8c" type="testTermsAndConditionsElements(Tests.FooterMenuTests)">org.openqa.selenium.TimeoutException: Expected condition failed: waiting for visibility of all elements located by By.id: logo (tried for 15 second(s) with 500 milliseconds interval)
Build info: version: &apos;3.10.0&apos;, revision: &apos;176b4a9&apos;, time: &apos;2018-03-02T19:11:12.151Z&apos;
System info: host: &apos;WillHall-MBPrd.roc.mn.charter.com&apos;, ip: &apos;2600:6c46:7800:954:59ac:d5fb:e9a6:82fb%en0&apos;, os.name: &apos;Mac OS X&apos;, os.arch: &apos;x86_64&apos;, os.version: &apos;10.14.6&apos;, java.version: &apos;1.8.0_181&apos;
Driver info: org.openqa.selenium.chrome.ChromeDriver
Capabilities {acceptInsecureCerts: false, acceptSslCerts: false, applicationCacheEnabled: false, browserConnectionEnabled: false, browserName: chrome, chrome: {chromedriverVersion: 2.43.600229 (3fae4d0cda5334..., userDataDir: /var/folders/3n/b5sknkcj0f3...}, cssSelectorsEnabled: true, databaseEnabled: false, goog:chromeOptions: {debuggerAddress: localhost:62291}, handlesAlerts: true, hasTouchScreen: false, javascriptEnabled: true, locationContextEnabled: true, mobileEmulationEnabled: false, nativeEvents: true, networkConnectionEnabled: false, pageLoadStrategy: normal, platform: MAC, platformName: MAC, rotatable: false, setWindowRect: true, takesHeapSnapshot: true, takesScreenshot: true, unexpectedAlertBehaviour: , unhandledPromptBehavior: , version: 83.0.4103.97, webStorageEnabled: true}
Session ID: aef321d9613fcb6c6491d1a4bbb4de8c
	at org.openqa.selenium.support.ui.WebDriverWait.timeoutException(WebDriverWait.java:82)
	at org.openqa.selenium.support.ui.FluentWait.until(FluentWait.java:272)
	at Tests.FooterMenuTests.testTermsAndConditionsElements(FooterMenuTests.java:76)
	at TrueUserTests.TrueUser.Retry$1.evaluate(Retry.java:24)
	at TrueUserTests.TrueUser.RegressionSuiteRunner.main(RegressionSuiteRunner.java:158)
</failure>
    <failure message="Expected condition failed: waiting for visibility of all elements located by By.linkText: About Us (tried for 15 second(s) with 500 milliseconds interval)
Build info: version: &apos;3.10.0&apos;, revision: &apos;176b4a9&apos;, time: &apos;2018-03-02T19:11:12.151Z&apos;
System info: host: &apos;WillHall-MBPrd.roc.mn.charter.com&apos;, ip: &apos;2600:6c46:7800:954:59ac:d5fb:e9a6:82fb%en0&apos;, os.name: &apos;Mac OS X&apos;, os.arch: &apos;x86_64&apos;, os.version: &apos;10.14.6&apos;, java.version: &apos;1.8.0_181&apos;
Driver info: org.openqa.selenium.chrome.ChromeDriver
Capabilities {acceptInsecureCerts: false, acceptSslCerts: false, applicationCacheEnabled: false, browserConnectionEnabled: false, browserName: chrome, chrome: {chromedriverVersion: 2.43.600229 (3fae4d0cda5334..., userDataDir: /var/folders/3n/b5sknkcj0f3...}, cssSelectorsEnabled: true, databaseEnabled: false, goog:chromeOptions: {debuggerAddress: localhost:62306}, handlesAlerts: true, hasTouchScreen: false, javascriptEnabled: true, locationContextEnabled: true, mobileEmulationEnabled: false, nativeEvents: true, networkConnectionEnabled: false, pageLoadStrategy: normal, platform: MAC, platformName: MAC, rotatable: false, setWindowRect: true, takesHeapSnapshot: true, takesScreenshot: true, unexpectedAlertBehaviour: , unhandledPromptBehavior: , version: 83.0.4103.97, webStorageEnabled: true}
Session ID: 58f7835bf721ad024045c252b3db5353" type="testTermsAndConditionsElements(Tests.FooterMenuTests)">org.openqa.selenium.TimeoutException: Expected condition failed: waiting for visibility of all elements located by By.linkText: About Us (tried for 15 second(s) with 500 milliseconds interval)
Build info: version: &apos;3.10.0&apos;, revision: &apos;176b4a9&apos;, time: &apos;2018-03-02T19:11:12.151Z&apos;
System info: host: &apos;WillHall-MBPrd.roc.mn.charter.com&apos;, ip: &apos;2600:6c46:7800:954:59ac:d5fb:e9a6:82fb%en0&apos;, os.name: &apos;Mac OS X&apos;, os.arch: &apos;x86_64&apos;, os.version: &apos;10.14.6&apos;, java.version: &apos;1.8.0_181&apos;
Driver info: org.openqa.selenium.chrome.ChromeDriver
Capabilities {acceptInsecureCerts: false, acceptSslCerts: false, applicationCacheEnabled: false, browserConnectionEnabled: false, browserName: chrome, chrome: {chromedriverVersion: 2.43.600229 (3fae4d0cda5334..., userDataDir: /var/folders/3n/b5sknkcj0f3...}, cssSelectorsEnabled: true, databaseEnabled: false, goog:chromeOptions: {debuggerAddress: localhost:62306}, handlesAlerts: true, hasTouchScreen: false, javascriptEnabled: true, locationContextEnabled: true, mobileEmulationEnabled: false, nativeEvents: true, networkConnectionEnabled: false, pageLoadStrategy: normal, platform: MAC, platformName: MAC, rotatable: false, setWindowRect: true, takesHeapSnapshot: true, takesScreenshot: true, unexpectedAlertBehaviour: , unhandledPromptBehavior: , version: 83.0.4103.97, webStorageEnabled: true}
Session ID: 58f7835bf721ad024045c252b3db5353
	at org.openqa.selenium.support.ui.WebDriverWait.timeoutException(WebDriverWait.java:82)
	at org.openqa.selenium.support.ui.FluentWait.until(FluentWait.java:272)
	at Tests.FooterMenuTests$1.failed(FooterMenuTests.java:60)
	at TrueUserTests.TrueUser.Retry$1.evaluate(Retry.java:24)
	at TrueUserTests.TrueUser.RegressionSuiteRunner.main(RegressionSuiteRunner.java:158)
</failure>
  </testcase>
  <testcase classname="Tests.FooterMenuTests" name="testPebbleGoEmail" time="100.286">
    <failure message="Expected condition failed: waiting for visibility of all elements located by By.id: logo (tried for 15 second(s) with 500 milliseconds interval)
Build info: version: &apos;3.10.0&apos;, revision: &apos;176b4a9&apos;, time: &apos;2018-03-02T19:11:12.151Z&apos;
System info: host: &apos;WillHall-MBPrd.roc.mn.charter.com&apos;, ip: &apos;2600:6c46:7800:954:59ac:d5fb:e9a6:82fb%en0&apos;, os.name: &apos;Mac OS X&apos;, os.arch: &apos;x86_64&apos;, os.version: &apos;10.14.6&apos;, java.version: &apos;1.8.0_181&apos;
Driver info: org.openqa.selenium.chrome.ChromeDriver
Capabilities {acceptInsecureCerts: false, acceptSslCerts: false, applicationCacheEnabled: false, browserConnectionEnabled: false, browserName: chrome, chrome: {chromedriverVersion: 2.43.600229 (3fae4d0cda5334..., userDataDir: /var/folders/3n/b5sknkcj0f3...}, cssSelectorsEnabled: true, databaseEnabled: false, goog:chromeOptions: {debuggerAddress: localhost:62342}, handlesAlerts: true, hasTouchScreen: false, javascriptEnabled: true, locationContextEnabled: true, mobileEmulationEnabled: false, nativeEvents: true, networkConnectionEnabled: false, pageLoadStrategy: normal, platform: MAC, platformName: MAC, rotatable: false, setWindowRect: true, takesHeapSnapshot: true, takesScreenshot: true, unexpectedAlertBehaviour: , unhandledPromptBehavior: , version: 83.0.4103.97, webStorageEnabled: true}
Session ID: 41e2a99b5a5196a4e2f7791444b87528" type="testPebbleGoEmail(Tests.FooterMenuTests)">org.openqa.selenium.TimeoutException: Expected condition failed: waiting for visibility of all elements located by By.id: logo (tried for 15 second(s) with 500 milliseconds interval)
Build info: version: &apos;3.10.0&apos;, revision: &apos;176b4a9&apos;, time: &apos;2018-03-02T19:11:12.151Z&apos;
System info: host: &apos;WillHall-MBPrd.roc.mn.charter.com&apos;, ip: &apos;2600:6c46:7800:954:59ac:d5fb:e9a6:82fb%en0&apos;, os.name: &apos;Mac OS X&apos;, os.arch: &apos;x86_64&apos;, os.version: &apos;10.14.6&apos;, java.version: &apos;1.8.0_181&apos;
Driver info: org.openqa.selenium.chrome.ChromeDriver
Capabilities {acceptInsecureCerts: false, acceptSslCerts: false, applicationCacheEnabled: false, browserConnectionEnabled: false, browserName: chrome, chrome: {chromedriverVersion: 2.43.600229 (3fae4d0cda5334..., userDataDir: /var/folders/3n/b5sknkcj0f3...}, cssSelectorsEnabled: true, databaseEnabled: false, goog:chromeOptions: {debuggerAddress: localhost:62342}, handlesAlerts: true, hasTouchScreen: false, javascriptEnabled: true, locationContextEnabled: true, mobileEmulationEnabled: false, nativeEvents: true, networkConnectionEnabled: false, pageLoadStrategy: normal, platform: MAC, platformName: MAC, rotatable: false, setWindowRect: true, takesHeapSnapshot: true, takesScreenshot: true, unexpectedAlertBehaviour: , unhandledPromptBehavior: , version: 83.0.4103.97, webStorageEnabled: true}
Session ID: 41e2a99b5a5196a4e2f7791444b87528
	at org.openqa.selenium.support.ui.WebDriverWait.timeoutException(WebDriverWait.java:82)
	at org.openqa.selenium.support.ui.FluentWait.until(FluentWait.java:272)
	at Tests.FooterMenuTests.testPebbleGoEmail(FooterMenuTests.java:136)
	at TrueUserTests.TrueUser.Retry$1.evaluate(Retry.java:24)
	at TrueUserTests.TrueUser.RegressionSuiteRunner.main(RegressionSuiteRunner.java:158)
</failure>
    <failure message="Expected condition failed: waiting for visibility of all elements located by By.linkText: About Us (tried for 15 second(s) with 500 milliseconds interval)
Build info: version: &apos;3.10.0&apos;, revision: &apos;176b4a9&apos;, time: &apos;2018-03-02T19:11:12.151Z&apos;
System info: host: &apos;WillHall-MBPrd.roc.mn.charter.com&apos;, ip: &apos;2600:6c46:7800:954:59ac:d5fb:e9a6:82fb%en0&apos;, os.name: &apos;Mac OS X&apos;, os.arch: &apos;x86_64&apos;, os.version: &apos;10.14.6&apos;, java.version: &apos;1.8.0_181&apos;
Driver info: org.openqa.selenium.chrome.ChromeDriver
Capabilities {acceptInsecureCerts: false, acceptSslCerts: false, applicationCacheEnabled: false, browserConnectionEnabled: false, browserName: chrome, chrome: {chromedriverVersion: 2.43.600229 (3fae4d0cda5334..., userDataDir: /var/folders/3n/b5sknkcj0f3...}, cssSelectorsEnabled: true, databaseEnabled: false, goog:chromeOptions: {debuggerAddress: localhost:62357}, handlesAlerts: true, hasTouchScreen: false, javascriptEnabled: true, locationContextEnabled: true, mobileEmulationEnabled: false, nativeEvents: true, networkConnectionEnabled: false, pageLoadStrategy: normal, platform: MAC, platformName: MAC, rotatable: false, setWindowRect: true, takesHeapSnapshot: true, takesScreenshot: true, unexpectedAlertBehaviour: , unhandledPromptBehavior: , version: 83.0.4103.97, webStorageEnabled: true}
Session ID: b88e96068d61787f3bd8946240317d9d" type="testPebbleGoEmail(Tests.FooterMenuTests)">org.openqa.selenium.TimeoutException: Expected condition failed: waiting for visibility of all elements located by By.linkText: About Us (tried for 15 second(s) with 500 milliseconds interval)
Build info: version: &apos;3.10.0&apos;, revision: &apos;176b4a9&apos;, time: &apos;2018-03-02T19:11:12.151Z&apos;
System info: host: &apos;WillHall-MBPrd.roc.mn.charter.com&apos;, ip: &apos;2600:6c46:7800:954:59ac:d5fb:e9a6:82fb%en0&apos;, os.name: &apos;Mac OS X&apos;, os.arch: &apos;x86_64&apos;, os.version: &apos;10.14.6&apos;, java.version: &apos;1.8.0_181&apos;
Driver info: org.openqa.selenium.chrome.ChromeDriver
Capabilities {acceptInsecureCerts: false, acceptSslCerts: false, applicationCacheEnabled: false, browserConnectionEnabled: false, browserName: chrome, chrome: {chromedriverVersion: 2.43.600229 (3fae4d0cda5334..., userDataDir: /var/folders/3n/b5sknkcj0f3...}, cssSelectorsEnabled: true, databaseEnabled: false, goog:chromeOptions: {debuggerAddress: localhost:62357}, handlesAlerts: true, hasTouchScreen: false, javascriptEnabled: true, locationContextEnabled: true, mobileEmulationEnabled: false, nativeEvents: true, networkConnectionEnabled: false, pageLoadStrategy: normal, platform: MAC, platformName: MAC, rotatable: false, setWindowRect: true, takesHeapSnapshot: true, takesScreenshot: true, unexpectedAlertBehaviour: , unhandledPromptBehavior: , version: 83.0.4103.97, webStorageEnabled: true}
Session ID: b88e96068d61787f3bd8946240317d9d
	at org.openqa.selenium.support.ui.WebDriverWait.timeoutException(WebDriverWait.java:82)
	at org.openqa.selenium.support.ui.FluentWait.until(FluentWait.java:272)
	at Tests.FooterMenuTests$1.failed(FooterMenuTests.java:60)
	at TrueUserTests.TrueUser.Retry$1.evaluate(Retry.java:24)
	at TrueUserTests.TrueUser.RegressionSuiteRunner.main(RegressionSuiteRunner.java:158)
</failure>
  </testcase>
  <testcase classname="Tests.PGOGameTests" name="testMultiMatchSocialStudies" time="66.785">
    <failure message="Expected condition failed: waiting for element to be clickable: By.xpath: //*[@id=&apos;predator-label&apos;]/span/span[1] (tried for 15 second(s) with 500 milliseconds interval)" type="testMultiMatchSocialStudies(Tests.PGOGameTests)">org.openqa.selenium.TimeoutException: Expected condition failed: waiting for element to be clickable: By.xpath: //*[@id=&apos;predator-label&apos;]/span/span[1] (tried for 15 second(s) with 500 milliseconds interval)
	at org.openqa.selenium.support.ui.WebDriverWait.timeoutException(WebDriverWait.java:82)
	at org.openqa.selenium.support.ui.FluentWait.until(FluentWait.java:272)
	at Tests.PGOGameTests.testMultiMatchSocialStudies(PGOGameTests.java:941)
	at TrueUserTests.TrueUser.Retry$1.evaluate(Retry.java:24)
	at TrueUserTests.TrueUser.RegressionSuiteRunner.main(RegressionSuiteRunner.java:158)
Caused by: org.openqa.selenium.NoSuchElementException: Cannot locate an element using By.xpath: //*[@id=&apos;predator-label&apos;]/span/span[1]
For documentation on this error, please visit: http://seleniumhq.org/exceptions/no_such_element.html
Build info: version: &apos;3.10.0&apos;, revision: &apos;176b4a9&apos;, time: &apos;2018-03-02T19:11:12.151Z&apos;
System info: host: &apos;WillHall-MBPrd.roc.mn.charter.com&apos;, ip: &apos;2600:6c46:7800:954:59ac:d5fb:e9a6:82fb%en0&apos;, os.name: &apos;Mac OS X&apos;, os.arch: &apos;x86_64&apos;, os.version: &apos;10.14.6&apos;, java.version: &apos;1.8.0_181&apos;
Driver info: driver.version: unknown
	at org.openqa.selenium.support.ui.ExpectedConditions.lambda$findElement$0(ExpectedConditions.java:896)
	at java.util.Optional.orElseThrow(Optional.java:290)
	at org.openqa.selenium.support.ui.ExpectedConditions.findElement(ExpectedConditions.java:895)
	at org.openqa.selenium.support.ui.ExpectedConditions.access$000(ExpectedConditions.java:44)
	at org.openqa.selenium.support.ui.ExpectedConditions$7.apply(ExpectedConditions.java:206)
	at org.openqa.selenium.support.ui.ExpectedConditions$7.apply(ExpectedConditions.java:202)
	at org.openqa.selenium.support.ui.ExpectedConditions$22.apply(ExpectedConditions.java:657)
	at org.openqa.selenium.support.ui.ExpectedConditions$22.apply(ExpectedConditions.java:654)
	at org.openqa.selenium.support.ui.FluentWait.until(FluentWait.java:249)
</failure>
  </testcase>
  <testcase classname="Tests.PGOGameTests" name="testZoomDinosaurs" time="68.101">
    <failure message="Expected condition failed: waiting for visibility of element located by By.xpath: //*[@id=&quot;newZoomButton&quot;]/div (tried for 15 second(s) with 500 milliseconds interval)" type="testZoomDinosaurs(Tests.PGOGameTests)">org.openqa.selenium.TimeoutException: Expected condition failed: waiting for visibility of element located by By.xpath: //*[@id=&quot;newZoomButton&quot;]/div (tried for 15 second(s) with 500 milliseconds interval)
	at org.openqa.selenium.support.ui.WebDriverWait.timeoutException(WebDriverWait.java:82)
	at org.openqa.selenium.support.ui.FluentWait.until(FluentWait.java:272)
	at Tests.PGOGameTests.testZoomDinosaurs(PGOGameTests.java:187)
	at TrueUserTests.TrueUser.Retry$1.evaluate(Retry.java:24)
	at TrueUserTests.TrueUser.RegressionSuiteRunner.main(RegressionSuiteRunner.java:158)
Caused by: org.openqa.selenium.NoSuchElementException: Cannot locate an element using By.xpath: //*[@id=&quot;newZoomButton&quot;]/div
For documentation on this error, please visit: http://seleniumhq.org/exceptions/no_such_element.html
Build info: version: &apos;3.10.0&apos;, revision: &apos;176b4a9&apos;, time: &apos;2018-03-02T19:11:12.151Z&apos;
System info: host: &apos;WillHall-MBPrd.roc.mn.charter.com&apos;, ip: &apos;2600:6c46:7800:954:59ac:d5fb:e9a6:82fb%en0&apos;, os.name: &apos;Mac OS X&apos;, os.arch: &apos;x86_64&apos;, os.version: &apos;10.14.6&apos;, java.version: &apos;1.8.0_181&apos;
Driver info: driver.version: unknown
	at org.openqa.selenium.support.ui.ExpectedConditions.lambda$findElement$0(ExpectedConditions.java:896)
	at java.util.Optional.orElseThrow(Optional.java:290)
	at org.openqa.selenium.support.ui.ExpectedConditions.findElement(ExpectedConditions.java:895)
	at org.openqa.selenium.support.ui.ExpectedConditions.access$000(ExpectedConditions.java:44)
	at org.openqa.selenium.support.ui.ExpectedConditions$7.apply(ExpectedConditions.java:206)
	at org.openqa.selenium.support.ui.ExpectedConditions$7.apply(ExpectedConditions.java:202)
	at org.openqa.selenium.support.ui.FluentWait.until(FluentWait.java:249)
</failure>
  </testcase>
  <testcase classname="Tests.PGOGameTests" name="testMultiMatchCiencia" time="68.507">
    <failure message="Expected condition failed: waiting for element to be clickable: By.xpath: //*[@id=&apos;predator-label&apos;]/span/span[1] (tried for 15 second(s) with 500 milliseconds interval)" type="testMultiMatchCiencia(Tests.PGOGameTests)">org.openqa.selenium.TimeoutException: Expected condition failed: waiting for element to be clickable: By.xpath: //*[@id=&apos;predator-label&apos;]/span/span[1] (tried for 15 second(s) with 500 milliseconds interval)
	at org.openqa.selenium.support.ui.WebDriverWait.timeoutException(WebDriverWait.java:82)
	at org.openqa.selenium.support.ui.FluentWait.until(FluentWait.java:272)
	at Tests.PGOGameTests.testMultiMatchCiencia(PGOGameTests.java:1058)
	at TrueUserTests.TrueUser.Retry$1.evaluate(Retry.java:24)
	at TrueUserTests.TrueUser.RegressionSuiteRunner.main(RegressionSuiteRunner.java:158)
Caused by: org.openqa.selenium.NoSuchElementException: Cannot locate an element using By.xpath: //*[@id=&apos;predator-label&apos;]/span/span[1]
For documentation on this error, please visit: http://seleniumhq.org/exceptions/no_such_element.html
Build info: version: &apos;3.10.0&apos;, revision: &apos;176b4a9&apos;, time: &apos;2018-03-02T19:11:12.151Z&apos;
System info: host: &apos;WillHall-MBPrd.roc.mn.charter.com&apos;, ip: &apos;2600:6c46:7800:954:59ac:d5fb:e9a6:82fb%en0&apos;, os.name: &apos;Mac OS X&apos;, os.arch: &apos;x86_64&apos;, os.version: &apos;10.14.6&apos;, java.version: &apos;1.8.0_181&apos;
Driver info: driver.version: unknown
	at org.openqa.selenium.support.ui.ExpectedConditions.lambda$findElement$0(ExpectedConditions.java:896)
	at java.util.Optional.orElseThrow(Optional.java:290)
	at org.openqa.selenium.support.ui.ExpectedConditions.findElement(ExpectedConditions.java:895)
	at org.openqa.selenium.support.ui.ExpectedConditions.access$000(ExpectedConditions.java:44)
	at org.openqa.selenium.support.ui.ExpectedConditions$7.apply(ExpectedConditions.java:206)
	at org.openqa.selenium.support.ui.ExpectedConditions$7.apply(ExpectedConditions.java:202)
	at org.openqa.selenium.support.ui.ExpectedConditions$22.apply(ExpectedConditions.java:657)
	at org.openqa.selenium.support.ui.ExpectedConditions$22.apply(ExpectedConditions.java:654)
	at org.openqa.selenium.support.ui.FluentWait.until(FluentWait.java:249)
</failure>
  </testcase>
  <testcase classname="Tests.PGOGameTests" name="testWordScrambleEstudioSociales" time="68.537">
    <failure message="Expected condition failed: waiting for element to be clickable: By.id: start-button-link (tried for 15 second(s) with 500 milliseconds interval)" type="testWordScrambleEstudioSociales(Tests.PGOGameTests)">org.openqa.selenium.TimeoutException: Expected condition failed: waiting for element to be clickable: By.id: start-button-link (tried for 15 second(s) with 500 milliseconds interval)
	at org.openqa.selenium.support.ui.WebDriverWait.timeoutException(WebDriverWait.java:82)
	at org.openqa.selenium.support.ui.FluentWait.until(FluentWait.java:272)
	at Tests.PGOGameTests.testWordScrambleEstudioSociales(PGOGameTests.java:1688)
	at TrueUserTests.TrueUser.Retry$1.evaluate(Retry.java:24)
	at TrueUserTests.TrueUser.RegressionSuiteRunner.main(RegressionSuiteRunner.java:158)
Caused by: org.openqa.selenium.NoSuchElementException: Cannot locate an element using By.id: start-button-link
For documentation on this error, please visit: http://seleniumhq.org/exceptions/no_such_element.html
Build info: version: &apos;3.10.0&apos;, revision: &apos;176b4a9&apos;, time: &apos;2018-03-02T19:11:12.151Z&apos;
System info: host: &apos;WillHall-MBPrd.roc.mn.charter.com&apos;, ip: &apos;2600:6c46:7800:954:59ac:d5fb:e9a6:82fb%en0&apos;, os.name: &apos;Mac OS X&apos;, os.arch: &apos;x86_64&apos;, os.version: &apos;10.14.6&apos;, java.version: &apos;1.8.0_181&apos;
Driver info: driver.version: unknown
	at org.openqa.selenium.support.ui.ExpectedConditions.lambda$findElement$0(ExpectedConditions.java:896)
	at java.util.Optional.orElseThrow(Optional.java:290)
	at org.openqa.selenium.support.ui.ExpectedConditions.findElement(ExpectedConditions.java:895)
	at org.openqa.selenium.support.ui.ExpectedConditions.access$000(ExpectedConditions.java:44)
	at org.openqa.selenium.support.ui.ExpectedConditions$7.apply(ExpectedConditions.java:206)
	at org.openqa.selenium.support.ui.ExpectedConditions$7.apply(ExpectedConditions.java:202)
	at org.openqa.selenium.support.ui.ExpectedConditions$22.apply(ExpectedConditions.java:657)
	at org.openqa.selenium.support.ui.ExpectedConditions$22.apply(ExpectedConditions.java:654)
	at org.openqa.selenium.support.ui.FluentWait.until(FluentWait.java:249)
</failure>
  </testcase>
  <testcase classname="Tests.PGOGameTests" name="testZoomAnimal" time="69.172">
    <failure message="Expected condition failed: waiting for visibility of element located by By.xpath: //*[@id=&quot;newZoomButton&quot;]/div (tried for 15 second(s) with 500 milliseconds interval)" type="testZoomAnimal(Tests.PGOGameTests)">org.openqa.selenium.TimeoutException: Expected condition failed: waiting for visibility of element located by By.xpath: //*[@id=&quot;newZoomButton&quot;]/div (tried for 15 second(s) with 500 milliseconds interval)
	at org.openqa.selenium.support.ui.WebDriverWait.timeoutException(WebDriverWait.java:82)
	at org.openqa.selenium.support.ui.FluentWait.until(FluentWait.java:272)
	at Tests.PGOGameTests.testZoomAnimal(PGOGameTests.java:91)
	at TrueUserTests.TrueUser.Retry$1.evaluate(Retry.java:24)
	at TrueUserTests.TrueUser.RegressionSuiteRunner.main(RegressionSuiteRunner.java:158)
Caused by: org.openqa.selenium.NoSuchElementException: Cannot locate an element using By.xpath: //*[@id=&quot;newZoomButton&quot;]/div
For documentation on this error, please visit: http://seleniumhq.org/exceptions/no_such_element.html
Build info: version: &apos;3.10.0&apos;, revision: &apos;176b4a9&apos;, time: &apos;2018-03-02T19:11:12.151Z&apos;
System info: host: &apos;WillHall-MBPrd.roc.mn.charter.com&apos;, ip: &apos;2600:6c46:7800:954:59ac:d5fb:e9a6:82fb%en0&apos;, os.name: &apos;Mac OS X&apos;, os.arch: &apos;x86_64&apos;, os.version: &apos;10.14.6&apos;, java.version: &apos;1.8.0_181&apos;
Driver info: driver.version: unknown
	at org.openqa.selenium.support.ui.ExpectedConditions.lambda$findElement$0(ExpectedConditions.java:896)
	at java.util.Optional.orElseThrow(Optional.java:290)
	at org.openqa.selenium.support.ui.ExpectedConditions.findElement(ExpectedConditions.java:895)
	at org.openqa.selenium.support.ui.ExpectedConditions.access$000(ExpectedConditions.java:44)
	at org.openqa.selenium.support.ui.ExpectedConditions$7.apply(ExpectedConditions.java:206)
	at org.openqa.selenium.support.ui.ExpectedConditions$7.apply(ExpectedConditions.java:202)
	at org.openqa.selenium.support.ui.FluentWait.until(FluentWait.java:249)
</failure>
  </testcase>
  <testcase classname="Tests.PGOGameTests" name="testQuickMatchAnimales" time="2163.0">
    <failure message="Expected condition failed: waiting for visibility of element located by By.xpath: //*[@id=&quot;start-button-link&quot;]/div (tried for 15 second(s) with 500 milliseconds interval)" type="testQuickMatchAnimales(Tests.PGOGameTests)">org.openqa.selenium.TimeoutException: Expected condition failed: waiting for visibility of element located by By.xpath: //*[@id=&quot;start-button-link&quot;]/div (tried for 15 second(s) with 500 milliseconds interval)
	at org.openqa.selenium.support.ui.WebDriverWait.timeoutException(WebDriverWait.java:82)
	at org.openqa.selenium.support.ui.FluentWait.until(FluentWait.java:272)
	at Tests.PGOGameTests.testQuickMatchAnimales(PGOGameTests.java:686)
	at TrueUserTests.TrueUser.Retry$1.evaluate(Retry.java:24)
	at TrueUserTests.TrueUser.RegressionSuiteRunner.main(RegressionSuiteRunner.java:158)
Caused by: org.openqa.selenium.NoSuchElementException: Cannot locate an element using By.xpath: //*[@id=&quot;start-button-link&quot;]/div
For documentation on this error, please visit: http://seleniumhq.org/exceptions/no_such_element.html
Build info: version: &apos;3.10.0&apos;, revision: &apos;176b4a9&apos;, time: &apos;2018-03-02T19:11:12.151Z&apos;
System info: host: &apos;WillHall-MBPrd.roc.mn.charter.com&apos;, ip: &apos;2600:6c46:7800:954:59ac:d5fb:e9a6:82fb%en0&apos;, os.name: &apos;Mac OS X&apos;, os.arch: &apos;x86_64&apos;, os.version: &apos;10.14.6&apos;, java.version: &apos;1.8.0_181&apos;
Driver info: driver.version: unknown
	at org.openqa.selenium.support.ui.ExpectedConditions.lambda$findElement$0(ExpectedConditions.java:896)
	at java.util.Optional.orElseThrow(Optional.java:290)
	at org.openqa.selenium.support.ui.ExpectedConditions.findElement(ExpectedConditions.java:895)
	at org.openqa.selenium.support.ui.ExpectedConditions.access$000(ExpectedConditions.java:44)
	at org.openqa.selenium.support.ui.ExpectedConditions$7.apply(ExpectedConditions.java:206)
	at org.openqa.selenium.support.ui.ExpectedConditions$7.apply(ExpectedConditions.java:202)
	at org.openqa.selenium.support.ui.FluentWait.until(FluentWait.java:249)
</failure>
  </testcase>
  <testcase classname="Tests.PGOGameTests" name="testQuickMatchCiencia" time="9435.612">
    <failure message="Expected condition failed: waiting for visibility of element located by By.xpath: //*[@id=&quot;start-button-link&quot;]/div (tried for 15 second(s) with 500 milliseconds interval)" type="testQuickMatchCiencia(Tests.PGOGameTests)">org.openqa.selenium.TimeoutException: Expected condition failed: waiting for visibility of element located by By.xpath: //*[@id=&quot;start-button-link&quot;]/div (tried for 15 second(s) with 500 milliseconds interval)
	at org.openqa.selenium.support.ui.WebDriverWait.timeoutException(WebDriverWait.java:82)
	at org.openqa.selenium.support.ui.FluentWait.until(FluentWait.java:272)
	at Tests.PGOGameTests.testQuickMatchCiencia(PGOGameTests.java:720)
	at TrueUserTests.TrueUser.Retry$1.evaluate(Retry.java:24)
	at TrueUserTests.TrueUser.RegressionSuiteRunner.main(RegressionSuiteRunner.java:158)
Caused by: org.openqa.selenium.NoSuchElementException: Cannot locate an element using By.xpath: //*[@id=&quot;start-button-link&quot;]/div
For documentation on this error, please visit: http://seleniumhq.org/exceptions/no_such_element.html
Build info: version: &apos;3.10.0&apos;, revision: &apos;176b4a9&apos;, time: &apos;2018-03-02T19:11:12.151Z&apos;
System info: host: &apos;WillHall-MBPrd.roc.mn.charter.com&apos;, ip: &apos;2600:6c46:7800:954:59ac:d5fb:e9a6:82fb%en0&apos;, os.name: &apos;Mac OS X&apos;, os.arch: &apos;x86_64&apos;, os.version: &apos;10.14.6&apos;, java.version: &apos;1.8.0_181&apos;
Driver info: driver.version: unknown
	at org.openqa.selenium.support.ui.ExpectedConditions.lambda$findElement$0(ExpectedConditions.java:896)
	at java.util.Optional.orElseThrow(Optional.java:290)
	at org.openqa.selenium.support.ui.ExpectedConditions.findElement(ExpectedConditions.java:895)
	at org.openqa.selenium.support.ui.ExpectedConditions.access$000(ExpectedConditions.java:44)
	at org.openqa.selenium.support.ui.ExpectedConditions$7.apply(ExpectedConditions.java:206)
	at org.openqa.selenium.support.ui.ExpectedConditions$7.apply(ExpectedConditions.java:202)
	at org.openqa.selenium.support.ui.FluentWait.until(FluentWait.java:249)
</failure>
  </testcase>
  <testcase classname="Tests.PGOGameTests" name="testJigsawSocialStudies" time="7281.024">
    <failure message="Expected condition failed: waiting for visibility of element located by By.xpath: //*[@id=&quot;next-puzzle&quot;]/div (tried for 15 second(s) with 500 milliseconds interval)" type="testJigsawSocialStudies(Tests.PGOGameTests)">org.openqa.selenium.TimeoutException: Expected condition failed: waiting for visibility of element located by By.xpath: //*[@id=&quot;next-puzzle&quot;]/div (tried for 15 second(s) with 500 milliseconds interval)
	at org.openqa.selenium.support.ui.WebDriverWait.timeoutException(WebDriverWait.java:82)
	at org.openqa.selenium.support.ui.FluentWait.until(FluentWait.java:272)
	at Tests.PGOGameTests.testJigsawSocialStudies(PGOGameTests.java:371)
	at TrueUserTests.TrueUser.Retry$1.evaluate(Retry.java:24)
	at TrueUserTests.TrueUser.RegressionSuiteRunner.main(RegressionSuiteRunner.java:158)
Caused by: org.openqa.selenium.NoSuchElementException: Cannot locate an element using By.xpath: //*[@id=&quot;next-puzzle&quot;]/div
For documentation on this error, please visit: http://seleniumhq.org/exceptions/no_such_element.html
Build info: version: &apos;3.10.0&apos;, revision: &apos;176b4a9&apos;, time: &apos;2018-03-02T19:11:12.151Z&apos;
System info: host: &apos;WillHall-MBPrd.roc.mn.charter.com&apos;, ip: &apos;2600:6c46:7800:954:59ac:d5fb:e9a6:82fb%en0&apos;, os.name: &apos;Mac OS X&apos;, os.arch: &apos;x86_64&apos;, os.version: &apos;10.14.6&apos;, java.version: &apos;1.8.0_181&apos;
Driver info: driver.version: unknown
	at org.openqa.selenium.support.ui.ExpectedConditions.lambda$findElement$0(ExpectedConditions.java:896)
	at java.util.Optional.orElseThrow(Optional.java:290)
	at org.openqa.selenium.support.ui.ExpectedConditions.findElement(ExpectedConditions.java:895)
	at org.openqa.selenium.support.ui.ExpectedConditions.access$000(ExpectedConditions.java:44)
	at org.openqa.selenium.support.ui.ExpectedConditions$7.apply(ExpectedConditions.java:206)
	at org.openqa.selenium.support.ui.ExpectedConditions$7.apply(ExpectedConditions.java:202)
	at org.openqa.selenium.support.ui.FluentWait.until(FluentWait.java:249)
</failure>
  </testcase>
  <testcase classname="Tests.PGOGameTests" name="testJigsawAnimals" time="2286.574">
    <failure message="Expected condition failed: waiting for visibility of element located by By.xpath: //*[@id=&quot;next-puzzle&quot;]/div (tried for 15 second(s) with 500 milliseconds interval)" type="testJigsawAnimals(Tests.PGOGameTests)">org.openqa.selenium.TimeoutException: Expected condition failed: waiting for visibility of element located by By.xpath: //*[@id=&quot;next-puzzle&quot;]/div (tried for 15 second(s) with 500 milliseconds interval)
	at org.openqa.selenium.support.ui.WebDriverWait.timeoutException(WebDriverWait.java:82)
	at org.openqa.selenium.support.ui.FluentWait.until(FluentWait.java:272)
	at Tests.PGOGameTests.testJigsawAnimals(PGOGameTests.java:302)
	at TrueUserTests.TrueUser.Retry$1.evaluate(Retry.java:24)
	at TrueUserTests.TrueUser.RegressionSuiteRunner.main(RegressionSuiteRunner.java:158)
Caused by: org.openqa.selenium.NoSuchElementException: Cannot locate an element using By.xpath: //*[@id=&quot;next-puzzle&quot;]/div
For documentation on this error, please visit: http://seleniumhq.org/exceptions/no_such_element.html
Build info: version: &apos;3.10.0&apos;, revision: &apos;176b4a9&apos;, time: &apos;2018-03-02T19:11:12.151Z&apos;
System info: host: &apos;WillHall-MBPrd.roc.mn.charter.com&apos;, ip: &apos;2600:6c46:7800:954:59ac:d5fb:e9a6:82fb%en0&apos;, os.name: &apos;Mac OS X&apos;, os.arch: &apos;x86_64&apos;, os.version: &apos;10.14.6&apos;, java.version: &apos;1.8.0_181&apos;
Driver info: driver.version: unknown
	at org.openqa.selenium.support.ui.ExpectedConditions.lambda$findElement$0(ExpectedConditions.java:896)
	at java.util.Optional.orElseThrow(Optional.java:290)
	at org.openqa.selenium.support.ui.ExpectedConditions.findElement(ExpectedConditions.java:895)
	at org.openqa.selenium.support.ui.ExpectedConditions.access$000(ExpectedConditions.java:44)
	at org.openqa.selenium.support.ui.ExpectedConditions$7.apply(ExpectedConditions.java:206)
	at org.openqa.selenium.support.ui.ExpectedConditions$7.apply(ExpectedConditions.java:202)
	at org.openqa.selenium.support.ui.FluentWait.until(FluentWait.java:249)
</failure>
  </testcase>
  <testcase classname="Tests.PGOGameTests" name="testMultiMatchBiographies" time="7284.436">
    <failure message="Expected condition failed: waiting for element to be clickable: By.xpath: //*[@id=&apos;predator-label&apos;]/span/span[1] (tried for 15 second(s) with 500 milliseconds interval)" type="testMultiMatchBiographies(Tests.PGOGameTests)">org.openqa.selenium.TimeoutException: Expected condition failed: waiting for element to be clickable: By.xpath: //*[@id=&apos;predator-label&apos;]/span/span[1] (tried for 15 second(s) with 500 milliseconds interval)
	at org.openqa.selenium.support.ui.WebDriverWait.timeoutException(WebDriverWait.java:82)
	at org.openqa.selenium.support.ui.FluentWait.until(FluentWait.java:272)
	at Tests.PGOGameTests.testMultiMatchBiographies(PGOGameTests.java:902)
	at TrueUserTests.TrueUser.Retry$1.evaluate(Retry.java:24)
	at TrueUserTests.TrueUser.RegressionSuiteRunner.main(RegressionSuiteRunner.java:158)
Caused by: org.openqa.selenium.NoSuchElementException: Cannot locate an element using By.xpath: //*[@id=&apos;predator-label&apos;]/span/span[1]
For documentation on this error, please visit: http://seleniumhq.org/exceptions/no_such_element.html
Build info: version: &apos;3.10.0&apos;, revision: &apos;176b4a9&apos;, time: &apos;2018-03-02T19:11:12.151Z&apos;
System info: host: &apos;WillHall-MBPrd.roc.mn.charter.com&apos;, ip: &apos;2600:6c46:7800:954:59ac:d5fb:e9a6:82fb%en0&apos;, os.name: &apos;Mac OS X&apos;, os.arch: &apos;x86_64&apos;, os.version: &apos;10.14.6&apos;, java.version: &apos;1.8.0_181&apos;
Driver info: driver.version: unknown
	at org.openqa.selenium.support.ui.ExpectedConditions.lambda$findElement$0(ExpectedConditions.java:896)
	at java.util.Optional.orElseThrow(Optional.java:290)
	at org.openqa.selenium.support.ui.ExpectedConditions.findElement(ExpectedConditions.java:895)
	at org.openqa.selenium.support.ui.ExpectedConditions.access$000(ExpectedConditions.java:44)
	at org.openqa.selenium.support.ui.ExpectedConditions$7.apply(ExpectedConditions.java:206)
	at org.openqa.selenium.support.ui.ExpectedConditions$7.apply(ExpectedConditions.java:202)
	at org.openqa.selenium.support.ui.ExpectedConditions$22.apply(ExpectedConditions.java:657)
	at org.openqa.selenium.support.ui.ExpectedConditions$22.apply(ExpectedConditions.java:654)
	at org.openqa.selenium.support.ui.FluentWait.until(FluentWait.java:249)
</failure>
  </testcase>
  <testcase classname="Tests.PGOGameTests" name="testWhackDinosaurs" time="2426.841">
    <failure message="Expected condition failed: waiting for element to be clickable: By.xpath: //*[@id=&quot;start-screen&quot;]/div/div (tried for 15 second(s) with 500 milliseconds interval)" type="testWhackDinosaurs(Tests.PGOGameTests)">org.openqa.selenium.TimeoutException: Expected condition failed: waiting for element to be clickable: By.xpath: //*[@id=&quot;start-screen&quot;]/div/div (tried for 15 second(s) with 500 milliseconds interval)
	at org.openqa.selenium.support.ui.WebDriverWait.timeoutException(WebDriverWait.java:82)
	at org.openqa.selenium.support.ui.FluentWait.until(FluentWait.java:272)
	at Tests.PGOGameTests.testWhackDinosaurs(PGOGameTests.java:1308)
	at TrueUserTests.TrueUser.Retry$1.evaluate(Retry.java:24)
	at TrueUserTests.TrueUser.RegressionSuiteRunner.main(RegressionSuiteRunner.java:158)
Caused by: org.openqa.selenium.NoSuchElementException: Cannot locate an element using By.xpath: //*[@id=&quot;start-screen&quot;]/div/div
For documentation on this error, please visit: http://seleniumhq.org/exceptions/no_such_element.html
Build info: version: &apos;3.10.0&apos;, revision: &apos;176b4a9&apos;, time: &apos;2018-03-02T19:11:12.151Z&apos;
System info: host: &apos;WillHall-MBPrd.roc.mn.charter.com&apos;, ip: &apos;2600:6c46:7800:954:59ac:d5fb:e9a6:82fb%en0&apos;, os.name: &apos;Mac OS X&apos;, os.arch: &apos;x86_64&apos;, os.version: &apos;10.14.6&apos;, java.version: &apos;1.8.0_181&apos;
Driver info: driver.version: unknown
	at org.openqa.selenium.support.ui.ExpectedConditions.lambda$findElement$0(ExpectedConditions.java:896)
	at java.util.Optional.orElseThrow(Optional.java:290)
	at org.openqa.selenium.support.ui.ExpectedConditions.findElement(ExpectedConditions.java:895)
	at org.openqa.selenium.support.ui.ExpectedConditions.access$000(ExpectedConditions.java:44)
	at org.openqa.selenium.support.ui.ExpectedConditions$7.apply(ExpectedConditions.java:206)
	at org.openqa.selenium.support.ui.ExpectedConditions$7.apply(ExpectedConditions.java:202)
	at org.openqa.selenium.support.ui.ExpectedConditions$22.apply(ExpectedConditions.java:657)
	at org.openqa.selenium.support.ui.ExpectedConditions$22.apply(ExpectedConditions.java:654)
	at org.openqa.selenium.support.ui.FluentWait.until(FluentWait.java:249)
</failure>
  </testcase>
  <testcase classname="Tests.PGOGameTests" name="testJigsawDinosaurs" time="1089.862">
    <failure message="Expected condition failed: waiting for visibility of element located by By.xpath: //*[@id=&quot;next-puzzle&quot;]/div (tried for 15 second(s) with 500 milliseconds interval)" type="testJigsawDinosaurs(Tests.PGOGameTests)">org.openqa.selenium.TimeoutException: Expected condition failed: waiting for visibility of element located by By.xpath: //*[@id=&quot;next-puzzle&quot;]/div (tried for 15 second(s) with 500 milliseconds interval)
	at org.openqa.selenium.support.ui.WebDriverWait.timeoutException(WebDriverWait.java:82)
	at org.openqa.selenium.support.ui.FluentWait.until(FluentWait.java:272)
	at Tests.PGOGameTests.testJigsawDinosaurs(PGOGameTests.java:395)
	at TrueUserTests.TrueUser.Retry$1.evaluate(Retry.java:24)
	at TrueUserTests.TrueUser.RegressionSuiteRunner.main(RegressionSuiteRunner.java:158)
Caused by: org.openqa.selenium.NoSuchElementException: Cannot locate an element using By.xpath: //*[@id=&quot;next-puzzle&quot;]/div
For documentation on this error, please visit: http://seleniumhq.org/exceptions/no_such_element.html
Build info: version: &apos;3.10.0&apos;, revision: &apos;176b4a9&apos;, time: &apos;2018-03-02T19:11:12.151Z&apos;
System info: host: &apos;WillHall-MBPrd.roc.mn.charter.com&apos;, ip: &apos;2600:6c46:7800:954:59ac:d5fb:e9a6:82fb%en0&apos;, os.name: &apos;Mac OS X&apos;, os.arch: &apos;x86_64&apos;, os.version: &apos;10.14.6&apos;, java.version: &apos;1.8.0_181&apos;
Driver info: driver.version: unknown
	at org.openqa.selenium.support.ui.ExpectedConditions.lambda$findElement$0(ExpectedConditions.java:896)
	at java.util.Optional.orElseThrow(Optional.java:290)
	at org.openqa.selenium.support.ui.ExpectedConditions.findElement(ExpectedConditions.java:895)
	at org.openqa.selenium.support.ui.ExpectedConditions.access$000(ExpectedConditions.java:44)
	at org.openqa.selenium.support.ui.ExpectedConditions$7.apply(ExpectedConditions.java:206)
	at org.openqa.selenium.support.ui.ExpectedConditions$7.apply(ExpectedConditions.java:202)
	at org.openqa.selenium.support.ui.FluentWait.until(FluentWait.java:249)
</failure>
  </testcase>
  <testcase classname="Tests.PGOGameTests" name="testWordScrambleAnimals" time="69.093">
    <failure message="Expected condition failed: waiting for element to be clickable: By.id: start-button-link (tried for 15 second(s) with 500 milliseconds interval)" type="testWordScrambleAnimals(Tests.PGOGameTests)">org.openqa.selenium.TimeoutException: Expected condition failed: waiting for element to be clickable: By.id: start-button-link (tried for 15 second(s) with 500 milliseconds interval)
	at org.openqa.selenium.support.ui.WebDriverWait.timeoutException(WebDriverWait.java:82)
	at org.openqa.selenium.support.ui.FluentWait.until(FluentWait.java:272)
	at Tests.PGOGameTests.testWordScrambleAnimals(PGOGameTests.java:1473)
	at TrueUserTests.TrueUser.Retry$1.evaluate(Retry.java:24)
	at TrueUserTests.TrueUser.RegressionSuiteRunner.main(RegressionSuiteRunner.java:158)
Caused by: org.openqa.selenium.NoSuchElementException: Cannot locate an element using By.id: start-button-link
For documentation on this error, please visit: http://seleniumhq.org/exceptions/no_such_element.html
Build info: version: &apos;3.10.0&apos;, revision: &apos;176b4a9&apos;, time: &apos;2018-03-02T19:11:12.151Z&apos;
System info: host: &apos;WillHall-MBPrd.roc.mn.charter.com&apos;, ip: &apos;2600:6c46:7800:954:59ac:d5fb:e9a6:82fb%en0&apos;, os.name: &apos;Mac OS X&apos;, os.arch: &apos;x86_64&apos;, os.version: &apos;10.14.6&apos;, java.version: &apos;1.8.0_181&apos;
Driver info: driver.version: unknown
	at org.openqa.selenium.support.ui.ExpectedConditions.lambda$findElement$0(ExpectedConditions.java:896)
	at java.util.Optional.orElseThrow(Optional.java:290)
	at org.openqa.selenium.support.ui.ExpectedConditions.findElement(ExpectedConditions.java:895)
	at org.openqa.selenium.support.ui.ExpectedConditions.access$000(ExpectedConditions.java:44)
	at org.openqa.selenium.support.ui.ExpectedConditions$7.apply(ExpectedConditions.java:206)
	at org.openqa.selenium.support.ui.ExpectedConditions$7.apply(ExpectedConditions.java:202)
	at org.openqa.selenium.support.ui.ExpectedConditions$22.apply(ExpectedConditions.java:657)
	at org.openqa.selenium.support.ui.ExpectedConditions$22.apply(ExpectedConditions.java:654)
	at org.openqa.selenium.support.ui.FluentWait.until(FluentWait.java:249)
</failure>
  </testcase>
  <testcase classname="Tests.PGOGameTests" name="testQuickMatchSocialStudies" time="69.585">
    <failure message="Expected condition failed: waiting for visibility of element located by By.xpath: //*[@id=&quot;start-button-link&quot;]/div (tried for 15 second(s) with 500 milliseconds interval)" type="testQuickMatchSocialStudies(Tests.PGOGameTests)">org.openqa.selenium.TimeoutException: Expected condition failed: waiting for visibility of element located by By.xpath: //*[@id=&quot;start-button-link&quot;]/div (tried for 15 second(s) with 500 milliseconds interval)
	at org.openqa.selenium.support.ui.WebDriverWait.timeoutException(WebDriverWait.java:82)
	at org.openqa.selenium.support.ui.FluentWait.until(FluentWait.java:272)
	at Tests.PGOGameTests.testQuickMatchSocialStudies(PGOGameTests.java:617)
	at TrueUserTests.TrueUser.Retry$1.evaluate(Retry.java:24)
	at TrueUserTests.TrueUser.RegressionSuiteRunner.main(RegressionSuiteRunner.java:158)
Caused by: org.openqa.selenium.NoSuchElementException: Cannot locate an element using By.xpath: //*[@id=&quot;start-button-link&quot;]/div
For documentation on this error, please visit: http://seleniumhq.org/exceptions/no_such_element.html
Build info: version: &apos;3.10.0&apos;, revision: &apos;176b4a9&apos;, time: &apos;2018-03-02T19:11:12.151Z&apos;
System info: host: &apos;WillHall-MBPrd.roc.mn.charter.com&apos;, ip: &apos;2600:6c46:7800:954:59ac:d5fb:e9a6:82fb%en0&apos;, os.name: &apos;Mac OS X&apos;, os.arch: &apos;x86_64&apos;, os.version: &apos;10.14.6&apos;, java.version: &apos;1.8.0_181&apos;
Driver info: driver.version: unknown
	at org.openqa.selenium.support.ui.ExpectedConditions.lambda$findElement$0(ExpectedConditions.java:896)
	at java.util.Optional.orElseThrow(Optional.java:290)
	at org.openqa.selenium.support.ui.ExpectedConditions.findElement(ExpectedConditions.java:895)
	at org.openqa.selenium.support.ui.ExpectedConditions.access$000(ExpectedConditions.java:44)
	at org.openqa.selenium.support.ui.ExpectedConditions$7.apply(ExpectedConditions.java:206)
	at org.openqa.selenium.support.ui.ExpectedConditions$7.apply(ExpectedConditions.java:202)
	at org.openqa.selenium.support.ui.FluentWait.until(FluentWait.java:249)
</failure>
  </testcase>
  <testcase classname="Tests.PGOGameTests" name="testWhackSocialStudies" time="71.468">
    <failure message="Expected condition failed: waiting for element to be clickable: By.xpath: //*[@id=&quot;start-screen&quot;]/div/div (tried for 15 second(s) with 500 milliseconds interval)" type="testWhackSocialStudies(Tests.PGOGameTests)">org.openqa.selenium.TimeoutException: Expected condition failed: waiting for element to be clickable: By.xpath: //*[@id=&quot;start-screen&quot;]/div/div (tried for 15 second(s) with 500 milliseconds interval)
	at org.openqa.selenium.support.ui.WebDriverWait.timeoutException(WebDriverWait.java:82)
	at org.openqa.selenium.support.ui.FluentWait.until(FluentWait.java:272)
	at Tests.PGOGameTests.testWhackSocialStudies(PGOGameTests.java:1275)
	at TrueUserTests.TrueUser.Retry$1.evaluate(Retry.java:24)
	at TrueUserTests.TrueUser.RegressionSuiteRunner.main(RegressionSuiteRunner.java:158)
Caused by: org.openqa.selenium.NoSuchElementException: Cannot locate an element using By.xpath: //*[@id=&quot;start-screen&quot;]/div/div
For documentation on this error, please visit: http://seleniumhq.org/exceptions/no_such_element.html
Build info: version: &apos;3.10.0&apos;, revision: &apos;176b4a9&apos;, time: &apos;2018-03-02T19:11:12.151Z&apos;
System info: host: &apos;WillHall-MBPrd.roc.mn.charter.com&apos;, ip: &apos;2600:6c46:7800:954:59ac:d5fb:e9a6:82fb%en0&apos;, os.name: &apos;Mac OS X&apos;, os.arch: &apos;x86_64&apos;, os.version: &apos;10.14.6&apos;, java.version: &apos;1.8.0_181&apos;
Driver info: driver.version: unknown
	at org.openqa.selenium.support.ui.ExpectedConditions.lambda$findElement$0(ExpectedConditions.java:896)
	at java.util.Optional.orElseThrow(Optional.java:290)
	at org.openqa.selenium.support.ui.ExpectedConditions.findElement(ExpectedConditions.java:895)
	at org.openqa.selenium.support.ui.ExpectedConditions.access$000(ExpectedConditions.java:44)
	at org.openqa.selenium.support.ui.ExpectedConditions$7.apply(ExpectedConditions.java:206)
	at org.openqa.selenium.support.ui.ExpectedConditions$7.apply(ExpectedConditions.java:202)
	at org.openqa.selenium.support.ui.ExpectedConditions$22.apply(ExpectedConditions.java:657)
	at org.openqa.selenium.support.ui.ExpectedConditions$22.apply(ExpectedConditions.java:654)
	at org.openqa.selenium.support.ui.FluentWait.until(FluentWait.java:249)
</failure>
  </testcase>
  <testcase classname="Tests.PGOGameTests" name="testMultiMatchScience" time="69.177">
    <failure message="Expected condition failed: waiting for element to be clickable: By.xpath: //*[@id=&apos;predator-label&apos;]/span/span[1] (tried for 15 second(s) with 500 milliseconds interval)" type="testMultiMatchScience(Tests.PGOGameTests)">org.openqa.selenium.TimeoutException: Expected condition failed: waiting for element to be clickable: By.xpath: //*[@id=&apos;predator-label&apos;]/span/span[1] (tried for 15 second(s) with 500 milliseconds interval)
	at org.openqa.selenium.support.ui.WebDriverWait.timeoutException(WebDriverWait.java:82)
	at org.openqa.selenium.support.ui.FluentWait.until(FluentWait.java:272)
	at Tests.PGOGameTests.testMultiMatchScience(PGOGameTests.java:863)
	at TrueUserTests.TrueUser.Retry$1.evaluate(Retry.java:24)
	at TrueUserTests.TrueUser.RegressionSuiteRunner.main(RegressionSuiteRunner.java:158)
Caused by: org.openqa.selenium.NoSuchElementException: Cannot locate an element using By.xpath: //*[@id=&apos;predator-label&apos;]/span/span[1]
For documentation on this error, please visit: http://seleniumhq.org/exceptions/no_such_element.html
Build info: version: &apos;3.10.0&apos;, revision: &apos;176b4a9&apos;, time: &apos;2018-03-02T19:11:12.151Z&apos;
System info: host: &apos;WillHall-MBPrd.roc.mn.charter.com&apos;, ip: &apos;2600:6c46:7800:954:59ac:d5fb:e9a6:82fb%en0&apos;, os.name: &apos;Mac OS X&apos;, os.arch: &apos;x86_64&apos;, os.version: &apos;10.14.6&apos;, java.version: &apos;1.8.0_181&apos;
Driver info: driver.version: unknown
	at org.openqa.selenium.support.ui.ExpectedConditions.lambda$findElement$0(ExpectedConditions.java:896)
	at java.util.Optional.orElseThrow(Optional.java:290)
	at org.openqa.selenium.support.ui.ExpectedConditions.findElement(ExpectedConditions.java:895)
	at org.openqa.selenium.support.ui.ExpectedConditions.access$000(ExpectedConditions.java:44)
	at org.openqa.selenium.support.ui.ExpectedConditions$7.apply(ExpectedConditions.java:206)
	at org.openqa.selenium.support.ui.ExpectedConditions$7.apply(ExpectedConditions.java:202)
	at org.openqa.selenium.support.ui.ExpectedConditions$22.apply(ExpectedConditions.java:657)
	at org.openqa.selenium.support.ui.ExpectedConditions$22.apply(ExpectedConditions.java:654)
	at org.openqa.selenium.support.ui.FluentWait.until(FluentWait.java:249)
</failure>
  </testcase>
  <testcase classname="Tests.PGOGameTests" name="testMultiMatchEstudiosSociales" time="69.543">
    <failure message="Expected condition failed: waiting for element to be clickable: By.xpath: //*[@id=&apos;predator-label&apos;]/span/span[1] (tried for 15 second(s) with 500 milliseconds interval)" type="testMultiMatchEstudiosSociales(Tests.PGOGameTests)">org.openqa.selenium.TimeoutException: Expected condition failed: waiting for element to be clickable: By.xpath: //*[@id=&apos;predator-label&apos;]/span/span[1] (tried for 15 second(s) with 500 milliseconds interval)
	at org.openqa.selenium.support.ui.WebDriverWait.timeoutException(WebDriverWait.java:82)
	at org.openqa.selenium.support.ui.FluentWait.until(FluentWait.java:272)
	at Tests.PGOGameTests.testMultiMatchEstudiosSociales(PGOGameTests.java:1136)
	at TrueUserTests.TrueUser.Retry$1.evaluate(Retry.java:24)
	at TrueUserTests.TrueUser.RegressionSuiteRunner.main(RegressionSuiteRunner.java:158)
Caused by: org.openqa.selenium.NoSuchElementException: Cannot locate an element using By.xpath: //*[@id=&apos;predator-label&apos;]/span/span[1]
For documentation on this error, please visit: http://seleniumhq.org/exceptions/no_such_element.html
Build info: version: &apos;3.10.0&apos;, revision: &apos;176b4a9&apos;, time: &apos;2018-03-02T19:11:12.151Z&apos;
System info: host: &apos;WillHall-MBPrd.roc.mn.charter.com&apos;, ip: &apos;2600:6c46:7800:954:59ac:d5fb:e9a6:82fb%en0&apos;, os.name: &apos;Mac OS X&apos;, os.arch: &apos;x86_64&apos;, os.version: &apos;10.14.6&apos;, java.version: &apos;1.8.0_181&apos;
Driver info: driver.version: unknown
	at org.openqa.selenium.support.ui.ExpectedConditions.lambda$findElement$0(ExpectedConditions.java:896)
	at java.util.Optional.orElseThrow(Optional.java:290)
	at org.openqa.selenium.support.ui.ExpectedConditions.findElement(ExpectedConditions.java:895)
	at org.openqa.selenium.support.ui.ExpectedConditions.access$000(ExpectedConditions.java:44)
	at org.openqa.selenium.support.ui.ExpectedConditions$7.apply(ExpectedConditions.java:206)
	at org.openqa.selenium.support.ui.ExpectedConditions$7.apply(ExpectedConditions.java:202)
	at org.openqa.selenium.support.ui.ExpectedConditions$22.apply(ExpectedConditions.java:657)
	at org.openqa.selenium.support.ui.ExpectedConditions$22.apply(ExpectedConditions.java:654)
	at org.openqa.selenium.support.ui.FluentWait.until(FluentWait.java:249)
</failure>
  </testcase>
  <testcase classname="Tests.PGOGameTests" name="testZoomCiencia" time="69.251">
    <failure message="Expected condition failed: waiting for visibility of element located by By.xpath: //*[@id=&quot;newZoomButton&quot;]/div (tried for 15 second(s) with 500 milliseconds interval)" type="testZoomCiencia(Tests.PGOGameTests)">org.openqa.selenium.TimeoutException: Expected condition failed: waiting for visibility of element located by By.xpath: //*[@id=&quot;newZoomButton&quot;]/div (tried for 15 second(s) with 500 milliseconds interval)
	at org.openqa.selenium.support.ui.WebDriverWait.timeoutException(WebDriverWait.java:82)
	at org.openqa.selenium.support.ui.FluentWait.until(FluentWait.java:272)
	at Tests.PGOGameTests.testZoomCiencia(PGOGameTests.java:233)
	at TrueUserTests.TrueUser.Retry$1.evaluate(Retry.java:24)
	at TrueUserTests.TrueUser.RegressionSuiteRunner.main(RegressionSuiteRunner.java:158)
Caused by: org.openqa.selenium.NoSuchElementException: Cannot locate an element using By.xpath: //*[@id=&quot;newZoomButton&quot;]/div
For documentation on this error, please visit: http://seleniumhq.org/exceptions/no_such_element.html
Build info: version: &apos;3.10.0&apos;, revision: &apos;176b4a9&apos;, time: &apos;2018-03-02T19:11:12.151Z&apos;
System info: host: &apos;WillHall-MBPrd.roc.mn.charter.com&apos;, ip: &apos;2600:6c46:7800:954:59ac:d5fb:e9a6:82fb%en0&apos;, os.name: &apos;Mac OS X&apos;, os.arch: &apos;x86_64&apos;, os.version: &apos;10.14.6&apos;, java.version: &apos;1.8.0_181&apos;
Driver info: driver.version: unknown
	at org.openqa.selenium.support.ui.ExpectedConditions.lambda$findElement$0(ExpectedConditions.java:896)
	at java.util.Optional.orElseThrow(Optional.java:290)
	at org.openqa.selenium.support.ui.ExpectedConditions.findElement(ExpectedConditions.java:895)
	at org.openqa.selenium.support.ui.ExpectedConditions.access$000(ExpectedConditions.java:44)
	at org.openqa.selenium.support.ui.ExpectedConditions$7.apply(ExpectedConditions.java:206)
	at org.openqa.selenium.support.ui.ExpectedConditions$7.apply(ExpectedConditions.java:202)
	at org.openqa.selenium.support.ui.FluentWait.until(FluentWait.java:249)
</failure>
  </testcase>
  <testcase classname="Tests.PGOGameTests" name="testWhackAnimals" time="69.506">
    <failure message="Expected condition failed: waiting for element to be clickable: By.xpath: //*[@id=&quot;start-screen&quot;]/div/div (tried for 15 second(s) with 500 milliseconds interval)" type="testWhackAnimals(Tests.PGOGameTests)">org.openqa.selenium.TimeoutException: Expected condition failed: waiting for element to be clickable: By.xpath: //*[@id=&quot;start-screen&quot;]/div/div (tried for 15 second(s) with 500 milliseconds interval)
	at org.openqa.selenium.support.ui.WebDriverWait.timeoutException(WebDriverWait.java:82)
	at org.openqa.selenium.support.ui.FluentWait.until(FluentWait.java:272)
	at Tests.PGOGameTests.testWhackAnimals(PGOGameTests.java:1176)
	at TrueUserTests.TrueUser.Retry$1.evaluate(Retry.java:24)
	at TrueUserTests.TrueUser.RegressionSuiteRunner.main(RegressionSuiteRunner.java:158)
Caused by: org.openqa.selenium.NoSuchElementException: Cannot locate an element using By.xpath: //*[@id=&quot;start-screen&quot;]/div/div
For documentation on this error, please visit: http://seleniumhq.org/exceptions/no_such_element.html
Build info: version: &apos;3.10.0&apos;, revision: &apos;176b4a9&apos;, time: &apos;2018-03-02T19:11:12.151Z&apos;
System info: host: &apos;WillHall-MBPrd.roc.mn.charter.com&apos;, ip: &apos;2600:6c46:7800:954:59ac:d5fb:e9a6:82fb%en0&apos;, os.name: &apos;Mac OS X&apos;, os.arch: &apos;x86_64&apos;, os.version: &apos;10.14.6&apos;, java.version: &apos;1.8.0_181&apos;
Driver info: driver.version: unknown
	at org.openqa.selenium.support.ui.ExpectedConditions.lambda$findElement$0(ExpectedConditions.java:896)
	at java.util.Optional.orElseThrow(Optional.java:290)
	at org.openqa.selenium.support.ui.ExpectedConditions.findElement(ExpectedConditions.java:895)
	at org.openqa.selenium.support.ui.ExpectedConditions.access$000(ExpectedConditions.java:44)
	at org.openqa.selenium.support.ui.ExpectedConditions$7.apply(ExpectedConditions.java:206)
	at org.openqa.selenium.support.ui.ExpectedConditions$7.apply(ExpectedConditions.java:202)
	at org.openqa.selenium.support.ui.ExpectedConditions$22.apply(ExpectedConditions.java:657)
	at org.openqa.selenium.support.ui.ExpectedConditions$22.apply(ExpectedConditions.java:654)
	at org.openqa.selenium.support.ui.FluentWait.until(FluentWait.java:249)
</failure>
  </testcase>
  <testcase classname="Tests.PGOGameTests" name="testJigsawEstudiosSociales" time="89.384">
    <failure message="Expected condition failed: waiting for visibility of element located by By.xpath: //*[@id=&quot;next-puzzle&quot;]/div (tried for 15 second(s) with 500 milliseconds interval)" type="testJigsawEstudiosSociales(Tests.PGOGameTests)">org.openqa.selenium.TimeoutException: Expected condition failed: waiting for visibility of element located by By.xpath: //*[@id=&quot;next-puzzle&quot;]/div (tried for 15 second(s) with 500 milliseconds interval)
	at org.openqa.selenium.support.ui.WebDriverWait.timeoutException(WebDriverWait.java:82)
	at org.openqa.selenium.support.ui.FluentWait.until(FluentWait.java:272)
	at Tests.PGOGameTests.testJigsawEstudiosSociales(PGOGameTests.java:491)
	at TrueUserTests.TrueUser.Retry$1.evaluate(Retry.java:24)
	at TrueUserTests.TrueUser.RegressionSuiteRunner.main(RegressionSuiteRunner.java:158)
Caused by: org.openqa.selenium.NoSuchElementException: Cannot locate an element using By.xpath: //*[@id=&quot;next-puzzle&quot;]/div
For documentation on this error, please visit: http://seleniumhq.org/exceptions/no_such_element.html
Build info: version: &apos;3.10.0&apos;, revision: &apos;176b4a9&apos;, time: &apos;2018-03-02T19:11:12.151Z&apos;
System info: host: &apos;WillHall-MBPrd.roc.mn.charter.com&apos;, ip: &apos;2600:6c46:7800:954:59ac:d5fb:e9a6:82fb%en0&apos;, os.name: &apos;Mac OS X&apos;, os.arch: &apos;x86_64&apos;, os.version: &apos;10.14.6&apos;, java.version: &apos;1.8.0_181&apos;
Driver info: driver.version: unknown
	at org.openqa.selenium.support.ui.ExpectedConditions.lambda$findElement$0(ExpectedConditions.java:896)
	at java.util.Optional.orElseThrow(Optional.java:290)
	at org.openqa.selenium.support.ui.ExpectedConditions.findElement(ExpectedConditions.java:895)
	at org.openqa.selenium.support.ui.ExpectedConditions.access$000(ExpectedConditions.java:44)
	at org.openqa.selenium.support.ui.ExpectedConditions$7.apply(ExpectedConditions.java:206)
	at org.openqa.selenium.support.ui.ExpectedConditions$7.apply(ExpectedConditions.java:202)
	at org.openqa.selenium.support.ui.FluentWait.until(FluentWait.java:249)
</failure>
    <failure message="Expected condition failed: waiting for visibility of element located by By.id: Animals (tried for 15 second(s) with 500 milliseconds interval)" type="testJigsawEstudiosSociales(Tests.PGOGameTests)">org.openqa.selenium.TimeoutException: Expected condition failed: waiting for visibility of element located by By.id: Animals (tried for 15 second(s) with 500 milliseconds interval)
	at org.openqa.selenium.support.ui.WebDriverWait.timeoutException(WebDriverWait.java:82)
	at org.openqa.selenium.support.ui.FluentWait.until(FluentWait.java:272)
	at Tests.PGOGameTests$1.failed(PGOGameTests.java:74)
	at TrueUserTests.TrueUser.Retry$1.evaluate(Retry.java:24)
	at TrueUserTests.TrueUser.RegressionSuiteRunner.main(RegressionSuiteRunner.java:158)
Caused by: org.openqa.selenium.NoSuchElementException: Cannot locate an element using By.id: Animals
For documentation on this error, please visit: http://seleniumhq.org/exceptions/no_such_element.html
Build info: version: &apos;3.10.0&apos;, revision: &apos;176b4a9&apos;, time: &apos;2018-03-02T19:11:12.151Z&apos;
System info: host: &apos;WillHall-MBPrd.roc.mn.charter.com&apos;, ip: &apos;2600:6c46:7800:954:59ac:d5fb:e9a6:82fb%en0&apos;, os.name: &apos;Mac OS X&apos;, os.arch: &apos;x86_64&apos;, os.version: &apos;10.14.6&apos;, java.version: &apos;1.8.0_181&apos;
Driver info: driver.version: unknown
	at org.openqa.selenium.support.ui.ExpectedConditions.lambda$findElement$0(ExpectedConditions.java:896)
	at java.util.Optional.orElseThrow(Optional.java:290)
	at org.openqa.selenium.support.ui.ExpectedConditions.findElement(ExpectedConditions.java:895)
	at org.openqa.selenium.support.ui.ExpectedConditions.access$000(ExpectedConditions.java:44)
	at org.openqa.selenium.support.ui.ExpectedConditions$7.apply(ExpectedConditions.java:206)
	at org.openqa.selenium.support.ui.ExpectedConditions$7.apply(ExpectedConditions.java:202)
	at org.openqa.selenium.support.ui.FluentWait.until(FluentWait.java:249)
</failure>
  </testcase>
  <testcase classname="Tests.PGOGameTests" name="testJigsawBiographies" time="86776.028">
    <failure message="Expected condition failed: waiting for visibility of element located by By.xpath: //*[@id=&quot;next-puzzle&quot;]/div (tried for 15 second(s) with 500 milliseconds interval)" type="testJigsawBiographies(Tests.PGOGameTests)">org.openqa.selenium.TimeoutException: Expected condition failed: waiting for visibility of element located by By.xpath: //*[@id=&quot;next-puzzle&quot;]/div (tried for 15 second(s) with 500 milliseconds interval)
	at org.openqa.selenium.support.ui.WebDriverWait.timeoutException(WebDriverWait.java:82)
	at org.openqa.selenium.support.ui.FluentWait.until(FluentWait.java:272)
	at Tests.PGOGameTests.testJigsawBiographies(PGOGameTests.java:348)
	at TrueUserTests.TrueUser.Retry$1.evaluate(Retry.java:24)
	at TrueUserTests.TrueUser.RegressionSuiteRunner.main(RegressionSuiteRunner.java:158)
Caused by: org.openqa.selenium.NoSuchElementException: Cannot locate an element using By.xpath: //*[@id=&quot;next-puzzle&quot;]/div
For documentation on this error, please visit: http://seleniumhq.org/exceptions/no_such_element.html
Build info: version: &apos;3.10.0&apos;, revision: &apos;176b4a9&apos;, time: &apos;2018-03-02T19:11:12.151Z&apos;
System info: host: &apos;WillHall-MBPrd.roc.mn.charter.com&apos;, ip: &apos;2600:6c46:7800:954:59ac:d5fb:e9a6:82fb%en0&apos;, os.name: &apos;Mac OS X&apos;, os.arch: &apos;x86_64&apos;, os.version: &apos;10.14.6&apos;, java.version: &apos;1.8.0_181&apos;
Driver info: driver.version: unknown
	at org.openqa.selenium.support.ui.ExpectedConditions.lambda$findElement$0(ExpectedConditions.java:896)
	at java.util.Optional.orElseThrow(Optional.java:290)
	at org.openqa.selenium.support.ui.ExpectedConditions.findElement(ExpectedConditions.java:895)
	at org.openqa.selenium.support.ui.ExpectedConditions.access$000(ExpectedConditions.java:44)
	at org.openqa.selenium.support.ui.ExpectedConditions$7.apply(ExpectedConditions.java:206)
	at org.openqa.selenium.support.ui.ExpectedConditions$7.apply(ExpectedConditions.java:202)
	at org.openqa.selenium.support.ui.FluentWait.until(FluentWait.java:249)
</failure>
  </testcase>
  <testcase classname="Tests.PGOGameTests" name="testWordScrambleDinosaurs" time="71.894">
    <failure message="Expected condition failed: waiting for element to be clickable: By.id: start-button-link (tried for 15 second(s) with 500 milliseconds interval)" type="testWordScrambleDinosaurs(Tests.PGOGameTests)">org.openqa.selenium.TimeoutException: Expected condition failed: waiting for element to be clickable: By.id: start-button-link (tried for 15 second(s) with 500 milliseconds interval)
	at org.openqa.selenium.support.ui.WebDriverWait.timeoutException(WebDriverWait.java:82)
	at org.openqa.selenium.support.ui.FluentWait.until(FluentWait.java:272)
	at Tests.PGOGameTests.testWordScrambleDinosaurs(PGOGameTests.java:1580)
	at TrueUserTests.TrueUser.Retry$1.evaluate(Retry.java:24)
	at TrueUserTests.TrueUser.RegressionSuiteRunner.main(RegressionSuiteRunner.java:158)
Caused by: org.openqa.selenium.NoSuchElementException: Cannot locate an element using By.id: start-button-link
For documentation on this error, please visit: http://seleniumhq.org/exceptions/no_such_element.html
Build info: version: &apos;3.10.0&apos;, revision: &apos;176b4a9&apos;, time: &apos;2018-03-02T19:11:12.151Z&apos;
System info: host: &apos;WillHall-MBPrd.roc.mn.charter.com&apos;, ip: &apos;2600:6c46:7800:954:59ac:d5fb:e9a6:82fb%en0&apos;, os.name: &apos;Mac OS X&apos;, os.arch: &apos;x86_64&apos;, os.version: &apos;10.14.6&apos;, java.version: &apos;1.8.0_181&apos;
Driver info: driver.version: unknown
	at org.openqa.selenium.support.ui.ExpectedConditions.lambda$findElement$0(ExpectedConditions.java:896)
	at java.util.Optional.orElseThrow(Optional.java:290)
	at org.openqa.selenium.support.ui.ExpectedConditions.findElement(ExpectedConditions.java:895)
	at org.openqa.selenium.support.ui.ExpectedConditions.access$000(ExpectedConditions.java:44)
	at org.openqa.selenium.support.ui.ExpectedConditions$7.apply(ExpectedConditions.java:206)
	at org.openqa.selenium.support.ui.ExpectedConditions$7.apply(ExpectedConditions.java:202)
	at org.openqa.selenium.support.ui.ExpectedConditions$22.apply(ExpectedConditions.java:657)
	at org.openqa.selenium.support.ui.ExpectedConditions$22.apply(ExpectedConditions.java:654)
	at org.openqa.selenium.support.ui.FluentWait.until(FluentWait.java:249)
</failure>
  </testcase>
  <testcase classname="Tests.PGOGameTests" name="testQuickMatchScience" time="68.746">
    <failure message="Expected condition failed: waiting for visibility of element located by By.xpath: //*[@id=&quot;start-button-link&quot;]/div (tried for 15 second(s) with 500 milliseconds interval)" type="testQuickMatchScience(Tests.PGOGameTests)">org.openqa.selenium.TimeoutException: Expected condition failed: waiting for visibility of element located by By.xpath: //*[@id=&quot;start-button-link&quot;]/div (tried for 15 second(s) with 500 milliseconds interval)
	at org.openqa.selenium.support.ui.WebDriverWait.timeoutException(WebDriverWait.java:82)
	at org.openqa.selenium.support.ui.FluentWait.until(FluentWait.java:272)
	at Tests.PGOGameTests.testQuickMatchScience(PGOGameTests.java:583)
	at TrueUserTests.TrueUser.Retry$1.evaluate(Retry.java:24)
	at TrueUserTests.TrueUser.RegressionSuiteRunner.main(RegressionSuiteRunner.java:158)
Caused by: org.openqa.selenium.NoSuchElementException: Cannot locate an element using By.xpath: //*[@id=&quot;start-button-link&quot;]/div
For documentation on this error, please visit: http://seleniumhq.org/exceptions/no_such_element.html
Build info: version: &apos;3.10.0&apos;, revision: &apos;176b4a9&apos;, time: &apos;2018-03-02T19:11:12.151Z&apos;
System info: host: &apos;WillHall-MBPrd.roc.mn.charter.com&apos;, ip: &apos;2600:6c46:7800:954:59ac:d5fb:e9a6:82fb%en0&apos;, os.name: &apos;Mac OS X&apos;, os.arch: &apos;x86_64&apos;, os.version: &apos;10.14.6&apos;, java.version: &apos;1.8.0_181&apos;
Driver info: driver.version: unknown
	at org.openqa.selenium.support.ui.ExpectedConditions.lambda$findElement$0(ExpectedConditions.java:896)
	at java.util.Optional.orElseThrow(Optional.java:290)
	at org.openqa.selenium.support.ui.ExpectedConditions.findElement(ExpectedConditions.java:895)
	at org.openqa.selenium.support.ui.ExpectedConditions.access$000(ExpectedConditions.java:44)
	at org.openqa.selenium.support.ui.ExpectedConditions$7.apply(ExpectedConditions.java:206)
	at org.openqa.selenium.support.ui.ExpectedConditions$7.apply(ExpectedConditions.java:202)
	at org.openqa.selenium.support.ui.FluentWait.until(FluentWait.java:249)
</failure>
  </testcase>
  <testcase classname="Tests.PGOGameTests" name="testWordScrambleSocialStudies" time="69.752">
    <failure message="Expected condition failed: waiting for element to be clickable: By.id: start-button-link (tried for 15 second(s) with 500 milliseconds interval)" type="testWordScrambleSocialStudies(Tests.PGOGameTests)">org.openqa.selenium.TimeoutException: Expected condition failed: waiting for element to be clickable: By.id: start-button-link (tried for 15 second(s) with 500 milliseconds interval)
	at org.openqa.selenium.support.ui.WebDriverWait.timeoutException(WebDriverWait.java:82)
	at org.openqa.selenium.support.ui.FluentWait.until(FluentWait.java:272)
	at Tests.PGOGameTests.testWordScrambleSocialStudies(PGOGameTests.java:1553)
	at TrueUserTests.TrueUser.Retry$1.evaluate(Retry.java:24)
	at TrueUserTests.TrueUser.RegressionSuiteRunner.main(RegressionSuiteRunner.java:158)
Caused by: org.openqa.selenium.NoSuchElementException: Cannot locate an element using By.id: start-button-link
For documentation on this error, please visit: http://seleniumhq.org/exceptions/no_such_element.html
Build info: version: &apos;3.10.0&apos;, revision: &apos;176b4a9&apos;, time: &apos;2018-03-02T19:11:12.151Z&apos;
System info: host: &apos;WillHall-MBPrd.roc.mn.charter.com&apos;, ip: &apos;2600:6c46:7800:954:59ac:d5fb:e9a6:82fb%en0&apos;, os.name: &apos;Mac OS X&apos;, os.arch: &apos;x86_64&apos;, os.version: &apos;10.14.6&apos;, java.version: &apos;1.8.0_181&apos;
Driver info: driver.version: unknown
	at org.openqa.selenium.support.ui.ExpectedConditions.lambda$findElement$0(ExpectedConditions.java:896)
	at java.util.Optional.orElseThrow(Optional.java:290)
	at org.openqa.selenium.support.ui.ExpectedConditions.findElement(ExpectedConditions.java:895)
	at org.openqa.selenium.support.ui.ExpectedConditions.access$000(ExpectedConditions.java:44)
	at org.openqa.selenium.support.ui.ExpectedConditions$7.apply(ExpectedConditions.java:206)
	at org.openqa.selenium.support.ui.ExpectedConditions$7.apply(ExpectedConditions.java:202)
	at org.openqa.selenium.support.ui.ExpectedConditions$22.apply(ExpectedConditions.java:657)
	at org.openqa.selenium.support.ui.ExpectedConditions$22.apply(ExpectedConditions.java:654)
	at org.openqa.selenium.support.ui.FluentWait.until(FluentWait.java:249)
</failure>
  </testcase>
  <testcase classname="Tests.PGOGameTests" name="testWhackBiografias" time="69.008">
    <failure message="Expected condition failed: waiting for element to be clickable: By.xpath: //*[@id=&quot;start-screen&quot;]/div/div (tried for 15 second(s) with 500 milliseconds interval)" type="testWhackBiografias(Tests.PGOGameTests)">org.openqa.selenium.TimeoutException: Expected condition failed: waiting for element to be clickable: By.xpath: //*[@id=&quot;start-screen&quot;]/div/div (tried for 15 second(s) with 500 milliseconds interval)
	at org.openqa.selenium.support.ui.WebDriverWait.timeoutException(WebDriverWait.java:82)
	at org.openqa.selenium.support.ui.FluentWait.until(FluentWait.java:272)
	at Tests.PGOGameTests.testWhackBiografias(PGOGameTests.java:1407)
	at TrueUserTests.TrueUser.Retry$1.evaluate(Retry.java:24)
	at TrueUserTests.TrueUser.RegressionSuiteRunner.main(RegressionSuiteRunner.java:158)
Caused by: org.openqa.selenium.NoSuchElementException: Cannot locate an element using By.xpath: //*[@id=&quot;start-screen&quot;]/div/div
For documentation on this error, please visit: http://seleniumhq.org/exceptions/no_such_element.html
Build info: version: &apos;3.10.0&apos;, revision: &apos;176b4a9&apos;, time: &apos;2018-03-02T19:11:12.151Z&apos;
System info: host: &apos;WillHall-MBPrd.roc.mn.charter.com&apos;, ip: &apos;2600:6c46:7800:954:59ac:d5fb:e9a6:82fb%en0&apos;, os.name: &apos;Mac OS X&apos;, os.arch: &apos;x86_64&apos;, os.version: &apos;10.14.6&apos;, java.version: &apos;1.8.0_181&apos;
Driver info: driver.version: unknown
	at org.openqa.selenium.support.ui.ExpectedConditions.lambda$findElement$0(ExpectedConditions.java:896)
	at java.util.Optional.orElseThrow(Optional.java:290)
	at org.openqa.selenium.support.ui.ExpectedConditions.findElement(ExpectedConditions.java:895)
	at org.openqa.selenium.support.ui.ExpectedConditions.access$000(ExpectedConditions.java:44)
	at org.openqa.selenium.support.ui.ExpectedConditions$7.apply(ExpectedConditions.java:206)
	at org.openqa.selenium.support.ui.ExpectedConditions$7.apply(ExpectedConditions.java:202)
	at org.openqa.selenium.support.ui.ExpectedConditions$22.apply(ExpectedConditions.java:657)
	at org.openqa.selenium.support.ui.ExpectedConditions$22.apply(ExpectedConditions.java:654)
	at org.openqa.selenium.support.ui.FluentWait.until(FluentWait.java:249)
</failure>
  </testcase>
  <testcase classname="Tests.PGOGameTests" name="testQuickMatchEstudiosSociales" time="68.949">
    <failure message="Expected condition failed: waiting for visibility of element located by By.xpath: //*[@id=&quot;start-button-link&quot;]/div (tried for 15 second(s) with 500 milliseconds interval)" type="testQuickMatchEstudiosSociales(Tests.PGOGameTests)">org.openqa.selenium.TimeoutException: Expected condition failed: waiting for visibility of element located by By.xpath: //*[@id=&quot;start-button-link&quot;]/div (tried for 15 second(s) with 500 milliseconds interval)
	at org.openqa.selenium.support.ui.WebDriverWait.timeoutException(WebDriverWait.java:82)
	at org.openqa.selenium.support.ui.FluentWait.until(FluentWait.java:272)
	at Tests.PGOGameTests.testQuickMatchEstudiosSociales(PGOGameTests.java:788)
	at TrueUserTests.TrueUser.Retry$1.evaluate(Retry.java:24)
	at TrueUserTests.TrueUser.RegressionSuiteRunner.main(RegressionSuiteRunner.java:158)
Caused by: org.openqa.selenium.NoSuchElementException: Cannot locate an element using By.xpath: //*[@id=&quot;start-button-link&quot;]/div
For documentation on this error, please visit: http://seleniumhq.org/exceptions/no_such_element.html
Build info: version: &apos;3.10.0&apos;, revision: &apos;176b4a9&apos;, time: &apos;2018-03-02T19:11:12.151Z&apos;
System info: host: &apos;WillHall-MBPrd.roc.mn.charter.com&apos;, ip: &apos;2600:6c46:7800:954:59ac:d5fb:e9a6:82fb%en0&apos;, os.name: &apos;Mac OS X&apos;, os.arch: &apos;x86_64&apos;, os.version: &apos;10.14.6&apos;, java.version: &apos;1.8.0_181&apos;
Driver info: driver.version: unknown
	at org.openqa.selenium.support.ui.ExpectedConditions.lambda$findElement$0(ExpectedConditions.java:896)
	at java.util.Optional.orElseThrow(Optional.java:290)
	at org.openqa.selenium.support.ui.ExpectedConditions.findElement(ExpectedConditions.java:895)
	at org.openqa.selenium.support.ui.ExpectedConditions.access$000(ExpectedConditions.java:44)
	at org.openqa.selenium.support.ui.ExpectedConditions$7.apply(ExpectedConditions.java:206)
	at org.openqa.selenium.support.ui.ExpectedConditions$7.apply(ExpectedConditions.java:202)
	at org.openqa.selenium.support.ui.FluentWait.until(FluentWait.java:249)
</failure>
  </testcase>
  <testcase classname="Tests.PGOGameTests" name="testQuickMatchBiografias" time="68.624">
    <failure message="Expected condition failed: waiting for visibility of element located by By.xpath: //*[@id=&quot;start-button-link&quot;]/div (tried for 15 second(s) with 500 milliseconds interval)" type="testQuickMatchBiografias(Tests.PGOGameTests)">org.openqa.selenium.TimeoutException: Expected condition failed: waiting for visibility of element located by By.xpath: //*[@id=&quot;start-button-link&quot;]/div (tried for 15 second(s) with 500 milliseconds interval)
	at org.openqa.selenium.support.ui.WebDriverWait.timeoutException(WebDriverWait.java:82)
	at org.openqa.selenium.support.ui.FluentWait.until(FluentWait.java:272)
	at Tests.PGOGameTests.testQuickMatchBiografias(PGOGameTests.java:754)
	at TrueUserTests.TrueUser.Retry$1.evaluate(Retry.java:24)
	at TrueUserTests.TrueUser.RegressionSuiteRunner.main(RegressionSuiteRunner.java:158)
Caused by: org.openqa.selenium.NoSuchElementException: Cannot locate an element using By.xpath: //*[@id=&quot;start-button-link&quot;]/div
For documentation on this error, please visit: http://seleniumhq.org/exceptions/no_such_element.html
Build info: version: &apos;3.10.0&apos;, revision: &apos;176b4a9&apos;, time: &apos;2018-03-02T19:11:12.151Z&apos;
System info: host: &apos;WillHall-MBPrd.roc.mn.charter.com&apos;, ip: &apos;2600:6c46:7800:954:59ac:d5fb:e9a6:82fb%en0&apos;, os.name: &apos;Mac OS X&apos;, os.arch: &apos;x86_64&apos;, os.version: &apos;10.14.6&apos;, java.version: &apos;1.8.0_181&apos;
Driver info: driver.version: unknown
	at org.openqa.selenium.support.ui.ExpectedConditions.lambda$findElement$0(ExpectedConditions.java:896)
	at java.util.Optional.orElseThrow(Optional.java:290)
	at org.openqa.selenium.support.ui.ExpectedConditions.findElement(ExpectedConditions.java:895)
	at org.openqa.selenium.support.ui.ExpectedConditions.access$000(ExpectedConditions.java:44)
	at org.openqa.selenium.support.ui.ExpectedConditions$7.apply(ExpectedConditions.java:206)
	at org.openqa.selenium.support.ui.ExpectedConditions$7.apply(ExpectedConditions.java:202)
	at org.openqa.selenium.support.ui.FluentWait.until(FluentWait.java:249)
</failure>
  </testcase>
  <testcase classname="Tests.PGOGameTests" name="testWordScrambleAnimales" time="69.357">
    <failure message="Expected condition failed: waiting for element to be clickable: By.id: start-button-link (tried for 15 second(s) with 500 milliseconds interval)" type="testWordScrambleAnimales(Tests.PGOGameTests)">org.openqa.selenium.TimeoutException: Expected condition failed: waiting for element to be clickable: By.id: start-button-link (tried for 15 second(s) with 500 milliseconds interval)
	at org.openqa.selenium.support.ui.WebDriverWait.timeoutException(WebDriverWait.java:82)
	at org.openqa.selenium.support.ui.FluentWait.until(FluentWait.java:272)
	at Tests.PGOGameTests.testWordScrambleAnimales(PGOGameTests.java:1607)
	at TrueUserTests.TrueUser.Retry$1.evaluate(Retry.java:24)
	at TrueUserTests.TrueUser.RegressionSuiteRunner.main(RegressionSuiteRunner.java:158)
Caused by: org.openqa.selenium.NoSuchElementException: Cannot locate an element using By.id: start-button-link
For documentation on this error, please visit: http://seleniumhq.org/exceptions/no_such_element.html
Build info: version: &apos;3.10.0&apos;, revision: &apos;176b4a9&apos;, time: &apos;2018-03-02T19:11:12.151Z&apos;
System info: host: &apos;WillHall-MBPrd.roc.mn.charter.com&apos;, ip: &apos;2600:6c46:7800:954:59ac:d5fb:e9a6:82fb%en0&apos;, os.name: &apos;Mac OS X&apos;, os.arch: &apos;x86_64&apos;, os.version: &apos;10.14.6&apos;, java.version: &apos;1.8.0_181&apos;
Driver info: driver.version: unknown
	at org.openqa.selenium.support.ui.ExpectedConditions.lambda$findElement$0(ExpectedConditions.java:896)
	at java.util.Optional.orElseThrow(Optional.java:290)
	at org.openqa.selenium.support.ui.ExpectedConditions.findElement(ExpectedConditions.java:895)
	at org.openqa.selenium.support.ui.ExpectedConditions.access$000(ExpectedConditions.java:44)
	at org.openqa.selenium.support.ui.ExpectedConditions$7.apply(ExpectedConditions.java:206)
	at org.openqa.selenium.support.ui.ExpectedConditions$7.apply(ExpectedConditions.java:202)
	at org.openqa.selenium.support.ui.ExpectedConditions$22.apply(ExpectedConditions.java:657)
	at org.openqa.selenium.support.ui.ExpectedConditions$22.apply(ExpectedConditions.java:654)
	at org.openqa.selenium.support.ui.FluentWait.until(FluentWait.java:249)
</failure>
  </testcase>
  <testcase classname="Tests.PGOGameTests" name="testJigsawCiencia" time="67.354">
    <failure message="Expected condition failed: waiting for visibility of element located by By.xpath: //*[@id=&quot;next-puzzle&quot;]/div (tried for 15 second(s) with 500 milliseconds interval)" type="testJigsawCiencia(Tests.PGOGameTests)">org.openqa.selenium.TimeoutException: Expected condition failed: waiting for visibility of element located by By.xpath: //*[@id=&quot;next-puzzle&quot;]/div (tried for 15 second(s) with 500 milliseconds interval)
	at org.openqa.selenium.support.ui.WebDriverWait.timeoutException(WebDriverWait.java:82)
	at org.openqa.selenium.support.ui.FluentWait.until(FluentWait.java:272)
	at Tests.PGOGameTests.testJigsawCiencia(PGOGameTests.java:443)
	at TrueUserTests.TrueUser.Retry$1.evaluate(Retry.java:24)
	at TrueUserTests.TrueUser.RegressionSuiteRunner.main(RegressionSuiteRunner.java:158)
Caused by: org.openqa.selenium.NoSuchElementException: Cannot locate an element using By.xpath: //*[@id=&quot;next-puzzle&quot;]/div
For documentation on this error, please visit: http://seleniumhq.org/exceptions/no_such_element.html
Build info: version: &apos;3.10.0&apos;, revision: &apos;176b4a9&apos;, time: &apos;2018-03-02T19:11:12.151Z&apos;
System info: host: &apos;WillHall-MBPrd.roc.mn.charter.com&apos;, ip: &apos;2600:6c46:7800:954:59ac:d5fb:e9a6:82fb%en0&apos;, os.name: &apos;Mac OS X&apos;, os.arch: &apos;x86_64&apos;, os.version: &apos;10.14.6&apos;, java.version: &apos;1.8.0_181&apos;
Driver info: driver.version: unknown
	at org.openqa.selenium.support.ui.ExpectedConditions.lambda$findElement$0(ExpectedConditions.java:896)
	at java.util.Optional.orElseThrow(Optional.java:290)
	at org.openqa.selenium.support.ui.ExpectedConditions.findElement(ExpectedConditions.java:895)
	at org.openqa.selenium.support.ui.ExpectedConditions.access$000(ExpectedConditions.java:44)
	at org.openqa.selenium.support.ui.ExpectedConditions$7.apply(ExpectedConditions.java:206)
	at org.openqa.selenium.support.ui.ExpectedConditions$7.apply(ExpectedConditions.java:202)
	at org.openqa.selenium.support.ui.FluentWait.until(FluentWait.java:249)
</failure>
  </testcase>
  <testcase classname="Tests.PGOGameTests" name="testQuickMatchBiographies" time="68.041">
    <failure message="Expected condition failed: waiting for visibility of element located by By.xpath: //*[@id=&quot;start-button-link&quot;]/div (tried for 15 second(s) with 500 milliseconds interval)" type="testQuickMatchBiographies(Tests.PGOGameTests)">org.openqa.selenium.TimeoutException: Expected condition failed: waiting for visibility of element located by By.xpath: //*[@id=&quot;start-button-link&quot;]/div (tried for 15 second(s) with 500 milliseconds interval)
	at org.openqa.selenium.support.ui.WebDriverWait.timeoutException(WebDriverWait.java:82)
	at org.openqa.selenium.support.ui.FluentWait.until(FluentWait.java:272)
	at Tests.PGOGameTests.testQuickMatchBiographies(PGOGameTests.java:549)
	at TrueUserTests.TrueUser.Retry$1.evaluate(Retry.java:24)
	at TrueUserTests.TrueUser.RegressionSuiteRunner.main(RegressionSuiteRunner.java:158)
Caused by: org.openqa.selenium.NoSuchElementException: Cannot locate an element using By.xpath: //*[@id=&quot;start-button-link&quot;]/div
For documentation on this error, please visit: http://seleniumhq.org/exceptions/no_such_element.html
Build info: version: &apos;3.10.0&apos;, revision: &apos;176b4a9&apos;, time: &apos;2018-03-02T19:11:12.151Z&apos;
System info: host: &apos;WillHall-MBPrd.roc.mn.charter.com&apos;, ip: &apos;2600:6c46:7800:954:59ac:d5fb:e9a6:82fb%en0&apos;, os.name: &apos;Mac OS X&apos;, os.arch: &apos;x86_64&apos;, os.version: &apos;10.14.6&apos;, java.version: &apos;1.8.0_181&apos;
Driver info: driver.version: unknown
	at org.openqa.selenium.support.ui.ExpectedConditions.lambda$findElement$0(ExpectedConditions.java:896)
	at java.util.Optional.orElseThrow(Optional.java:290)
	at org.openqa.selenium.support.ui.ExpectedConditions.findElement(ExpectedConditions.java:895)
	at org.openqa.selenium.support.ui.ExpectedConditions.access$000(ExpectedConditions.java:44)
	at org.openqa.selenium.support.ui.ExpectedConditions$7.apply(ExpectedConditions.java:206)
	at org.openqa.selenium.support.ui.ExpectedConditions$7.apply(ExpectedConditions.java:202)
	at org.openqa.selenium.support.ui.FluentWait.until(FluentWait.java:249)
</failure>
  </testcase>
  <testcase classname="Tests.PGOGameTests" name="testWhackBiographies" time="67.487">
    <failure message="Expected condition failed: waiting for element to be clickable: By.xpath: //*[@id=&quot;start-screen&quot;]/div/div (tried for 15 second(s) with 500 milliseconds interval)" type="testWhackBiographies(Tests.PGOGameTests)">org.openqa.selenium.TimeoutException: Expected condition failed: waiting for element to be clickable: By.xpath: //*[@id=&quot;start-screen&quot;]/div/div (tried for 15 second(s) with 500 milliseconds interval)
	at org.openqa.selenium.support.ui.WebDriverWait.timeoutException(WebDriverWait.java:82)
	at org.openqa.selenium.support.ui.FluentWait.until(FluentWait.java:272)
	at Tests.PGOGameTests.testWhackBiographies(PGOGameTests.java:1242)
	at TrueUserTests.TrueUser.Retry$1.evaluate(Retry.java:24)
	at TrueUserTests.TrueUser.RegressionSuiteRunner.main(RegressionSuiteRunner.java:158)
Caused by: org.openqa.selenium.NoSuchElementException: Cannot locate an element using By.xpath: //*[@id=&quot;start-screen&quot;]/div/div
For documentation on this error, please visit: http://seleniumhq.org/exceptions/no_such_element.html
Build info: version: &apos;3.10.0&apos;, revision: &apos;176b4a9&apos;, time: &apos;2018-03-02T19:11:12.151Z&apos;
System info: host: &apos;WillHall-MBPrd.roc.mn.charter.com&apos;, ip: &apos;2600:6c46:7800:954:59ac:d5fb:e9a6:82fb%en0&apos;, os.name: &apos;Mac OS X&apos;, os.arch: &apos;x86_64&apos;, os.version: &apos;10.14.6&apos;, java.version: &apos;1.8.0_181&apos;
Driver info: driver.version: unknown
	at org.openqa.selenium.support.ui.ExpectedConditions.lambda$findElement$0(ExpectedConditions.java:896)
	at java.util.Optional.orElseThrow(Optional.java:290)
	at org.openqa.selenium.support.ui.ExpectedConditions.findElement(ExpectedConditions.java:895)
	at org.openqa.selenium.support.ui.ExpectedConditions.access$000(ExpectedConditions.java:44)
	at org.openqa.selenium.support.ui.ExpectedConditions$7.apply(ExpectedConditions.java:206)
	at org.openqa.selenium.support.ui.ExpectedConditions$7.apply(ExpectedConditions.java:202)
	at org.openqa.selenium.support.ui.ExpectedConditions$22.apply(ExpectedConditions.java:657)
	at org.openqa.selenium.support.ui.ExpectedConditions$22.apply(ExpectedConditions.java:654)
	at org.openqa.selenium.support.ui.FluentWait.until(FluentWait.java:249)
</failure>
  </testcase>
  <testcase classname="Tests.PGOGameTests" name="testJigsawBiografias" time="68.077">
    <failure message="Expected condition failed: waiting for visibility of element located by By.xpath: //*[@id=&quot;next-puzzle&quot;]/div (tried for 15 second(s) with 500 milliseconds interval)" type="testJigsawBiografias(Tests.PGOGameTests)">org.openqa.selenium.TimeoutException: Expected condition failed: waiting for visibility of element located by By.xpath: //*[@id=&quot;next-puzzle&quot;]/div (tried for 15 second(s) with 500 milliseconds interval)
	at org.openqa.selenium.support.ui.WebDriverWait.timeoutException(WebDriverWait.java:82)
	at org.openqa.selenium.support.ui.FluentWait.until(FluentWait.java:272)
	at Tests.PGOGameTests.testJigsawBiografias(PGOGameTests.java:467)
	at TrueUserTests.TrueUser.Retry$1.evaluate(Retry.java:24)
	at TrueUserTests.TrueUser.RegressionSuiteRunner.main(RegressionSuiteRunner.java:158)
Caused by: org.openqa.selenium.NoSuchElementException: Cannot locate an element using By.xpath: //*[@id=&quot;next-puzzle&quot;]/div
For documentation on this error, please visit: http://seleniumhq.org/exceptions/no_such_element.html
Build info: version: &apos;3.10.0&apos;, revision: &apos;176b4a9&apos;, time: &apos;2018-03-02T19:11:12.151Z&apos;
System info: host: &apos;WillHall-MBPrd.roc.mn.charter.com&apos;, ip: &apos;2600:6c46:7800:954:59ac:d5fb:e9a6:82fb%en0&apos;, os.name: &apos;Mac OS X&apos;, os.arch: &apos;x86_64&apos;, os.version: &apos;10.14.6&apos;, java.version: &apos;1.8.0_181&apos;
Driver info: driver.version: unknown
	at org.openqa.selenium.support.ui.ExpectedConditions.lambda$findElement$0(ExpectedConditions.java:896)
	at java.util.Optional.orElseThrow(Optional.java:290)
	at org.openqa.selenium.support.ui.ExpectedConditions.findElement(ExpectedConditions.java:895)
	at org.openqa.selenium.support.ui.ExpectedConditions.access$000(ExpectedConditions.java:44)
	at org.openqa.selenium.support.ui.ExpectedConditions$7.apply(ExpectedConditions.java:206)
	at org.openqa.selenium.support.ui.ExpectedConditions$7.apply(ExpectedConditions.java:202)
	at org.openqa.selenium.support.ui.FluentWait.until(FluentWait.java:249)
</failure>
  </testcase>
  <testcase classname="Tests.PGOGameTests" name="testZoomScience" time="68.248">
    <failure message="Expected condition failed: waiting for visibility of element located by By.xpath: //*[@id=&quot;newZoomButton&quot;]/div (tried for 15 second(s) with 500 milliseconds interval)" type="testZoomScience(Tests.PGOGameTests)">org.openqa.selenium.TimeoutException: Expected condition failed: waiting for visibility of element located by By.xpath: //*[@id=&quot;newZoomButton&quot;]/div (tried for 15 second(s) with 500 milliseconds interval)
	at org.openqa.selenium.support.ui.WebDriverWait.timeoutException(WebDriverWait.java:82)
	at org.openqa.selenium.support.ui.FluentWait.until(FluentWait.java:272)
	at Tests.PGOGameTests.testZoomScience(PGOGameTests.java:116)
	at TrueUserTests.TrueUser.Retry$1.evaluate(Retry.java:24)
	at TrueUserTests.TrueUser.RegressionSuiteRunner.main(RegressionSuiteRunner.java:158)
Caused by: org.openqa.selenium.NoSuchElementException: Cannot locate an element using By.xpath: //*[@id=&quot;newZoomButton&quot;]/div
For documentation on this error, please visit: http://seleniumhq.org/exceptions/no_such_element.html
Build info: version: &apos;3.10.0&apos;, revision: &apos;176b4a9&apos;, time: &apos;2018-03-02T19:11:12.151Z&apos;
System info: host: &apos;WillHall-MBPrd.roc.mn.charter.com&apos;, ip: &apos;2600:6c46:7800:954:59ac:d5fb:e9a6:82fb%en0&apos;, os.name: &apos;Mac OS X&apos;, os.arch: &apos;x86_64&apos;, os.version: &apos;10.14.6&apos;, java.version: &apos;1.8.0_181&apos;
Driver info: driver.version: unknown
	at org.openqa.selenium.support.ui.ExpectedConditions.lambda$findElement$0(ExpectedConditions.java:896)
	at java.util.Optional.orElseThrow(Optional.java:290)
	at org.openqa.selenium.support.ui.ExpectedConditions.findElement(ExpectedConditions.java:895)
	at org.openqa.selenium.support.ui.ExpectedConditions.access$000(ExpectedConditions.java:44)
	at org.openqa.selenium.support.ui.ExpectedConditions$7.apply(ExpectedConditions.java:206)
	at org.openqa.selenium.support.ui.ExpectedConditions$7.apply(ExpectedConditions.java:202)
	at org.openqa.selenium.support.ui.FluentWait.until(FluentWait.java:249)
</failure>
  </testcase>
  <testcase classname="Tests.PGOGameTests" name="testWordScrambleCiencia" time="72.134">
    <failure message="Expected condition failed: waiting for element to be clickable: By.id: start-button-link (tried for 15 second(s) with 500 milliseconds interval)" type="testWordScrambleCiencia(Tests.PGOGameTests)">org.openqa.selenium.TimeoutException: Expected condition failed: waiting for element to be clickable: By.id: start-button-link (tried for 15 second(s) with 500 milliseconds interval)
	at org.openqa.selenium.support.ui.WebDriverWait.timeoutException(WebDriverWait.java:82)
	at org.openqa.selenium.support.ui.FluentWait.until(FluentWait.java:272)
	at Tests.PGOGameTests.testWordScrambleCiencia(PGOGameTests.java:1634)
	at TrueUserTests.TrueUser.Retry$1.evaluate(Retry.java:24)
	at TrueUserTests.TrueUser.RegressionSuiteRunner.main(RegressionSuiteRunner.java:158)
Caused by: org.openqa.selenium.NoSuchElementException: Cannot locate an element using By.id: start-button-link
For documentation on this error, please visit: http://seleniumhq.org/exceptions/no_such_element.html
Build info: version: &apos;3.10.0&apos;, revision: &apos;176b4a9&apos;, time: &apos;2018-03-02T19:11:12.151Z&apos;
System info: host: &apos;WillHall-MBPrd.roc.mn.charter.com&apos;, ip: &apos;2600:6c46:7800:954:59ac:d5fb:e9a6:82fb%en0&apos;, os.name: &apos;Mac OS X&apos;, os.arch: &apos;x86_64&apos;, os.version: &apos;10.14.6&apos;, java.version: &apos;1.8.0_181&apos;
Driver info: driver.version: unknown
	at org.openqa.selenium.support.ui.ExpectedConditions.lambda$findElement$0(ExpectedConditions.java:896)
	at java.util.Optional.orElseThrow(Optional.java:290)
	at org.openqa.selenium.support.ui.ExpectedConditions.findElement(ExpectedConditions.java:895)
	at org.openqa.selenium.support.ui.ExpectedConditions.access$000(ExpectedConditions.java:44)
	at org.openqa.selenium.support.ui.ExpectedConditions$7.apply(ExpectedConditions.java:206)
	at org.openqa.selenium.support.ui.ExpectedConditions$7.apply(ExpectedConditions.java:202)
	at org.openqa.selenium.support.ui.ExpectedConditions$22.apply(ExpectedConditions.java:657)
	at org.openqa.selenium.support.ui.ExpectedConditions$22.apply(ExpectedConditions.java:654)
	at org.openqa.selenium.support.ui.FluentWait.until(FluentWait.java:249)
</failure>
  </testcase>
  <testcase classname="Tests.PGOGameTests" name="testWhackAnimales" time="67.584">
    <failure message="Expected condition failed: waiting for element to be clickable: By.xpath: //*[@id=&quot;start-screen&quot;]/div/div (tried for 15 second(s) with 500 milliseconds interval)" type="testWhackAnimales(Tests.PGOGameTests)">org.openqa.selenium.TimeoutException: Expected condition failed: waiting for element to be clickable: By.xpath: //*[@id=&quot;start-screen&quot;]/div/div (tried for 15 second(s) with 500 milliseconds interval)
	at org.openqa.selenium.support.ui.WebDriverWait.timeoutException(WebDriverWait.java:82)
	at org.openqa.selenium.support.ui.FluentWait.until(FluentWait.java:272)
	at Tests.PGOGameTests.testWhackAnimales(PGOGameTests.java:1341)
	at TrueUserTests.TrueUser.Retry$1.evaluate(Retry.java:24)
	at TrueUserTests.TrueUser.RegressionSuiteRunner.main(RegressionSuiteRunner.java:158)
Caused by: org.openqa.selenium.NoSuchElementException: Cannot locate an element using By.xpath: //*[@id=&quot;start-screen&quot;]/div/div
For documentation on this error, please visit: http://seleniumhq.org/exceptions/no_such_element.html
Build info: version: &apos;3.10.0&apos;, revision: &apos;176b4a9&apos;, time: &apos;2018-03-02T19:11:12.151Z&apos;
System info: host: &apos;WillHall-MBPrd.roc.mn.charter.com&apos;, ip: &apos;2600:6c46:7800:954:59ac:d5fb:e9a6:82fb%en0&apos;, os.name: &apos;Mac OS X&apos;, os.arch: &apos;x86_64&apos;, os.version: &apos;10.14.6&apos;, java.version: &apos;1.8.0_181&apos;
Driver info: driver.version: unknown
	at org.openqa.selenium.support.ui.ExpectedConditions.lambda$findElement$0(ExpectedConditions.java:896)
	at java.util.Optional.orElseThrow(Optional.java:290)
	at org.openqa.selenium.support.ui.ExpectedConditions.findElement(ExpectedConditions.java:895)
	at org.openqa.selenium.support.ui.ExpectedConditions.access$000(ExpectedConditions.java:44)
	at org.openqa.selenium.support.ui.ExpectedConditions$7.apply(ExpectedConditions.java:206)
	at org.openqa.selenium.support.ui.ExpectedConditions$7.apply(ExpectedConditions.java:202)
	at org.openqa.selenium.support.ui.ExpectedConditions$22.apply(ExpectedConditions.java:657)
	at org.openqa.selenium.support.ui.ExpectedConditions$22.apply(ExpectedConditions.java:654)
	at org.openqa.selenium.support.ui.FluentWait.until(FluentWait.java:249)
</failure>
  </testcase>
  <testcase classname="Tests.PGOGameTests" name="testMultiMatchAnimals" time="68.668">
    <failure message="Expected condition failed: waiting for element to be clickable: By.xpath: //*[@id=&apos;predator-label&apos;]/span/span[1] (tried for 15 second(s) with 500 milliseconds interval)" type="testMultiMatchAnimals(Tests.PGOGameTests)">org.openqa.selenium.TimeoutException: Expected condition failed: waiting for element to be clickable: By.xpath: //*[@id=&apos;predator-label&apos;]/span/span[1] (tried for 15 second(s) with 500 milliseconds interval)
	at org.openqa.selenium.support.ui.WebDriverWait.timeoutException(WebDriverWait.java:82)
	at org.openqa.selenium.support.ui.FluentWait.until(FluentWait.java:272)
	at Tests.PGOGameTests.testMultiMatchAnimals(PGOGameTests.java:822)
	at TrueUserTests.TrueUser.Retry$1.evaluate(Retry.java:24)
	at TrueUserTests.TrueUser.RegressionSuiteRunner.main(RegressionSuiteRunner.java:158)
Caused by: org.openqa.selenium.NoSuchElementException: Cannot locate an element using By.xpath: //*[@id=&apos;predator-label&apos;]/span/span[1]
For documentation on this error, please visit: http://seleniumhq.org/exceptions/no_such_element.html
Build info: version: &apos;3.10.0&apos;, revision: &apos;176b4a9&apos;, time: &apos;2018-03-02T19:11:12.151Z&apos;
System info: host: &apos;WillHall-MBPrd.roc.mn.charter.com&apos;, ip: &apos;2600:6c46:7800:954:59ac:d5fb:e9a6:82fb%en0&apos;, os.name: &apos;Mac OS X&apos;, os.arch: &apos;x86_64&apos;, os.version: &apos;10.14.6&apos;, java.version: &apos;1.8.0_181&apos;
Driver info: driver.version: unknown
	at org.openqa.selenium.support.ui.ExpectedConditions.lambda$findElement$0(ExpectedConditions.java:896)
	at java.util.Optional.orElseThrow(Optional.java:290)
	at org.openqa.selenium.support.ui.ExpectedConditions.findElement(ExpectedConditions.java:895)
	at org.openqa.selenium.support.ui.ExpectedConditions.access$000(ExpectedConditions.java:44)
	at org.openqa.selenium.support.ui.ExpectedConditions$7.apply(ExpectedConditions.java:206)
	at org.openqa.selenium.support.ui.ExpectedConditions$7.apply(ExpectedConditions.java:202)
	at org.openqa.selenium.support.ui.ExpectedConditions$22.apply(ExpectedConditions.java:657)
	at org.openqa.selenium.support.ui.ExpectedConditions$22.apply(ExpectedConditions.java:654)
	at org.openqa.selenium.support.ui.FluentWait.until(FluentWait.java:249)
</failure>
  </testcase>
  <testcase classname="Tests.PGOGameTests" name="testWhackCiencia" time="69.457">
    <failure message="Expected condition failed: waiting for element to be clickable: By.xpath: //*[@id=&quot;start-screen&quot;]/div/div (tried for 15 second(s) with 500 milliseconds interval)" type="testWhackCiencia(Tests.PGOGameTests)">org.openqa.selenium.TimeoutException: Expected condition failed: waiting for element to be clickable: By.xpath: //*[@id=&quot;start-screen&quot;]/div/div (tried for 15 second(s) with 500 milliseconds interval)
	at org.openqa.selenium.support.ui.WebDriverWait.timeoutException(WebDriverWait.java:82)
	at org.openqa.selenium.support.ui.FluentWait.until(FluentWait.java:272)
	at Tests.PGOGameTests.testWhackCiencia(PGOGameTests.java:1374)
	at TrueUserTests.TrueUser.Retry$1.evaluate(Retry.java:24)
	at TrueUserTests.TrueUser.RegressionSuiteRunner.main(RegressionSuiteRunner.java:158)
Caused by: org.openqa.selenium.NoSuchElementException: Cannot locate an element using By.xpath: //*[@id=&quot;start-screen&quot;]/div/div
For documentation on this error, please visit: http://seleniumhq.org/exceptions/no_such_element.html
Build info: version: &apos;3.10.0&apos;, revision: &apos;176b4a9&apos;, time: &apos;2018-03-02T19:11:12.151Z&apos;
System info: host: &apos;WillHall-MBPrd.roc.mn.charter.com&apos;, ip: &apos;2600:6c46:7800:954:59ac:d5fb:e9a6:82fb%en0&apos;, os.name: &apos;Mac OS X&apos;, os.arch: &apos;x86_64&apos;, os.version: &apos;10.14.6&apos;, java.version: &apos;1.8.0_181&apos;
Driver info: driver.version: unknown
	at org.openqa.selenium.support.ui.ExpectedConditions.lambda$findElement$0(ExpectedConditions.java:896)
	at java.util.Optional.orElseThrow(Optional.java:290)
	at org.openqa.selenium.support.ui.ExpectedConditions.findElement(ExpectedConditions.java:895)
	at org.openqa.selenium.support.ui.ExpectedConditions.access$000(ExpectedConditions.java:44)
	at org.openqa.selenium.support.ui.ExpectedConditions$7.apply(ExpectedConditions.java:206)
	at org.openqa.selenium.support.ui.ExpectedConditions$7.apply(ExpectedConditions.java:202)
	at org.openqa.selenium.support.ui.ExpectedConditions$22.apply(ExpectedConditions.java:657)
	at org.openqa.selenium.support.ui.ExpectedConditions$22.apply(ExpectedConditions.java:654)
	at org.openqa.selenium.support.ui.FluentWait.until(FluentWait.java:249)
</failure>
  </testcase>
  <testcase classname="Tests.PGOGameTests" name="testQuickMatchDinosaurs" time="68.237">
    <failure message="Expected condition failed: waiting for visibility of element located by By.xpath: //*[@id=&quot;start-button-link&quot;]/div (tried for 15 second(s) with 500 milliseconds interval)" type="testQuickMatchDinosaurs(Tests.PGOGameTests)">org.openqa.selenium.TimeoutException: Expected condition failed: waiting for visibility of element located by By.xpath: //*[@id=&quot;start-button-link&quot;]/div (tried for 15 second(s) with 500 milliseconds interval)
	at org.openqa.selenium.support.ui.WebDriverWait.timeoutException(WebDriverWait.java:82)
	at org.openqa.selenium.support.ui.FluentWait.until(FluentWait.java:272)
	at Tests.PGOGameTests.testQuickMatchDinosaurs(PGOGameTests.java:651)
	at TrueUserTests.TrueUser.Retry$1.evaluate(Retry.java:24)
	at TrueUserTests.TrueUser.RegressionSuiteRunner.main(RegressionSuiteRunner.java:158)
Caused by: org.openqa.selenium.NoSuchElementException: Cannot locate an element using By.xpath: //*[@id=&quot;start-button-link&quot;]/div
For documentation on this error, please visit: http://seleniumhq.org/exceptions/no_such_element.html
Build info: version: &apos;3.10.0&apos;, revision: &apos;176b4a9&apos;, time: &apos;2018-03-02T19:11:12.151Z&apos;
System info: host: &apos;WillHall-MBPrd.roc.mn.charter.com&apos;, ip: &apos;2600:6c46:7800:954:59ac:d5fb:e9a6:82fb%en0&apos;, os.name: &apos;Mac OS X&apos;, os.arch: &apos;x86_64&apos;, os.version: &apos;10.14.6&apos;, java.version: &apos;1.8.0_181&apos;
Driver info: driver.version: unknown
	at org.openqa.selenium.support.ui.ExpectedConditions.lambda$findElement$0(ExpectedConditions.java:896)
	at java.util.Optional.orElseThrow(Optional.java:290)
	at org.openqa.selenium.support.ui.ExpectedConditions.findElement(ExpectedConditions.java:895)
	at org.openqa.selenium.support.ui.ExpectedConditions.access$000(ExpectedConditions.java:44)
	at org.openqa.selenium.support.ui.ExpectedConditions$7.apply(ExpectedConditions.java:206)
	at org.openqa.selenium.support.ui.ExpectedConditions$7.apply(ExpectedConditions.java:202)
	at org.openqa.selenium.support.ui.FluentWait.until(FluentWait.java:249)
</failure>
  </testcase>
  <testcase classname="Tests.PGOGameTests" name="testZoomEstudiosSociales" time="69.16">
    <failure message="Expected condition failed: waiting for visibility of element located by By.xpath: //*[@id=&quot;newZoomButton&quot;]/div (tried for 15 second(s) with 500 milliseconds interval)" type="testZoomEstudiosSociales(Tests.PGOGameTests)">org.openqa.selenium.TimeoutException: Expected condition failed: waiting for visibility of element located by By.xpath: //*[@id=&quot;newZoomButton&quot;]/div (tried for 15 second(s) with 500 milliseconds interval)
	at org.openqa.selenium.support.ui.WebDriverWait.timeoutException(WebDriverWait.java:82)
	at org.openqa.selenium.support.ui.FluentWait.until(FluentWait.java:272)
	at Tests.PGOGameTests.testZoomEstudiosSociales(PGOGameTests.java:279)
	at TrueUserTests.TrueUser.Retry$1.evaluate(Retry.java:24)
	at TrueUserTests.TrueUser.RegressionSuiteRunner.main(RegressionSuiteRunner.java:158)
Caused by: org.openqa.selenium.NoSuchElementException: Cannot locate an element using By.xpath: //*[@id=&quot;newZoomButton&quot;]/div
For documentation on this error, please visit: http://seleniumhq.org/exceptions/no_such_element.html
Build info: version: &apos;3.10.0&apos;, revision: &apos;176b4a9&apos;, time: &apos;2018-03-02T19:11:12.151Z&apos;
System info: host: &apos;WillHall-MBPrd.roc.mn.charter.com&apos;, ip: &apos;2600:6c46:7800:954:59ac:d5fb:e9a6:82fb%en0&apos;, os.name: &apos;Mac OS X&apos;, os.arch: &apos;x86_64&apos;, os.version: &apos;10.14.6&apos;, java.version: &apos;1.8.0_181&apos;
Driver info: driver.version: unknown
	at org.openqa.selenium.support.ui.ExpectedConditions.lambda$findElement$0(ExpectedConditions.java:896)
	at java.util.Optional.orElseThrow(Optional.java:290)
	at org.openqa.selenium.support.ui.ExpectedConditions.findElement(ExpectedConditions.java:895)
	at org.openqa.selenium.support.ui.ExpectedConditions.access$000(ExpectedConditions.java:44)
	at org.openqa.selenium.support.ui.ExpectedConditions$7.apply(ExpectedConditions.java:206)
	at org.openqa.selenium.support.ui.ExpectedConditions$7.apply(ExpectedConditions.java:202)
	at org.openqa.selenium.support.ui.FluentWait.until(FluentWait.java:249)
</failure>
  </testcase>
  <testcase classname="Tests.PGOGameTests" name="testMultiMatchDinosaurs" time="68.137">
    <failure message="Expected condition failed: waiting for element to be clickable: By.xpath: //*[@id=&apos;predator-label&apos;]/span/span[1] (tried for 15 second(s) with 500 milliseconds interval)" type="testMultiMatchDinosaurs(Tests.PGOGameTests)">org.openqa.selenium.TimeoutException: Expected condition failed: waiting for element to be clickable: By.xpath: //*[@id=&apos;predator-label&apos;]/span/span[1] (tried for 15 second(s) with 500 milliseconds interval)
	at org.openqa.selenium.support.ui.WebDriverWait.timeoutException(WebDriverWait.java:82)
	at org.openqa.selenium.support.ui.FluentWait.until(FluentWait.java:272)
	at Tests.PGOGameTests.testMultiMatchDinosaurs(PGOGameTests.java:980)
	at TrueUserTests.TrueUser.Retry$1.evaluate(Retry.java:24)
	at TrueUserTests.TrueUser.RegressionSuiteRunner.main(RegressionSuiteRunner.java:158)
Caused by: org.openqa.selenium.NoSuchElementException: Cannot locate an element using By.xpath: //*[@id=&apos;predator-label&apos;]/span/span[1]
For documentation on this error, please visit: http://seleniumhq.org/exceptions/no_such_element.html
Build info: version: &apos;3.10.0&apos;, revision: &apos;176b4a9&apos;, time: &apos;2018-03-02T19:11:12.151Z&apos;
System info: host: &apos;WillHall-MBPrd.roc.mn.charter.com&apos;, ip: &apos;2600:6c46:7800:954:59ac:d5fb:e9a6:82fb%en0&apos;, os.name: &apos;Mac OS X&apos;, os.arch: &apos;x86_64&apos;, os.version: &apos;10.14.6&apos;, java.version: &apos;1.8.0_181&apos;
Driver info: driver.version: unknown
	at org.openqa.selenium.support.ui.ExpectedConditions.lambda$findElement$0(ExpectedConditions.java:896)
	at java.util.Optional.orElseThrow(Optional.java:290)
	at org.openqa.selenium.support.ui.ExpectedConditions.findElement(ExpectedConditions.java:895)
	at org.openqa.selenium.support.ui.ExpectedConditions.access$000(ExpectedConditions.java:44)
	at org.openqa.selenium.support.ui.ExpectedConditions$7.apply(ExpectedConditions.java:206)
	at org.openqa.selenium.support.ui.ExpectedConditions$7.apply(ExpectedConditions.java:202)
	at org.openqa.selenium.support.ui.ExpectedConditions$22.apply(ExpectedConditions.java:657)
	at org.openqa.selenium.support.ui.ExpectedConditions$22.apply(ExpectedConditions.java:654)
	at org.openqa.selenium.support.ui.FluentWait.until(FluentWait.java:249)
</failure>
  </testcase>
  <testcase classname="Tests.PGOGameTests" name="testQuickMatchAnimals" time="69.059">
    <failure message="Expected condition failed: waiting for visibility of element located by By.xpath: //*[@id=&quot;start-button-link&quot;]/div (tried for 15 second(s) with 500 milliseconds interval)" type="testQuickMatchAnimals(Tests.PGOGameTests)">org.openqa.selenium.TimeoutException: Expected condition failed: waiting for visibility of element located by By.xpath: //*[@id=&quot;start-button-link&quot;]/div (tried for 15 second(s) with 500 milliseconds interval)
	at org.openqa.selenium.support.ui.WebDriverWait.timeoutException(WebDriverWait.java:82)
	at org.openqa.selenium.support.ui.FluentWait.until(FluentWait.java:272)
	at Tests.PGOGameTests.testQuickMatchAnimals(PGOGameTests.java:515)
	at TrueUserTests.TrueUser.Retry$1.evaluate(Retry.java:24)
	at TrueUserTests.TrueUser.RegressionSuiteRunner.main(RegressionSuiteRunner.java:158)
Caused by: org.openqa.selenium.NoSuchElementException: Cannot locate an element using By.xpath: //*[@id=&quot;start-button-link&quot;]/div
For documentation on this error, please visit: http://seleniumhq.org/exceptions/no_such_element.html
Build info: version: &apos;3.10.0&apos;, revision: &apos;176b4a9&apos;, time: &apos;2018-03-02T19:11:12.151Z&apos;
System info: host: &apos;WillHall-MBPrd.roc.mn.charter.com&apos;, ip: &apos;2600:6c46:7800:954:59ac:d5fb:e9a6:82fb%en0&apos;, os.name: &apos;Mac OS X&apos;, os.arch: &apos;x86_64&apos;, os.version: &apos;10.14.6&apos;, java.version: &apos;1.8.0_181&apos;
Driver info: driver.version: unknown
	at org.openqa.selenium.support.ui.ExpectedConditions.lambda$findElement$0(ExpectedConditions.java:896)
	at java.util.Optional.orElseThrow(Optional.java:290)
	at org.openqa.selenium.support.ui.ExpectedConditions.findElement(ExpectedConditions.java:895)
	at org.openqa.selenium.support.ui.ExpectedConditions.access$000(ExpectedConditions.java:44)
	at org.openqa.selenium.support.ui.ExpectedConditions$7.apply(ExpectedConditions.java:206)
	at org.openqa.selenium.support.ui.ExpectedConditions$7.apply(ExpectedConditions.java:202)
	at org.openqa.selenium.support.ui.FluentWait.until(FluentWait.java:249)
</failure>
  </testcase>
  <testcase classname="Tests.PGOGameTests" name="testZoomSocialStudies" time="68.947">
    <failure message="Expected condition failed: waiting for visibility of element located by By.xpath: //*[@id=&quot;newZoomButton&quot;]/div (tried for 15 second(s) with 500 milliseconds interval)" type="testZoomSocialStudies(Tests.PGOGameTests)">org.openqa.selenium.TimeoutException: Expected condition failed: waiting for visibility of element located by By.xpath: //*[@id=&quot;newZoomButton&quot;]/div (tried for 15 second(s) with 500 milliseconds interval)
	at org.openqa.selenium.support.ui.WebDriverWait.timeoutException(WebDriverWait.java:82)
	at org.openqa.selenium.support.ui.FluentWait.until(FluentWait.java:272)
	at Tests.PGOGameTests.testZoomSocialStudies(PGOGameTests.java:164)
	at TrueUserTests.TrueUser.Retry$1.evaluate(Retry.java:24)
	at TrueUserTests.TrueUser.RegressionSuiteRunner.main(RegressionSuiteRunner.java:158)
Caused by: org.openqa.selenium.NoSuchElementException: Cannot locate an element using By.xpath: //*[@id=&quot;newZoomButton&quot;]/div
For documentation on this error, please visit: http://seleniumhq.org/exceptions/no_such_element.html
Build info: version: &apos;3.10.0&apos;, revision: &apos;176b4a9&apos;, time: &apos;2018-03-02T19:11:12.151Z&apos;
System info: host: &apos;WillHall-MBPrd.roc.mn.charter.com&apos;, ip: &apos;2600:6c46:7800:954:59ac:d5fb:e9a6:82fb%en0&apos;, os.name: &apos;Mac OS X&apos;, os.arch: &apos;x86_64&apos;, os.version: &apos;10.14.6&apos;, java.version: &apos;1.8.0_181&apos;
Driver info: driver.version: unknown
	at org.openqa.selenium.support.ui.ExpectedConditions.lambda$findElement$0(ExpectedConditions.java:896)
	at java.util.Optional.orElseThrow(Optional.java:290)
	at org.openqa.selenium.support.ui.ExpectedConditions.findElement(ExpectedConditions.java:895)
	at org.openqa.selenium.support.ui.ExpectedConditions.access$000(ExpectedConditions.java:44)
	at org.openqa.selenium.support.ui.ExpectedConditions$7.apply(ExpectedConditions.java:206)
	at org.openqa.selenium.support.ui.ExpectedConditions$7.apply(ExpectedConditions.java:202)
	at org.openqa.selenium.support.ui.FluentWait.until(FluentWait.java:249)
</failure>
  </testcase>
  <testcase classname="Tests.PGOGameTests" name="testWhackEstudiosSciales" time="68.221">
    <failure message="Expected condition failed: waiting for element to be clickable: By.xpath: //*[@id=&quot;start-screen&quot;]/div/div (tried for 15 second(s) with 500 milliseconds interval)" type="testWhackEstudiosSciales(Tests.PGOGameTests)">org.openqa.selenium.TimeoutException: Expected condition failed: waiting for element to be clickable: By.xpath: //*[@id=&quot;start-screen&quot;]/div/div (tried for 15 second(s) with 500 milliseconds interval)
	at org.openqa.selenium.support.ui.WebDriverWait.timeoutException(WebDriverWait.java:82)
	at org.openqa.selenium.support.ui.FluentWait.until(FluentWait.java:272)
	at Tests.PGOGameTests.testWhackEstudiosSciales(PGOGameTests.java:1440)
	at TrueUserTests.TrueUser.Retry$1.evaluate(Retry.java:24)
	at TrueUserTests.TrueUser.RegressionSuiteRunner.main(RegressionSuiteRunner.java:158)
Caused by: org.openqa.selenium.NoSuchElementException: Cannot locate an element using By.xpath: //*[@id=&quot;start-screen&quot;]/div/div
For documentation on this error, please visit: http://seleniumhq.org/exceptions/no_such_element.html
Build info: version: &apos;3.10.0&apos;, revision: &apos;176b4a9&apos;, time: &apos;2018-03-02T19:11:12.151Z&apos;
System info: host: &apos;WillHall-MBPrd.roc.mn.charter.com&apos;, ip: &apos;2600:6c46:7800:954:59ac:d5fb:e9a6:82fb%en0&apos;, os.name: &apos;Mac OS X&apos;, os.arch: &apos;x86_64&apos;, os.version: &apos;10.14.6&apos;, java.version: &apos;1.8.0_181&apos;
Driver info: driver.version: unknown
	at org.openqa.selenium.support.ui.ExpectedConditions.lambda$findElement$0(ExpectedConditions.java:896)
	at java.util.Optional.orElseThrow(Optional.java:290)
	at org.openqa.selenium.support.ui.ExpectedConditions.findElement(ExpectedConditions.java:895)
	at org.openqa.selenium.support.ui.ExpectedConditions.access$000(ExpectedConditions.java:44)
	at org.openqa.selenium.support.ui.ExpectedConditions$7.apply(ExpectedConditions.java:206)
	at org.openqa.selenium.support.ui.ExpectedConditions$7.apply(ExpectedConditions.java:202)
	at org.openqa.selenium.support.ui.ExpectedConditions$22.apply(ExpectedConditions.java:657)
	at org.openqa.selenium.support.ui.ExpectedConditions$22.apply(ExpectedConditions.java:654)
	at org.openqa.selenium.support.ui.FluentWait.until(FluentWait.java:249)
</failure>
  </testcase>
  <testcase classname="Tests.PGOGameTests" name="testWordScrambleBiografias" time="68.002">
    <failure message="Expected condition failed: waiting for element to be clickable: By.id: start-button-link (tried for 15 second(s) with 500 milliseconds interval)" type="testWordScrambleBiografias(Tests.PGOGameTests)">org.openqa.selenium.TimeoutException: Expected condition failed: waiting for element to be clickable: By.id: start-button-link (tried for 15 second(s) with 500 milliseconds interval)
	at org.openqa.selenium.support.ui.WebDriverWait.timeoutException(WebDriverWait.java:82)
	at org.openqa.selenium.support.ui.FluentWait.until(FluentWait.java:272)
	at Tests.PGOGameTests.testWordScrambleBiografias(PGOGameTests.java:1661)
	at TrueUserTests.TrueUser.Retry$1.evaluate(Retry.java:24)
	at TrueUserTests.TrueUser.RegressionSuiteRunner.main(RegressionSuiteRunner.java:158)
Caused by: org.openqa.selenium.NoSuchElementException: Cannot locate an element using By.id: start-button-link
For documentation on this error, please visit: http://seleniumhq.org/exceptions/no_such_element.html
Build info: version: &apos;3.10.0&apos;, revision: &apos;176b4a9&apos;, time: &apos;2018-03-02T19:11:12.151Z&apos;
System info: host: &apos;WillHall-MBPrd.roc.mn.charter.com&apos;, ip: &apos;2600:6c46:7800:954:59ac:d5fb:e9a6:82fb%en0&apos;, os.name: &apos;Mac OS X&apos;, os.arch: &apos;x86_64&apos;, os.version: &apos;10.14.6&apos;, java.version: &apos;1.8.0_181&apos;
Driver info: driver.version: unknown
	at org.openqa.selenium.support.ui.ExpectedConditions.lambda$findElement$0(ExpectedConditions.java:896)
	at java.util.Optional.orElseThrow(Optional.java:290)
	at org.openqa.selenium.support.ui.ExpectedConditions.findElement(ExpectedConditions.java:895)
	at org.openqa.selenium.support.ui.ExpectedConditions.access$000(ExpectedConditions.java:44)
	at org.openqa.selenium.support.ui.ExpectedConditions$7.apply(ExpectedConditions.java:206)
	at org.openqa.selenium.support.ui.ExpectedConditions$7.apply(ExpectedConditions.java:202)
	at org.openqa.selenium.support.ui.ExpectedConditions$22.apply(ExpectedConditions.java:657)
	at org.openqa.selenium.support.ui.ExpectedConditions$22.apply(ExpectedConditions.java:654)
	at org.openqa.selenium.support.ui.FluentWait.until(FluentWait.java:249)
</failure>
  </testcase>
  <testcase classname="Tests.PGOGameTests" name="testWordScrambleBiographies" time="71.667">
    <failure message="Expected condition failed: waiting for element to be clickable: By.id: start-button-link (tried for 15 second(s) with 500 milliseconds interval)" type="testWordScrambleBiographies(Tests.PGOGameTests)">org.openqa.selenium.TimeoutException: Expected condition failed: waiting for element to be clickable: By.id: start-button-link (tried for 15 second(s) with 500 milliseconds interval)
	at org.openqa.selenium.support.ui.WebDriverWait.timeoutException(WebDriverWait.java:82)
	at org.openqa.selenium.support.ui.FluentWait.until(FluentWait.java:272)
	at Tests.PGOGameTests.testWordScrambleBiographies(PGOGameTests.java:1526)
	at TrueUserTests.TrueUser.Retry$1.evaluate(Retry.java:24)
	at TrueUserTests.TrueUser.RegressionSuiteRunner.main(RegressionSuiteRunner.java:158)
Caused by: org.openqa.selenium.NoSuchElementException: Cannot locate an element using By.id: start-button-link
For documentation on this error, please visit: http://seleniumhq.org/exceptions/no_such_element.html
Build info: version: &apos;3.10.0&apos;, revision: &apos;176b4a9&apos;, time: &apos;2018-03-02T19:11:12.151Z&apos;
System info: host: &apos;WillHall-MBPrd.roc.mn.charter.com&apos;, ip: &apos;2600:6c46:7800:954:59ac:d5fb:e9a6:82fb%en0&apos;, os.name: &apos;Mac OS X&apos;, os.arch: &apos;x86_64&apos;, os.version: &apos;10.14.6&apos;, java.version: &apos;1.8.0_181&apos;
Driver info: driver.version: unknown
	at org.openqa.selenium.support.ui.ExpectedConditions.lambda$findElement$0(ExpectedConditions.java:896)
	at java.util.Optional.orElseThrow(Optional.java:290)
	at org.openqa.selenium.support.ui.ExpectedConditions.findElement(ExpectedConditions.java:895)
	at org.openqa.selenium.support.ui.ExpectedConditions.access$000(ExpectedConditions.java:44)
	at org.openqa.selenium.support.ui.ExpectedConditions$7.apply(ExpectedConditions.java:206)
	at org.openqa.selenium.support.ui.ExpectedConditions$7.apply(ExpectedConditions.java:202)
	at org.openqa.selenium.support.ui.ExpectedConditions$22.apply(ExpectedConditions.java:657)
	at org.openqa.selenium.support.ui.ExpectedConditions$22.apply(ExpectedConditions.java:654)
	at org.openqa.selenium.support.ui.FluentWait.until(FluentWait.java:249)
</failure>
  </testcase>
  <testcase classname="Tests.PGOGameTests" name="testZoomBiographies" time="68.965">
    <failure message="Expected condition failed: waiting for visibility of element located by By.xpath: //*[@id=&quot;newZoomButton&quot;]/div (tried for 15 second(s) with 500 milliseconds interval)" type="testZoomBiographies(Tests.PGOGameTests)">org.openqa.selenium.TimeoutException: Expected condition failed: waiting for visibility of element located by By.xpath: //*[@id=&quot;newZoomButton&quot;]/div (tried for 15 second(s) with 500 milliseconds interval)
	at org.openqa.selenium.support.ui.WebDriverWait.timeoutException(WebDriverWait.java:82)
	at org.openqa.selenium.support.ui.FluentWait.until(FluentWait.java:272)
	at Tests.PGOGameTests.testZoomBiographies(PGOGameTests.java:140)
	at TrueUserTests.TrueUser.Retry$1.evaluate(Retry.java:24)
	at TrueUserTests.TrueUser.RegressionSuiteRunner.main(RegressionSuiteRunner.java:158)
Caused by: org.openqa.selenium.NoSuchElementException: Cannot locate an element using By.xpath: //*[@id=&quot;newZoomButton&quot;]/div
For documentation on this error, please visit: http://seleniumhq.org/exceptions/no_such_element.html
Build info: version: &apos;3.10.0&apos;, revision: &apos;176b4a9&apos;, time: &apos;2018-03-02T19:11:12.151Z&apos;
System info: host: &apos;WillHall-MBPrd.roc.mn.charter.com&apos;, ip: &apos;2600:6c46:7800:954:59ac:d5fb:e9a6:82fb%en0&apos;, os.name: &apos;Mac OS X&apos;, os.arch: &apos;x86_64&apos;, os.version: &apos;10.14.6&apos;, java.version: &apos;1.8.0_181&apos;
Driver info: driver.version: unknown
	at org.openqa.selenium.support.ui.ExpectedConditions.lambda$findElement$0(ExpectedConditions.java:896)
	at java.util.Optional.orElseThrow(Optional.java:290)
	at org.openqa.selenium.support.ui.ExpectedConditions.findElement(ExpectedConditions.java:895)
	at org.openqa.selenium.support.ui.ExpectedConditions.access$000(ExpectedConditions.java:44)
	at org.openqa.selenium.support.ui.ExpectedConditions$7.apply(ExpectedConditions.java:206)
	at org.openqa.selenium.support.ui.ExpectedConditions$7.apply(ExpectedConditions.java:202)
	at org.openqa.selenium.support.ui.FluentWait.until(FluentWait.java:249)
</failure>
  </testcase>
  <testcase classname="Tests.PGOGameTests" name="testMultiMatchBiografias" time="70.18">
    <failure message="Expected condition failed: waiting for element to be clickable: By.xpath: //*[@id=&apos;predator-label&apos;]/span/span[1] (tried for 15 second(s) with 500 milliseconds interval)" type="testMultiMatchBiografias(Tests.PGOGameTests)">org.openqa.selenium.TimeoutException: Expected condition failed: waiting for element to be clickable: By.xpath: //*[@id=&apos;predator-label&apos;]/span/span[1] (tried for 15 second(s) with 500 milliseconds interval)
	at org.openqa.selenium.support.ui.WebDriverWait.timeoutException(WebDriverWait.java:82)
	at org.openqa.selenium.support.ui.FluentWait.until(FluentWait.java:272)
	at Tests.PGOGameTests.testMultiMatchBiografias(PGOGameTests.java:1097)
	at TrueUserTests.TrueUser.Retry$1.evaluate(Retry.java:24)
	at TrueUserTests.TrueUser.RegressionSuiteRunner.main(RegressionSuiteRunner.java:158)
Caused by: org.openqa.selenium.NoSuchElementException: Cannot locate an element using By.xpath: //*[@id=&apos;predator-label&apos;]/span/span[1]
For documentation on this error, please visit: http://seleniumhq.org/exceptions/no_such_element.html
Build info: version: &apos;3.10.0&apos;, revision: &apos;176b4a9&apos;, time: &apos;2018-03-02T19:11:12.151Z&apos;
System info: host: &apos;WillHall-MBPrd.roc.mn.charter.com&apos;, ip: &apos;2600:6c46:7800:954:59ac:d5fb:e9a6:82fb%en0&apos;, os.name: &apos;Mac OS X&apos;, os.arch: &apos;x86_64&apos;, os.version: &apos;10.14.6&apos;, java.version: &apos;1.8.0_181&apos;
Driver info: driver.version: unknown
	at org.openqa.selenium.support.ui.ExpectedConditions.lambda$findElement$0(ExpectedConditions.java:896)
	at java.util.Optional.orElseThrow(Optional.java:290)
	at org.openqa.selenium.support.ui.ExpectedConditions.findElement(ExpectedConditions.java:895)
	at org.openqa.selenium.support.ui.ExpectedConditions.access$000(ExpectedConditions.java:44)
	at org.openqa.selenium.support.ui.ExpectedConditions$7.apply(ExpectedConditions.java:206)
	at org.openqa.selenium.support.ui.ExpectedConditions$7.apply(ExpectedConditions.java:202)
	at org.openqa.selenium.support.ui.ExpectedConditions$22.apply(ExpectedConditions.java:657)
	at org.openqa.selenium.support.ui.ExpectedConditions$22.apply(ExpectedConditions.java:654)
	at org.openqa.selenium.support.ui.FluentWait.until(FluentWait.java:249)
</failure>
  </testcase>
  <testcase classname="Tests.PGOGameTests" name="testMultiMatchAnimales" time="69.258">
    <failure message="Expected condition failed: waiting for element to be clickable: By.xpath: //*[@id=&apos;predator-label&apos;]/span/span[1] (tried for 15 second(s) with 500 milliseconds interval)" type="testMultiMatchAnimales(Tests.PGOGameTests)">org.openqa.selenium.TimeoutException: Expected condition failed: waiting for element to be clickable: By.xpath: //*[@id=&apos;predator-label&apos;]/span/span[1] (tried for 15 second(s) with 500 milliseconds interval)
	at org.openqa.selenium.support.ui.WebDriverWait.timeoutException(WebDriverWait.java:82)
	at org.openqa.selenium.support.ui.FluentWait.until(FluentWait.java:272)
	at Tests.PGOGameTests.testMultiMatchAnimales(PGOGameTests.java:1019)
	at TrueUserTests.TrueUser.Retry$1.evaluate(Retry.java:24)
	at TrueUserTests.TrueUser.RegressionSuiteRunner.main(RegressionSuiteRunner.java:158)
Caused by: org.openqa.selenium.NoSuchElementException: Cannot locate an element using By.xpath: //*[@id=&apos;predator-label&apos;]/span/span[1]
For documentation on this error, please visit: http://seleniumhq.org/exceptions/no_such_element.html
Build info: version: &apos;3.10.0&apos;, revision: &apos;176b4a9&apos;, time: &apos;2018-03-02T19:11:12.151Z&apos;
System info: host: &apos;WillHall-MBPrd.roc.mn.charter.com&apos;, ip: &apos;2600:6c46:7800:954:59ac:d5fb:e9a6:82fb%en0&apos;, os.name: &apos;Mac OS X&apos;, os.arch: &apos;x86_64&apos;, os.version: &apos;10.14.6&apos;, java.version: &apos;1.8.0_181&apos;
Driver info: driver.version: unknown
	at org.openqa.selenium.support.ui.ExpectedConditions.lambda$findElement$0(ExpectedConditions.java:896)
	at java.util.Optional.orElseThrow(Optional.java:290)
	at org.openqa.selenium.support.ui.ExpectedConditions.findElement(ExpectedConditions.java:895)
	at org.openqa.selenium.support.ui.ExpectedConditions.access$000(ExpectedConditions.java:44)
	at org.openqa.selenium.support.ui.ExpectedConditions$7.apply(ExpectedConditions.java:206)
	at org.openqa.selenium.support.ui.ExpectedConditions$7.apply(ExpectedConditions.java:202)
	at org.openqa.selenium.support.ui.ExpectedConditions$22.apply(ExpectedConditions.java:657)
	at org.openqa.selenium.support.ui.ExpectedConditions$22.apply(ExpectedConditions.java:654)
	at org.openqa.selenium.support.ui.FluentWait.until(FluentWait.java:249)
</failure>
  </testcase>
  <testcase classname="Tests.PGOGameTests" name="testZoomAnimales" time="73.731">
    <failure message="Expected condition failed: waiting for visibility of element located by By.xpath: //*[@id=&quot;newZoomButton&quot;]/div (tried for 15 second(s) with 500 milliseconds interval)" type="testZoomAnimales(Tests.PGOGameTests)">org.openqa.selenium.TimeoutException: Expected condition failed: waiting for visibility of element located by By.xpath: //*[@id=&quot;newZoomButton&quot;]/div (tried for 15 second(s) with 500 milliseconds interval)
	at org.openqa.selenium.support.ui.WebDriverWait.timeoutException(WebDriverWait.java:82)
	at org.openqa.selenium.support.ui.FluentWait.until(FluentWait.java:272)
	at Tests.PGOGameTests.testZoomAnimales(PGOGameTests.java:210)
	at TrueUserTests.TrueUser.Retry$1.evaluate(Retry.java:24)
	at TrueUserTests.TrueUser.RegressionSuiteRunner.main(RegressionSuiteRunner.java:158)
Caused by: org.openqa.selenium.NoSuchElementException: Cannot locate an element using By.xpath: //*[@id=&quot;newZoomButton&quot;]/div
For documentation on this error, please visit: http://seleniumhq.org/exceptions/no_such_element.html
Build info: version: &apos;3.10.0&apos;, revision: &apos;176b4a9&apos;, time: &apos;2018-03-02T19:11:12.151Z&apos;
System info: host: &apos;WillHall-MBPrd.roc.mn.charter.com&apos;, ip: &apos;2600:6c46:7800:954:59ac:d5fb:e9a6:82fb%en0&apos;, os.name: &apos;Mac OS X&apos;, os.arch: &apos;x86_64&apos;, os.version: &apos;10.14.6&apos;, java.version: &apos;1.8.0_181&apos;
Driver info: driver.version: unknown
	at org.openqa.selenium.support.ui.ExpectedConditions.lambda$findElement$0(ExpectedConditions.java:896)
	at java.util.Optional.orElseThrow(Optional.java:290)
	at org.openqa.selenium.support.ui.ExpectedConditions.findElement(ExpectedConditions.java:895)
	at org.openqa.selenium.support.ui.ExpectedConditions.access$000(ExpectedConditions.java:44)
	at org.openqa.selenium.support.ui.ExpectedConditions$7.apply(ExpectedConditions.java:206)
	at org.openqa.selenium.support.ui.ExpectedConditions$7.apply(ExpectedConditions.java:202)
	at org.openqa.selenium.support.ui.FluentWait.until(FluentWait.java:249)
</failure>
  </testcase>
  <testcase classname="Tests.PGOGameTests" name="testJigsawAnimales" time="68.687">
    <failure message="Expected condition failed: waiting for visibility of element located by By.xpath: //*[@id=&quot;next-puzzle&quot;]/div (tried for 15 second(s) with 500 milliseconds interval)" type="testJigsawAnimales(Tests.PGOGameTests)">org.openqa.selenium.TimeoutException: Expected condition failed: waiting for visibility of element located by By.xpath: //*[@id=&quot;next-puzzle&quot;]/div (tried for 15 second(s) with 500 milliseconds interval)
	at org.openqa.selenium.support.ui.WebDriverWait.timeoutException(WebDriverWait.java:82)
	at org.openqa.selenium.support.ui.FluentWait.until(FluentWait.java:272)
	at Tests.PGOGameTests.testJigsawAnimales(PGOGameTests.java:419)
	at TrueUserTests.TrueUser.Retry$1.evaluate(Retry.java:24)
	at TrueUserTests.TrueUser.RegressionSuiteRunner.main(RegressionSuiteRunner.java:158)
Caused by: org.openqa.selenium.NoSuchElementException: Cannot locate an element using By.xpath: //*[@id=&quot;next-puzzle&quot;]/div
For documentation on this error, please visit: http://seleniumhq.org/exceptions/no_such_element.html
Build info: version: &apos;3.10.0&apos;, revision: &apos;176b4a9&apos;, time: &apos;2018-03-02T19:11:12.151Z&apos;
System info: host: &apos;WillHall-MBPrd.roc.mn.charter.com&apos;, ip: &apos;2600:6c46:7800:954:59ac:d5fb:e9a6:82fb%en0&apos;, os.name: &apos;Mac OS X&apos;, os.arch: &apos;x86_64&apos;, os.version: &apos;10.14.6&apos;, java.version: &apos;1.8.0_181&apos;
Driver info: driver.version: unknown
	at org.openqa.selenium.support.ui.ExpectedConditions.lambda$findElement$0(ExpectedConditions.java:896)
	at java.util.Optional.orElseThrow(Optional.java:290)
	at org.openqa.selenium.support.ui.ExpectedConditions.findElement(ExpectedConditions.java:895)
	at org.openqa.selenium.support.ui.ExpectedConditions.access$000(ExpectedConditions.java:44)
	at org.openqa.selenium.support.ui.ExpectedConditions$7.apply(ExpectedConditions.java:206)
	at org.openqa.selenium.support.ui.ExpectedConditions$7.apply(ExpectedConditions.java:202)
	at org.openqa.selenium.support.ui.FluentWait.until(FluentWait.java:249)
</failure>
  </testcase>
  <testcase classname="Tests.PGOGameTests" name="testWordScrambleScience" time="69.348">
    <failure message="Expected condition failed: waiting for element to be clickable: By.id: start-button-link (tried for 15 second(s) with 500 milliseconds interval)" type="testWordScrambleScience(Tests.PGOGameTests)">org.openqa.selenium.TimeoutException: Expected condition failed: waiting for element to be clickable: By.id: start-button-link (tried for 15 second(s) with 500 milliseconds interval)
	at org.openqa.selenium.support.ui.WebDriverWait.timeoutException(WebDriverWait.java:82)
	at org.openqa.selenium.support.ui.FluentWait.until(FluentWait.java:272)
	at Tests.PGOGameTests.testWordScrambleScience(PGOGameTests.java:1500)
	at TrueUserTests.TrueUser.Retry$1.evaluate(Retry.java:24)
	at TrueUserTests.TrueUser.RegressionSuiteRunner.main(RegressionSuiteRunner.java:158)
Caused by: org.openqa.selenium.NoSuchElementException: Cannot locate an element using By.id: start-button-link
For documentation on this error, please visit: http://seleniumhq.org/exceptions/no_such_element.html
Build info: version: &apos;3.10.0&apos;, revision: &apos;176b4a9&apos;, time: &apos;2018-03-02T19:11:12.151Z&apos;
System info: host: &apos;WillHall-MBPrd.roc.mn.charter.com&apos;, ip: &apos;2600:6c46:7800:954:59ac:d5fb:e9a6:82fb%en0&apos;, os.name: &apos;Mac OS X&apos;, os.arch: &apos;x86_64&apos;, os.version: &apos;10.14.6&apos;, java.version: &apos;1.8.0_181&apos;
Driver info: driver.version: unknown
	at org.openqa.selenium.support.ui.ExpectedConditions.lambda$findElement$0(ExpectedConditions.java:896)
	at java.util.Optional.orElseThrow(Optional.java:290)
	at org.openqa.selenium.support.ui.ExpectedConditions.findElement(ExpectedConditions.java:895)
	at org.openqa.selenium.support.ui.ExpectedConditions.access$000(ExpectedConditions.java:44)
	at org.openqa.selenium.support.ui.ExpectedConditions$7.apply(ExpectedConditions.java:206)
	at org.openqa.selenium.support.ui.ExpectedConditions$7.apply(ExpectedConditions.java:202)
	at org.openqa.selenium.support.ui.ExpectedConditions$22.apply(ExpectedConditions.java:657)
	at org.openqa.selenium.support.ui.ExpectedConditions$22.apply(ExpectedConditions.java:654)
	at org.openqa.selenium.support.ui.FluentWait.until(FluentWait.java:249)
</failure>
  </testcase>
  <testcase classname="Tests.PGOGameTests" name="testZoomBiografias" time="68.637">
    <failure message="Expected condition failed: waiting for visibility of element located by By.xpath: //*[@id=&quot;newZoomButton&quot;]/div (tried for 15 second(s) with 500 milliseconds interval)" type="testZoomBiografias(Tests.PGOGameTests)">org.openqa.selenium.TimeoutException: Expected condition failed: waiting for visibility of element located by By.xpath: //*[@id=&quot;newZoomButton&quot;]/div (tried for 15 second(s) with 500 milliseconds interval)
	at org.openqa.selenium.support.ui.WebDriverWait.timeoutException(WebDriverWait.java:82)
	at org.openqa.selenium.support.ui.FluentWait.until(FluentWait.java:272)
	at Tests.PGOGameTests.testZoomBiografias(PGOGameTests.java:256)
	at TrueUserTests.TrueUser.Retry$1.evaluate(Retry.java:24)
	at TrueUserTests.TrueUser.RegressionSuiteRunner.main(RegressionSuiteRunner.java:158)
Caused by: org.openqa.selenium.NoSuchElementException: Cannot locate an element using By.xpath: //*[@id=&quot;newZoomButton&quot;]/div
For documentation on this error, please visit: http://seleniumhq.org/exceptions/no_such_element.html
Build info: version: &apos;3.10.0&apos;, revision: &apos;176b4a9&apos;, time: &apos;2018-03-02T19:11:12.151Z&apos;
System info: host: &apos;WillHall-MBPrd.roc.mn.charter.com&apos;, ip: &apos;2600:6c46:7800:954:59ac:d5fb:e9a6:82fb%en0&apos;, os.name: &apos;Mac OS X&apos;, os.arch: &apos;x86_64&apos;, os.version: &apos;10.14.6&apos;, java.version: &apos;1.8.0_181&apos;
Driver info: driver.version: unknown
	at org.openqa.selenium.support.ui.ExpectedConditions.lambda$findElement$0(ExpectedConditions.java:896)
	at java.util.Optional.orElseThrow(Optional.java:290)
	at org.openqa.selenium.support.ui.ExpectedConditions.findElement(ExpectedConditions.java:895)
	at org.openqa.selenium.support.ui.ExpectedConditions.access$000(ExpectedConditions.java:44)
	at org.openqa.selenium.support.ui.ExpectedConditions$7.apply(ExpectedConditions.java:206)
	at org.openqa.selenium.support.ui.ExpectedConditions$7.apply(ExpectedConditions.java:202)
	at org.openqa.selenium.support.ui.FluentWait.until(FluentWait.java:249)
</failure>
  </testcase>
  <testcase classname="Tests.PGOGameTests" name="testWhackScience" time="70.871">
    <failure message="Expected condition failed: waiting for element to be clickable: By.xpath: //*[@id=&quot;start-screen&quot;]/div/div (tried for 15 second(s) with 500 milliseconds interval)" type="testWhackScience(Tests.PGOGameTests)">org.openqa.selenium.TimeoutException: Expected condition failed: waiting for element to be clickable: By.xpath: //*[@id=&quot;start-screen&quot;]/div/div (tried for 15 second(s) with 500 milliseconds interval)
	at org.openqa.selenium.support.ui.WebDriverWait.timeoutException(WebDriverWait.java:82)
	at org.openqa.selenium.support.ui.FluentWait.until(FluentWait.java:272)
	at Tests.PGOGameTests.testWhackScience(PGOGameTests.java:1209)
	at TrueUserTests.TrueUser.Retry$1.evaluate(Retry.java:24)
	at TrueUserTests.TrueUser.RegressionSuiteRunner.main(RegressionSuiteRunner.java:158)
Caused by: org.openqa.selenium.NoSuchElementException: Cannot locate an element using By.xpath: //*[@id=&quot;start-screen&quot;]/div/div
For documentation on this error, please visit: http://seleniumhq.org/exceptions/no_such_element.html
Build info: version: &apos;3.10.0&apos;, revision: &apos;176b4a9&apos;, time: &apos;2018-03-02T19:11:12.151Z&apos;
System info: host: &apos;WillHall-MBPrd.roc.mn.charter.com&apos;, ip: &apos;2600:6c46:7800:954:59ac:d5fb:e9a6:82fb%en0&apos;, os.name: &apos;Mac OS X&apos;, os.arch: &apos;x86_64&apos;, os.version: &apos;10.14.6&apos;, java.version: &apos;1.8.0_181&apos;
Driver info: driver.version: unknown
	at org.openqa.selenium.support.ui.ExpectedConditions.lambda$findElement$0(ExpectedConditions.java:896)
	at java.util.Optional.orElseThrow(Optional.java:290)
	at org.openqa.selenium.support.ui.ExpectedConditions.findElement(ExpectedConditions.java:895)
	at org.openqa.selenium.support.ui.ExpectedConditions.access$000(ExpectedConditions.java:44)
	at org.openqa.selenium.support.ui.ExpectedConditions$7.apply(ExpectedConditions.java:206)
	at org.openqa.selenium.support.ui.ExpectedConditions$7.apply(ExpectedConditions.java:202)
	at org.openqa.selenium.support.ui.ExpectedConditions$22.apply(ExpectedConditions.java:657)
	at org.openqa.selenium.support.ui.ExpectedConditions$22.apply(ExpectedConditions.java:654)
	at org.openqa.selenium.support.ui.FluentWait.until(FluentWait.java:249)
</failure>
  </testcase>
  <testcase classname="Tests.LoginTests" name="testUnsignedEula" time="56.302">
    <failure type="testUnsignedEula(Tests.LoginTests)">java.lang.NullPointerException
	at Tests.LoginTests.testUnsignedEula(LoginTests.java:134)
	at TrueUserTests.TrueUser.Retry$1.evaluate(Retry.java:24)
	at TrueUserTests.TrueUser.RegressionSuiteRunner.main(RegressionSuiteRunner.java:158)
</failure>
  </testcase>
  <testcase classname="Tests.LoginTests" name="testDisableArticlesAccessSchoolTeacher" time="58.171">
    <failure message="Tests that a teacher can access Disable Articles after log in" type="testDisableArticlesAccessSchoolTeacher(Tests.LoginTests)">java.lang.AssertionError: Tests that a teacher can access Disable Articles after log in
	at Tests.LoginTests.testDisableArticlesAccessSchoolTeacher(LoginTests.java:96)
	at TrueUserTests.TrueUser.Retry$1.evaluate(Retry.java:24)
	at TrueUserTests.TrueUser.RegressionSuiteRunner.main(RegressionSuiteRunner.java:158)
</failure>
  </testcase>
  <testcase classname="Tests.LoginTests" name="testStudentSQS" time="60.293">
    <failure message="Tests that a student can log in through an SQS string" type="testStudentSQS(Tests.LoginTests)">java.lang.AssertionError: Tests that a student can log in through an SQS string
	at Tests.LoginTests.testStudentSQS(LoginTests.java:123)
	at TrueUserTests.TrueUser.Retry$1.evaluate(Retry.java:24)
	at TrueUserTests.TrueUser.RegressionSuiteRunner.main(RegressionSuiteRunner.java:158)
</failure>
  </testcase>
  <testcase classname="Tests.LoginTests" name="testDisableArticlesAccessSchoolAdmin" time="60.463">
    <failure message="Tests that a school admin user can access Disable Articles after log in" type="testDisableArticlesAccessSchoolAdmin(Tests.LoginTests)">java.lang.AssertionError: Tests that a school admin user can access Disable Articles after log in
	at Tests.LoginTests.testDisableArticlesAccessSchoolAdmin(LoginTests.java:104)
	at TrueUserTests.TrueUser.Retry$1.evaluate(Retry.java:24)
	at TrueUserTests.TrueUser.RegressionSuiteRunner.main(RegressionSuiteRunner.java:158)
</failure>
  </testcase>
  <testcase classname="Tests.LoginTests" name="testDirectASPXURLLogin" time="58.791">
    <failure message="Tests that a student can log in through an ASPX SQS string" type="testDirectASPXURLLogin(Tests.LoginTests)">java.lang.AssertionError: Tests that a student can log in through an ASPX SQS string
	at Tests.LoginTests.testDirectASPXURLLogin(LoginTests.java:114)
	at TrueUserTests.TrueUser.Retry$1.evaluate(Retry.java:24)
	at TrueUserTests.TrueUser.RegressionSuiteRunner.main(RegressionSuiteRunner.java:158)
</failure>
  </testcase>
  <testcase classname="Tests.LoginTests" name="testExpiredSiteMessage" time="54.74">
    <failure type="testExpiredSiteMessage(Tests.LoginTests)">java.lang.NullPointerException
	at Tests.LoginTests.testExpiredSiteMessage(LoginTests.java:73)
	at TrueUserTests.TrueUser.Retry$1.evaluate(Retry.java:24)
	at TrueUserTests.TrueUser.RegressionSuiteRunner.main(RegressionSuiteRunner.java:158)
</failure>
  </testcase>
  <testcase classname="Tests.LoginTests" name="testTeacherCredentials" time="63.037">
    <failure message="Tests that a teacher can sign in and is taken to the teacher homepage" type="testTeacherCredentials(Tests.LoginTests)">java.lang.AssertionError: Tests that a teacher can sign in and is taken to the teacher homepage
	at Tests.LoginTests.testTeacherCredentials(LoginTests.java:84)
	at TrueUserTests.TrueUser.Retry$1.evaluate(Retry.java:24)
	at TrueUserTests.TrueUser.RegressionSuiteRunner.main(RegressionSuiteRunner.java:158)
</failure>
  </testcase>
  <testcase classname="Tests.NavigationBarTests" name="testFAQElementsPresent" time="6.821">
    <failure message="Asserts that the FAQ button redirects a user to the FAQ page" type="testFAQElementsPresent(Tests.NavigationBarTests)">java.lang.AssertionError: Asserts that the FAQ button redirects a user to the FAQ page
	at Tests.NavigationBarTests.testFAQElementsPresent(NavigationBarTests.java:64)
	at TrueUserTests.TrueUser.Retry$1.evaluate(Retry.java:24)
	at TrueUserTests.TrueUser.RegressionSuiteRunner.main(RegressionSuiteRunner.java:158)
</failure>
  </testcase>
  <testcase classname="Tests.NavigationBarTests" name="testPebbleGoLogo" time="6.984">
    <failure message="Asserts that the PebbleGo Logo redirects to the Main Login page and that all elements are present" type="testPebbleGoLogo(Tests.NavigationBarTests)">java.lang.AssertionError: Asserts that the PebbleGo Logo redirects to the Main Login page and that all elements are present
	at Tests.NavigationBarTests.testPebbleGoLogo(NavigationBarTests.java:107)
	at TrueUserTests.TrueUser.Retry$1.evaluate(Retry.java:24)
	at TrueUserTests.TrueUser.RegressionSuiteRunner.main(RegressionSuiteRunner.java:158)
</failure>
  </testcase>
  <testcase classname="Tests.NavigationBarTests" name="testHomePageTopCommunityLink" time="6.233">
    <failure message="no such element: Unable to locate element: {&quot;method&quot;:&quot;id&quot;,&quot;selector&quot;:&quot;top-community&quot;}
  (Session info: headless chrome=83.0.4103.97)
  (Driver info: chromedriver=2.43.600229 (3fae4d0cda5334b4f533bede5a4787f7b832d052),platform=Mac OS X 10.14.6 x86_64) (WARNING: The server did not provide any stacktrace information)
Command duration or timeout: 0 milliseconds
For documentation on this error, please visit: http://seleniumhq.org/exceptions/no_such_element.html
Build info: version: &apos;3.10.0&apos;, revision: &apos;176b4a9&apos;, time: &apos;2018-03-02T19:11:12.151Z&apos;
System info: host: &apos;WillHall-MBPrd.roc.mn.charter.com&apos;, ip: &apos;2600:6c46:7800:954:59ac:d5fb:e9a6:82fb%en0&apos;, os.name: &apos;Mac OS X&apos;, os.arch: &apos;x86_64&apos;, os.version: &apos;10.14.6&apos;, java.version: &apos;1.8.0_181&apos;
Driver info: org.openqa.selenium.chrome.ChromeDriver
Capabilities {acceptInsecureCerts: false, acceptSslCerts: false, applicationCacheEnabled: false, browserConnectionEnabled: false, browserName: chrome, chrome: {chromedriverVersion: 2.43.600229 (3fae4d0cda5334..., userDataDir: /var/folders/3n/b5sknkcj0f3...}, cssSelectorsEnabled: true, databaseEnabled: false, goog:chromeOptions: {debuggerAddress: localhost:51299}, handlesAlerts: true, hasTouchScreen: false, javascriptEnabled: true, locationContextEnabled: true, mobileEmulationEnabled: false, nativeEvents: true, networkConnectionEnabled: false, pageLoadStrategy: normal, platform: MAC, platformName: MAC, rotatable: false, setWindowRect: true, takesHeapSnapshot: true, takesScreenshot: true, unexpectedAlertBehaviour: , unhandledPromptBehavior: , version: 83.0.4103.97, webStorageEnabled: true}
Session ID: 75ea8da6eae5297a558dd5dbb9f64afc
*** Element info: {Using=id, value=top-community}" type="testHomePageTopCommunityLink(Tests.NavigationBarTests)">org.openqa.selenium.NoSuchElementException: no such element: Unable to locate element: {&quot;method&quot;:&quot;id&quot;,&quot;selector&quot;:&quot;top-community&quot;}
  (Session info: headless chrome=83.0.4103.97)
  (Driver info: chromedriver=2.43.600229 (3fae4d0cda5334b4f533bede5a4787f7b832d052),platform=Mac OS X 10.14.6 x86_64) (WARNING: The server did not provide any stacktrace information)
Command duration or timeout: 0 milliseconds
For documentation on this error, please visit: http://seleniumhq.org/exceptions/no_such_element.html
Build info: version: &apos;3.10.0&apos;, revision: &apos;176b4a9&apos;, time: &apos;2018-03-02T19:11:12.151Z&apos;
System info: host: &apos;WillHall-MBPrd.roc.mn.charter.com&apos;, ip: &apos;2600:6c46:7800:954:59ac:d5fb:e9a6:82fb%en0&apos;, os.name: &apos;Mac OS X&apos;, os.arch: &apos;x86_64&apos;, os.version: &apos;10.14.6&apos;, java.version: &apos;1.8.0_181&apos;
Driver info: org.openqa.selenium.chrome.ChromeDriver
Capabilities {acceptInsecureCerts: false, acceptSslCerts: false, applicationCacheEnabled: false, browserConnectionEnabled: false, browserName: chrome, chrome: {chromedriverVersion: 2.43.600229 (3fae4d0cda5334..., userDataDir: /var/folders/3n/b5sknkcj0f3...}, cssSelectorsEnabled: true, databaseEnabled: false, goog:chromeOptions: {debuggerAddress: localhost:51299}, handlesAlerts: true, hasTouchScreen: false, javascriptEnabled: true, locationContextEnabled: true, mobileEmulationEnabled: false, nativeEvents: true, networkConnectionEnabled: false, pageLoadStrategy: normal, platform: MAC, platformName: MAC, rotatable: false, setWindowRect: true, takesHeapSnapshot: true, takesScreenshot: true, unexpectedAlertBehaviour: , unhandledPromptBehavior: , version: 83.0.4103.97, webStorageEnabled: true}
Session ID: 75ea8da6eae5297a558dd5dbb9f64afc
*** Element info: {Using=id, value=top-community}
	at java.lang.reflect.Constructor.newInstance(Constructor.java:423)
	at org.openqa.selenium.remote.ErrorHandler.createThrowable(ErrorHandler.java:214)
	at org.openqa.selenium.remote.ErrorHandler.throwIfResponseFailed(ErrorHandler.java:166)
	at org.openqa.selenium.remote.http.JsonHttpResponseCodec.reconstructValue(JsonHttpResponseCodec.java:40)
	at org.openqa.selenium.remote.http.AbstractHttpResponseCodec.decode(AbstractHttpResponseCodec.java:80)
	at org.openqa.selenium.remote.http.AbstractHttpResponseCodec.decode(AbstractHttpResponseCodec.java:44)
	at org.openqa.selenium.remote.HttpCommandExecutor.execute(HttpCommandExecutor.java:160)
	at org.openqa.selenium.remote.service.DriverCommandExecutor.execute(DriverCommandExecutor.java:83)
	at org.openqa.selenium.remote.RemoteWebDriver.execute(RemoteWebDriver.java:601)
	at org.openqa.selenium.remote.RemoteWebDriver.findElement(RemoteWebDriver.java:371)
	at org.openqa.selenium.remote.RemoteWebDriver.findElementById(RemoteWebDriver.java:417)
	at org.openqa.selenium.By$ById.findElement(By.java:218)
	at org.openqa.selenium.remote.RemoteWebDriver.findElement(RemoteWebDriver.java:363)
	at SharedClasses.BasePage.verifyLinkContainsURLByElement(BasePage.java:332)
	at Tests.NavigationBarTests.testHomePageTopCommunityLink(NavigationBarTests.java:196)
	at TrueUserTests.TrueUser.Retry$1.evaluate(Retry.java:24)
	at TrueUserTests.TrueUser.RegressionSuiteRunner.main(RegressionSuiteRunner.java:158)
</failure>
  </testcase>
  <testcase classname="Tests.NavigationBarTests" name="testPricingButton" time="6.628">
    <failure message="Asserts that the Pricing button redirects a user to the PebbleGo pricing page" type="testPricingButton(Tests.NavigationBarTests)">java.lang.AssertionError: Asserts that the Pricing button redirects a user to the PebbleGo pricing page
	at Tests.NavigationBarTests.testPricingButton(NavigationBarTests.java:79)
	at TrueUserTests.TrueUser.Retry$1.evaluate(Retry.java:24)
	at TrueUserTests.TrueUser.RegressionSuiteRunner.main(RegressionSuiteRunner.java:158)
</failure>
  </testcase>
  <testcase classname="Tests.NavigationBarTests" name="testDocumentButton" time="6.878">
    <failure message="Asserts that the Documents button redirects the user to the Documents page" type="testDocumentButton(Tests.NavigationBarTests)">java.lang.AssertionError: Asserts that the Documents button redirects the user to the Documents page
	at Tests.NavigationBarTests.testDocumentButton(NavigationBarTests.java:123)
	at TrueUserTests.TrueUser.Retry$1.evaluate(Retry.java:24)
	at TrueUserTests.TrueUser.RegressionSuiteRunner.main(RegressionSuiteRunner.java:158)
</failure>
  </testcase>
  <testcase classname="Tests.NavigationBarTests" name="testAboutButton" time="53.31">
    <failure message="Expected condition failed: waiting for visibility of all elements located by By.linkText: About Us (tried for 15 second(s) with 500 milliseconds interval)
Build info: version: &apos;3.10.0&apos;, revision: &apos;176b4a9&apos;, time: &apos;2018-03-02T19:11:12.151Z&apos;
System info: host: &apos;WillHall-MBPrd.roc.mn.charter.com&apos;, ip: &apos;2600:6c46:7800:954:59ac:d5fb:e9a6:82fb%en0&apos;, os.name: &apos;Mac OS X&apos;, os.arch: &apos;x86_64&apos;, os.version: &apos;10.14.6&apos;, java.version: &apos;1.8.0_181&apos;
Driver info: org.openqa.selenium.chrome.ChromeDriver
Capabilities {acceptInsecureCerts: false, acceptSslCerts: false, applicationCacheEnabled: false, browserConnectionEnabled: false, browserName: chrome, chrome: {chromedriverVersion: 2.43.600229 (3fae4d0cda5334..., userDataDir: /var/folders/3n/b5sknkcj0f3...}, cssSelectorsEnabled: true, databaseEnabled: false, goog:chromeOptions: {debuggerAddress: localhost:51490}, handlesAlerts: true, hasTouchScreen: false, javascriptEnabled: true, locationContextEnabled: true, mobileEmulationEnabled: false, nativeEvents: true, networkConnectionEnabled: false, pageLoadStrategy: normal, platform: MAC, platformName: MAC, rotatable: false, setWindowRect: true, takesHeapSnapshot: true, takesScreenshot: true, unexpectedAlertBehaviour: , unhandledPromptBehavior: , version: 83.0.4103.97, webStorageEnabled: true}
Session ID: 985549799b2d00eeb6cad03ab7c1edb2" type="testAboutButton(Tests.NavigationBarTests)">org.openqa.selenium.TimeoutException: Expected condition failed: waiting for visibility of all elements located by By.linkText: About Us (tried for 15 second(s) with 500 milliseconds interval)
Build info: version: &apos;3.10.0&apos;, revision: &apos;176b4a9&apos;, time: &apos;2018-03-02T19:11:12.151Z&apos;
System info: host: &apos;WillHall-MBPrd.roc.mn.charter.com&apos;, ip: &apos;2600:6c46:7800:954:59ac:d5fb:e9a6:82fb%en0&apos;, os.name: &apos;Mac OS X&apos;, os.arch: &apos;x86_64&apos;, os.version: &apos;10.14.6&apos;, java.version: &apos;1.8.0_181&apos;
Driver info: org.openqa.selenium.chrome.ChromeDriver
Capabilities {acceptInsecureCerts: false, acceptSslCerts: false, applicationCacheEnabled: false, browserConnectionEnabled: false, browserName: chrome, chrome: {chromedriverVersion: 2.43.600229 (3fae4d0cda5334..., userDataDir: /var/folders/3n/b5sknkcj0f3...}, cssSelectorsEnabled: true, databaseEnabled: false, goog:chromeOptions: {debuggerAddress: localhost:51490}, handlesAlerts: true, hasTouchScreen: false, javascriptEnabled: true, locationContextEnabled: true, mobileEmulationEnabled: false, nativeEvents: true, networkConnectionEnabled: false, pageLoadStrategy: normal, platform: MAC, platformName: MAC, rotatable: false, setWindowRect: true, takesHeapSnapshot: true, takesScreenshot: true, unexpectedAlertBehaviour: , unhandledPromptBehavior: , version: 83.0.4103.97, webStorageEnabled: true}
Session ID: 985549799b2d00eeb6cad03ab7c1edb2
	at org.openqa.selenium.support.ui.WebDriverWait.timeoutException(WebDriverWait.java:82)
	at org.openqa.selenium.support.ui.FluentWait.until(FluentWait.java:272)
	at Tests.NavigationBarTests.testAboutButton(NavigationBarTests.java:176)
	at TrueUserTests.TrueUser.Retry$1.evaluate(Retry.java:24)
	at TrueUserTests.TrueUser.RegressionSuiteRunner.main(RegressionSuiteRunner.java:158)
</failure>
  </testcase>
  <testcase classname="Tests.NavigationBarTests" name="testLoginButton" time="52.73">
    <failure message="Expected condition failed: waiting for visibility of all elements located by By.linkText: About Us (tried for 15 second(s) with 500 milliseconds interval)
Build info: version: &apos;3.10.0&apos;, revision: &apos;176b4a9&apos;, time: &apos;2018-03-02T19:11:12.151Z&apos;
System info: host: &apos;WillHall-MBPrd.roc.mn.charter.com&apos;, ip: &apos;2600:6c46:7800:954:59ac:d5fb:e9a6:82fb%en0&apos;, os.name: &apos;Mac OS X&apos;, os.arch: &apos;x86_64&apos;, os.version: &apos;10.14.6&apos;, java.version: &apos;1.8.0_181&apos;
Driver info: org.openqa.selenium.chrome.ChromeDriver
Capabilities {acceptInsecureCerts: false, acceptSslCerts: false, applicationCacheEnabled: false, browserConnectionEnabled: false, browserName: chrome, chrome: {chromedriverVersion: 2.43.600229 (3fae4d0cda5334..., userDataDir: /var/folders/3n/b5sknkcj0f3...}, cssSelectorsEnabled: true, databaseEnabled: false, goog:chromeOptions: {debuggerAddress: localhost:51558}, handlesAlerts: true, hasTouchScreen: false, javascriptEnabled: true, locationContextEnabled: true, mobileEmulationEnabled: false, nativeEvents: true, networkConnectionEnabled: false, pageLoadStrategy: normal, platform: MAC, platformName: MAC, rotatable: false, setWindowRect: true, takesHeapSnapshot: true, takesScreenshot: true, unexpectedAlertBehaviour: , unhandledPromptBehavior: , version: 83.0.4103.97, webStorageEnabled: true}
Session ID: d2a5817a888fceea1c63b9168a4566f3" type="testLoginButton(Tests.NavigationBarTests)">org.openqa.selenium.TimeoutException: Expected condition failed: waiting for visibility of all elements located by By.linkText: About Us (tried for 15 second(s) with 500 milliseconds interval)
Build info: version: &apos;3.10.0&apos;, revision: &apos;176b4a9&apos;, time: &apos;2018-03-02T19:11:12.151Z&apos;
System info: host: &apos;WillHall-MBPrd.roc.mn.charter.com&apos;, ip: &apos;2600:6c46:7800:954:59ac:d5fb:e9a6:82fb%en0&apos;, os.name: &apos;Mac OS X&apos;, os.arch: &apos;x86_64&apos;, os.version: &apos;10.14.6&apos;, java.version: &apos;1.8.0_181&apos;
Driver info: org.openqa.selenium.chrome.ChromeDriver
Capabilities {acceptInsecureCerts: false, acceptSslCerts: false, applicationCacheEnabled: false, browserConnectionEnabled: false, browserName: chrome, chrome: {chromedriverVersion: 2.43.600229 (3fae4d0cda5334..., userDataDir: /var/folders/3n/b5sknkcj0f3...}, cssSelectorsEnabled: true, databaseEnabled: false, goog:chromeOptions: {debuggerAddress: localhost:51558}, handlesAlerts: true, hasTouchScreen: false, javascriptEnabled: true, locationContextEnabled: true, mobileEmulationEnabled: false, nativeEvents: true, networkConnectionEnabled: false, pageLoadStrategy: normal, platform: MAC, platformName: MAC, rotatable: false, setWindowRect: true, takesHeapSnapshot: true, takesScreenshot: true, unexpectedAlertBehaviour: , unhandledPromptBehavior: , version: 83.0.4103.97, webStorageEnabled: true}
Session ID: d2a5817a888fceea1c63b9168a4566f3
	at org.openqa.selenium.support.ui.WebDriverWait.timeoutException(WebDriverWait.java:82)
	at org.openqa.selenium.support.ui.FluentWait.until(FluentWait.java:272)
	at Tests.NavigationBarTests.testLoginButton(NavigationBarTests.java:152)
	at TrueUserTests.TrueUser.Retry$1.evaluate(Retry.java:24)
	at TrueUserTests.TrueUser.RegressionSuiteRunner.main(RegressionSuiteRunner.java:158)
</failure>
  </testcase>
  <testcase classname="Tests.NavigationBarTests" name="testContactUsButton" time="6.524">
    <failure message="Asserts that the Contact Us button redirects a user to the Customer Service page" type="testContactUsButton(Tests.NavigationBarTests)">java.lang.AssertionError: Asserts that the Contact Us button redirects a user to the Customer Service page
	at Tests.NavigationBarTests.testContactUsButton(NavigationBarTests.java:94)
	at TrueUserTests.TrueUser.Retry$1.evaluate(Retry.java:24)
	at TrueUserTests.TrueUser.RegressionSuiteRunner.main(RegressionSuiteRunner.java:158)
</failure>
  </testcase>
  <testcase classname="Tests.NavigationBarTests" name="testSystemRequirementsButton" time="6.618">
    <failure message="no such element: Unable to locate element: {&quot;method&quot;:&quot;link text&quot;,&quot;selector&quot;:&quot;Check your system?&quot;}
  (Session info: headless chrome=83.0.4103.97)
  (Driver info: chromedriver=2.43.600229 (3fae4d0cda5334b4f533bede5a4787f7b832d052),platform=Mac OS X 10.14.6 x86_64) (WARNING: The server did not provide any stacktrace information)
Command duration or timeout: 0 milliseconds
For documentation on this error, please visit: http://seleniumhq.org/exceptions/no_such_element.html
Build info: version: &apos;3.10.0&apos;, revision: &apos;176b4a9&apos;, time: &apos;2018-03-02T19:11:12.151Z&apos;
System info: host: &apos;WillHall-MBPrd.roc.mn.charter.com&apos;, ip: &apos;2600:6c46:7800:954:59ac:d5fb:e9a6:82fb%en0&apos;, os.name: &apos;Mac OS X&apos;, os.arch: &apos;x86_64&apos;, os.version: &apos;10.14.6&apos;, java.version: &apos;1.8.0_181&apos;
Driver info: org.openqa.selenium.chrome.ChromeDriver
Capabilities {acceptInsecureCerts: false, acceptSslCerts: false, applicationCacheEnabled: false, browserConnectionEnabled: false, browserName: chrome, chrome: {chromedriverVersion: 2.43.600229 (3fae4d0cda5334..., userDataDir: /var/folders/3n/b5sknkcj0f3...}, cssSelectorsEnabled: true, databaseEnabled: false, goog:chromeOptions: {debuggerAddress: localhost:51649}, handlesAlerts: true, hasTouchScreen: false, javascriptEnabled: true, locationContextEnabled: true, mobileEmulationEnabled: false, nativeEvents: true, networkConnectionEnabled: false, pageLoadStrategy: normal, platform: MAC, platformName: MAC, rotatable: false, setWindowRect: true, takesHeapSnapshot: true, takesScreenshot: true, unexpectedAlertBehaviour: , unhandledPromptBehavior: , version: 83.0.4103.97, webStorageEnabled: true}
Session ID: 5ba9b79a97f52bdb2d96f8563b5d90d3
*** Element info: {Using=link text, value=Check your system?}" type="testSystemRequirementsButton(Tests.NavigationBarTests)">org.openqa.selenium.NoSuchElementException: no such element: Unable to locate element: {&quot;method&quot;:&quot;link text&quot;,&quot;selector&quot;:&quot;Check your system?&quot;}
  (Session info: headless chrome=83.0.4103.97)
  (Driver info: chromedriver=2.43.600229 (3fae4d0cda5334b4f533bede5a4787f7b832d052),platform=Mac OS X 10.14.6 x86_64) (WARNING: The server did not provide any stacktrace information)
Command duration or timeout: 0 milliseconds
For documentation on this error, please visit: http://seleniumhq.org/exceptions/no_such_element.html
Build info: version: &apos;3.10.0&apos;, revision: &apos;176b4a9&apos;, time: &apos;2018-03-02T19:11:12.151Z&apos;
System info: host: &apos;WillHall-MBPrd.roc.mn.charter.com&apos;, ip: &apos;2600:6c46:7800:954:59ac:d5fb:e9a6:82fb%en0&apos;, os.name: &apos;Mac OS X&apos;, os.arch: &apos;x86_64&apos;, os.version: &apos;10.14.6&apos;, java.version: &apos;1.8.0_181&apos;
Driver info: org.openqa.selenium.chrome.ChromeDriver
Capabilities {acceptInsecureCerts: false, acceptSslCerts: false, applicationCacheEnabled: false, browserConnectionEnabled: false, browserName: chrome, chrome: {chromedriverVersion: 2.43.600229 (3fae4d0cda5334..., userDataDir: /var/folders/3n/b5sknkcj0f3...}, cssSelectorsEnabled: true, databaseEnabled: false, goog:chromeOptions: {debuggerAddress: localhost:51649}, handlesAlerts: true, hasTouchScreen: false, javascriptEnabled: true, locationContextEnabled: true, mobileEmulationEnabled: false, nativeEvents: true, networkConnectionEnabled: false, pageLoadStrategy: normal, platform: MAC, platformName: MAC, rotatable: false, setWindowRect: true, takesHeapSnapshot: true, takesScreenshot: true, unexpectedAlertBehaviour: , unhandledPromptBehavior: , version: 83.0.4103.97, webStorageEnabled: true}
Session ID: 5ba9b79a97f52bdb2d96f8563b5d90d3
*** Element info: {Using=link text, value=Check your system?}
	at java.lang.reflect.Constructor.newInstance(Constructor.java:423)
	at org.openqa.selenium.remote.ErrorHandler.createThrowable(ErrorHandler.java:214)
	at org.openqa.selenium.remote.ErrorHandler.throwIfResponseFailed(ErrorHandler.java:166)
	at org.openqa.selenium.remote.http.JsonHttpResponseCodec.reconstructValue(JsonHttpResponseCodec.java:40)
	at org.openqa.selenium.remote.http.AbstractHttpResponseCodec.decode(AbstractHttpResponseCodec.java:80)
	at org.openqa.selenium.remote.http.AbstractHttpResponseCodec.decode(AbstractHttpResponseCodec.java:44)
	at org.openqa.selenium.remote.HttpCommandExecutor.execute(HttpCommandExecutor.java:160)
	at org.openqa.selenium.remote.service.DriverCommandExecutor.execute(DriverCommandExecutor.java:83)
	at org.openqa.selenium.remote.RemoteWebDriver.execute(RemoteWebDriver.java:601)
	at org.openqa.selenium.remote.RemoteWebDriver.findElement(RemoteWebDriver.java:371)
	at org.openqa.selenium.remote.RemoteWebDriver.findElementByLinkText(RemoteWebDriver.java:425)
	at org.openqa.selenium.By$ByLinkText.findElement(By.java:246)
	at org.openqa.selenium.remote.RemoteWebDriver.findElement(RemoteWebDriver.java:363)
	at PGOPages.SystemRequirementsPage.clickCheckYourSystem(SystemRequirementsPage.java:38)
	at Tests.NavigationBarTests.testSystemRequirementsButton(NavigationBarTests.java:135)
	at TrueUserTests.TrueUser.Retry$1.evaluate(Retry.java:24)
	at TrueUserTests.TrueUser.RegressionSuiteRunner.main(RegressionSuiteRunner.java:158)
</failure>
  </testcase>
  <testcase classname="Tests.DisableArticlesTests" name="testDatabaseOffForStudent" time="2.064">
    <failure type="testDatabaseOffForStudent(Tests.DisableArticlesTests)">java.lang.NullPointerException
	at Tests.DisableArticlesTests.testDatabaseOffForStudent(DisableArticlesTests.java:935)
	at TrueUserTests.TrueUser.Retry$1.evaluate(Retry.java:24)
	at TrueUserTests.TrueUser.RegressionSuiteRunner.main(RegressionSuiteRunner.java:158)
</failure>
    <failure message="invalid session id
  (Driver info: chromedriver=2.43.600229 (3fae4d0cda5334b4f533bede5a4787f7b832d052),platform=Mac OS X 10.14.6 x86_64) (WARNING: The server did not provide any stacktrace information)
Command duration or timeout: 0 milliseconds
Build info: version: &apos;3.10.0&apos;, revision: &apos;176b4a9&apos;, time: &apos;2018-03-02T19:11:12.151Z&apos;
System info: host: &apos;WillHall-MBPrd.roc.mn.charter.com&apos;, ip: &apos;2600:6c46:7800:954:59ac:d5fb:e9a6:82fb%en0&apos;, os.name: &apos;Mac OS X&apos;, os.arch: &apos;x86_64&apos;, os.version: &apos;10.14.6&apos;, java.version: &apos;1.8.0_181&apos;
Driver info: org.openqa.selenium.chrome.ChromeDriver
Capabilities {acceptInsecureCerts: false, acceptSslCerts: false, applicationCacheEnabled: false, browserConnectionEnabled: false, browserName: chrome, chrome: {chromedriverVersion: 2.43.600229 (3fae4d0cda5334..., userDataDir: /var/folders/3n/b5sknkcj0f3...}, cssSelectorsEnabled: true, databaseEnabled: false, goog:chromeOptions: {debuggerAddress: localhost:51677}, handlesAlerts: true, hasTouchScreen: false, javascriptEnabled: true, locationContextEnabled: true, mobileEmulationEnabled: false, nativeEvents: true, networkConnectionEnabled: false, pageLoadStrategy: normal, platform: MAC, platformName: MAC, rotatable: false, setWindowRect: true, takesHeapSnapshot: true, takesScreenshot: true, unexpectedAlertBehaviour: , unhandledPromptBehavior: , version: 83.0.4103.97, webStorageEnabled: true}
Session ID: 2c349e66fd565d2096b286d1a42f7473" type="testDatabaseOffForStudent(Tests.DisableArticlesTests)">org.openqa.selenium.NoSuchSessionException: invalid session id
  (Driver info: chromedriver=2.43.600229 (3fae4d0cda5334b4f533bede5a4787f7b832d052),platform=Mac OS X 10.14.6 x86_64) (WARNING: The server did not provide any stacktrace information)
Command duration or timeout: 0 milliseconds
Build info: version: &apos;3.10.0&apos;, revision: &apos;176b4a9&apos;, time: &apos;2018-03-02T19:11:12.151Z&apos;
System info: host: &apos;WillHall-MBPrd.roc.mn.charter.com&apos;, ip: &apos;2600:6c46:7800:954:59ac:d5fb:e9a6:82fb%en0&apos;, os.name: &apos;Mac OS X&apos;, os.arch: &apos;x86_64&apos;, os.version: &apos;10.14.6&apos;, java.version: &apos;1.8.0_181&apos;
Driver info: org.openqa.selenium.chrome.ChromeDriver
Capabilities {acceptInsecureCerts: false, acceptSslCerts: false, applicationCacheEnabled: false, browserConnectionEnabled: false, browserName: chrome, chrome: {chromedriverVersion: 2.43.600229 (3fae4d0cda5334..., userDataDir: /var/folders/3n/b5sknkcj0f3...}, cssSelectorsEnabled: true, databaseEnabled: false, goog:chromeOptions: {debuggerAddress: localhost:51677}, handlesAlerts: true, hasTouchScreen: false, javascriptEnabled: true, locationContextEnabled: true, mobileEmulationEnabled: false, nativeEvents: true, networkConnectionEnabled: false, pageLoadStrategy: normal, platform: MAC, platformName: MAC, rotatable: false, setWindowRect: true, takesHeapSnapshot: true, takesScreenshot: true, unexpectedAlertBehaviour: , unhandledPromptBehavior: , version: 83.0.4103.97, webStorageEnabled: true}
Session ID: 2c349e66fd565d2096b286d1a42f7473
	at java.lang.reflect.Constructor.newInstance(Constructor.java:423)
	at org.openqa.selenium.remote.ErrorHandler.createThrowable(ErrorHandler.java:214)
	at org.openqa.selenium.remote.ErrorHandler.throwIfResponseFailed(ErrorHandler.java:166)
	at org.openqa.selenium.remote.http.JsonHttpResponseCodec.reconstructValue(JsonHttpResponseCodec.java:40)
	at org.openqa.selenium.remote.http.AbstractHttpResponseCodec.decode(AbstractHttpResponseCodec.java:80)
	at org.openqa.selenium.remote.http.AbstractHttpResponseCodec.decode(AbstractHttpResponseCodec.java:44)
	at org.openqa.selenium.remote.HttpCommandExecutor.execute(HttpCommandExecutor.java:160)
	at org.openqa.selenium.remote.service.DriverCommandExecutor.execute(DriverCommandExecutor.java:83)
	at org.openqa.selenium.remote.RemoteWebDriver.execute(RemoteWebDriver.java:601)
	at org.openqa.selenium.remote.RemoteWebDriver.execute(RemoteWebDriver.java:658)
	at org.openqa.selenium.remote.RemoteWebDriver.close(RemoteWebDriver.java:487)
	at SharedClasses.BasePage.closeCurrentWindow(BasePage.java:61)
	at Tests.DisableArticlesTests$1.failed(DisableArticlesTests.java:153)
	at TrueUserTests.TrueUser.Retry$1.evaluate(Retry.java:24)
	at TrueUserTests.TrueUser.RegressionSuiteRunner.main(RegressionSuiteRunner.java:158)
</failure>
  </testcase>
  <testcase classname="Tests.DisableArticlesTests" name="testAnimalsDatabaseLink" time="1.448">
    <failure type="testAnimalsDatabaseLink(Tests.DisableArticlesTests)">java.lang.NullPointerException
	at Tests.DisableArticlesTests.testAnimalsDatabaseLink(DisableArticlesTests.java:180)
	at TrueUserTests.TrueUser.Retry$1.evaluate(Retry.java:24)
	at TrueUserTests.TrueUser.RegressionSuiteRunner.main(RegressionSuiteRunner.java:158)
</failure>
    <failure message="invalid session id
  (Driver info: chromedriver=2.43.600229 (3fae4d0cda5334b4f533bede5a4787f7b832d052),platform=Mac OS X 10.14.6 x86_64) (WARNING: The server did not provide any stacktrace information)
Command duration or timeout: 0 milliseconds
Build info: version: &apos;3.10.0&apos;, revision: &apos;176b4a9&apos;, time: &apos;2018-03-02T19:11:12.151Z&apos;
System info: host: &apos;WillHall-MBPrd.roc.mn.charter.com&apos;, ip: &apos;2600:6c46:7800:954:59ac:d5fb:e9a6:82fb%en0&apos;, os.name: &apos;Mac OS X&apos;, os.arch: &apos;x86_64&apos;, os.version: &apos;10.14.6&apos;, java.version: &apos;1.8.0_181&apos;
Driver info: org.openqa.selenium.chrome.ChromeDriver
Capabilities {acceptInsecureCerts: false, acceptSslCerts: false, applicationCacheEnabled: false, browserConnectionEnabled: false, browserName: chrome, chrome: {chromedriverVersion: 2.43.600229 (3fae4d0cda5334..., userDataDir: /var/folders/3n/b5sknkcj0f3...}, cssSelectorsEnabled: true, databaseEnabled: false, goog:chromeOptions: {debuggerAddress: localhost:51677}, handlesAlerts: true, hasTouchScreen: false, javascriptEnabled: true, locationContextEnabled: true, mobileEmulationEnabled: false, nativeEvents: true, networkConnectionEnabled: false, pageLoadStrategy: normal, platform: MAC, platformName: MAC, rotatable: false, setWindowRect: true, takesHeapSnapshot: true, takesScreenshot: true, unexpectedAlertBehaviour: , unhandledPromptBehavior: , version: 83.0.4103.97, webStorageEnabled: true}
Session ID: 2c349e66fd565d2096b286d1a42f7473" type="testAnimalsDatabaseLink(Tests.DisableArticlesTests)">org.openqa.selenium.NoSuchSessionException: invalid session id
  (Driver info: chromedriver=2.43.600229 (3fae4d0cda5334b4f533bede5a4787f7b832d052),platform=Mac OS X 10.14.6 x86_64) (WARNING: The server did not provide any stacktrace information)
Command duration or timeout: 0 milliseconds
Build info: version: &apos;3.10.0&apos;, revision: &apos;176b4a9&apos;, time: &apos;2018-03-02T19:11:12.151Z&apos;
System info: host: &apos;WillHall-MBPrd.roc.mn.charter.com&apos;, ip: &apos;2600:6c46:7800:954:59ac:d5fb:e9a6:82fb%en0&apos;, os.name: &apos;Mac OS X&apos;, os.arch: &apos;x86_64&apos;, os.version: &apos;10.14.6&apos;, java.version: &apos;1.8.0_181&apos;
Driver info: org.openqa.selenium.chrome.ChromeDriver
Capabilities {acceptInsecureCerts: false, acceptSslCerts: false, applicationCacheEnabled: false, browserConnectionEnabled: false, browserName: chrome, chrome: {chromedriverVersion: 2.43.600229 (3fae4d0cda5334..., userDataDir: /var/folders/3n/b5sknkcj0f3...}, cssSelectorsEnabled: true, databaseEnabled: false, goog:chromeOptions: {debuggerAddress: localhost:51677}, handlesAlerts: true, hasTouchScreen: false, javascriptEnabled: true, locationContextEnabled: true, mobileEmulationEnabled: false, nativeEvents: true, networkConnectionEnabled: false, pageLoadStrategy: normal, platform: MAC, platformName: MAC, rotatable: false, setWindowRect: true, takesHeapSnapshot: true, takesScreenshot: true, unexpectedAlertBehaviour: , unhandledPromptBehavior: , version: 83.0.4103.97, webStorageEnabled: true}
Session ID: 2c349e66fd565d2096b286d1a42f7473
	at java.lang.reflect.Constructor.newInstance(Constructor.java:423)
	at org.openqa.selenium.remote.ErrorHandler.createThrowable(ErrorHandler.java:214)
	at org.openqa.selenium.remote.ErrorHandler.throwIfResponseFailed(ErrorHandler.java:166)
	at org.openqa.selenium.remote.http.JsonHttpResponseCodec.reconstructValue(JsonHttpResponseCodec.java:40)
	at org.openqa.selenium.remote.http.AbstractHttpResponseCodec.decode(AbstractHttpResponseCodec.java:80)
	at org.openqa.selenium.remote.http.AbstractHttpResponseCodec.decode(AbstractHttpResponseCodec.java:44)
	at org.openqa.selenium.remote.HttpCommandExecutor.execute(HttpCommandExecutor.java:160)
	at org.openqa.selenium.remote.service.DriverCommandExecutor.execute(DriverCommandExecutor.java:83)
	at org.openqa.selenium.remote.RemoteWebDriver.execute(RemoteWebDriver.java:601)
	at org.openqa.selenium.remote.RemoteWebDriver.execute(RemoteWebDriver.java:658)
	at org.openqa.selenium.remote.RemoteWebDriver.close(RemoteWebDriver.java:487)
	at SharedClasses.BasePage.closeCurrentWindow(BasePage.java:61)
	at Tests.DisableArticlesTests$1.failed(DisableArticlesTests.java:153)
	at TrueUserTests.TrueUser.Retry$1.evaluate(Retry.java:24)
	at TrueUserTests.TrueUser.RegressionSuiteRunner.main(RegressionSuiteRunner.java:158)
</failure>
  </testcase>
  <testcase classname="Tests.DisableArticlesTests" name="testCannotHardLinkIntoArticlesUnderTurnedOffCategory" time="1.448">
    <failure type="testCannotHardLinkIntoArticlesUnderTurnedOffCategory(Tests.DisableArticlesTests)">java.lang.NullPointerException
	at Tests.DisableArticlesTests.testCannotHardLinkIntoArticlesUnderTurnedOffCategory(DisableArticlesTests.java:976)
	at TrueUserTests.TrueUser.Retry$1.evaluate(Retry.java:24)
	at TrueUserTests.TrueUser.RegressionSuiteRunner.main(RegressionSuiteRunner.java:158)
</failure>
    <failure message="invalid session id
  (Driver info: chromedriver=2.43.600229 (3fae4d0cda5334b4f533bede5a4787f7b832d052),platform=Mac OS X 10.14.6 x86_64) (WARNING: The server did not provide any stacktrace information)
Command duration or timeout: 0 milliseconds
Build info: version: &apos;3.10.0&apos;, revision: &apos;176b4a9&apos;, time: &apos;2018-03-02T19:11:12.151Z&apos;
System info: host: &apos;WillHall-MBPrd.roc.mn.charter.com&apos;, ip: &apos;2600:6c46:7800:954:59ac:d5fb:e9a6:82fb%en0&apos;, os.name: &apos;Mac OS X&apos;, os.arch: &apos;x86_64&apos;, os.version: &apos;10.14.6&apos;, java.version: &apos;1.8.0_181&apos;
Driver info: org.openqa.selenium.chrome.ChromeDriver
Capabilities {acceptInsecureCerts: false, acceptSslCerts: false, applicationCacheEnabled: false, browserConnectionEnabled: false, browserName: chrome, chrome: {chromedriverVersion: 2.43.600229 (3fae4d0cda5334..., userDataDir: /var/folders/3n/b5sknkcj0f3...}, cssSelectorsEnabled: true, databaseEnabled: false, goog:chromeOptions: {debuggerAddress: localhost:51677}, handlesAlerts: true, hasTouchScreen: false, javascriptEnabled: true, locationContextEnabled: true, mobileEmulationEnabled: false, nativeEvents: true, networkConnectionEnabled: false, pageLoadStrategy: normal, platform: MAC, platformName: MAC, rotatable: false, setWindowRect: true, takesHeapSnapshot: true, takesScreenshot: true, unexpectedAlertBehaviour: , unhandledPromptBehavior: , version: 83.0.4103.97, webStorageEnabled: true}
Session ID: 2c349e66fd565d2096b286d1a42f7473" type="testCannotHardLinkIntoArticlesUnderTurnedOffCategory(Tests.DisableArticlesTests)">org.openqa.selenium.NoSuchSessionException: invalid session id
  (Driver info: chromedriver=2.43.600229 (3fae4d0cda5334b4f533bede5a4787f7b832d052),platform=Mac OS X 10.14.6 x86_64) (WARNING: The server did not provide any stacktrace information)
Command duration or timeout: 0 milliseconds
Build info: version: &apos;3.10.0&apos;, revision: &apos;176b4a9&apos;, time: &apos;2018-03-02T19:11:12.151Z&apos;
System info: host: &apos;WillHall-MBPrd.roc.mn.charter.com&apos;, ip: &apos;2600:6c46:7800:954:59ac:d5fb:e9a6:82fb%en0&apos;, os.name: &apos;Mac OS X&apos;, os.arch: &apos;x86_64&apos;, os.version: &apos;10.14.6&apos;, java.version: &apos;1.8.0_181&apos;
Driver info: org.openqa.selenium.chrome.ChromeDriver
Capabilities {acceptInsecureCerts: false, acceptSslCerts: false, applicationCacheEnabled: false, browserConnectionEnabled: false, browserName: chrome, chrome: {chromedriverVersion: 2.43.600229 (3fae4d0cda5334..., userDataDir: /var/folders/3n/b5sknkcj0f3...}, cssSelectorsEnabled: true, databaseEnabled: false, goog:chromeOptions: {debuggerAddress: localhost:51677}, handlesAlerts: true, hasTouchScreen: false, javascriptEnabled: true, locationContextEnabled: true, mobileEmulationEnabled: false, nativeEvents: true, networkConnectionEnabled: false, pageLoadStrategy: normal, platform: MAC, platformName: MAC, rotatable: false, setWindowRect: true, takesHeapSnapshot: true, takesScreenshot: true, unexpectedAlertBehaviour: , unhandledPromptBehavior: , version: 83.0.4103.97, webStorageEnabled: true}
Session ID: 2c349e66fd565d2096b286d1a42f7473
	at java.lang.reflect.Constructor.newInstance(Constructor.java:423)
	at org.openqa.selenium.remote.ErrorHandler.createThrowable(ErrorHandler.java:214)
	at org.openqa.selenium.remote.ErrorHandler.throwIfResponseFailed(ErrorHandler.java:166)
	at org.openqa.selenium.remote.http.JsonHttpResponseCodec.reconstructValue(JsonHttpResponseCodec.java:40)
	at org.openqa.selenium.remote.http.AbstractHttpResponseCodec.decode(AbstractHttpResponseCodec.java:80)
	at org.openqa.selenium.remote.http.AbstractHttpResponseCodec.decode(AbstractHttpResponseCodec.java:44)
	at org.openqa.selenium.remote.HttpCommandExecutor.execute(HttpCommandExecutor.java:160)
	at org.openqa.selenium.remote.service.DriverCommandExecutor.execute(DriverCommandExecutor.java:83)
	at org.openqa.selenium.remote.RemoteWebDriver.execute(RemoteWebDriver.java:601)
	at org.openqa.selenium.remote.RemoteWebDriver.execute(RemoteWebDriver.java:658)
	at org.openqa.selenium.remote.RemoteWebDriver.close(RemoteWebDriver.java:487)
	at SharedClasses.BasePage.closeCurrentWindow(BasePage.java:61)
	at Tests.DisableArticlesTests$1.failed(DisableArticlesTests.java:153)
	at TrueUserTests.TrueUser.Retry$1.evaluate(Retry.java:24)
	at TrueUserTests.TrueUser.RegressionSuiteRunner.main(RegressionSuiteRunner.java:158)
</failure>
  </testcase>
  <testcase classname="Tests.DisableArticlesTests" name="testDatabaseBreadcrumbDinosaurs" time="1.452">
    <failure type="testDatabaseBreadcrumbDinosaurs(Tests.DisableArticlesTests)">java.lang.NullPointerException
	at Tests.DisableArticlesTests.testDatabaseBreadcrumbDinosaurs(DisableArticlesTests.java:483)
	at TrueUserTests.TrueUser.Retry$1.evaluate(Retry.java:24)
	at TrueUserTests.TrueUser.RegressionSuiteRunner.main(RegressionSuiteRunner.java:158)
</failure>
    <failure message="invalid session id
  (Driver info: chromedriver=2.43.600229 (3fae4d0cda5334b4f533bede5a4787f7b832d052),platform=Mac OS X 10.14.6 x86_64) (WARNING: The server did not provide any stacktrace information)
Command duration or timeout: 0 milliseconds
Build info: version: &apos;3.10.0&apos;, revision: &apos;176b4a9&apos;, time: &apos;2018-03-02T19:11:12.151Z&apos;
System info: host: &apos;WillHall-MBPrd.roc.mn.charter.com&apos;, ip: &apos;2600:6c46:7800:954:59ac:d5fb:e9a6:82fb%en0&apos;, os.name: &apos;Mac OS X&apos;, os.arch: &apos;x86_64&apos;, os.version: &apos;10.14.6&apos;, java.version: &apos;1.8.0_181&apos;
Driver info: org.openqa.selenium.chrome.ChromeDriver
Capabilities {acceptInsecureCerts: false, acceptSslCerts: false, applicationCacheEnabled: false, browserConnectionEnabled: false, browserName: chrome, chrome: {chromedriverVersion: 2.43.600229 (3fae4d0cda5334..., userDataDir: /var/folders/3n/b5sknkcj0f3...}, cssSelectorsEnabled: true, databaseEnabled: false, goog:chromeOptions: {debuggerAddress: localhost:51677}, handlesAlerts: true, hasTouchScreen: false, javascriptEnabled: true, locationContextEnabled: true, mobileEmulationEnabled: false, nativeEvents: true, networkConnectionEnabled: false, pageLoadStrategy: normal, platform: MAC, platformName: MAC, rotatable: false, setWindowRect: true, takesHeapSnapshot: true, takesScreenshot: true, unexpectedAlertBehaviour: , unhandledPromptBehavior: , version: 83.0.4103.97, webStorageEnabled: true}
Session ID: 2c349e66fd565d2096b286d1a42f7473" type="testDatabaseBreadcrumbDinosaurs(Tests.DisableArticlesTests)">org.openqa.selenium.NoSuchSessionException: invalid session id
  (Driver info: chromedriver=2.43.600229 (3fae4d0cda5334b4f533bede5a4787f7b832d052),platform=Mac OS X 10.14.6 x86_64) (WARNING: The server did not provide any stacktrace information)
Command duration or timeout: 0 milliseconds
Build info: version: &apos;3.10.0&apos;, revision: &apos;176b4a9&apos;, time: &apos;2018-03-02T19:11:12.151Z&apos;
System info: host: &apos;WillHall-MBPrd.roc.mn.charter.com&apos;, ip: &apos;2600:6c46:7800:954:59ac:d5fb:e9a6:82fb%en0&apos;, os.name: &apos;Mac OS X&apos;, os.arch: &apos;x86_64&apos;, os.version: &apos;10.14.6&apos;, java.version: &apos;1.8.0_181&apos;
Driver info: org.openqa.selenium.chrome.ChromeDriver
Capabilities {acceptInsecureCerts: false, acceptSslCerts: false, applicationCacheEnabled: false, browserConnectionEnabled: false, browserName: chrome, chrome: {chromedriverVersion: 2.43.600229 (3fae4d0cda5334..., userDataDir: /var/folders/3n/b5sknkcj0f3...}, cssSelectorsEnabled: true, databaseEnabled: false, goog:chromeOptions: {debuggerAddress: localhost:51677}, handlesAlerts: true, hasTouchScreen: false, javascriptEnabled: true, locationContextEnabled: true, mobileEmulationEnabled: false, nativeEvents: true, networkConnectionEnabled: false, pageLoadStrategy: normal, platform: MAC, platformName: MAC, rotatable: false, setWindowRect: true, takesHeapSnapshot: true, takesScreenshot: true, unexpectedAlertBehaviour: , unhandledPromptBehavior: , version: 83.0.4103.97, webStorageEnabled: true}
Session ID: 2c349e66fd565d2096b286d1a42f7473
	at java.lang.reflect.Constructor.newInstance(Constructor.java:423)
	at org.openqa.selenium.remote.ErrorHandler.createThrowable(ErrorHandler.java:214)
	at org.openqa.selenium.remote.ErrorHandler.throwIfResponseFailed(ErrorHandler.java:166)
	at org.openqa.selenium.remote.http.JsonHttpResponseCodec.reconstructValue(JsonHttpResponseCodec.java:40)
	at org.openqa.selenium.remote.http.AbstractHttpResponseCodec.decode(AbstractHttpResponseCodec.java:80)
	at org.openqa.selenium.remote.http.AbstractHttpResponseCodec.decode(AbstractHttpResponseCodec.java:44)
	at org.openqa.selenium.remote.HttpCommandExecutor.execute(HttpCommandExecutor.java:160)
	at org.openqa.selenium.remote.service.DriverCommandExecutor.execute(DriverCommandExecutor.java:83)
	at org.openqa.selenium.remote.RemoteWebDriver.execute(RemoteWebDriver.java:601)
	at org.openqa.selenium.remote.RemoteWebDriver.execute(RemoteWebDriver.java:658)
	at org.openqa.selenium.remote.RemoteWebDriver.close(RemoteWebDriver.java:487)
	at SharedClasses.BasePage.closeCurrentWindow(BasePage.java:61)
	at Tests.DisableArticlesTests$1.failed(DisableArticlesTests.java:153)
	at TrueUserTests.TrueUser.Retry$1.evaluate(Retry.java:24)
	at TrueUserTests.TrueUser.RegressionSuiteRunner.main(RegressionSuiteRunner.java:158)
</failure>
  </testcase>
  <testcase classname="Tests.DisableArticlesTests" name="testSocialStudiesDatabaseLink" time="1.448">
    <failure type="testSocialStudiesDatabaseLink(Tests.DisableArticlesTests)">java.lang.NullPointerException
	at Tests.DisableArticlesTests.testSocialStudiesDatabaseLink(DisableArticlesTests.java:262)
	at TrueUserTests.TrueUser.Retry$1.evaluate(Retry.java:24)
	at TrueUserTests.TrueUser.RegressionSuiteRunner.main(RegressionSuiteRunner.java:158)
</failure>
    <failure message="invalid session id
  (Driver info: chromedriver=2.43.600229 (3fae4d0cda5334b4f533bede5a4787f7b832d052),platform=Mac OS X 10.14.6 x86_64) (WARNING: The server did not provide any stacktrace information)
Command duration or timeout: 0 milliseconds
Build info: version: &apos;3.10.0&apos;, revision: &apos;176b4a9&apos;, time: &apos;2018-03-02T19:11:12.151Z&apos;
System info: host: &apos;WillHall-MBPrd.roc.mn.charter.com&apos;, ip: &apos;2600:6c46:7800:954:59ac:d5fb:e9a6:82fb%en0&apos;, os.name: &apos;Mac OS X&apos;, os.arch: &apos;x86_64&apos;, os.version: &apos;10.14.6&apos;, java.version: &apos;1.8.0_181&apos;
Driver info: org.openqa.selenium.chrome.ChromeDriver
Capabilities {acceptInsecureCerts: false, acceptSslCerts: false, applicationCacheEnabled: false, browserConnectionEnabled: false, browserName: chrome, chrome: {chromedriverVersion: 2.43.600229 (3fae4d0cda5334..., userDataDir: /var/folders/3n/b5sknkcj0f3...}, cssSelectorsEnabled: true, databaseEnabled: false, goog:chromeOptions: {debuggerAddress: localhost:51677}, handlesAlerts: true, hasTouchScreen: false, javascriptEnabled: true, locationContextEnabled: true, mobileEmulationEnabled: false, nativeEvents: true, networkConnectionEnabled: false, pageLoadStrategy: normal, platform: MAC, platformName: MAC, rotatable: false, setWindowRect: true, takesHeapSnapshot: true, takesScreenshot: true, unexpectedAlertBehaviour: , unhandledPromptBehavior: , version: 83.0.4103.97, webStorageEnabled: true}
Session ID: 2c349e66fd565d2096b286d1a42f7473" type="testSocialStudiesDatabaseLink(Tests.DisableArticlesTests)">org.openqa.selenium.NoSuchSessionException: invalid session id
  (Driver info: chromedriver=2.43.600229 (3fae4d0cda5334b4f533bede5a4787f7b832d052),platform=Mac OS X 10.14.6 x86_64) (WARNING: The server did not provide any stacktrace information)
Command duration or timeout: 0 milliseconds
Build info: version: &apos;3.10.0&apos;, revision: &apos;176b4a9&apos;, time: &apos;2018-03-02T19:11:12.151Z&apos;
System info: host: &apos;WillHall-MBPrd.roc.mn.charter.com&apos;, ip: &apos;2600:6c46:7800:954:59ac:d5fb:e9a6:82fb%en0&apos;, os.name: &apos;Mac OS X&apos;, os.arch: &apos;x86_64&apos;, os.version: &apos;10.14.6&apos;, java.version: &apos;1.8.0_181&apos;
Driver info: org.openqa.selenium.chrome.ChromeDriver
Capabilities {acceptInsecureCerts: false, acceptSslCerts: false, applicationCacheEnabled: false, browserConnectionEnabled: false, browserName: chrome, chrome: {chromedriverVersion: 2.43.600229 (3fae4d0cda5334..., userDataDir: /var/folders/3n/b5sknkcj0f3...}, cssSelectorsEnabled: true, databaseEnabled: false, goog:chromeOptions: {debuggerAddress: localhost:51677}, handlesAlerts: true, hasTouchScreen: false, javascriptEnabled: true, locationContextEnabled: true, mobileEmulationEnabled: false, nativeEvents: true, networkConnectionEnabled: false, pageLoadStrategy: normal, platform: MAC, platformName: MAC, rotatable: false, setWindowRect: true, takesHeapSnapshot: true, takesScreenshot: true, unexpectedAlertBehaviour: , unhandledPromptBehavior: , version: 83.0.4103.97, webStorageEnabled: true}
Session ID: 2c349e66fd565d2096b286d1a42f7473
	at java.lang.reflect.Constructor.newInstance(Constructor.java:423)
	at org.openqa.selenium.remote.ErrorHandler.createThrowable(ErrorHandler.java:214)
	at org.openqa.selenium.remote.ErrorHandler.throwIfResponseFailed(ErrorHandler.java:166)
	at org.openqa.selenium.remote.http.JsonHttpResponseCodec.reconstructValue(JsonHttpResponseCodec.java:40)
	at org.openqa.selenium.remote.http.AbstractHttpResponseCodec.decode(AbstractHttpResponseCodec.java:80)
	at org.openqa.selenium.remote.http.AbstractHttpResponseCodec.decode(AbstractHttpResponseCodec.java:44)
	at org.openqa.selenium.remote.HttpCommandExecutor.execute(HttpCommandExecutor.java:160)
	at org.openqa.selenium.remote.service.DriverCommandExecutor.execute(DriverCommandExecutor.java:83)
	at org.openqa.selenium.remote.RemoteWebDriver.execute(RemoteWebDriver.java:601)
	at org.openqa.selenium.remote.RemoteWebDriver.execute(RemoteWebDriver.java:658)
	at org.openqa.selenium.remote.RemoteWebDriver.close(RemoteWebDriver.java:487)
	at SharedClasses.BasePage.closeCurrentWindow(BasePage.java:61)
	at Tests.DisableArticlesTests$1.failed(DisableArticlesTests.java:153)
	at TrueUserTests.TrueUser.Retry$1.evaluate(Retry.java:24)
	at TrueUserTests.TrueUser.RegressionSuiteRunner.main(RegressionSuiteRunner.java:158)
</failure>
  </testcase>
  <testcase classname="Tests.DisableArticlesTests" name="testDisableAllThirdLevel" time="1.449">
    <failure type="testDisableAllThirdLevel(Tests.DisableArticlesTests)">java.lang.NullPointerException
	at Tests.DisableArticlesTests.testDisableAllThirdLevel(DisableArticlesTests.java:653)
	at TrueUserTests.TrueUser.Retry$1.evaluate(Retry.java:24)
	at TrueUserTests.TrueUser.RegressionSuiteRunner.main(RegressionSuiteRunner.java:158)
</failure>
    <failure message="invalid session id
  (Driver info: chromedriver=2.43.600229 (3fae4d0cda5334b4f533bede5a4787f7b832d052),platform=Mac OS X 10.14.6 x86_64) (WARNING: The server did not provide any stacktrace information)
Command duration or timeout: 0 milliseconds
Build info: version: &apos;3.10.0&apos;, revision: &apos;176b4a9&apos;, time: &apos;2018-03-02T19:11:12.151Z&apos;
System info: host: &apos;WillHall-MBPrd.roc.mn.charter.com&apos;, ip: &apos;2600:6c46:7800:954:59ac:d5fb:e9a6:82fb%en0&apos;, os.name: &apos;Mac OS X&apos;, os.arch: &apos;x86_64&apos;, os.version: &apos;10.14.6&apos;, java.version: &apos;1.8.0_181&apos;
Driver info: org.openqa.selenium.chrome.ChromeDriver
Capabilities {acceptInsecureCerts: false, acceptSslCerts: false, applicationCacheEnabled: false, browserConnectionEnabled: false, browserName: chrome, chrome: {chromedriverVersion: 2.43.600229 (3fae4d0cda5334..., userDataDir: /var/folders/3n/b5sknkcj0f3...}, cssSelectorsEnabled: true, databaseEnabled: false, goog:chromeOptions: {debuggerAddress: localhost:51677}, handlesAlerts: true, hasTouchScreen: false, javascriptEnabled: true, locationContextEnabled: true, mobileEmulationEnabled: false, nativeEvents: true, networkConnectionEnabled: false, pageLoadStrategy: normal, platform: MAC, platformName: MAC, rotatable: false, setWindowRect: true, takesHeapSnapshot: true, takesScreenshot: true, unexpectedAlertBehaviour: , unhandledPromptBehavior: , version: 83.0.4103.97, webStorageEnabled: true}
Session ID: 2c349e66fd565d2096b286d1a42f7473" type="testDisableAllThirdLevel(Tests.DisableArticlesTests)">org.openqa.selenium.NoSuchSessionException: invalid session id
  (Driver info: chromedriver=2.43.600229 (3fae4d0cda5334b4f533bede5a4787f7b832d052),platform=Mac OS X 10.14.6 x86_64) (WARNING: The server did not provide any stacktrace information)
Command duration or timeout: 0 milliseconds
Build info: version: &apos;3.10.0&apos;, revision: &apos;176b4a9&apos;, time: &apos;2018-03-02T19:11:12.151Z&apos;
System info: host: &apos;WillHall-MBPrd.roc.mn.charter.com&apos;, ip: &apos;2600:6c46:7800:954:59ac:d5fb:e9a6:82fb%en0&apos;, os.name: &apos;Mac OS X&apos;, os.arch: &apos;x86_64&apos;, os.version: &apos;10.14.6&apos;, java.version: &apos;1.8.0_181&apos;
Driver info: org.openqa.selenium.chrome.ChromeDriver
Capabilities {acceptInsecureCerts: false, acceptSslCerts: false, applicationCacheEnabled: false, browserConnectionEnabled: false, browserName: chrome, chrome: {chromedriverVersion: 2.43.600229 (3fae4d0cda5334..., userDataDir: /var/folders/3n/b5sknkcj0f3...}, cssSelectorsEnabled: true, databaseEnabled: false, goog:chromeOptions: {debuggerAddress: localhost:51677}, handlesAlerts: true, hasTouchScreen: false, javascriptEnabled: true, locationContextEnabled: true, mobileEmulationEnabled: false, nativeEvents: true, networkConnectionEnabled: false, pageLoadStrategy: normal, platform: MAC, platformName: MAC, rotatable: false, setWindowRect: true, takesHeapSnapshot: true, takesScreenshot: true, unexpectedAlertBehaviour: , unhandledPromptBehavior: , version: 83.0.4103.97, webStorageEnabled: true}
Session ID: 2c349e66fd565d2096b286d1a42f7473
	at java.lang.reflect.Constructor.newInstance(Constructor.java:423)
	at org.openqa.selenium.remote.ErrorHandler.createThrowable(ErrorHandler.java:214)
	at org.openqa.selenium.remote.ErrorHandler.throwIfResponseFailed(ErrorHandler.java:166)
	at org.openqa.selenium.remote.http.JsonHttpResponseCodec.reconstructValue(JsonHttpResponseCodec.java:40)
	at org.openqa.selenium.remote.http.AbstractHttpResponseCodec.decode(AbstractHttpResponseCodec.java:80)
	at org.openqa.selenium.remote.http.AbstractHttpResponseCodec.decode(AbstractHttpResponseCodec.java:44)
	at org.openqa.selenium.remote.HttpCommandExecutor.execute(HttpCommandExecutor.java:160)
	at org.openqa.selenium.remote.service.DriverCommandExecutor.execute(DriverCommandExecutor.java:83)
	at org.openqa.selenium.remote.RemoteWebDriver.execute(RemoteWebDriver.java:601)
	at org.openqa.selenium.remote.RemoteWebDriver.execute(RemoteWebDriver.java:658)
	at org.openqa.selenium.remote.RemoteWebDriver.close(RemoteWebDriver.java:487)
	at SharedClasses.BasePage.closeCurrentWindow(BasePage.java:61)
	at Tests.DisableArticlesTests$1.failed(DisableArticlesTests.java:153)
	at TrueUserTests.TrueUser.Retry$1.evaluate(Retry.java:24)
	at TrueUserTests.TrueUser.RegressionSuiteRunner.main(RegressionSuiteRunner.java:158)
</failure>
  </testcase>
  <testcase classname="Tests.DisableArticlesTests" name="testSelectDatabaseButtonOnThirdLevel" time="1.449">
    <failure type="testSelectDatabaseButtonOnThirdLevel(Tests.DisableArticlesTests)">java.lang.NullPointerException
	at Tests.DisableArticlesTests.testSelectDatabaseButtonOnThirdLevel(DisableArticlesTests.java:391)
	at TrueUserTests.TrueUser.Retry$1.evaluate(Retry.java:24)
	at TrueUserTests.TrueUser.RegressionSuiteRunner.main(RegressionSuiteRunner.java:158)
</failure>
    <failure message="invalid session id
  (Driver info: chromedriver=2.43.600229 (3fae4d0cda5334b4f533bede5a4787f7b832d052),platform=Mac OS X 10.14.6 x86_64) (WARNING: The server did not provide any stacktrace information)
Command duration or timeout: 0 milliseconds
Build info: version: &apos;3.10.0&apos;, revision: &apos;176b4a9&apos;, time: &apos;2018-03-02T19:11:12.151Z&apos;
System info: host: &apos;WillHall-MBPrd.roc.mn.charter.com&apos;, ip: &apos;2600:6c46:7800:954:59ac:d5fb:e9a6:82fb%en0&apos;, os.name: &apos;Mac OS X&apos;, os.arch: &apos;x86_64&apos;, os.version: &apos;10.14.6&apos;, java.version: &apos;1.8.0_181&apos;
Driver info: org.openqa.selenium.chrome.ChromeDriver
Capabilities {acceptInsecureCerts: false, acceptSslCerts: false, applicationCacheEnabled: false, browserConnectionEnabled: false, browserName: chrome, chrome: {chromedriverVersion: 2.43.600229 (3fae4d0cda5334..., userDataDir: /var/folders/3n/b5sknkcj0f3...}, cssSelectorsEnabled: true, databaseEnabled: false, goog:chromeOptions: {debuggerAddress: localhost:51677}, handlesAlerts: true, hasTouchScreen: false, javascriptEnabled: true, locationContextEnabled: true, mobileEmulationEnabled: false, nativeEvents: true, networkConnectionEnabled: false, pageLoadStrategy: normal, platform: MAC, platformName: MAC, rotatable: false, setWindowRect: true, takesHeapSnapshot: true, takesScreenshot: true, unexpectedAlertBehaviour: , unhandledPromptBehavior: , version: 83.0.4103.97, webStorageEnabled: true}
Session ID: 2c349e66fd565d2096b286d1a42f7473" type="testSelectDatabaseButtonOnThirdLevel(Tests.DisableArticlesTests)">org.openqa.selenium.NoSuchSessionException: invalid session id
  (Driver info: chromedriver=2.43.600229 (3fae4d0cda5334b4f533bede5a4787f7b832d052),platform=Mac OS X 10.14.6 x86_64) (WARNING: The server did not provide any stacktrace information)
Command duration or timeout: 0 milliseconds
Build info: version: &apos;3.10.0&apos;, revision: &apos;176b4a9&apos;, time: &apos;2018-03-02T19:11:12.151Z&apos;
System info: host: &apos;WillHall-MBPrd.roc.mn.charter.com&apos;, ip: &apos;2600:6c46:7800:954:59ac:d5fb:e9a6:82fb%en0&apos;, os.name: &apos;Mac OS X&apos;, os.arch: &apos;x86_64&apos;, os.version: &apos;10.14.6&apos;, java.version: &apos;1.8.0_181&apos;
Driver info: org.openqa.selenium.chrome.ChromeDriver
Capabilities {acceptInsecureCerts: false, acceptSslCerts: false, applicationCacheEnabled: false, browserConnectionEnabled: false, browserName: chrome, chrome: {chromedriverVersion: 2.43.600229 (3fae4d0cda5334..., userDataDir: /var/folders/3n/b5sknkcj0f3...}, cssSelectorsEnabled: true, databaseEnabled: false, goog:chromeOptions: {debuggerAddress: localhost:51677}, handlesAlerts: true, hasTouchScreen: false, javascriptEnabled: true, locationContextEnabled: true, mobileEmulationEnabled: false, nativeEvents: true, networkConnectionEnabled: false, pageLoadStrategy: normal, platform: MAC, platformName: MAC, rotatable: false, setWindowRect: true, takesHeapSnapshot: true, takesScreenshot: true, unexpectedAlertBehaviour: , unhandledPromptBehavior: , version: 83.0.4103.97, webStorageEnabled: true}
Session ID: 2c349e66fd565d2096b286d1a42f7473
	at java.lang.reflect.Constructor.newInstance(Constructor.java:423)
	at org.openqa.selenium.remote.ErrorHandler.createThrowable(ErrorHandler.java:214)
	at org.openqa.selenium.remote.ErrorHandler.throwIfResponseFailed(ErrorHandler.java:166)
	at org.openqa.selenium.remote.http.JsonHttpResponseCodec.reconstructValue(JsonHttpResponseCodec.java:40)
	at org.openqa.selenium.remote.http.AbstractHttpResponseCodec.decode(AbstractHttpResponseCodec.java:80)
	at org.openqa.selenium.remote.http.AbstractHttpResponseCodec.decode(AbstractHttpResponseCodec.java:44)
	at org.openqa.selenium.remote.HttpCommandExecutor.execute(HttpCommandExecutor.java:160)
	at org.openqa.selenium.remote.service.DriverCommandExecutor.execute(DriverCommandExecutor.java:83)
	at org.openqa.selenium.remote.RemoteWebDriver.execute(RemoteWebDriver.java:601)
	at org.openqa.selenium.remote.RemoteWebDriver.execute(RemoteWebDriver.java:658)
	at org.openqa.selenium.remote.RemoteWebDriver.close(RemoteWebDriver.java:487)
	at SharedClasses.BasePage.closeCurrentWindow(BasePage.java:61)
	at Tests.DisableArticlesTests$1.failed(DisableArticlesTests.java:153)
	at TrueUserTests.TrueUser.Retry$1.evaluate(Retry.java:24)
	at TrueUserTests.TrueUser.RegressionSuiteRunner.main(RegressionSuiteRunner.java:158)
</failure>
  </testcase>
  <testcase classname="Tests.DisableArticlesTests" name="testArticleOffForStudent" time="1.451">
    <failure type="testArticleOffForStudent(Tests.DisableArticlesTests)">java.lang.NullPointerException
	at Tests.DisableArticlesTests.testArticleOffForStudent(DisableArticlesTests.java:1005)
	at TrueUserTests.TrueUser.Retry$1.evaluate(Retry.java:24)
	at TrueUserTests.TrueUser.RegressionSuiteRunner.main(RegressionSuiteRunner.java:158)
</failure>
    <failure message="invalid session id
  (Driver info: chromedriver=2.43.600229 (3fae4d0cda5334b4f533bede5a4787f7b832d052),platform=Mac OS X 10.14.6 x86_64) (WARNING: The server did not provide any stacktrace information)
Command duration or timeout: 0 milliseconds
Build info: version: &apos;3.10.0&apos;, revision: &apos;176b4a9&apos;, time: &apos;2018-03-02T19:11:12.151Z&apos;
System info: host: &apos;WillHall-MBPrd.roc.mn.charter.com&apos;, ip: &apos;2600:6c46:7800:954:59ac:d5fb:e9a6:82fb%en0&apos;, os.name: &apos;Mac OS X&apos;, os.arch: &apos;x86_64&apos;, os.version: &apos;10.14.6&apos;, java.version: &apos;1.8.0_181&apos;
Driver info: org.openqa.selenium.chrome.ChromeDriver
Capabilities {acceptInsecureCerts: false, acceptSslCerts: false, applicationCacheEnabled: false, browserConnectionEnabled: false, browserName: chrome, chrome: {chromedriverVersion: 2.43.600229 (3fae4d0cda5334..., userDataDir: /var/folders/3n/b5sknkcj0f3...}, cssSelectorsEnabled: true, databaseEnabled: false, goog:chromeOptions: {debuggerAddress: localhost:51677}, handlesAlerts: true, hasTouchScreen: false, javascriptEnabled: true, locationContextEnabled: true, mobileEmulationEnabled: false, nativeEvents: true, networkConnectionEnabled: false, pageLoadStrategy: normal, platform: MAC, platformName: MAC, rotatable: false, setWindowRect: true, takesHeapSnapshot: true, takesScreenshot: true, unexpectedAlertBehaviour: , unhandledPromptBehavior: , version: 83.0.4103.97, webStorageEnabled: true}
Session ID: 2c349e66fd565d2096b286d1a42f7473" type="testArticleOffForStudent(Tests.DisableArticlesTests)">org.openqa.selenium.NoSuchSessionException: invalid session id
  (Driver info: chromedriver=2.43.600229 (3fae4d0cda5334b4f533bede5a4787f7b832d052),platform=Mac OS X 10.14.6 x86_64) (WARNING: The server did not provide any stacktrace information)
Command duration or timeout: 0 milliseconds
Build info: version: &apos;3.10.0&apos;, revision: &apos;176b4a9&apos;, time: &apos;2018-03-02T19:11:12.151Z&apos;
System info: host: &apos;WillHall-MBPrd.roc.mn.charter.com&apos;, ip: &apos;2600:6c46:7800:954:59ac:d5fb:e9a6:82fb%en0&apos;, os.name: &apos;Mac OS X&apos;, os.arch: &apos;x86_64&apos;, os.version: &apos;10.14.6&apos;, java.version: &apos;1.8.0_181&apos;
Driver info: org.openqa.selenium.chrome.ChromeDriver
Capabilities {acceptInsecureCerts: false, acceptSslCerts: false, applicationCacheEnabled: false, browserConnectionEnabled: false, browserName: chrome, chrome: {chromedriverVersion: 2.43.600229 (3fae4d0cda5334..., userDataDir: /var/folders/3n/b5sknkcj0f3...}, cssSelectorsEnabled: true, databaseEnabled: false, goog:chromeOptions: {debuggerAddress: localhost:51677}, handlesAlerts: true, hasTouchScreen: false, javascriptEnabled: true, locationContextEnabled: true, mobileEmulationEnabled: false, nativeEvents: true, networkConnectionEnabled: false, pageLoadStrategy: normal, platform: MAC, platformName: MAC, rotatable: false, setWindowRect: true, takesHeapSnapshot: true, takesScreenshot: true, unexpectedAlertBehaviour: , unhandledPromptBehavior: , version: 83.0.4103.97, webStorageEnabled: true}
Session ID: 2c349e66fd565d2096b286d1a42f7473
	at java.lang.reflect.Constructor.newInstance(Constructor.java:423)
	at org.openqa.selenium.remote.ErrorHandler.createThrowable(ErrorHandler.java:214)
	at org.openqa.selenium.remote.ErrorHandler.throwIfResponseFailed(ErrorHandler.java:166)
	at org.openqa.selenium.remote.http.JsonHttpResponseCodec.reconstructValue(JsonHttpResponseCodec.java:40)
	at org.openqa.selenium.remote.http.AbstractHttpResponseCodec.decode(AbstractHttpResponseCodec.java:80)
	at org.openqa.selenium.remote.http.AbstractHttpResponseCodec.decode(AbstractHttpResponseCodec.java:44)
	at org.openqa.selenium.remote.HttpCommandExecutor.execute(HttpCommandExecutor.java:160)
	at org.openqa.selenium.remote.service.DriverCommandExecutor.execute(DriverCommandExecutor.java:83)
	at org.openqa.selenium.remote.RemoteWebDriver.execute(RemoteWebDriver.java:601)
	at org.openqa.selenium.remote.RemoteWebDriver.execute(RemoteWebDriver.java:658)
	at org.openqa.selenium.remote.RemoteWebDriver.close(RemoteWebDriver.java:487)
	at SharedClasses.BasePage.closeCurrentWindow(BasePage.java:61)
	at Tests.DisableArticlesTests$1.failed(DisableArticlesTests.java:153)
	at TrueUserTests.TrueUser.Retry$1.evaluate(Retry.java:24)
	at TrueUserTests.TrueUser.RegressionSuiteRunner.main(RegressionSuiteRunner.java:158)
</failure>
  </testcase>
  <testcase classname="Tests.DisableArticlesTests" name="testPreviousBreadcrumbFourthLevel" time="1.447">
    <failure type="testPreviousBreadcrumbFourthLevel(Tests.DisableArticlesTests)">java.lang.NullPointerException
	at Tests.DisableArticlesTests.testPreviousBreadcrumbFourthLevel(DisableArticlesTests.java:576)
	at TrueUserTests.TrueUser.Retry$1.evaluate(Retry.java:24)
	at TrueUserTests.TrueUser.RegressionSuiteRunner.main(RegressionSuiteRunner.java:158)
</failure>
    <failure message="invalid session id
  (Driver info: chromedriver=2.43.600229 (3fae4d0cda5334b4f533bede5a4787f7b832d052),platform=Mac OS X 10.14.6 x86_64) (WARNING: The server did not provide any stacktrace information)
Command duration or timeout: 0 milliseconds
Build info: version: &apos;3.10.0&apos;, revision: &apos;176b4a9&apos;, time: &apos;2018-03-02T19:11:12.151Z&apos;
System info: host: &apos;WillHall-MBPrd.roc.mn.charter.com&apos;, ip: &apos;2600:6c46:7800:954:59ac:d5fb:e9a6:82fb%en0&apos;, os.name: &apos;Mac OS X&apos;, os.arch: &apos;x86_64&apos;, os.version: &apos;10.14.6&apos;, java.version: &apos;1.8.0_181&apos;
Driver info: org.openqa.selenium.chrome.ChromeDriver
Capabilities {acceptInsecureCerts: false, acceptSslCerts: false, applicationCacheEnabled: false, browserConnectionEnabled: false, browserName: chrome, chrome: {chromedriverVersion: 2.43.600229 (3fae4d0cda5334..., userDataDir: /var/folders/3n/b5sknkcj0f3...}, cssSelectorsEnabled: true, databaseEnabled: false, goog:chromeOptions: {debuggerAddress: localhost:51677}, handlesAlerts: true, hasTouchScreen: false, javascriptEnabled: true, locationContextEnabled: true, mobileEmulationEnabled: false, nativeEvents: true, networkConnectionEnabled: false, pageLoadStrategy: normal, platform: MAC, platformName: MAC, rotatable: false, setWindowRect: true, takesHeapSnapshot: true, takesScreenshot: true, unexpectedAlertBehaviour: , unhandledPromptBehavior: , version: 83.0.4103.97, webStorageEnabled: true}
Session ID: 2c349e66fd565d2096b286d1a42f7473" type="testPreviousBreadcrumbFourthLevel(Tests.DisableArticlesTests)">org.openqa.selenium.NoSuchSessionException: invalid session id
  (Driver info: chromedriver=2.43.600229 (3fae4d0cda5334b4f533bede5a4787f7b832d052),platform=Mac OS X 10.14.6 x86_64) (WARNING: The server did not provide any stacktrace information)
Command duration or timeout: 0 milliseconds
Build info: version: &apos;3.10.0&apos;, revision: &apos;176b4a9&apos;, time: &apos;2018-03-02T19:11:12.151Z&apos;
System info: host: &apos;WillHall-MBPrd.roc.mn.charter.com&apos;, ip: &apos;2600:6c46:7800:954:59ac:d5fb:e9a6:82fb%en0&apos;, os.name: &apos;Mac OS X&apos;, os.arch: &apos;x86_64&apos;, os.version: &apos;10.14.6&apos;, java.version: &apos;1.8.0_181&apos;
Driver info: org.openqa.selenium.chrome.ChromeDriver
Capabilities {acceptInsecureCerts: false, acceptSslCerts: false, applicationCacheEnabled: false, browserConnectionEnabled: false, browserName: chrome, chrome: {chromedriverVersion: 2.43.600229 (3fae4d0cda5334..., userDataDir: /var/folders/3n/b5sknkcj0f3...}, cssSelectorsEnabled: true, databaseEnabled: false, goog:chromeOptions: {debuggerAddress: localhost:51677}, handlesAlerts: true, hasTouchScreen: false, javascriptEnabled: true, locationContextEnabled: true, mobileEmulationEnabled: false, nativeEvents: true, networkConnectionEnabled: false, pageLoadStrategy: normal, platform: MAC, platformName: MAC, rotatable: false, setWindowRect: true, takesHeapSnapshot: true, takesScreenshot: true, unexpectedAlertBehaviour: , unhandledPromptBehavior: , version: 83.0.4103.97, webStorageEnabled: true}
Session ID: 2c349e66fd565d2096b286d1a42f7473
	at java.lang.reflect.Constructor.newInstance(Constructor.java:423)
	at org.openqa.selenium.remote.ErrorHandler.createThrowable(ErrorHandler.java:214)
	at org.openqa.selenium.remote.ErrorHandler.throwIfResponseFailed(ErrorHandler.java:166)
	at org.openqa.selenium.remote.http.JsonHttpResponseCodec.reconstructValue(JsonHttpResponseCodec.java:40)
	at org.openqa.selenium.remote.http.AbstractHttpResponseCodec.decode(AbstractHttpResponseCodec.java:80)
	at org.openqa.selenium.remote.http.AbstractHttpResponseCodec.decode(AbstractHttpResponseCodec.java:44)
	at org.openqa.selenium.remote.HttpCommandExecutor.execute(HttpCommandExecutor.java:160)
	at org.openqa.selenium.remote.service.DriverCommandExecutor.execute(DriverCommandExecutor.java:83)
	at org.openqa.selenium.remote.RemoteWebDriver.execute(RemoteWebDriver.java:601)
	at org.openqa.selenium.remote.RemoteWebDriver.execute(RemoteWebDriver.java:658)
	at org.openqa.selenium.remote.RemoteWebDriver.close(RemoteWebDriver.java:487)
	at SharedClasses.BasePage.closeCurrentWindow(BasePage.java:61)
	at Tests.DisableArticlesTests$1.failed(DisableArticlesTests.java:153)
	at TrueUserTests.TrueUser.Retry$1.evaluate(Retry.java:24)
	at TrueUserTests.TrueUser.RegressionSuiteRunner.main(RegressionSuiteRunner.java:158)
</failure>
  </testcase>
  <testcase classname="Tests.DisableArticlesTests" name="testCategoryOffForStudent" time="1.448">
    <failure type="testCategoryOffForStudent(Tests.DisableArticlesTests)">java.lang.NullPointerException
	at Tests.DisableArticlesTests.testCategoryOffForStudent(DisableArticlesTests.java:944)
	at TrueUserTests.TrueUser.Retry$1.evaluate(Retry.java:24)
	at TrueUserTests.TrueUser.RegressionSuiteRunner.main(RegressionSuiteRunner.java:158)
</failure>
    <failure message="invalid session id
  (Driver info: chromedriver=2.43.600229 (3fae4d0cda5334b4f533bede5a4787f7b832d052),platform=Mac OS X 10.14.6 x86_64) (WARNING: The server did not provide any stacktrace information)
Command duration or timeout: 0 milliseconds
Build info: version: &apos;3.10.0&apos;, revision: &apos;176b4a9&apos;, time: &apos;2018-03-02T19:11:12.151Z&apos;
System info: host: &apos;WillHall-MBPrd.roc.mn.charter.com&apos;, ip: &apos;2600:6c46:7800:954:59ac:d5fb:e9a6:82fb%en0&apos;, os.name: &apos;Mac OS X&apos;, os.arch: &apos;x86_64&apos;, os.version: &apos;10.14.6&apos;, java.version: &apos;1.8.0_181&apos;
Driver info: org.openqa.selenium.chrome.ChromeDriver
Capabilities {acceptInsecureCerts: false, acceptSslCerts: false, applicationCacheEnabled: false, browserConnectionEnabled: false, browserName: chrome, chrome: {chromedriverVersion: 2.43.600229 (3fae4d0cda5334..., userDataDir: /var/folders/3n/b5sknkcj0f3...}, cssSelectorsEnabled: true, databaseEnabled: false, goog:chromeOptions: {debuggerAddress: localhost:51677}, handlesAlerts: true, hasTouchScreen: false, javascriptEnabled: true, locationContextEnabled: true, mobileEmulationEnabled: false, nativeEvents: true, networkConnectionEnabled: false, pageLoadStrategy: normal, platform: MAC, platformName: MAC, rotatable: false, setWindowRect: true, takesHeapSnapshot: true, takesScreenshot: true, unexpectedAlertBehaviour: , unhandledPromptBehavior: , version: 83.0.4103.97, webStorageEnabled: true}
Session ID: 2c349e66fd565d2096b286d1a42f7473" type="testCategoryOffForStudent(Tests.DisableArticlesTests)">org.openqa.selenium.NoSuchSessionException: invalid session id
  (Driver info: chromedriver=2.43.600229 (3fae4d0cda5334b4f533bede5a4787f7b832d052),platform=Mac OS X 10.14.6 x86_64) (WARNING: The server did not provide any stacktrace information)
Command duration or timeout: 0 milliseconds
Build info: version: &apos;3.10.0&apos;, revision: &apos;176b4a9&apos;, time: &apos;2018-03-02T19:11:12.151Z&apos;
System info: host: &apos;WillHall-MBPrd.roc.mn.charter.com&apos;, ip: &apos;2600:6c46:7800:954:59ac:d5fb:e9a6:82fb%en0&apos;, os.name: &apos;Mac OS X&apos;, os.arch: &apos;x86_64&apos;, os.version: &apos;10.14.6&apos;, java.version: &apos;1.8.0_181&apos;
Driver info: org.openqa.selenium.chrome.ChromeDriver
Capabilities {acceptInsecureCerts: false, acceptSslCerts: false, applicationCacheEnabled: false, browserConnectionEnabled: false, browserName: chrome, chrome: {chromedriverVersion: 2.43.600229 (3fae4d0cda5334..., userDataDir: /var/folders/3n/b5sknkcj0f3...}, cssSelectorsEnabled: true, databaseEnabled: false, goog:chromeOptions: {debuggerAddress: localhost:51677}, handlesAlerts: true, hasTouchScreen: false, javascriptEnabled: true, locationContextEnabled: true, mobileEmulationEnabled: false, nativeEvents: true, networkConnectionEnabled: false, pageLoadStrategy: normal, platform: MAC, platformName: MAC, rotatable: false, setWindowRect: true, takesHeapSnapshot: true, takesScreenshot: true, unexpectedAlertBehaviour: , unhandledPromptBehavior: , version: 83.0.4103.97, webStorageEnabled: true}
Session ID: 2c349e66fd565d2096b286d1a42f7473
	at java.lang.reflect.Constructor.newInstance(Constructor.java:423)
	at org.openqa.selenium.remote.ErrorHandler.createThrowable(ErrorHandler.java:214)
	at org.openqa.selenium.remote.ErrorHandler.throwIfResponseFailed(ErrorHandler.java:166)
	at org.openqa.selenium.remote.http.JsonHttpResponseCodec.reconstructValue(JsonHttpResponseCodec.java:40)
	at org.openqa.selenium.remote.http.AbstractHttpResponseCodec.decode(AbstractHttpResponseCodec.java:80)
	at org.openqa.selenium.remote.http.AbstractHttpResponseCodec.decode(AbstractHttpResponseCodec.java:44)
	at org.openqa.selenium.remote.HttpCommandExecutor.execute(HttpCommandExecutor.java:160)
	at org.openqa.selenium.remote.service.DriverCommandExecutor.execute(DriverCommandExecutor.java:83)
	at org.openqa.selenium.remote.RemoteWebDriver.execute(RemoteWebDriver.java:601)
	at org.openqa.selenium.remote.RemoteWebDriver.execute(RemoteWebDriver.java:658)
	at org.openqa.selenium.remote.RemoteWebDriver.close(RemoteWebDriver.java:487)
	at SharedClasses.BasePage.closeCurrentWindow(BasePage.java:61)
	at Tests.DisableArticlesTests$1.failed(DisableArticlesTests.java:153)
	at TrueUserTests.TrueUser.Retry$1.evaluate(Retry.java:24)
	at TrueUserTests.TrueUser.RegressionSuiteRunner.main(RegressionSuiteRunner.java:158)
</failure>
  </testcase>
  <testcase classname="Tests.DisableArticlesTests" name="testCannotSearchIntoArticlesUnderTurnedOffCategory" time="0.011" />
  <testcase classname="Tests.DisableArticlesTests" name="testSelectDatabaseButtonOnFirstLevel" time="1.457">
    <failure type="testSelectDatabaseButtonOnFirstLevel(Tests.DisableArticlesTests)">java.lang.NullPointerException
	at Tests.DisableArticlesTests.testSelectDatabaseButtonOnFirstLevel(DisableArticlesTests.java:357)
	at TrueUserTests.TrueUser.Retry$1.evaluate(Retry.java:24)
	at TrueUserTests.TrueUser.RegressionSuiteRunner.main(RegressionSuiteRunner.java:158)
</failure>
    <failure message="invalid session id
  (Driver info: chromedriver=2.43.600229 (3fae4d0cda5334b4f533bede5a4787f7b832d052),platform=Mac OS X 10.14.6 x86_64) (WARNING: The server did not provide any stacktrace information)
Command duration or timeout: 0 milliseconds
Build info: version: &apos;3.10.0&apos;, revision: &apos;176b4a9&apos;, time: &apos;2018-03-02T19:11:12.151Z&apos;
System info: host: &apos;WillHall-MBPrd.roc.mn.charter.com&apos;, ip: &apos;2600:6c46:7800:954:59ac:d5fb:e9a6:82fb%en0&apos;, os.name: &apos;Mac OS X&apos;, os.arch: &apos;x86_64&apos;, os.version: &apos;10.14.6&apos;, java.version: &apos;1.8.0_181&apos;
Driver info: org.openqa.selenium.chrome.ChromeDriver
Capabilities {acceptInsecureCerts: false, acceptSslCerts: false, applicationCacheEnabled: false, browserConnectionEnabled: false, browserName: chrome, chrome: {chromedriverVersion: 2.43.600229 (3fae4d0cda5334..., userDataDir: /var/folders/3n/b5sknkcj0f3...}, cssSelectorsEnabled: true, databaseEnabled: false, goog:chromeOptions: {debuggerAddress: localhost:51677}, handlesAlerts: true, hasTouchScreen: false, javascriptEnabled: true, locationContextEnabled: true, mobileEmulationEnabled: false, nativeEvents: true, networkConnectionEnabled: false, pageLoadStrategy: normal, platform: MAC, platformName: MAC, rotatable: false, setWindowRect: true, takesHeapSnapshot: true, takesScreenshot: true, unexpectedAlertBehaviour: , unhandledPromptBehavior: , version: 83.0.4103.97, webStorageEnabled: true}
Session ID: 2c349e66fd565d2096b286d1a42f7473" type="testSelectDatabaseButtonOnFirstLevel(Tests.DisableArticlesTests)">org.openqa.selenium.NoSuchSessionException: invalid session id
  (Driver info: chromedriver=2.43.600229 (3fae4d0cda5334b4f533bede5a4787f7b832d052),platform=Mac OS X 10.14.6 x86_64) (WARNING: The server did not provide any stacktrace information)
Command duration or timeout: 0 milliseconds
Build info: version: &apos;3.10.0&apos;, revision: &apos;176b4a9&apos;, time: &apos;2018-03-02T19:11:12.151Z&apos;
System info: host: &apos;WillHall-MBPrd.roc.mn.charter.com&apos;, ip: &apos;2600:6c46:7800:954:59ac:d5fb:e9a6:82fb%en0&apos;, os.name: &apos;Mac OS X&apos;, os.arch: &apos;x86_64&apos;, os.version: &apos;10.14.6&apos;, java.version: &apos;1.8.0_181&apos;
Driver info: org.openqa.selenium.chrome.ChromeDriver
Capabilities {acceptInsecureCerts: false, acceptSslCerts: false, applicationCacheEnabled: false, browserConnectionEnabled: false, browserName: chrome, chrome: {chromedriverVersion: 2.43.600229 (3fae4d0cda5334..., userDataDir: /var/folders/3n/b5sknkcj0f3...}, cssSelectorsEnabled: true, databaseEnabled: false, goog:chromeOptions: {debuggerAddress: localhost:51677}, handlesAlerts: true, hasTouchScreen: false, javascriptEnabled: true, locationContextEnabled: true, mobileEmulationEnabled: false, nativeEvents: true, networkConnectionEnabled: false, pageLoadStrategy: normal, platform: MAC, platformName: MAC, rotatable: false, setWindowRect: true, takesHeapSnapshot: true, takesScreenshot: true, unexpectedAlertBehaviour: , unhandledPromptBehavior: , version: 83.0.4103.97, webStorageEnabled: true}
Session ID: 2c349e66fd565d2096b286d1a42f7473
	at java.lang.reflect.Constructor.newInstance(Constructor.java:423)
	at org.openqa.selenium.remote.ErrorHandler.createThrowable(ErrorHandler.java:214)
	at org.openqa.selenium.remote.ErrorHandler.throwIfResponseFailed(ErrorHandler.java:166)
	at org.openqa.selenium.remote.http.JsonHttpResponseCodec.reconstructValue(JsonHttpResponseCodec.java:40)
	at org.openqa.selenium.remote.http.AbstractHttpResponseCodec.decode(AbstractHttpResponseCodec.java:80)
	at org.openqa.selenium.remote.http.AbstractHttpResponseCodec.decode(AbstractHttpResponseCodec.java:44)
	at org.openqa.selenium.remote.HttpCommandExecutor.execute(HttpCommandExecutor.java:160)
	at org.openqa.selenium.remote.service.DriverCommandExecutor.execute(DriverCommandExecutor.java:83)
	at org.openqa.selenium.remote.RemoteWebDriver.execute(RemoteWebDriver.java:601)
	at org.openqa.selenium.remote.RemoteWebDriver.execute(RemoteWebDriver.java:658)
	at org.openqa.selenium.remote.RemoteWebDriver.close(RemoteWebDriver.java:487)
	at SharedClasses.BasePage.closeCurrentWindow(BasePage.java:61)
	at Tests.DisableArticlesTests$1.failed(DisableArticlesTests.java:153)
	at TrueUserTests.TrueUser.Retry$1.evaluate(Retry.java:24)
	at TrueUserTests.TrueUser.RegressionSuiteRunner.main(RegressionSuiteRunner.java:158)
</failure>
  </testcase>
  <testcase classname="Tests.DisableArticlesTests" name="testPreviousBreadcrumbSecondLevel" time="1.458">
    <failure type="testPreviousBreadcrumbSecondLevel(Tests.DisableArticlesTests)">java.lang.NullPointerException
	at Tests.DisableArticlesTests.testPreviousBreadcrumbSecondLevel(DisableArticlesTests.java:552)
	at TrueUserTests.TrueUser.Retry$1.evaluate(Retry.java:24)
	at TrueUserTests.TrueUser.RegressionSuiteRunner.main(RegressionSuiteRunner.java:158)
</failure>
    <failure message="invalid session id
  (Driver info: chromedriver=2.43.600229 (3fae4d0cda5334b4f533bede5a4787f7b832d052),platform=Mac OS X 10.14.6 x86_64) (WARNING: The server did not provide any stacktrace information)
Command duration or timeout: 0 milliseconds
Build info: version: &apos;3.10.0&apos;, revision: &apos;176b4a9&apos;, time: &apos;2018-03-02T19:11:12.151Z&apos;
System info: host: &apos;WillHall-MBPrd.roc.mn.charter.com&apos;, ip: &apos;2600:6c46:7800:954:59ac:d5fb:e9a6:82fb%en0&apos;, os.name: &apos;Mac OS X&apos;, os.arch: &apos;x86_64&apos;, os.version: &apos;10.14.6&apos;, java.version: &apos;1.8.0_181&apos;
Driver info: org.openqa.selenium.chrome.ChromeDriver
Capabilities {acceptInsecureCerts: false, acceptSslCerts: false, applicationCacheEnabled: false, browserConnectionEnabled: false, browserName: chrome, chrome: {chromedriverVersion: 2.43.600229 (3fae4d0cda5334..., userDataDir: /var/folders/3n/b5sknkcj0f3...}, cssSelectorsEnabled: true, databaseEnabled: false, goog:chromeOptions: {debuggerAddress: localhost:51677}, handlesAlerts: true, hasTouchScreen: false, javascriptEnabled: true, locationContextEnabled: true, mobileEmulationEnabled: false, nativeEvents: true, networkConnectionEnabled: false, pageLoadStrategy: normal, platform: MAC, platformName: MAC, rotatable: false, setWindowRect: true, takesHeapSnapshot: true, takesScreenshot: true, unexpectedAlertBehaviour: , unhandledPromptBehavior: , version: 83.0.4103.97, webStorageEnabled: true}
Session ID: 2c349e66fd565d2096b286d1a42f7473" type="testPreviousBreadcrumbSecondLevel(Tests.DisableArticlesTests)">org.openqa.selenium.NoSuchSessionException: invalid session id
  (Driver info: chromedriver=2.43.600229 (3fae4d0cda5334b4f533bede5a4787f7b832d052),platform=Mac OS X 10.14.6 x86_64) (WARNING: The server did not provide any stacktrace information)
Command duration or timeout: 0 milliseconds
Build info: version: &apos;3.10.0&apos;, revision: &apos;176b4a9&apos;, time: &apos;2018-03-02T19:11:12.151Z&apos;
System info: host: &apos;WillHall-MBPrd.roc.mn.charter.com&apos;, ip: &apos;2600:6c46:7800:954:59ac:d5fb:e9a6:82fb%en0&apos;, os.name: &apos;Mac OS X&apos;, os.arch: &apos;x86_64&apos;, os.version: &apos;10.14.6&apos;, java.version: &apos;1.8.0_181&apos;
Driver info: org.openqa.selenium.chrome.ChromeDriver
Capabilities {acceptInsecureCerts: false, acceptSslCerts: false, applicationCacheEnabled: false, browserConnectionEnabled: false, browserName: chrome, chrome: {chromedriverVersion: 2.43.600229 (3fae4d0cda5334..., userDataDir: /var/folders/3n/b5sknkcj0f3...}, cssSelectorsEnabled: true, databaseEnabled: false, goog:chromeOptions: {debuggerAddress: localhost:51677}, handlesAlerts: true, hasTouchScreen: false, javascriptEnabled: true, locationContextEnabled: true, mobileEmulationEnabled: false, nativeEvents: true, networkConnectionEnabled: false, pageLoadStrategy: normal, platform: MAC, platformName: MAC, rotatable: false, setWindowRect: true, takesHeapSnapshot: true, takesScreenshot: true, unexpectedAlertBehaviour: , unhandledPromptBehavior: , version: 83.0.4103.97, webStorageEnabled: true}
Session ID: 2c349e66fd565d2096b286d1a42f7473
	at java.lang.reflect.Constructor.newInstance(Constructor.java:423)
	at org.openqa.selenium.remote.ErrorHandler.createThrowable(ErrorHandler.java:214)
	at org.openqa.selenium.remote.ErrorHandler.throwIfResponseFailed(ErrorHandler.java:166)
	at org.openqa.selenium.remote.http.JsonHttpResponseCodec.reconstructValue(JsonHttpResponseCodec.java:40)
	at org.openqa.selenium.remote.http.AbstractHttpResponseCodec.decode(AbstractHttpResponseCodec.java:80)
	at org.openqa.selenium.remote.http.AbstractHttpResponseCodec.decode(AbstractHttpResponseCodec.java:44)
	at org.openqa.selenium.remote.HttpCommandExecutor.execute(HttpCommandExecutor.java:160)
	at org.openqa.selenium.remote.service.DriverCommandExecutor.execute(DriverCommandExecutor.java:83)
	at org.openqa.selenium.remote.RemoteWebDriver.execute(RemoteWebDriver.java:601)
	at org.openqa.selenium.remote.RemoteWebDriver.execute(RemoteWebDriver.java:658)
	at org.openqa.selenium.remote.RemoteWebDriver.close(RemoteWebDriver.java:487)
	at SharedClasses.BasePage.closeCurrentWindow(BasePage.java:61)
	at Tests.DisableArticlesTests$1.failed(DisableArticlesTests.java:153)
	at TrueUserTests.TrueUser.Retry$1.evaluate(Retry.java:24)
	at TrueUserTests.TrueUser.RegressionSuiteRunner.main(RegressionSuiteRunner.java:158)
</failure>
  </testcase>
  <testcase classname="Tests.DisableArticlesTests" name="testCannotNavigateToTurnedOffArticle" time="1.449">
    <failure type="testCannotNavigateToTurnedOffArticle(Tests.DisableArticlesTests)">java.lang.NullPointerException
	at Tests.DisableArticlesTests.testCannotNavigateToTurnedOffArticle(DisableArticlesTests.java:1013)
	at TrueUserTests.TrueUser.Retry$1.evaluate(Retry.java:24)
	at TrueUserTests.TrueUser.RegressionSuiteRunner.main(RegressionSuiteRunner.java:158)
</failure>
    <failure message="invalid session id
  (Driver info: chromedriver=2.43.600229 (3fae4d0cda5334b4f533bede5a4787f7b832d052),platform=Mac OS X 10.14.6 x86_64) (WARNING: The server did not provide any stacktrace information)
Command duration or timeout: 0 milliseconds
Build info: version: &apos;3.10.0&apos;, revision: &apos;176b4a9&apos;, time: &apos;2018-03-02T19:11:12.151Z&apos;
System info: host: &apos;WillHall-MBPrd.roc.mn.charter.com&apos;, ip: &apos;2600:6c46:7800:954:59ac:d5fb:e9a6:82fb%en0&apos;, os.name: &apos;Mac OS X&apos;, os.arch: &apos;x86_64&apos;, os.version: &apos;10.14.6&apos;, java.version: &apos;1.8.0_181&apos;
Driver info: org.openqa.selenium.chrome.ChromeDriver
Capabilities {acceptInsecureCerts: false, acceptSslCerts: false, applicationCacheEnabled: false, browserConnectionEnabled: false, browserName: chrome, chrome: {chromedriverVersion: 2.43.600229 (3fae4d0cda5334..., userDataDir: /var/folders/3n/b5sknkcj0f3...}, cssSelectorsEnabled: true, databaseEnabled: false, goog:chromeOptions: {debuggerAddress: localhost:51677}, handlesAlerts: true, hasTouchScreen: false, javascriptEnabled: true, locationContextEnabled: true, mobileEmulationEnabled: false, nativeEvents: true, networkConnectionEnabled: false, pageLoadStrategy: normal, platform: MAC, platformName: MAC, rotatable: false, setWindowRect: true, takesHeapSnapshot: true, takesScreenshot: true, unexpectedAlertBehaviour: , unhandledPromptBehavior: , version: 83.0.4103.97, webStorageEnabled: true}
Session ID: 2c349e66fd565d2096b286d1a42f7473" type="testCannotNavigateToTurnedOffArticle(Tests.DisableArticlesTests)">org.openqa.selenium.NoSuchSessionException: invalid session id
  (Driver info: chromedriver=2.43.600229 (3fae4d0cda5334b4f533bede5a4787f7b832d052),platform=Mac OS X 10.14.6 x86_64) (WARNING: The server did not provide any stacktrace information)
Command duration or timeout: 0 milliseconds
Build info: version: &apos;3.10.0&apos;, revision: &apos;176b4a9&apos;, time: &apos;2018-03-02T19:11:12.151Z&apos;
System info: host: &apos;WillHall-MBPrd.roc.mn.charter.com&apos;, ip: &apos;2600:6c46:7800:954:59ac:d5fb:e9a6:82fb%en0&apos;, os.name: &apos;Mac OS X&apos;, os.arch: &apos;x86_64&apos;, os.version: &apos;10.14.6&apos;, java.version: &apos;1.8.0_181&apos;
Driver info: org.openqa.selenium.chrome.ChromeDriver
Capabilities {acceptInsecureCerts: false, acceptSslCerts: false, applicationCacheEnabled: false, browserConnectionEnabled: false, browserName: chrome, chrome: {chromedriverVersion: 2.43.600229 (3fae4d0cda5334..., userDataDir: /var/folders/3n/b5sknkcj0f3...}, cssSelectorsEnabled: true, databaseEnabled: false, goog:chromeOptions: {debuggerAddress: localhost:51677}, handlesAlerts: true, hasTouchScreen: false, javascriptEnabled: true, locationContextEnabled: true, mobileEmulationEnabled: false, nativeEvents: true, networkConnectionEnabled: false, pageLoadStrategy: normal, platform: MAC, platformName: MAC, rotatable: false, setWindowRect: true, takesHeapSnapshot: true, takesScreenshot: true, unexpectedAlertBehaviour: , unhandledPromptBehavior: , version: 83.0.4103.97, webStorageEnabled: true}
Session ID: 2c349e66fd565d2096b286d1a42f7473
	at java.lang.reflect.Constructor.newInstance(Constructor.java:423)
	at org.openqa.selenium.remote.ErrorHandler.createThrowable(ErrorHandler.java:214)
	at org.openqa.selenium.remote.ErrorHandler.throwIfResponseFailed(ErrorHandler.java:166)
	at org.openqa.selenium.remote.http.JsonHttpResponseCodec.reconstructValue(JsonHttpResponseCodec.java:40)
	at org.openqa.selenium.remote.http.AbstractHttpResponseCodec.decode(AbstractHttpResponseCodec.java:80)
	at org.openqa.selenium.remote.http.AbstractHttpResponseCodec.decode(AbstractHttpResponseCodec.java:44)
	at org.openqa.selenium.remote.HttpCommandExecutor.execute(HttpCommandExecutor.java:160)
	at org.openqa.selenium.remote.service.DriverCommandExecutor.execute(DriverCommandExecutor.java:83)
	at org.openqa.selenium.remote.RemoteWebDriver.execute(RemoteWebDriver.java:601)
	at org.openqa.selenium.remote.RemoteWebDriver.execute(RemoteWebDriver.java:658)
	at org.openqa.selenium.remote.RemoteWebDriver.close(RemoteWebDriver.java:487)
	at SharedClasses.BasePage.closeCurrentWindow(BasePage.java:61)
	at Tests.DisableArticlesTests$1.failed(DisableArticlesTests.java:153)
	at TrueUserTests.TrueUser.Retry$1.evaluate(Retry.java:24)
	at TrueUserTests.TrueUser.RegressionSuiteRunner.main(RegressionSuiteRunner.java:158)
</failure>
  </testcase>
  <testcase classname="Tests.DisableArticlesTests" name="testDisableAllFourthLevel" time="1.475">
    <failure type="testDisableAllFourthLevel(Tests.DisableArticlesTests)">java.lang.NullPointerException
	at Tests.DisableArticlesTests.testDisableAllFourthLevel(DisableArticlesTests.java:684)
	at TrueUserTests.TrueUser.Retry$1.evaluate(Retry.java:24)
	at TrueUserTests.TrueUser.RegressionSuiteRunner.main(RegressionSuiteRunner.java:158)
</failure>
    <failure message="invalid session id
  (Driver info: chromedriver=2.43.600229 (3fae4d0cda5334b4f533bede5a4787f7b832d052),platform=Mac OS X 10.14.6 x86_64) (WARNING: The server did not provide any stacktrace information)
Command duration or timeout: 0 milliseconds
Build info: version: &apos;3.10.0&apos;, revision: &apos;176b4a9&apos;, time: &apos;2018-03-02T19:11:12.151Z&apos;
System info: host: &apos;WillHall-MBPrd.roc.mn.charter.com&apos;, ip: &apos;2600:6c46:7800:954:59ac:d5fb:e9a6:82fb%en0&apos;, os.name: &apos;Mac OS X&apos;, os.arch: &apos;x86_64&apos;, os.version: &apos;10.14.6&apos;, java.version: &apos;1.8.0_181&apos;
Driver info: org.openqa.selenium.chrome.ChromeDriver
Capabilities {acceptInsecureCerts: false, acceptSslCerts: false, applicationCacheEnabled: false, browserConnectionEnabled: false, browserName: chrome, chrome: {chromedriverVersion: 2.43.600229 (3fae4d0cda5334..., userDataDir: /var/folders/3n/b5sknkcj0f3...}, cssSelectorsEnabled: true, databaseEnabled: false, goog:chromeOptions: {debuggerAddress: localhost:51677}, handlesAlerts: true, hasTouchScreen: false, javascriptEnabled: true, locationContextEnabled: true, mobileEmulationEnabled: false, nativeEvents: true, networkConnectionEnabled: false, pageLoadStrategy: normal, platform: MAC, platformName: MAC, rotatable: false, setWindowRect: true, takesHeapSnapshot: true, takesScreenshot: true, unexpectedAlertBehaviour: , unhandledPromptBehavior: , version: 83.0.4103.97, webStorageEnabled: true}
Session ID: 2c349e66fd565d2096b286d1a42f7473" type="testDisableAllFourthLevel(Tests.DisableArticlesTests)">org.openqa.selenium.NoSuchSessionException: invalid session id
  (Driver info: chromedriver=2.43.600229 (3fae4d0cda5334b4f533bede5a4787f7b832d052),platform=Mac OS X 10.14.6 x86_64) (WARNING: The server did not provide any stacktrace information)
Command duration or timeout: 0 milliseconds
Build info: version: &apos;3.10.0&apos;, revision: &apos;176b4a9&apos;, time: &apos;2018-03-02T19:11:12.151Z&apos;
System info: host: &apos;WillHall-MBPrd.roc.mn.charter.com&apos;, ip: &apos;2600:6c46:7800:954:59ac:d5fb:e9a6:82fb%en0&apos;, os.name: &apos;Mac OS X&apos;, os.arch: &apos;x86_64&apos;, os.version: &apos;10.14.6&apos;, java.version: &apos;1.8.0_181&apos;
Driver info: org.openqa.selenium.chrome.ChromeDriver
Capabilities {acceptInsecureCerts: false, acceptSslCerts: false, applicationCacheEnabled: false, browserConnectionEnabled: false, browserName: chrome, chrome: {chromedriverVersion: 2.43.600229 (3fae4d0cda5334..., userDataDir: /var/folders/3n/b5sknkcj0f3...}, cssSelectorsEnabled: true, databaseEnabled: false, goog:chromeOptions: {debuggerAddress: localhost:51677}, handlesAlerts: true, hasTouchScreen: false, javascriptEnabled: true, locationContextEnabled: true, mobileEmulationEnabled: false, nativeEvents: true, networkConnectionEnabled: false, pageLoadStrategy: normal, platform: MAC, platformName: MAC, rotatable: false, setWindowRect: true, takesHeapSnapshot: true, takesScreenshot: true, unexpectedAlertBehaviour: , unhandledPromptBehavior: , version: 83.0.4103.97, webStorageEnabled: true}
Session ID: 2c349e66fd565d2096b286d1a42f7473
	at java.lang.reflect.Constructor.newInstance(Constructor.java:423)
	at org.openqa.selenium.remote.ErrorHandler.createThrowable(ErrorHandler.java:214)
	at org.openqa.selenium.remote.ErrorHandler.throwIfResponseFailed(ErrorHandler.java:166)
	at org.openqa.selenium.remote.http.JsonHttpResponseCodec.reconstructValue(JsonHttpResponseCodec.java:40)
	at org.openqa.selenium.remote.http.AbstractHttpResponseCodec.decode(AbstractHttpResponseCodec.java:80)
	at org.openqa.selenium.remote.http.AbstractHttpResponseCodec.decode(AbstractHttpResponseCodec.java:44)
	at org.openqa.selenium.remote.HttpCommandExecutor.execute(HttpCommandExecutor.java:160)
	at org.openqa.selenium.remote.service.DriverCommandExecutor.execute(DriverCommandExecutor.java:83)
	at org.openqa.selenium.remote.RemoteWebDriver.execute(RemoteWebDriver.java:601)
	at org.openqa.selenium.remote.RemoteWebDriver.execute(RemoteWebDriver.java:658)
	at org.openqa.selenium.remote.RemoteWebDriver.close(RemoteWebDriver.java:487)
	at SharedClasses.BasePage.closeCurrentWindow(BasePage.java:61)
	at Tests.DisableArticlesTests$1.failed(DisableArticlesTests.java:153)
	at TrueUserTests.TrueUser.Retry$1.evaluate(Retry.java:24)
	at TrueUserTests.TrueUser.RegressionSuiteRunner.main(RegressionSuiteRunner.java:158)
</failure>
  </testcase>
  <testcase classname="Tests.DisableArticlesTests" name="testBubbleUpFunctionalityFourthLevel" time="1.476">
    <failure type="testBubbleUpFunctionalityFourthLevel(Tests.DisableArticlesTests)">java.lang.NullPointerException
	at Tests.DisableArticlesTests.testBubbleUpFunctionalityFourthLevel(DisableArticlesTests.java:799)
	at TrueUserTests.TrueUser.Retry$1.evaluate(Retry.java:24)
	at TrueUserTests.TrueUser.RegressionSuiteRunner.main(RegressionSuiteRunner.java:158)
</failure>
    <failure message="invalid session id
  (Driver info: chromedriver=2.43.600229 (3fae4d0cda5334b4f533bede5a4787f7b832d052),platform=Mac OS X 10.14.6 x86_64) (WARNING: The server did not provide any stacktrace information)
Command duration or timeout: 0 milliseconds
Build info: version: &apos;3.10.0&apos;, revision: &apos;176b4a9&apos;, time: &apos;2018-03-02T19:11:12.151Z&apos;
System info: host: &apos;WillHall-MBPrd.roc.mn.charter.com&apos;, ip: &apos;2600:6c46:7800:954:59ac:d5fb:e9a6:82fb%en0&apos;, os.name: &apos;Mac OS X&apos;, os.arch: &apos;x86_64&apos;, os.version: &apos;10.14.6&apos;, java.version: &apos;1.8.0_181&apos;
Driver info: org.openqa.selenium.chrome.ChromeDriver
Capabilities {acceptInsecureCerts: false, acceptSslCerts: false, applicationCacheEnabled: false, browserConnectionEnabled: false, browserName: chrome, chrome: {chromedriverVersion: 2.43.600229 (3fae4d0cda5334..., userDataDir: /var/folders/3n/b5sknkcj0f3...}, cssSelectorsEnabled: true, databaseEnabled: false, goog:chromeOptions: {debuggerAddress: localhost:51677}, handlesAlerts: true, hasTouchScreen: false, javascriptEnabled: true, locationContextEnabled: true, mobileEmulationEnabled: false, nativeEvents: true, networkConnectionEnabled: false, pageLoadStrategy: normal, platform: MAC, platformName: MAC, rotatable: false, setWindowRect: true, takesHeapSnapshot: true, takesScreenshot: true, unexpectedAlertBehaviour: , unhandledPromptBehavior: , version: 83.0.4103.97, webStorageEnabled: true}
Session ID: 2c349e66fd565d2096b286d1a42f7473" type="testBubbleUpFunctionalityFourthLevel(Tests.DisableArticlesTests)">org.openqa.selenium.NoSuchSessionException: invalid session id
  (Driver info: chromedriver=2.43.600229 (3fae4d0cda5334b4f533bede5a4787f7b832d052),platform=Mac OS X 10.14.6 x86_64) (WARNING: The server did not provide any stacktrace information)
Command duration or timeout: 0 milliseconds
Build info: version: &apos;3.10.0&apos;, revision: &apos;176b4a9&apos;, time: &apos;2018-03-02T19:11:12.151Z&apos;
System info: host: &apos;WillHall-MBPrd.roc.mn.charter.com&apos;, ip: &apos;2600:6c46:7800:954:59ac:d5fb:e9a6:82fb%en0&apos;, os.name: &apos;Mac OS X&apos;, os.arch: &apos;x86_64&apos;, os.version: &apos;10.14.6&apos;, java.version: &apos;1.8.0_181&apos;
Driver info: org.openqa.selenium.chrome.ChromeDriver
Capabilities {acceptInsecureCerts: false, acceptSslCerts: false, applicationCacheEnabled: false, browserConnectionEnabled: false, browserName: chrome, chrome: {chromedriverVersion: 2.43.600229 (3fae4d0cda5334..., userDataDir: /var/folders/3n/b5sknkcj0f3...}, cssSelectorsEnabled: true, databaseEnabled: false, goog:chromeOptions: {debuggerAddress: localhost:51677}, handlesAlerts: true, hasTouchScreen: false, javascriptEnabled: true, locationContextEnabled: true, mobileEmulationEnabled: false, nativeEvents: true, networkConnectionEnabled: false, pageLoadStrategy: normal, platform: MAC, platformName: MAC, rotatable: false, setWindowRect: true, takesHeapSnapshot: true, takesScreenshot: true, unexpectedAlertBehaviour: , unhandledPromptBehavior: , version: 83.0.4103.97, webStorageEnabled: true}
Session ID: 2c349e66fd565d2096b286d1a42f7473
	at java.lang.reflect.Constructor.newInstance(Constructor.java:423)
	at org.openqa.selenium.remote.ErrorHandler.createThrowable(ErrorHandler.java:214)
	at org.openqa.selenium.remote.ErrorHandler.throwIfResponseFailed(ErrorHandler.java:166)
	at org.openqa.selenium.remote.http.JsonHttpResponseCodec.reconstructValue(JsonHttpResponseCodec.java:40)
	at org.openqa.selenium.remote.http.AbstractHttpResponseCodec.decode(AbstractHttpResponseCodec.java:80)
	at org.openqa.selenium.remote.http.AbstractHttpResponseCodec.decode(AbstractHttpResponseCodec.java:44)
	at org.openqa.selenium.remote.HttpCommandExecutor.execute(HttpCommandExecutor.java:160)
	at org.openqa.selenium.remote.service.DriverCommandExecutor.execute(DriverCommandExecutor.java:83)
	at org.openqa.selenium.remote.RemoteWebDriver.execute(RemoteWebDriver.java:601)
	at org.openqa.selenium.remote.RemoteWebDriver.execute(RemoteWebDriver.java:658)
	at org.openqa.selenium.remote.RemoteWebDriver.close(RemoteWebDriver.java:487)
	at SharedClasses.BasePage.closeCurrentWindow(BasePage.java:61)
	at Tests.DisableArticlesTests$1.failed(DisableArticlesTests.java:153)
	at TrueUserTests.TrueUser.Retry$1.evaluate(Retry.java:24)
	at TrueUserTests.TrueUser.RegressionSuiteRunner.main(RegressionSuiteRunner.java:158)
</failure>
  </testcase>
  <testcase classname="Tests.DisableArticlesTests" name="testDisableAllSecondLevel" time="1.448">
    <failure type="testDisableAllSecondLevel(Tests.DisableArticlesTests)">java.lang.NullPointerException
	at Tests.DisableArticlesTests.testDisableAllSecondLevel(DisableArticlesTests.java:643)
	at TrueUserTests.TrueUser.Retry$1.evaluate(Retry.java:24)
	at TrueUserTests.TrueUser.RegressionSuiteRunner.main(RegressionSuiteRunner.java:158)
</failure>
    <failure message="invalid session id
  (Driver info: chromedriver=2.43.600229 (3fae4d0cda5334b4f533bede5a4787f7b832d052),platform=Mac OS X 10.14.6 x86_64) (WARNING: The server did not provide any stacktrace information)
Command duration or timeout: 0 milliseconds
Build info: version: &apos;3.10.0&apos;, revision: &apos;176b4a9&apos;, time: &apos;2018-03-02T19:11:12.151Z&apos;
System info: host: &apos;WillHall-MBPrd.roc.mn.charter.com&apos;, ip: &apos;2600:6c46:7800:954:59ac:d5fb:e9a6:82fb%en0&apos;, os.name: &apos;Mac OS X&apos;, os.arch: &apos;x86_64&apos;, os.version: &apos;10.14.6&apos;, java.version: &apos;1.8.0_181&apos;
Driver info: org.openqa.selenium.chrome.ChromeDriver
Capabilities {acceptInsecureCerts: false, acceptSslCerts: false, applicationCacheEnabled: false, browserConnectionEnabled: false, browserName: chrome, chrome: {chromedriverVersion: 2.43.600229 (3fae4d0cda5334..., userDataDir: /var/folders/3n/b5sknkcj0f3...}, cssSelectorsEnabled: true, databaseEnabled: false, goog:chromeOptions: {debuggerAddress: localhost:51677}, handlesAlerts: true, hasTouchScreen: false, javascriptEnabled: true, locationContextEnabled: true, mobileEmulationEnabled: false, nativeEvents: true, networkConnectionEnabled: false, pageLoadStrategy: normal, platform: MAC, platformName: MAC, rotatable: false, setWindowRect: true, takesHeapSnapshot: true, takesScreenshot: true, unexpectedAlertBehaviour: , unhandledPromptBehavior: , version: 83.0.4103.97, webStorageEnabled: true}
Session ID: 2c349e66fd565d2096b286d1a42f7473" type="testDisableAllSecondLevel(Tests.DisableArticlesTests)">org.openqa.selenium.NoSuchSessionException: invalid session id
  (Driver info: chromedriver=2.43.600229 (3fae4d0cda5334b4f533bede5a4787f7b832d052),platform=Mac OS X 10.14.6 x86_64) (WARNING: The server did not provide any stacktrace information)
Command duration or timeout: 0 milliseconds
Build info: version: &apos;3.10.0&apos;, revision: &apos;176b4a9&apos;, time: &apos;2018-03-02T19:11:12.151Z&apos;
System info: host: &apos;WillHall-MBPrd.roc.mn.charter.com&apos;, ip: &apos;2600:6c46:7800:954:59ac:d5fb:e9a6:82fb%en0&apos;, os.name: &apos;Mac OS X&apos;, os.arch: &apos;x86_64&apos;, os.version: &apos;10.14.6&apos;, java.version: &apos;1.8.0_181&apos;
Driver info: org.openqa.selenium.chrome.ChromeDriver
Capabilities {acceptInsecureCerts: false, acceptSslCerts: false, applicationCacheEnabled: false, browserConnectionEnabled: false, browserName: chrome, chrome: {chromedriverVersion: 2.43.600229 (3fae4d0cda5334..., userDataDir: /var/folders/3n/b5sknkcj0f3...}, cssSelectorsEnabled: true, databaseEnabled: false, goog:chromeOptions: {debuggerAddress: localhost:51677}, handlesAlerts: true, hasTouchScreen: false, javascriptEnabled: true, locationContextEnabled: true, mobileEmulationEnabled: false, nativeEvents: true, networkConnectionEnabled: false, pageLoadStrategy: normal, platform: MAC, platformName: MAC, rotatable: false, setWindowRect: true, takesHeapSnapshot: true, takesScreenshot: true, unexpectedAlertBehaviour: , unhandledPromptBehavior: , version: 83.0.4103.97, webStorageEnabled: true}
Session ID: 2c349e66fd565d2096b286d1a42f7473
	at java.lang.reflect.Constructor.newInstance(Constructor.java:423)
	at org.openqa.selenium.remote.ErrorHandler.createThrowable(ErrorHandler.java:214)
	at org.openqa.selenium.remote.ErrorHandler.throwIfResponseFailed(ErrorHandler.java:166)
	at org.openqa.selenium.remote.http.JsonHttpResponseCodec.reconstructValue(JsonHttpResponseCodec.java:40)
	at org.openqa.selenium.remote.http.AbstractHttpResponseCodec.decode(AbstractHttpResponseCodec.java:80)
	at org.openqa.selenium.remote.http.AbstractHttpResponseCodec.decode(AbstractHttpResponseCodec.java:44)
	at org.openqa.selenium.remote.HttpCommandExecutor.execute(HttpCommandExecutor.java:160)
	at org.openqa.selenium.remote.service.DriverCommandExecutor.execute(DriverCommandExecutor.java:83)
	at org.openqa.selenium.remote.RemoteWebDriver.execute(RemoteWebDriver.java:601)
	at org.openqa.selenium.remote.RemoteWebDriver.execute(RemoteWebDriver.java:658)
	at org.openqa.selenium.remote.RemoteWebDriver.close(RemoteWebDriver.java:487)
	at SharedClasses.BasePage.closeCurrentWindow(BasePage.java:61)
	at Tests.DisableArticlesTests$1.failed(DisableArticlesTests.java:153)
	at TrueUserTests.TrueUser.Retry$1.evaluate(Retry.java:24)
	at TrueUserTests.TrueUser.RegressionSuiteRunner.main(RegressionSuiteRunner.java:158)
</failure>
  </testcase>
  <testcase classname="Tests.DisableArticlesTests" name="testDinosaursDatabaseLink" time="1.451">
    <failure type="testDinosaursDatabaseLink(Tests.DisableArticlesTests)">java.lang.NullPointerException
	at Tests.DisableArticlesTests.testDinosaursDatabaseLink(DisableArticlesTests.java:288)
	at TrueUserTests.TrueUser.Retry$1.evaluate(Retry.java:24)
	at TrueUserTests.TrueUser.RegressionSuiteRunner.main(RegressionSuiteRunner.java:158)
</failure>
    <failure message="invalid session id
  (Driver info: chromedriver=2.43.600229 (3fae4d0cda5334b4f533bede5a4787f7b832d052),platform=Mac OS X 10.14.6 x86_64) (WARNING: The server did not provide any stacktrace information)
Command duration or timeout: 0 milliseconds
Build info: version: &apos;3.10.0&apos;, revision: &apos;176b4a9&apos;, time: &apos;2018-03-02T19:11:12.151Z&apos;
System info: host: &apos;WillHall-MBPrd.roc.mn.charter.com&apos;, ip: &apos;2600:6c46:7800:954:59ac:d5fb:e9a6:82fb%en0&apos;, os.name: &apos;Mac OS X&apos;, os.arch: &apos;x86_64&apos;, os.version: &apos;10.14.6&apos;, java.version: &apos;1.8.0_181&apos;
Driver info: org.openqa.selenium.chrome.ChromeDriver
Capabilities {acceptInsecureCerts: false, acceptSslCerts: false, applicationCacheEnabled: false, browserConnectionEnabled: false, browserName: chrome, chrome: {chromedriverVersion: 2.43.600229 (3fae4d0cda5334..., userDataDir: /var/folders/3n/b5sknkcj0f3...}, cssSelectorsEnabled: true, databaseEnabled: false, goog:chromeOptions: {debuggerAddress: localhost:51677}, handlesAlerts: true, hasTouchScreen: false, javascriptEnabled: true, locationContextEnabled: true, mobileEmulationEnabled: false, nativeEvents: true, networkConnectionEnabled: false, pageLoadStrategy: normal, platform: MAC, platformName: MAC, rotatable: false, setWindowRect: true, takesHeapSnapshot: true, takesScreenshot: true, unexpectedAlertBehaviour: , unhandledPromptBehavior: , version: 83.0.4103.97, webStorageEnabled: true}
Session ID: 2c349e66fd565d2096b286d1a42f7473" type="testDinosaursDatabaseLink(Tests.DisableArticlesTests)">org.openqa.selenium.NoSuchSessionException: invalid session id
  (Driver info: chromedriver=2.43.600229 (3fae4d0cda5334b4f533bede5a4787f7b832d052),platform=Mac OS X 10.14.6 x86_64) (WARNING: The server did not provide any stacktrace information)
Command duration or timeout: 0 milliseconds
Build info: version: &apos;3.10.0&apos;, revision: &apos;176b4a9&apos;, time: &apos;2018-03-02T19:11:12.151Z&apos;
System info: host: &apos;WillHall-MBPrd.roc.mn.charter.com&apos;, ip: &apos;2600:6c46:7800:954:59ac:d5fb:e9a6:82fb%en0&apos;, os.name: &apos;Mac OS X&apos;, os.arch: &apos;x86_64&apos;, os.version: &apos;10.14.6&apos;, java.version: &apos;1.8.0_181&apos;
Driver info: org.openqa.selenium.chrome.ChromeDriver
Capabilities {acceptInsecureCerts: false, acceptSslCerts: false, applicationCacheEnabled: false, browserConnectionEnabled: false, browserName: chrome, chrome: {chromedriverVersion: 2.43.600229 (3fae4d0cda5334..., userDataDir: /var/folders/3n/b5sknkcj0f3...}, cssSelectorsEnabled: true, databaseEnabled: false, goog:chromeOptions: {debuggerAddress: localhost:51677}, handlesAlerts: true, hasTouchScreen: false, javascriptEnabled: true, locationContextEnabled: true, mobileEmulationEnabled: false, nativeEvents: true, networkConnectionEnabled: false, pageLoadStrategy: normal, platform: MAC, platformName: MAC, rotatable: false, setWindowRect: true, takesHeapSnapshot: true, takesScreenshot: true, unexpectedAlertBehaviour: , unhandledPromptBehavior: , version: 83.0.4103.97, webStorageEnabled: true}
Session ID: 2c349e66fd565d2096b286d1a42f7473
	at java.lang.reflect.Constructor.newInstance(Constructor.java:423)
	at org.openqa.selenium.remote.ErrorHandler.createThrowable(ErrorHandler.java:214)
	at org.openqa.selenium.remote.ErrorHandler.throwIfResponseFailed(ErrorHandler.java:166)
	at org.openqa.selenium.remote.http.JsonHttpResponseCodec.reconstructValue(JsonHttpResponseCodec.java:40)
	at org.openqa.selenium.remote.http.AbstractHttpResponseCodec.decode(AbstractHttpResponseCodec.java:80)
	at org.openqa.selenium.remote.http.AbstractHttpResponseCodec.decode(AbstractHttpResponseCodec.java:44)
	at org.openqa.selenium.remote.HttpCommandExecutor.execute(HttpCommandExecutor.java:160)
	at org.openqa.selenium.remote.service.DriverCommandExecutor.execute(DriverCommandExecutor.java:83)
	at org.openqa.selenium.remote.RemoteWebDriver.execute(RemoteWebDriver.java:601)
	at org.openqa.selenium.remote.RemoteWebDriver.execute(RemoteWebDriver.java:658)
	at org.openqa.selenium.remote.RemoteWebDriver.close(RemoteWebDriver.java:487)
	at SharedClasses.BasePage.closeCurrentWindow(BasePage.java:61)
	at Tests.DisableArticlesTests$1.failed(DisableArticlesTests.java:153)
	at TrueUserTests.TrueUser.Retry$1.evaluate(Retry.java:24)
	at TrueUserTests.TrueUser.RegressionSuiteRunner.main(RegressionSuiteRunner.java:158)
</failure>
  </testcase>
  <testcase classname="Tests.DisableArticlesTests" name="testSelectDatabaseButtonOnFourthLevel" time="1.45">
    <failure type="testSelectDatabaseButtonOnFourthLevel(Tests.DisableArticlesTests)">java.lang.NullPointerException
	at Tests.DisableArticlesTests.testSelectDatabaseButtonOnFourthLevel(DisableArticlesTests.java:412)
	at TrueUserTests.TrueUser.Retry$1.evaluate(Retry.java:24)
	at TrueUserTests.TrueUser.RegressionSuiteRunner.main(RegressionSuiteRunner.java:158)
</failure>
    <failure message="invalid session id
  (Driver info: chromedriver=2.43.600229 (3fae4d0cda5334b4f533bede5a4787f7b832d052),platform=Mac OS X 10.14.6 x86_64) (WARNING: The server did not provide any stacktrace information)
Command duration or timeout: 0 milliseconds
Build info: version: &apos;3.10.0&apos;, revision: &apos;176b4a9&apos;, time: &apos;2018-03-02T19:11:12.151Z&apos;
System info: host: &apos;WillHall-MBPrd.roc.mn.charter.com&apos;, ip: &apos;2600:6c46:7800:954:59ac:d5fb:e9a6:82fb%en0&apos;, os.name: &apos;Mac OS X&apos;, os.arch: &apos;x86_64&apos;, os.version: &apos;10.14.6&apos;, java.version: &apos;1.8.0_181&apos;
Driver info: org.openqa.selenium.chrome.ChromeDriver
Capabilities {acceptInsecureCerts: false, acceptSslCerts: false, applicationCacheEnabled: false, browserConnectionEnabled: false, browserName: chrome, chrome: {chromedriverVersion: 2.43.600229 (3fae4d0cda5334..., userDataDir: /var/folders/3n/b5sknkcj0f3...}, cssSelectorsEnabled: true, databaseEnabled: false, goog:chromeOptions: {debuggerAddress: localhost:51677}, handlesAlerts: true, hasTouchScreen: false, javascriptEnabled: true, locationContextEnabled: true, mobileEmulationEnabled: false, nativeEvents: true, networkConnectionEnabled: false, pageLoadStrategy: normal, platform: MAC, platformName: MAC, rotatable: false, setWindowRect: true, takesHeapSnapshot: true, takesScreenshot: true, unexpectedAlertBehaviour: , unhandledPromptBehavior: , version: 83.0.4103.97, webStorageEnabled: true}
Session ID: 2c349e66fd565d2096b286d1a42f7473" type="testSelectDatabaseButtonOnFourthLevel(Tests.DisableArticlesTests)">org.openqa.selenium.NoSuchSessionException: invalid session id
  (Driver info: chromedriver=2.43.600229 (3fae4d0cda5334b4f533bede5a4787f7b832d052),platform=Mac OS X 10.14.6 x86_64) (WARNING: The server did not provide any stacktrace information)
Command duration or timeout: 0 milliseconds
Build info: version: &apos;3.10.0&apos;, revision: &apos;176b4a9&apos;, time: &apos;2018-03-02T19:11:12.151Z&apos;
System info: host: &apos;WillHall-MBPrd.roc.mn.charter.com&apos;, ip: &apos;2600:6c46:7800:954:59ac:d5fb:e9a6:82fb%en0&apos;, os.name: &apos;Mac OS X&apos;, os.arch: &apos;x86_64&apos;, os.version: &apos;10.14.6&apos;, java.version: &apos;1.8.0_181&apos;
Driver info: org.openqa.selenium.chrome.ChromeDriver
Capabilities {acceptInsecureCerts: false, acceptSslCerts: false, applicationCacheEnabled: false, browserConnectionEnabled: false, browserName: chrome, chrome: {chromedriverVersion: 2.43.600229 (3fae4d0cda5334..., userDataDir: /var/folders/3n/b5sknkcj0f3...}, cssSelectorsEnabled: true, databaseEnabled: false, goog:chromeOptions: {debuggerAddress: localhost:51677}, handlesAlerts: true, hasTouchScreen: false, javascriptEnabled: true, locationContextEnabled: true, mobileEmulationEnabled: false, nativeEvents: true, networkConnectionEnabled: false, pageLoadStrategy: normal, platform: MAC, platformName: MAC, rotatable: false, setWindowRect: true, takesHeapSnapshot: true, takesScreenshot: true, unexpectedAlertBehaviour: , unhandledPromptBehavior: , version: 83.0.4103.97, webStorageEnabled: true}
Session ID: 2c349e66fd565d2096b286d1a42f7473
	at java.lang.reflect.Constructor.newInstance(Constructor.java:423)
	at org.openqa.selenium.remote.ErrorHandler.createThrowable(ErrorHandler.java:214)
	at org.openqa.selenium.remote.ErrorHandler.throwIfResponseFailed(ErrorHandler.java:166)
	at org.openqa.selenium.remote.http.JsonHttpResponseCodec.reconstructValue(JsonHttpResponseCodec.java:40)
	at org.openqa.selenium.remote.http.AbstractHttpResponseCodec.decode(AbstractHttpResponseCodec.java:80)
	at org.openqa.selenium.remote.http.AbstractHttpResponseCodec.decode(AbstractHttpResponseCodec.java:44)
	at org.openqa.selenium.remote.HttpCommandExecutor.execute(HttpCommandExecutor.java:160)
	at org.openqa.selenium.remote.service.DriverCommandExecutor.execute(DriverCommandExecutor.java:83)
	at org.openqa.selenium.remote.RemoteWebDriver.execute(RemoteWebDriver.java:601)
	at org.openqa.selenium.remote.RemoteWebDriver.execute(RemoteWebDriver.java:658)
	at org.openqa.selenium.remote.RemoteWebDriver.close(RemoteWebDriver.java:487)
	at SharedClasses.BasePage.closeCurrentWindow(BasePage.java:61)
	at Tests.DisableArticlesTests$1.failed(DisableArticlesTests.java:153)
	at TrueUserTests.TrueUser.Retry$1.evaluate(Retry.java:24)
	at TrueUserTests.TrueUser.RegressionSuiteRunner.main(RegressionSuiteRunner.java:158)
</failure>
  </testcase>
  <testcase classname="Tests.DisableArticlesTests" name="testBubbleUpFunctionalitySecondLevel" time="1.445">
    <failure type="testBubbleUpFunctionalitySecondLevel(Tests.DisableArticlesTests)">java.lang.NullPointerException
	at Tests.DisableArticlesTests.testBubbleUpFunctionalitySecondLevel(DisableArticlesTests.java:735)
	at TrueUserTests.TrueUser.Retry$1.evaluate(Retry.java:24)
	at TrueUserTests.TrueUser.RegressionSuiteRunner.main(RegressionSuiteRunner.java:158)
</failure>
    <failure message="invalid session id
  (Driver info: chromedriver=2.43.600229 (3fae4d0cda5334b4f533bede5a4787f7b832d052),platform=Mac OS X 10.14.6 x86_64) (WARNING: The server did not provide any stacktrace information)
Command duration or timeout: 0 milliseconds
Build info: version: &apos;3.10.0&apos;, revision: &apos;176b4a9&apos;, time: &apos;2018-03-02T19:11:12.151Z&apos;
System info: host: &apos;WillHall-MBPrd.roc.mn.charter.com&apos;, ip: &apos;2600:6c46:7800:954:59ac:d5fb:e9a6:82fb%en0&apos;, os.name: &apos;Mac OS X&apos;, os.arch: &apos;x86_64&apos;, os.version: &apos;10.14.6&apos;, java.version: &apos;1.8.0_181&apos;
Driver info: org.openqa.selenium.chrome.ChromeDriver
Capabilities {acceptInsecureCerts: false, acceptSslCerts: false, applicationCacheEnabled: false, browserConnectionEnabled: false, browserName: chrome, chrome: {chromedriverVersion: 2.43.600229 (3fae4d0cda5334..., userDataDir: /var/folders/3n/b5sknkcj0f3...}, cssSelectorsEnabled: true, databaseEnabled: false, goog:chromeOptions: {debuggerAddress: localhost:51677}, handlesAlerts: true, hasTouchScreen: false, javascriptEnabled: true, locationContextEnabled: true, mobileEmulationEnabled: false, nativeEvents: true, networkConnectionEnabled: false, pageLoadStrategy: normal, platform: MAC, platformName: MAC, rotatable: false, setWindowRect: true, takesHeapSnapshot: true, takesScreenshot: true, unexpectedAlertBehaviour: , unhandledPromptBehavior: , version: 83.0.4103.97, webStorageEnabled: true}
Session ID: 2c349e66fd565d2096b286d1a42f7473" type="testBubbleUpFunctionalitySecondLevel(Tests.DisableArticlesTests)">org.openqa.selenium.NoSuchSessionException: invalid session id
  (Driver info: chromedriver=2.43.600229 (3fae4d0cda5334b4f533bede5a4787f7b832d052),platform=Mac OS X 10.14.6 x86_64) (WARNING: The server did not provide any stacktrace information)
Command duration or timeout: 0 milliseconds
Build info: version: &apos;3.10.0&apos;, revision: &apos;176b4a9&apos;, time: &apos;2018-03-02T19:11:12.151Z&apos;
System info: host: &apos;WillHall-MBPrd.roc.mn.charter.com&apos;, ip: &apos;2600:6c46:7800:954:59ac:d5fb:e9a6:82fb%en0&apos;, os.name: &apos;Mac OS X&apos;, os.arch: &apos;x86_64&apos;, os.version: &apos;10.14.6&apos;, java.version: &apos;1.8.0_181&apos;
Driver info: org.openqa.selenium.chrome.ChromeDriver
Capabilities {acceptInsecureCerts: false, acceptSslCerts: false, applicationCacheEnabled: false, browserConnectionEnabled: false, browserName: chrome, chrome: {chromedriverVersion: 2.43.600229 (3fae4d0cda5334..., userDataDir: /var/folders/3n/b5sknkcj0f3...}, cssSelectorsEnabled: true, databaseEnabled: false, goog:chromeOptions: {debuggerAddress: localhost:51677}, handlesAlerts: true, hasTouchScreen: false, javascriptEnabled: true, locationContextEnabled: true, mobileEmulationEnabled: false, nativeEvents: true, networkConnectionEnabled: false, pageLoadStrategy: normal, platform: MAC, platformName: MAC, rotatable: false, setWindowRect: true, takesHeapSnapshot: true, takesScreenshot: true, unexpectedAlertBehaviour: , unhandledPromptBehavior: , version: 83.0.4103.97, webStorageEnabled: true}
Session ID: 2c349e66fd565d2096b286d1a42f7473
	at java.lang.reflect.Constructor.newInstance(Constructor.java:423)
	at org.openqa.selenium.remote.ErrorHandler.createThrowable(ErrorHandler.java:214)
	at org.openqa.selenium.remote.ErrorHandler.throwIfResponseFailed(ErrorHandler.java:166)
	at org.openqa.selenium.remote.http.JsonHttpResponseCodec.reconstructValue(JsonHttpResponseCodec.java:40)
	at org.openqa.selenium.remote.http.AbstractHttpResponseCodec.decode(AbstractHttpResponseCodec.java:80)
	at org.openqa.selenium.remote.http.AbstractHttpResponseCodec.decode(AbstractHttpResponseCodec.java:44)
	at org.openqa.selenium.remote.HttpCommandExecutor.execute(HttpCommandExecutor.java:160)
	at org.openqa.selenium.remote.service.DriverCommandExecutor.execute(DriverCommandExecutor.java:83)
	at org.openqa.selenium.remote.RemoteWebDriver.execute(RemoteWebDriver.java:601)
	at org.openqa.selenium.remote.RemoteWebDriver.execute(RemoteWebDriver.java:658)
	at org.openqa.selenium.remote.RemoteWebDriver.close(RemoteWebDriver.java:487)
	at SharedClasses.BasePage.closeCurrentWindow(BasePage.java:61)
	at Tests.DisableArticlesTests$1.failed(DisableArticlesTests.java:153)
	at TrueUserTests.TrueUser.Retry$1.evaluate(Retry.java:24)
	at TrueUserTests.TrueUser.RegressionSuiteRunner.main(RegressionSuiteRunner.java:158)
</failure>
  </testcase>
  <testcase classname="Tests.DisableArticlesTests" name="testArticleStaysOn" time="1.452">
    <failure type="testArticleStaysOn(Tests.DisableArticlesTests)">java.lang.NullPointerException
	at Tests.DisableArticlesTests.testArticleStaysOn(DisableArticlesTests.java:897)
	at TrueUserTests.TrueUser.Retry$1.evaluate(Retry.java:24)
	at TrueUserTests.TrueUser.RegressionSuiteRunner.main(RegressionSuiteRunner.java:158)
</failure>
    <failure message="invalid session id
  (Driver info: chromedriver=2.43.600229 (3fae4d0cda5334b4f533bede5a4787f7b832d052),platform=Mac OS X 10.14.6 x86_64) (WARNING: The server did not provide any stacktrace information)
Command duration or timeout: 0 milliseconds
Build info: version: &apos;3.10.0&apos;, revision: &apos;176b4a9&apos;, time: &apos;2018-03-02T19:11:12.151Z&apos;
System info: host: &apos;WillHall-MBPrd.roc.mn.charter.com&apos;, ip: &apos;2600:6c46:7800:954:59ac:d5fb:e9a6:82fb%en0&apos;, os.name: &apos;Mac OS X&apos;, os.arch: &apos;x86_64&apos;, os.version: &apos;10.14.6&apos;, java.version: &apos;1.8.0_181&apos;
Driver info: org.openqa.selenium.chrome.ChromeDriver
Capabilities {acceptInsecureCerts: false, acceptSslCerts: false, applicationCacheEnabled: false, browserConnectionEnabled: false, browserName: chrome, chrome: {chromedriverVersion: 2.43.600229 (3fae4d0cda5334..., userDataDir: /var/folders/3n/b5sknkcj0f3...}, cssSelectorsEnabled: true, databaseEnabled: false, goog:chromeOptions: {debuggerAddress: localhost:51677}, handlesAlerts: true, hasTouchScreen: false, javascriptEnabled: true, locationContextEnabled: true, mobileEmulationEnabled: false, nativeEvents: true, networkConnectionEnabled: false, pageLoadStrategy: normal, platform: MAC, platformName: MAC, rotatable: false, setWindowRect: true, takesHeapSnapshot: true, takesScreenshot: true, unexpectedAlertBehaviour: , unhandledPromptBehavior: , version: 83.0.4103.97, webStorageEnabled: true}
Session ID: 2c349e66fd565d2096b286d1a42f7473" type="testArticleStaysOn(Tests.DisableArticlesTests)">org.openqa.selenium.NoSuchSessionException: invalid session id
  (Driver info: chromedriver=2.43.600229 (3fae4d0cda5334b4f533bede5a4787f7b832d052),platform=Mac OS X 10.14.6 x86_64) (WARNING: The server did not provide any stacktrace information)
Command duration or timeout: 0 milliseconds
Build info: version: &apos;3.10.0&apos;, revision: &apos;176b4a9&apos;, time: &apos;2018-03-02T19:11:12.151Z&apos;
System info: host: &apos;WillHall-MBPrd.roc.mn.charter.com&apos;, ip: &apos;2600:6c46:7800:954:59ac:d5fb:e9a6:82fb%en0&apos;, os.name: &apos;Mac OS X&apos;, os.arch: &apos;x86_64&apos;, os.version: &apos;10.14.6&apos;, java.version: &apos;1.8.0_181&apos;
Driver info: org.openqa.selenium.chrome.ChromeDriver
Capabilities {acceptInsecureCerts: false, acceptSslCerts: false, applicationCacheEnabled: false, browserConnectionEnabled: false, browserName: chrome, chrome: {chromedriverVersion: 2.43.600229 (3fae4d0cda5334..., userDataDir: /var/folders/3n/b5sknkcj0f3...}, cssSelectorsEnabled: true, databaseEnabled: false, goog:chromeOptions: {debuggerAddress: localhost:51677}, handlesAlerts: true, hasTouchScreen: false, javascriptEnabled: true, locationContextEnabled: true, mobileEmulationEnabled: false, nativeEvents: true, networkConnectionEnabled: false, pageLoadStrategy: normal, platform: MAC, platformName: MAC, rotatable: false, setWindowRect: true, takesHeapSnapshot: true, takesScreenshot: true, unexpectedAlertBehaviour: , unhandledPromptBehavior: , version: 83.0.4103.97, webStorageEnabled: true}
Session ID: 2c349e66fd565d2096b286d1a42f7473
	at java.lang.reflect.Constructor.newInstance(Constructor.java:423)
	at org.openqa.selenium.remote.ErrorHandler.createThrowable(ErrorHandler.java:214)
	at org.openqa.selenium.remote.ErrorHandler.throwIfResponseFailed(ErrorHandler.java:166)
	at org.openqa.selenium.remote.http.JsonHttpResponseCodec.reconstructValue(JsonHttpResponseCodec.java:40)
	at org.openqa.selenium.remote.http.AbstractHttpResponseCodec.decode(AbstractHttpResponseCodec.java:80)
	at org.openqa.selenium.remote.http.AbstractHttpResponseCodec.decode(AbstractHttpResponseCodec.java:44)
	at org.openqa.selenium.remote.HttpCommandExecutor.execute(HttpCommandExecutor.java:160)
	at org.openqa.selenium.remote.service.DriverCommandExecutor.execute(DriverCommandExecutor.java:83)
	at org.openqa.selenium.remote.RemoteWebDriver.execute(RemoteWebDriver.java:601)
	at org.openqa.selenium.remote.RemoteWebDriver.execute(RemoteWebDriver.java:658)
	at org.openqa.selenium.remote.RemoteWebDriver.close(RemoteWebDriver.java:487)
	at SharedClasses.BasePage.closeCurrentWindow(BasePage.java:61)
	at Tests.DisableArticlesTests$1.failed(DisableArticlesTests.java:153)
	at TrueUserTests.TrueUser.Retry$1.evaluate(Retry.java:24)
	at TrueUserTests.TrueUser.RegressionSuiteRunner.main(RegressionSuiteRunner.java:158)
</failure>
  </testcase>
  <testcase classname="Tests.DisableArticlesTests" name="testEnableAllSecondLevel" time="1.448">
    <failure type="testEnableAllSecondLevel(Tests.DisableArticlesTests)">java.lang.NullPointerException
	at Tests.DisableArticlesTests.testEnableAllSecondLevel(DisableArticlesTests.java:628)
	at TrueUserTests.TrueUser.Retry$1.evaluate(Retry.java:24)
	at TrueUserTests.TrueUser.RegressionSuiteRunner.main(RegressionSuiteRunner.java:158)
</failure>
    <failure message="invalid session id
  (Driver info: chromedriver=2.43.600229 (3fae4d0cda5334b4f533bede5a4787f7b832d052),platform=Mac OS X 10.14.6 x86_64) (WARNING: The server did not provide any stacktrace information)
Command duration or timeout: 0 milliseconds
Build info: version: &apos;3.10.0&apos;, revision: &apos;176b4a9&apos;, time: &apos;2018-03-02T19:11:12.151Z&apos;
System info: host: &apos;WillHall-MBPrd.roc.mn.charter.com&apos;, ip: &apos;2600:6c46:7800:954:59ac:d5fb:e9a6:82fb%en0&apos;, os.name: &apos;Mac OS X&apos;, os.arch: &apos;x86_64&apos;, os.version: &apos;10.14.6&apos;, java.version: &apos;1.8.0_181&apos;
Driver info: org.openqa.selenium.chrome.ChromeDriver
Capabilities {acceptInsecureCerts: false, acceptSslCerts: false, applicationCacheEnabled: false, browserConnectionEnabled: false, browserName: chrome, chrome: {chromedriverVersion: 2.43.600229 (3fae4d0cda5334..., userDataDir: /var/folders/3n/b5sknkcj0f3...}, cssSelectorsEnabled: true, databaseEnabled: false, goog:chromeOptions: {debuggerAddress: localhost:51677}, handlesAlerts: true, hasTouchScreen: false, javascriptEnabled: true, locationContextEnabled: true, mobileEmulationEnabled: false, nativeEvents: true, networkConnectionEnabled: false, pageLoadStrategy: normal, platform: MAC, platformName: MAC, rotatable: false, setWindowRect: true, takesHeapSnapshot: true, takesScreenshot: true, unexpectedAlertBehaviour: , unhandledPromptBehavior: , version: 83.0.4103.97, webStorageEnabled: true}
Session ID: 2c349e66fd565d2096b286d1a42f7473" type="testEnableAllSecondLevel(Tests.DisableArticlesTests)">org.openqa.selenium.NoSuchSessionException: invalid session id
  (Driver info: chromedriver=2.43.600229 (3fae4d0cda5334b4f533bede5a4787f7b832d052),platform=Mac OS X 10.14.6 x86_64) (WARNING: The server did not provide any stacktrace information)
Command duration or timeout: 0 milliseconds
Build info: version: &apos;3.10.0&apos;, revision: &apos;176b4a9&apos;, time: &apos;2018-03-02T19:11:12.151Z&apos;
System info: host: &apos;WillHall-MBPrd.roc.mn.charter.com&apos;, ip: &apos;2600:6c46:7800:954:59ac:d5fb:e9a6:82fb%en0&apos;, os.name: &apos;Mac OS X&apos;, os.arch: &apos;x86_64&apos;, os.version: &apos;10.14.6&apos;, java.version: &apos;1.8.0_181&apos;
Driver info: org.openqa.selenium.chrome.ChromeDriver
Capabilities {acceptInsecureCerts: false, acceptSslCerts: false, applicationCacheEnabled: false, browserConnectionEnabled: false, browserName: chrome, chrome: {chromedriverVersion: 2.43.600229 (3fae4d0cda5334..., userDataDir: /var/folders/3n/b5sknkcj0f3...}, cssSelectorsEnabled: true, databaseEnabled: false, goog:chromeOptions: {debuggerAddress: localhost:51677}, handlesAlerts: true, hasTouchScreen: false, javascriptEnabled: true, locationContextEnabled: true, mobileEmulationEnabled: false, nativeEvents: true, networkConnectionEnabled: false, pageLoadStrategy: normal, platform: MAC, platformName: MAC, rotatable: false, setWindowRect: true, takesHeapSnapshot: true, takesScreenshot: true, unexpectedAlertBehaviour: , unhandledPromptBehavior: , version: 83.0.4103.97, webStorageEnabled: true}
Session ID: 2c349e66fd565d2096b286d1a42f7473
	at java.lang.reflect.Constructor.newInstance(Constructor.java:423)
	at org.openqa.selenium.remote.ErrorHandler.createThrowable(ErrorHandler.java:214)
	at org.openqa.selenium.remote.ErrorHandler.throwIfResponseFailed(ErrorHandler.java:166)
	at org.openqa.selenium.remote.http.JsonHttpResponseCodec.reconstructValue(JsonHttpResponseCodec.java:40)
	at org.openqa.selenium.remote.http.AbstractHttpResponseCodec.decode(AbstractHttpResponseCodec.java:80)
	at org.openqa.selenium.remote.http.AbstractHttpResponseCodec.decode(AbstractHttpResponseCodec.java:44)
	at org.openqa.selenium.remote.HttpCommandExecutor.execute(HttpCommandExecutor.java:160)
	at org.openqa.selenium.remote.service.DriverCommandExecutor.execute(DriverCommandExecutor.java:83)
	at org.openqa.selenium.remote.RemoteWebDriver.execute(RemoteWebDriver.java:601)
	at org.openqa.selenium.remote.RemoteWebDriver.execute(RemoteWebDriver.java:658)
	at org.openqa.selenium.remote.RemoteWebDriver.close(RemoteWebDriver.java:487)
	at SharedClasses.BasePage.closeCurrentWindow(BasePage.java:61)
	at Tests.DisableArticlesTests$1.failed(DisableArticlesTests.java:153)
	at TrueUserTests.TrueUser.Retry$1.evaluate(Retry.java:24)
	at TrueUserTests.TrueUser.RegressionSuiteRunner.main(RegressionSuiteRunner.java:158)
</failure>
  </testcase>
  <testcase classname="Tests.DisableArticlesTests" name="testScienceDatabaseLink" time="1.446">
    <failure type="testScienceDatabaseLink(Tests.DisableArticlesTests)">java.lang.NullPointerException
	at Tests.DisableArticlesTests.testScienceDatabaseLink(DisableArticlesTests.java:208)
	at TrueUserTests.TrueUser.Retry$1.evaluate(Retry.java:24)
	at TrueUserTests.TrueUser.RegressionSuiteRunner.main(RegressionSuiteRunner.java:158)
</failure>
    <failure message="invalid session id
  (Driver info: chromedriver=2.43.600229 (3fae4d0cda5334b4f533bede5a4787f7b832d052),platform=Mac OS X 10.14.6 x86_64) (WARNING: The server did not provide any stacktrace information)
Command duration or timeout: 0 milliseconds
Build info: version: &apos;3.10.0&apos;, revision: &apos;176b4a9&apos;, time: &apos;2018-03-02T19:11:12.151Z&apos;
System info: host: &apos;WillHall-MBPrd.roc.mn.charter.com&apos;, ip: &apos;2600:6c46:7800:954:59ac:d5fb:e9a6:82fb%en0&apos;, os.name: &apos;Mac OS X&apos;, os.arch: &apos;x86_64&apos;, os.version: &apos;10.14.6&apos;, java.version: &apos;1.8.0_181&apos;
Driver info: org.openqa.selenium.chrome.ChromeDriver
Capabilities {acceptInsecureCerts: false, acceptSslCerts: false, applicationCacheEnabled: false, browserConnectionEnabled: false, browserName: chrome, chrome: {chromedriverVersion: 2.43.600229 (3fae4d0cda5334..., userDataDir: /var/folders/3n/b5sknkcj0f3...}, cssSelectorsEnabled: true, databaseEnabled: false, goog:chromeOptions: {debuggerAddress: localhost:51677}, handlesAlerts: true, hasTouchScreen: false, javascriptEnabled: true, locationContextEnabled: true, mobileEmulationEnabled: false, nativeEvents: true, networkConnectionEnabled: false, pageLoadStrategy: normal, platform: MAC, platformName: MAC, rotatable: false, setWindowRect: true, takesHeapSnapshot: true, takesScreenshot: true, unexpectedAlertBehaviour: , unhandledPromptBehavior: , version: 83.0.4103.97, webStorageEnabled: true}
Session ID: 2c349e66fd565d2096b286d1a42f7473" type="testScienceDatabaseLink(Tests.DisableArticlesTests)">org.openqa.selenium.NoSuchSessionException: invalid session id
  (Driver info: chromedriver=2.43.600229 (3fae4d0cda5334b4f533bede5a4787f7b832d052),platform=Mac OS X 10.14.6 x86_64) (WARNING: The server did not provide any stacktrace information)
Command duration or timeout: 0 milliseconds
Build info: version: &apos;3.10.0&apos;, revision: &apos;176b4a9&apos;, time: &apos;2018-03-02T19:11:12.151Z&apos;
System info: host: &apos;WillHall-MBPrd.roc.mn.charter.com&apos;, ip: &apos;2600:6c46:7800:954:59ac:d5fb:e9a6:82fb%en0&apos;, os.name: &apos;Mac OS X&apos;, os.arch: &apos;x86_64&apos;, os.version: &apos;10.14.6&apos;, java.version: &apos;1.8.0_181&apos;
Driver info: org.openqa.selenium.chrome.ChromeDriver
Capabilities {acceptInsecureCerts: false, acceptSslCerts: false, applicationCacheEnabled: false, browserConnectionEnabled: false, browserName: chrome, chrome: {chromedriverVersion: 2.43.600229 (3fae4d0cda5334..., userDataDir: /var/folders/3n/b5sknkcj0f3...}, cssSelectorsEnabled: true, databaseEnabled: false, goog:chromeOptions: {debuggerAddress: localhost:51677}, handlesAlerts: true, hasTouchScreen: false, javascriptEnabled: true, locationContextEnabled: true, mobileEmulationEnabled: false, nativeEvents: true, networkConnectionEnabled: false, pageLoadStrategy: normal, platform: MAC, platformName: MAC, rotatable: false, setWindowRect: true, takesHeapSnapshot: true, takesScreenshot: true, unexpectedAlertBehaviour: , unhandledPromptBehavior: , version: 83.0.4103.97, webStorageEnabled: true}
Session ID: 2c349e66fd565d2096b286d1a42f7473
	at java.lang.reflect.Constructor.newInstance(Constructor.java:423)
	at org.openqa.selenium.remote.ErrorHandler.createThrowable(ErrorHandler.java:214)
	at org.openqa.selenium.remote.ErrorHandler.throwIfResponseFailed(ErrorHandler.java:166)
	at org.openqa.selenium.remote.http.JsonHttpResponseCodec.reconstructValue(JsonHttpResponseCodec.java:40)
	at org.openqa.selenium.remote.http.AbstractHttpResponseCodec.decode(AbstractHttpResponseCodec.java:80)
	at org.openqa.selenium.remote.http.AbstractHttpResponseCodec.decode(AbstractHttpResponseCodec.java:44)
	at org.openqa.selenium.remote.HttpCommandExecutor.execute(HttpCommandExecutor.java:160)
	at org.openqa.selenium.remote.service.DriverCommandExecutor.execute(DriverCommandExecutor.java:83)
	at org.openqa.selenium.remote.RemoteWebDriver.execute(RemoteWebDriver.java:601)
	at org.openqa.selenium.remote.RemoteWebDriver.execute(RemoteWebDriver.java:658)
	at org.openqa.selenium.remote.RemoteWebDriver.close(RemoteWebDriver.java:487)
	at SharedClasses.BasePage.closeCurrentWindow(BasePage.java:61)
	at Tests.DisableArticlesTests$1.failed(DisableArticlesTests.java:153)
	at TrueUserTests.TrueUser.Retry$1.evaluate(Retry.java:24)
	at TrueUserTests.TrueUser.RegressionSuiteRunner.main(RegressionSuiteRunner.java:158)
</failure>
  </testcase>
  <testcase classname="Tests.DisableArticlesTests" name="testSelectDatabaseButtonOnSecondLevel" time="1.451">
    <failure type="testSelectDatabaseButtonOnSecondLevel(Tests.DisableArticlesTests)">java.lang.NullPointerException
	at Tests.DisableArticlesTests.testSelectDatabaseButtonOnSecondLevel(DisableArticlesTests.java:373)
	at TrueUserTests.TrueUser.Retry$1.evaluate(Retry.java:24)
	at TrueUserTests.TrueUser.RegressionSuiteRunner.main(RegressionSuiteRunner.java:158)
</failure>
    <failure message="invalid session id
  (Driver info: chromedriver=2.43.600229 (3fae4d0cda5334b4f533bede5a4787f7b832d052),platform=Mac OS X 10.14.6 x86_64) (WARNING: The server did not provide any stacktrace information)
Command duration or timeout: 0 milliseconds
Build info: version: &apos;3.10.0&apos;, revision: &apos;176b4a9&apos;, time: &apos;2018-03-02T19:11:12.151Z&apos;
System info: host: &apos;WillHall-MBPrd.roc.mn.charter.com&apos;, ip: &apos;2600:6c46:7800:954:59ac:d5fb:e9a6:82fb%en0&apos;, os.name: &apos;Mac OS X&apos;, os.arch: &apos;x86_64&apos;, os.version: &apos;10.14.6&apos;, java.version: &apos;1.8.0_181&apos;
Driver info: org.openqa.selenium.chrome.ChromeDriver
Capabilities {acceptInsecureCerts: false, acceptSslCerts: false, applicationCacheEnabled: false, browserConnectionEnabled: false, browserName: chrome, chrome: {chromedriverVersion: 2.43.600229 (3fae4d0cda5334..., userDataDir: /var/folders/3n/b5sknkcj0f3...}, cssSelectorsEnabled: true, databaseEnabled: false, goog:chromeOptions: {debuggerAddress: localhost:51677}, handlesAlerts: true, hasTouchScreen: false, javascriptEnabled: true, locationContextEnabled: true, mobileEmulationEnabled: false, nativeEvents: true, networkConnectionEnabled: false, pageLoadStrategy: normal, platform: MAC, platformName: MAC, rotatable: false, setWindowRect: true, takesHeapSnapshot: true, takesScreenshot: true, unexpectedAlertBehaviour: , unhandledPromptBehavior: , version: 83.0.4103.97, webStorageEnabled: true}
Session ID: 2c349e66fd565d2096b286d1a42f7473" type="testSelectDatabaseButtonOnSecondLevel(Tests.DisableArticlesTests)">org.openqa.selenium.NoSuchSessionException: invalid session id
  (Driver info: chromedriver=2.43.600229 (3fae4d0cda5334b4f533bede5a4787f7b832d052),platform=Mac OS X 10.14.6 x86_64) (WARNING: The server did not provide any stacktrace information)
Command duration or timeout: 0 milliseconds
Build info: version: &apos;3.10.0&apos;, revision: &apos;176b4a9&apos;, time: &apos;2018-03-02T19:11:12.151Z&apos;
System info: host: &apos;WillHall-MBPrd.roc.mn.charter.com&apos;, ip: &apos;2600:6c46:7800:954:59ac:d5fb:e9a6:82fb%en0&apos;, os.name: &apos;Mac OS X&apos;, os.arch: &apos;x86_64&apos;, os.version: &apos;10.14.6&apos;, java.version: &apos;1.8.0_181&apos;
Driver info: org.openqa.selenium.chrome.ChromeDriver
Capabilities {acceptInsecureCerts: false, acceptSslCerts: false, applicationCacheEnabled: false, browserConnectionEnabled: false, browserName: chrome, chrome: {chromedriverVersion: 2.43.600229 (3fae4d0cda5334..., userDataDir: /var/folders/3n/b5sknkcj0f3...}, cssSelectorsEnabled: true, databaseEnabled: false, goog:chromeOptions: {debuggerAddress: localhost:51677}, handlesAlerts: true, hasTouchScreen: false, javascriptEnabled: true, locationContextEnabled: true, mobileEmulationEnabled: false, nativeEvents: true, networkConnectionEnabled: false, pageLoadStrategy: normal, platform: MAC, platformName: MAC, rotatable: false, setWindowRect: true, takesHeapSnapshot: true, takesScreenshot: true, unexpectedAlertBehaviour: , unhandledPromptBehavior: , version: 83.0.4103.97, webStorageEnabled: true}
Session ID: 2c349e66fd565d2096b286d1a42f7473
	at java.lang.reflect.Constructor.newInstance(Constructor.java:423)
	at org.openqa.selenium.remote.ErrorHandler.createThrowable(ErrorHandler.java:214)
	at org.openqa.selenium.remote.ErrorHandler.throwIfResponseFailed(ErrorHandler.java:166)
	at org.openqa.selenium.remote.http.JsonHttpResponseCodec.reconstructValue(JsonHttpResponseCodec.java:40)
	at org.openqa.selenium.remote.http.AbstractHttpResponseCodec.decode(AbstractHttpResponseCodec.java:80)
	at org.openqa.selenium.remote.http.AbstractHttpResponseCodec.decode(AbstractHttpResponseCodec.java:44)
	at org.openqa.selenium.remote.HttpCommandExecutor.execute(HttpCommandExecutor.java:160)
	at org.openqa.selenium.remote.service.DriverCommandExecutor.execute(DriverCommandExecutor.java:83)
	at org.openqa.selenium.remote.RemoteWebDriver.execute(RemoteWebDriver.java:601)
	at org.openqa.selenium.remote.RemoteWebDriver.execute(RemoteWebDriver.java:658)
	at org.openqa.selenium.remote.RemoteWebDriver.close(RemoteWebDriver.java:487)
	at SharedClasses.BasePage.closeCurrentWindow(BasePage.java:61)
	at Tests.DisableArticlesTests$1.failed(DisableArticlesTests.java:153)
	at TrueUserTests.TrueUser.Retry$1.evaluate(Retry.java:24)
	at TrueUserTests.TrueUser.RegressionSuiteRunner.main(RegressionSuiteRunner.java:158)
</failure>
  </testcase>
  <testcase classname="Tests.DisableArticlesTests" name="testHomeBreadcrumbThirdLevel" time="1.446">
    <failure type="testHomeBreadcrumbThirdLevel(Tests.DisableArticlesTests)">java.lang.NullPointerException
	at Tests.DisableArticlesTests.testHomeBreadcrumbThirdLevel(DisableArticlesTests.java:521)
	at TrueUserTests.TrueUser.Retry$1.evaluate(Retry.java:24)
	at TrueUserTests.TrueUser.RegressionSuiteRunner.main(RegressionSuiteRunner.java:158)
</failure>
    <failure message="invalid session id
  (Driver info: chromedriver=2.43.600229 (3fae4d0cda5334b4f533bede5a4787f7b832d052),platform=Mac OS X 10.14.6 x86_64) (WARNING: The server did not provide any stacktrace information)
Command duration or timeout: 0 milliseconds
Build info: version: &apos;3.10.0&apos;, revision: &apos;176b4a9&apos;, time: &apos;2018-03-02T19:11:12.151Z&apos;
System info: host: &apos;WillHall-MBPrd.roc.mn.charter.com&apos;, ip: &apos;2600:6c46:7800:954:59ac:d5fb:e9a6:82fb%en0&apos;, os.name: &apos;Mac OS X&apos;, os.arch: &apos;x86_64&apos;, os.version: &apos;10.14.6&apos;, java.version: &apos;1.8.0_181&apos;
Driver info: org.openqa.selenium.chrome.ChromeDriver
Capabilities {acceptInsecureCerts: false, acceptSslCerts: false, applicationCacheEnabled: false, browserConnectionEnabled: false, browserName: chrome, chrome: {chromedriverVersion: 2.43.600229 (3fae4d0cda5334..., userDataDir: /var/folders/3n/b5sknkcj0f3...}, cssSelectorsEnabled: true, databaseEnabled: false, goog:chromeOptions: {debuggerAddress: localhost:51677}, handlesAlerts: true, hasTouchScreen: false, javascriptEnabled: true, locationContextEnabled: true, mobileEmulationEnabled: false, nativeEvents: true, networkConnectionEnabled: false, pageLoadStrategy: normal, platform: MAC, platformName: MAC, rotatable: false, setWindowRect: true, takesHeapSnapshot: true, takesScreenshot: true, unexpectedAlertBehaviour: , unhandledPromptBehavior: , version: 83.0.4103.97, webStorageEnabled: true}
Session ID: 2c349e66fd565d2096b286d1a42f7473" type="testHomeBreadcrumbThirdLevel(Tests.DisableArticlesTests)">org.openqa.selenium.NoSuchSessionException: invalid session id
  (Driver info: chromedriver=2.43.600229 (3fae4d0cda5334b4f533bede5a4787f7b832d052),platform=Mac OS X 10.14.6 x86_64) (WARNING: The server did not provide any stacktrace information)
Command duration or timeout: 0 milliseconds
Build info: version: &apos;3.10.0&apos;, revision: &apos;176b4a9&apos;, time: &apos;2018-03-02T19:11:12.151Z&apos;
System info: host: &apos;WillHall-MBPrd.roc.mn.charter.com&apos;, ip: &apos;2600:6c46:7800:954:59ac:d5fb:e9a6:82fb%en0&apos;, os.name: &apos;Mac OS X&apos;, os.arch: &apos;x86_64&apos;, os.version: &apos;10.14.6&apos;, java.version: &apos;1.8.0_181&apos;
Driver info: org.openqa.selenium.chrome.ChromeDriver
Capabilities {acceptInsecureCerts: false, acceptSslCerts: false, applicationCacheEnabled: false, browserConnectionEnabled: false, browserName: chrome, chrome: {chromedriverVersion: 2.43.600229 (3fae4d0cda5334..., userDataDir: /var/folders/3n/b5sknkcj0f3...}, cssSelectorsEnabled: true, databaseEnabled: false, goog:chromeOptions: {debuggerAddress: localhost:51677}, handlesAlerts: true, hasTouchScreen: false, javascriptEnabled: true, locationContextEnabled: true, mobileEmulationEnabled: false, nativeEvents: true, networkConnectionEnabled: false, pageLoadStrategy: normal, platform: MAC, platformName: MAC, rotatable: false, setWindowRect: true, takesHeapSnapshot: true, takesScreenshot: true, unexpectedAlertBehaviour: , unhandledPromptBehavior: , version: 83.0.4103.97, webStorageEnabled: true}
Session ID: 2c349e66fd565d2096b286d1a42f7473
	at java.lang.reflect.Constructor.newInstance(Constructor.java:423)
	at org.openqa.selenium.remote.ErrorHandler.createThrowable(ErrorHandler.java:214)
	at org.openqa.selenium.remote.ErrorHandler.throwIfResponseFailed(ErrorHandler.java:166)
	at org.openqa.selenium.remote.http.JsonHttpResponseCodec.reconstructValue(JsonHttpResponseCodec.java:40)
	at org.openqa.selenium.remote.http.AbstractHttpResponseCodec.decode(AbstractHttpResponseCodec.java:80)
	at org.openqa.selenium.remote.http.AbstractHttpResponseCodec.decode(AbstractHttpResponseCodec.java:44)
	at org.openqa.selenium.remote.HttpCommandExecutor.execute(HttpCommandExecutor.java:160)
	at org.openqa.selenium.remote.service.DriverCommandExecutor.execute(DriverCommandExecutor.java:83)
	at org.openqa.selenium.remote.RemoteWebDriver.execute(RemoteWebDriver.java:601)
	at org.openqa.selenium.remote.RemoteWebDriver.execute(RemoteWebDriver.java:658)
	at org.openqa.selenium.remote.RemoteWebDriver.close(RemoteWebDriver.java:487)
	at SharedClasses.BasePage.closeCurrentWindow(BasePage.java:61)
	at Tests.DisableArticlesTests$1.failed(DisableArticlesTests.java:153)
	at TrueUserTests.TrueUser.Retry$1.evaluate(Retry.java:24)
	at TrueUserTests.TrueUser.RegressionSuiteRunner.main(RegressionSuiteRunner.java:158)
</failure>
  </testcase>
  <testcase classname="Tests.DisableArticlesTests" name="testDatabaseBreadcrumbScience" time="1.451">
    <failure type="testDatabaseBreadcrumbScience(Tests.DisableArticlesTests)">java.lang.NullPointerException
	at Tests.DisableArticlesTests.testDatabaseBreadcrumbScience(DisableArticlesTests.java:446)
	at TrueUserTests.TrueUser.Retry$1.evaluate(Retry.java:24)
	at TrueUserTests.TrueUser.RegressionSuiteRunner.main(RegressionSuiteRunner.java:158)
</failure>
    <failure message="invalid session id
  (Driver info: chromedriver=2.43.600229 (3fae4d0cda5334b4f533bede5a4787f7b832d052),platform=Mac OS X 10.14.6 x86_64) (WARNING: The server did not provide any stacktrace information)
Command duration or timeout: 0 milliseconds
Build info: version: &apos;3.10.0&apos;, revision: &apos;176b4a9&apos;, time: &apos;2018-03-02T19:11:12.151Z&apos;
System info: host: &apos;WillHall-MBPrd.roc.mn.charter.com&apos;, ip: &apos;2600:6c46:7800:954:59ac:d5fb:e9a6:82fb%en0&apos;, os.name: &apos;Mac OS X&apos;, os.arch: &apos;x86_64&apos;, os.version: &apos;10.14.6&apos;, java.version: &apos;1.8.0_181&apos;
Driver info: org.openqa.selenium.chrome.ChromeDriver
Capabilities {acceptInsecureCerts: false, acceptSslCerts: false, applicationCacheEnabled: false, browserConnectionEnabled: false, browserName: chrome, chrome: {chromedriverVersion: 2.43.600229 (3fae4d0cda5334..., userDataDir: /var/folders/3n/b5sknkcj0f3...}, cssSelectorsEnabled: true, databaseEnabled: false, goog:chromeOptions: {debuggerAddress: localhost:51677}, handlesAlerts: true, hasTouchScreen: false, javascriptEnabled: true, locationContextEnabled: true, mobileEmulationEnabled: false, nativeEvents: true, networkConnectionEnabled: false, pageLoadStrategy: normal, platform: MAC, platformName: MAC, rotatable: false, setWindowRect: true, takesHeapSnapshot: true, takesScreenshot: true, unexpectedAlertBehaviour: , unhandledPromptBehavior: , version: 83.0.4103.97, webStorageEnabled: true}
Session ID: 2c349e66fd565d2096b286d1a42f7473" type="testDatabaseBreadcrumbScience(Tests.DisableArticlesTests)">org.openqa.selenium.NoSuchSessionException: invalid session id
  (Driver info: chromedriver=2.43.600229 (3fae4d0cda5334b4f533bede5a4787f7b832d052),platform=Mac OS X 10.14.6 x86_64) (WARNING: The server did not provide any stacktrace information)
Command duration or timeout: 0 milliseconds
Build info: version: &apos;3.10.0&apos;, revision: &apos;176b4a9&apos;, time: &apos;2018-03-02T19:11:12.151Z&apos;
System info: host: &apos;WillHall-MBPrd.roc.mn.charter.com&apos;, ip: &apos;2600:6c46:7800:954:59ac:d5fb:e9a6:82fb%en0&apos;, os.name: &apos;Mac OS X&apos;, os.arch: &apos;x86_64&apos;, os.version: &apos;10.14.6&apos;, java.version: &apos;1.8.0_181&apos;
Driver info: org.openqa.selenium.chrome.ChromeDriver
Capabilities {acceptInsecureCerts: false, acceptSslCerts: false, applicationCacheEnabled: false, browserConnectionEnabled: false, browserName: chrome, chrome: {chromedriverVersion: 2.43.600229 (3fae4d0cda5334..., userDataDir: /var/folders/3n/b5sknkcj0f3...}, cssSelectorsEnabled: true, databaseEnabled: false, goog:chromeOptions: {debuggerAddress: localhost:51677}, handlesAlerts: true, hasTouchScreen: false, javascriptEnabled: true, locationContextEnabled: true, mobileEmulationEnabled: false, nativeEvents: true, networkConnectionEnabled: false, pageLoadStrategy: normal, platform: MAC, platformName: MAC, rotatable: false, setWindowRect: true, takesHeapSnapshot: true, takesScreenshot: true, unexpectedAlertBehaviour: , unhandledPromptBehavior: , version: 83.0.4103.97, webStorageEnabled: true}
Session ID: 2c349e66fd565d2096b286d1a42f7473
	at java.lang.reflect.Constructor.newInstance(Constructor.java:423)
	at org.openqa.selenium.remote.ErrorHandler.createThrowable(ErrorHandler.java:214)
	at org.openqa.selenium.remote.ErrorHandler.throwIfResponseFailed(ErrorHandler.java:166)
	at org.openqa.selenium.remote.http.JsonHttpResponseCodec.reconstructValue(JsonHttpResponseCodec.java:40)
	at org.openqa.selenium.remote.http.AbstractHttpResponseCodec.decode(AbstractHttpResponseCodec.java:80)
	at org.openqa.selenium.remote.http.AbstractHttpResponseCodec.decode(AbstractHttpResponseCodec.java:44)
	at org.openqa.selenium.remote.HttpCommandExecutor.execute(HttpCommandExecutor.java:160)
	at org.openqa.selenium.remote.service.DriverCommandExecutor.execute(DriverCommandExecutor.java:83)
	at org.openqa.selenium.remote.RemoteWebDriver.execute(RemoteWebDriver.java:601)
	at org.openqa.selenium.remote.RemoteWebDriver.execute(RemoteWebDriver.java:658)
	at org.openqa.selenium.remote.RemoteWebDriver.close(RemoteWebDriver.java:487)
	at SharedClasses.BasePage.closeCurrentWindow(BasePage.java:61)
	at Tests.DisableArticlesTests$1.failed(DisableArticlesTests.java:153)
	at TrueUserTests.TrueUser.Retry$1.evaluate(Retry.java:24)
	at TrueUserTests.TrueUser.RegressionSuiteRunner.main(RegressionSuiteRunner.java:158)
</failure>
  </testcase>
  <testcase classname="Tests.DisableArticlesTests" name="testDatabaseBreadcrumbBiographies" time="1.447">
    <failure type="testDatabaseBreadcrumbBiographies(Tests.DisableArticlesTests)">java.lang.NullPointerException
	at Tests.DisableArticlesTests.testDatabaseBreadcrumbBiographies(DisableArticlesTests.java:458)
	at TrueUserTests.TrueUser.Retry$1.evaluate(Retry.java:24)
	at TrueUserTests.TrueUser.RegressionSuiteRunner.main(RegressionSuiteRunner.java:158)
</failure>
    <failure message="invalid session id
  (Driver info: chromedriver=2.43.600229 (3fae4d0cda5334b4f533bede5a4787f7b832d052),platform=Mac OS X 10.14.6 x86_64) (WARNING: The server did not provide any stacktrace information)
Command duration or timeout: 0 milliseconds
Build info: version: &apos;3.10.0&apos;, revision: &apos;176b4a9&apos;, time: &apos;2018-03-02T19:11:12.151Z&apos;
System info: host: &apos;WillHall-MBPrd.roc.mn.charter.com&apos;, ip: &apos;2600:6c46:7800:954:59ac:d5fb:e9a6:82fb%en0&apos;, os.name: &apos;Mac OS X&apos;, os.arch: &apos;x86_64&apos;, os.version: &apos;10.14.6&apos;, java.version: &apos;1.8.0_181&apos;
Driver info: org.openqa.selenium.chrome.ChromeDriver
Capabilities {acceptInsecureCerts: false, acceptSslCerts: false, applicationCacheEnabled: false, browserConnectionEnabled: false, browserName: chrome, chrome: {chromedriverVersion: 2.43.600229 (3fae4d0cda5334..., userDataDir: /var/folders/3n/b5sknkcj0f3...}, cssSelectorsEnabled: true, databaseEnabled: false, goog:chromeOptions: {debuggerAddress: localhost:51677}, handlesAlerts: true, hasTouchScreen: false, javascriptEnabled: true, locationContextEnabled: true, mobileEmulationEnabled: false, nativeEvents: true, networkConnectionEnabled: false, pageLoadStrategy: normal, platform: MAC, platformName: MAC, rotatable: false, setWindowRect: true, takesHeapSnapshot: true, takesScreenshot: true, unexpectedAlertBehaviour: , unhandledPromptBehavior: , version: 83.0.4103.97, webStorageEnabled: true}
Session ID: 2c349e66fd565d2096b286d1a42f7473" type="testDatabaseBreadcrumbBiographies(Tests.DisableArticlesTests)">org.openqa.selenium.NoSuchSessionException: invalid session id
  (Driver info: chromedriver=2.43.600229 (3fae4d0cda5334b4f533bede5a4787f7b832d052),platform=Mac OS X 10.14.6 x86_64) (WARNING: The server did not provide any stacktrace information)
Command duration or timeout: 0 milliseconds
Build info: version: &apos;3.10.0&apos;, revision: &apos;176b4a9&apos;, time: &apos;2018-03-02T19:11:12.151Z&apos;
System info: host: &apos;WillHall-MBPrd.roc.mn.charter.com&apos;, ip: &apos;2600:6c46:7800:954:59ac:d5fb:e9a6:82fb%en0&apos;, os.name: &apos;Mac OS X&apos;, os.arch: &apos;x86_64&apos;, os.version: &apos;10.14.6&apos;, java.version: &apos;1.8.0_181&apos;
Driver info: org.openqa.selenium.chrome.ChromeDriver
Capabilities {acceptInsecureCerts: false, acceptSslCerts: false, applicationCacheEnabled: false, browserConnectionEnabled: false, browserName: chrome, chrome: {chromedriverVersion: 2.43.600229 (3fae4d0cda5334..., userDataDir: /var/folders/3n/b5sknkcj0f3...}, cssSelectorsEnabled: true, databaseEnabled: false, goog:chromeOptions: {debuggerAddress: localhost:51677}, handlesAlerts: true, hasTouchScreen: false, javascriptEnabled: true, locationContextEnabled: true, mobileEmulationEnabled: false, nativeEvents: true, networkConnectionEnabled: false, pageLoadStrategy: normal, platform: MAC, platformName: MAC, rotatable: false, setWindowRect: true, takesHeapSnapshot: true, takesScreenshot: true, unexpectedAlertBehaviour: , unhandledPromptBehavior: , version: 83.0.4103.97, webStorageEnabled: true}
Session ID: 2c349e66fd565d2096b286d1a42f7473
	at java.lang.reflect.Constructor.newInstance(Constructor.java:423)
	at org.openqa.selenium.remote.ErrorHandler.createThrowable(ErrorHandler.java:214)
	at org.openqa.selenium.remote.ErrorHandler.throwIfResponseFailed(ErrorHandler.java:166)
	at org.openqa.selenium.remote.http.JsonHttpResponseCodec.reconstructValue(JsonHttpResponseCodec.java:40)
	at org.openqa.selenium.remote.http.AbstractHttpResponseCodec.decode(AbstractHttpResponseCodec.java:80)
	at org.openqa.selenium.remote.http.AbstractHttpResponseCodec.decode(AbstractHttpResponseCodec.java:44)
	at org.openqa.selenium.remote.HttpCommandExecutor.execute(HttpCommandExecutor.java:160)
	at org.openqa.selenium.remote.service.DriverCommandExecutor.execute(DriverCommandExecutor.java:83)
	at org.openqa.selenium.remote.RemoteWebDriver.execute(RemoteWebDriver.java:601)
	at org.openqa.selenium.remote.RemoteWebDriver.execute(RemoteWebDriver.java:658)
	at org.openqa.selenium.remote.RemoteWebDriver.close(RemoteWebDriver.java:487)
	at SharedClasses.BasePage.closeCurrentWindow(BasePage.java:61)
	at Tests.DisableArticlesTests$1.failed(DisableArticlesTests.java:153)
	at TrueUserTests.TrueUser.Retry$1.evaluate(Retry.java:24)
	at TrueUserTests.TrueUser.RegressionSuiteRunner.main(RegressionSuiteRunner.java:158)
</failure>
  </testcase>
  <testcase classname="Tests.DisableArticlesTests" name="testHomeBreadcrumbFourthLevel" time="1.452">
    <failure type="testHomeBreadcrumbFourthLevel(Tests.DisableArticlesTests)">java.lang.NullPointerException
	at Tests.DisableArticlesTests.testHomeBreadcrumbFourthLevel(DisableArticlesTests.java:536)
	at TrueUserTests.TrueUser.Retry$1.evaluate(Retry.java:24)
	at TrueUserTests.TrueUser.RegressionSuiteRunner.main(RegressionSuiteRunner.java:158)
</failure>
    <failure message="invalid session id
  (Driver info: chromedriver=2.43.600229 (3fae4d0cda5334b4f533bede5a4787f7b832d052),platform=Mac OS X 10.14.6 x86_64) (WARNING: The server did not provide any stacktrace information)
Command duration or timeout: 0 milliseconds
Build info: version: &apos;3.10.0&apos;, revision: &apos;176b4a9&apos;, time: &apos;2018-03-02T19:11:12.151Z&apos;
System info: host: &apos;WillHall-MBPrd.roc.mn.charter.com&apos;, ip: &apos;2600:6c46:7800:954:59ac:d5fb:e9a6:82fb%en0&apos;, os.name: &apos;Mac OS X&apos;, os.arch: &apos;x86_64&apos;, os.version: &apos;10.14.6&apos;, java.version: &apos;1.8.0_181&apos;
Driver info: org.openqa.selenium.chrome.ChromeDriver
Capabilities {acceptInsecureCerts: false, acceptSslCerts: false, applicationCacheEnabled: false, browserConnectionEnabled: false, browserName: chrome, chrome: {chromedriverVersion: 2.43.600229 (3fae4d0cda5334..., userDataDir: /var/folders/3n/b5sknkcj0f3...}, cssSelectorsEnabled: true, databaseEnabled: false, goog:chromeOptions: {debuggerAddress: localhost:51677}, handlesAlerts: true, hasTouchScreen: false, javascriptEnabled: true, locationContextEnabled: true, mobileEmulationEnabled: false, nativeEvents: true, networkConnectionEnabled: false, pageLoadStrategy: normal, platform: MAC, platformName: MAC, rotatable: false, setWindowRect: true, takesHeapSnapshot: true, takesScreenshot: true, unexpectedAlertBehaviour: , unhandledPromptBehavior: , version: 83.0.4103.97, webStorageEnabled: true}
Session ID: 2c349e66fd565d2096b286d1a42f7473" type="testHomeBreadcrumbFourthLevel(Tests.DisableArticlesTests)">org.openqa.selenium.NoSuchSessionException: invalid session id
  (Driver info: chromedriver=2.43.600229 (3fae4d0cda5334b4f533bede5a4787f7b832d052),platform=Mac OS X 10.14.6 x86_64) (WARNING: The server did not provide any stacktrace information)
Command duration or timeout: 0 milliseconds
Build info: version: &apos;3.10.0&apos;, revision: &apos;176b4a9&apos;, time: &apos;2018-03-02T19:11:12.151Z&apos;
System info: host: &apos;WillHall-MBPrd.roc.mn.charter.com&apos;, ip: &apos;2600:6c46:7800:954:59ac:d5fb:e9a6:82fb%en0&apos;, os.name: &apos;Mac OS X&apos;, os.arch: &apos;x86_64&apos;, os.version: &apos;10.14.6&apos;, java.version: &apos;1.8.0_181&apos;
Driver info: org.openqa.selenium.chrome.ChromeDriver
Capabilities {acceptInsecureCerts: false, acceptSslCerts: false, applicationCacheEnabled: false, browserConnectionEnabled: false, browserName: chrome, chrome: {chromedriverVersion: 2.43.600229 (3fae4d0cda5334..., userDataDir: /var/folders/3n/b5sknkcj0f3...}, cssSelectorsEnabled: true, databaseEnabled: false, goog:chromeOptions: {debuggerAddress: localhost:51677}, handlesAlerts: true, hasTouchScreen: false, javascriptEnabled: true, locationContextEnabled: true, mobileEmulationEnabled: false, nativeEvents: true, networkConnectionEnabled: false, pageLoadStrategy: normal, platform: MAC, platformName: MAC, rotatable: false, setWindowRect: true, takesHeapSnapshot: true, takesScreenshot: true, unexpectedAlertBehaviour: , unhandledPromptBehavior: , version: 83.0.4103.97, webStorageEnabled: true}
Session ID: 2c349e66fd565d2096b286d1a42f7473
	at java.lang.reflect.Constructor.newInstance(Constructor.java:423)
	at org.openqa.selenium.remote.ErrorHandler.createThrowable(ErrorHandler.java:214)
	at org.openqa.selenium.remote.ErrorHandler.throwIfResponseFailed(ErrorHandler.java:166)
	at org.openqa.selenium.remote.http.JsonHttpResponseCodec.reconstructValue(JsonHttpResponseCodec.java:40)
	at org.openqa.selenium.remote.http.AbstractHttpResponseCodec.decode(AbstractHttpResponseCodec.java:80)
	at org.openqa.selenium.remote.http.AbstractHttpResponseCodec.decode(AbstractHttpResponseCodec.java:44)
	at org.openqa.selenium.remote.HttpCommandExecutor.execute(HttpCommandExecutor.java:160)
	at org.openqa.selenium.remote.service.DriverCommandExecutor.execute(DriverCommandExecutor.java:83)
	at org.openqa.selenium.remote.RemoteWebDriver.execute(RemoteWebDriver.java:601)
	at org.openqa.selenium.remote.RemoteWebDriver.execute(RemoteWebDriver.java:658)
	at org.openqa.selenium.remote.RemoteWebDriver.close(RemoteWebDriver.java:487)
	at SharedClasses.BasePage.closeCurrentWindow(BasePage.java:61)
	at Tests.DisableArticlesTests$1.failed(DisableArticlesTests.java:153)
	at TrueUserTests.TrueUser.Retry$1.evaluate(Retry.java:24)
	at TrueUserTests.TrueUser.RegressionSuiteRunner.main(RegressionSuiteRunner.java:158)
</failure>
  </testcase>
  <testcase classname="Tests.DisableArticlesTests" name="testBiographiesDatabaseLink" time="1.446">
    <failure type="testBiographiesDatabaseLink(Tests.DisableArticlesTests)">java.lang.NullPointerException
	at Tests.DisableArticlesTests.testBiographiesDatabaseLink(DisableArticlesTests.java:235)
	at TrueUserTests.TrueUser.Retry$1.evaluate(Retry.java:24)
	at TrueUserTests.TrueUser.RegressionSuiteRunner.main(RegressionSuiteRunner.java:158)
</failure>
    <failure message="invalid session id
  (Driver info: chromedriver=2.43.600229 (3fae4d0cda5334b4f533bede5a4787f7b832d052),platform=Mac OS X 10.14.6 x86_64) (WARNING: The server did not provide any stacktrace information)
Command duration or timeout: 0 milliseconds
Build info: version: &apos;3.10.0&apos;, revision: &apos;176b4a9&apos;, time: &apos;2018-03-02T19:11:12.151Z&apos;
System info: host: &apos;WillHall-MBPrd.roc.mn.charter.com&apos;, ip: &apos;2600:6c46:7800:954:59ac:d5fb:e9a6:82fb%en0&apos;, os.name: &apos;Mac OS X&apos;, os.arch: &apos;x86_64&apos;, os.version: &apos;10.14.6&apos;, java.version: &apos;1.8.0_181&apos;
Driver info: org.openqa.selenium.chrome.ChromeDriver
Capabilities {acceptInsecureCerts: false, acceptSslCerts: false, applicationCacheEnabled: false, browserConnectionEnabled: false, browserName: chrome, chrome: {chromedriverVersion: 2.43.600229 (3fae4d0cda5334..., userDataDir: /var/folders/3n/b5sknkcj0f3...}, cssSelectorsEnabled: true, databaseEnabled: false, goog:chromeOptions: {debuggerAddress: localhost:51677}, handlesAlerts: true, hasTouchScreen: false, javascriptEnabled: true, locationContextEnabled: true, mobileEmulationEnabled: false, nativeEvents: true, networkConnectionEnabled: false, pageLoadStrategy: normal, platform: MAC, platformName: MAC, rotatable: false, setWindowRect: true, takesHeapSnapshot: true, takesScreenshot: true, unexpectedAlertBehaviour: , unhandledPromptBehavior: , version: 83.0.4103.97, webStorageEnabled: true}
Session ID: 2c349e66fd565d2096b286d1a42f7473" type="testBiographiesDatabaseLink(Tests.DisableArticlesTests)">org.openqa.selenium.NoSuchSessionException: invalid session id
  (Driver info: chromedriver=2.43.600229 (3fae4d0cda5334b4f533bede5a4787f7b832d052),platform=Mac OS X 10.14.6 x86_64) (WARNING: The server did not provide any stacktrace information)
Command duration or timeout: 0 milliseconds
Build info: version: &apos;3.10.0&apos;, revision: &apos;176b4a9&apos;, time: &apos;2018-03-02T19:11:12.151Z&apos;
System info: host: &apos;WillHall-MBPrd.roc.mn.charter.com&apos;, ip: &apos;2600:6c46:7800:954:59ac:d5fb:e9a6:82fb%en0&apos;, os.name: &apos;Mac OS X&apos;, os.arch: &apos;x86_64&apos;, os.version: &apos;10.14.6&apos;, java.version: &apos;1.8.0_181&apos;
Driver info: org.openqa.selenium.chrome.ChromeDriver
Capabilities {acceptInsecureCerts: false, acceptSslCerts: false, applicationCacheEnabled: false, browserConnectionEnabled: false, browserName: chrome, chrome: {chromedriverVersion: 2.43.600229 (3fae4d0cda5334..., userDataDir: /var/folders/3n/b5sknkcj0f3...}, cssSelectorsEnabled: true, databaseEnabled: false, goog:chromeOptions: {debuggerAddress: localhost:51677}, handlesAlerts: true, hasTouchScreen: false, javascriptEnabled: true, locationContextEnabled: true, mobileEmulationEnabled: false, nativeEvents: true, networkConnectionEnabled: false, pageLoadStrategy: normal, platform: MAC, platformName: MAC, rotatable: false, setWindowRect: true, takesHeapSnapshot: true, takesScreenshot: true, unexpectedAlertBehaviour: , unhandledPromptBehavior: , version: 83.0.4103.97, webStorageEnabled: true}
Session ID: 2c349e66fd565d2096b286d1a42f7473
	at java.lang.reflect.Constructor.newInstance(Constructor.java:423)
	at org.openqa.selenium.remote.ErrorHandler.createThrowable(ErrorHandler.java:214)
	at org.openqa.selenium.remote.ErrorHandler.throwIfResponseFailed(ErrorHandler.java:166)
	at org.openqa.selenium.remote.http.JsonHttpResponseCodec.reconstructValue(JsonHttpResponseCodec.java:40)
	at org.openqa.selenium.remote.http.AbstractHttpResponseCodec.decode(AbstractHttpResponseCodec.java:80)
	at org.openqa.selenium.remote.http.AbstractHttpResponseCodec.decode(AbstractHttpResponseCodec.java:44)
	at org.openqa.selenium.remote.HttpCommandExecutor.execute(HttpCommandExecutor.java:160)
	at org.openqa.selenium.remote.service.DriverCommandExecutor.execute(DriverCommandExecutor.java:83)
	at org.openqa.selenium.remote.RemoteWebDriver.execute(RemoteWebDriver.java:601)
	at org.openqa.selenium.remote.RemoteWebDriver.execute(RemoteWebDriver.java:658)
	at org.openqa.selenium.remote.RemoteWebDriver.close(RemoteWebDriver.java:487)
	at SharedClasses.BasePage.closeCurrentWindow(BasePage.java:61)
	at Tests.DisableArticlesTests$1.failed(DisableArticlesTests.java:153)
	at TrueUserTests.TrueUser.Retry$1.evaluate(Retry.java:24)
	at TrueUserTests.TrueUser.RegressionSuiteRunner.main(RegressionSuiteRunner.java:158)
</failure>
  </testcase>
  <testcase classname="Tests.DisableArticlesTests" name="testDatabaseBreadcrumbAnimales" time="1.453">
    <failure type="testDatabaseBreadcrumbAnimales(Tests.DisableArticlesTests)">java.lang.NullPointerException
	at Tests.DisableArticlesTests.testDatabaseBreadcrumbAnimales(DisableArticlesTests.java:494)
	at TrueUserTests.TrueUser.Retry$1.evaluate(Retry.java:24)
	at TrueUserTests.TrueUser.RegressionSuiteRunner.main(RegressionSuiteRunner.java:158)
</failure>
    <failure message="invalid session id
  (Driver info: chromedriver=2.43.600229 (3fae4d0cda5334b4f533bede5a4787f7b832d052),platform=Mac OS X 10.14.6 x86_64) (WARNING: The server did not provide any stacktrace information)
Command duration or timeout: 0 milliseconds
Build info: version: &apos;3.10.0&apos;, revision: &apos;176b4a9&apos;, time: &apos;2018-03-02T19:11:12.151Z&apos;
System info: host: &apos;WillHall-MBPrd.roc.mn.charter.com&apos;, ip: &apos;2600:6c46:7800:954:59ac:d5fb:e9a6:82fb%en0&apos;, os.name: &apos;Mac OS X&apos;, os.arch: &apos;x86_64&apos;, os.version: &apos;10.14.6&apos;, java.version: &apos;1.8.0_181&apos;
Driver info: org.openqa.selenium.chrome.ChromeDriver
Capabilities {acceptInsecureCerts: false, acceptSslCerts: false, applicationCacheEnabled: false, browserConnectionEnabled: false, browserName: chrome, chrome: {chromedriverVersion: 2.43.600229 (3fae4d0cda5334..., userDataDir: /var/folders/3n/b5sknkcj0f3...}, cssSelectorsEnabled: true, databaseEnabled: false, goog:chromeOptions: {debuggerAddress: localhost:51677}, handlesAlerts: true, hasTouchScreen: false, javascriptEnabled: true, locationContextEnabled: true, mobileEmulationEnabled: false, nativeEvents: true, networkConnectionEnabled: false, pageLoadStrategy: normal, platform: MAC, platformName: MAC, rotatable: false, setWindowRect: true, takesHeapSnapshot: true, takesScreenshot: true, unexpectedAlertBehaviour: , unhandledPromptBehavior: , version: 83.0.4103.97, webStorageEnabled: true}
Session ID: 2c349e66fd565d2096b286d1a42f7473" type="testDatabaseBreadcrumbAnimales(Tests.DisableArticlesTests)">org.openqa.selenium.NoSuchSessionException: invalid session id
  (Driver info: chromedriver=2.43.600229 (3fae4d0cda5334b4f533bede5a4787f7b832d052),platform=Mac OS X 10.14.6 x86_64) (WARNING: The server did not provide any stacktrace information)
Command duration or timeout: 0 milliseconds
Build info: version: &apos;3.10.0&apos;, revision: &apos;176b4a9&apos;, time: &apos;2018-03-02T19:11:12.151Z&apos;
System info: host: &apos;WillHall-MBPrd.roc.mn.charter.com&apos;, ip: &apos;2600:6c46:7800:954:59ac:d5fb:e9a6:82fb%en0&apos;, os.name: &apos;Mac OS X&apos;, os.arch: &apos;x86_64&apos;, os.version: &apos;10.14.6&apos;, java.version: &apos;1.8.0_181&apos;
Driver info: org.openqa.selenium.chrome.ChromeDriver
Capabilities {acceptInsecureCerts: false, acceptSslCerts: false, applicationCacheEnabled: false, browserConnectionEnabled: false, browserName: chrome, chrome: {chromedriverVersion: 2.43.600229 (3fae4d0cda5334..., userDataDir: /var/folders/3n/b5sknkcj0f3...}, cssSelectorsEnabled: true, databaseEnabled: false, goog:chromeOptions: {debuggerAddress: localhost:51677}, handlesAlerts: true, hasTouchScreen: false, javascriptEnabled: true, locationContextEnabled: true, mobileEmulationEnabled: false, nativeEvents: true, networkConnectionEnabled: false, pageLoadStrategy: normal, platform: MAC, platformName: MAC, rotatable: false, setWindowRect: true, takesHeapSnapshot: true, takesScreenshot: true, unexpectedAlertBehaviour: , unhandledPromptBehavior: , version: 83.0.4103.97, webStorageEnabled: true}
Session ID: 2c349e66fd565d2096b286d1a42f7473
	at java.lang.reflect.Constructor.newInstance(Constructor.java:423)
	at org.openqa.selenium.remote.ErrorHandler.createThrowable(ErrorHandler.java:214)
	at org.openqa.selenium.remote.ErrorHandler.throwIfResponseFailed(ErrorHandler.java:166)
	at org.openqa.selenium.remote.http.JsonHttpResponseCodec.reconstructValue(JsonHttpResponseCodec.java:40)
	at org.openqa.selenium.remote.http.AbstractHttpResponseCodec.decode(AbstractHttpResponseCodec.java:80)
	at org.openqa.selenium.remote.http.AbstractHttpResponseCodec.decode(AbstractHttpResponseCodec.java:44)
	at org.openqa.selenium.remote.HttpCommandExecutor.execute(HttpCommandExecutor.java:160)
	at org.openqa.selenium.remote.service.DriverCommandExecutor.execute(DriverCommandExecutor.java:83)
	at org.openqa.selenium.remote.RemoteWebDriver.execute(RemoteWebDriver.java:601)
	at org.openqa.selenium.remote.RemoteWebDriver.execute(RemoteWebDriver.java:658)
	at org.openqa.selenium.remote.RemoteWebDriver.close(RemoteWebDriver.java:487)
	at SharedClasses.BasePage.closeCurrentWindow(BasePage.java:61)
	at Tests.DisableArticlesTests$1.failed(DisableArticlesTests.java:153)
	at TrueUserTests.TrueUser.Retry$1.evaluate(Retry.java:24)
	at TrueUserTests.TrueUser.RegressionSuiteRunner.main(RegressionSuiteRunner.java:158)
</failure>
  </testcase>
  <testcase classname="Tests.DisableArticlesTests" name="testSelectDatabaseButtonOnDatabasePage" time="1.444">
    <failure type="testSelectDatabaseButtonOnDatabasePage(Tests.DisableArticlesTests)">java.lang.NullPointerException
	at Tests.DisableArticlesTests.testSelectDatabaseButtonOnDatabasePage(DisableArticlesTests.java:346)
	at TrueUserTests.TrueUser.Retry$1.evaluate(Retry.java:24)
	at TrueUserTests.TrueUser.RegressionSuiteRunner.main(RegressionSuiteRunner.java:158)
</failure>
    <failure message="invalid session id
  (Driver info: chromedriver=2.43.600229 (3fae4d0cda5334b4f533bede5a4787f7b832d052),platform=Mac OS X 10.14.6 x86_64) (WARNING: The server did not provide any stacktrace information)
Command duration or timeout: 0 milliseconds
Build info: version: &apos;3.10.0&apos;, revision: &apos;176b4a9&apos;, time: &apos;2018-03-02T19:11:12.151Z&apos;
System info: host: &apos;WillHall-MBPrd.roc.mn.charter.com&apos;, ip: &apos;2600:6c46:7800:954:59ac:d5fb:e9a6:82fb%en0&apos;, os.name: &apos;Mac OS X&apos;, os.arch: &apos;x86_64&apos;, os.version: &apos;10.14.6&apos;, java.version: &apos;1.8.0_181&apos;
Driver info: org.openqa.selenium.chrome.ChromeDriver
Capabilities {acceptInsecureCerts: false, acceptSslCerts: false, applicationCacheEnabled: false, browserConnectionEnabled: false, browserName: chrome, chrome: {chromedriverVersion: 2.43.600229 (3fae4d0cda5334..., userDataDir: /var/folders/3n/b5sknkcj0f3...}, cssSelectorsEnabled: true, databaseEnabled: false, goog:chromeOptions: {debuggerAddress: localhost:51677}, handlesAlerts: true, hasTouchScreen: false, javascriptEnabled: true, locationContextEnabled: true, mobileEmulationEnabled: false, nativeEvents: true, networkConnectionEnabled: false, pageLoadStrategy: normal, platform: MAC, platformName: MAC, rotatable: false, setWindowRect: true, takesHeapSnapshot: true, takesScreenshot: true, unexpectedAlertBehaviour: , unhandledPromptBehavior: , version: 83.0.4103.97, webStorageEnabled: true}
Session ID: 2c349e66fd565d2096b286d1a42f7473" type="testSelectDatabaseButtonOnDatabasePage(Tests.DisableArticlesTests)">org.openqa.selenium.NoSuchSessionException: invalid session id
  (Driver info: chromedriver=2.43.600229 (3fae4d0cda5334b4f533bede5a4787f7b832d052),platform=Mac OS X 10.14.6 x86_64) (WARNING: The server did not provide any stacktrace information)
Command duration or timeout: 0 milliseconds
Build info: version: &apos;3.10.0&apos;, revision: &apos;176b4a9&apos;, time: &apos;2018-03-02T19:11:12.151Z&apos;
System info: host: &apos;WillHall-MBPrd.roc.mn.charter.com&apos;, ip: &apos;2600:6c46:7800:954:59ac:d5fb:e9a6:82fb%en0&apos;, os.name: &apos;Mac OS X&apos;, os.arch: &apos;x86_64&apos;, os.version: &apos;10.14.6&apos;, java.version: &apos;1.8.0_181&apos;
Driver info: org.openqa.selenium.chrome.ChromeDriver
Capabilities {acceptInsecureCerts: false, acceptSslCerts: false, applicationCacheEnabled: false, browserConnectionEnabled: false, browserName: chrome, chrome: {chromedriverVersion: 2.43.600229 (3fae4d0cda5334..., userDataDir: /var/folders/3n/b5sknkcj0f3...}, cssSelectorsEnabled: true, databaseEnabled: false, goog:chromeOptions: {debuggerAddress: localhost:51677}, handlesAlerts: true, hasTouchScreen: false, javascriptEnabled: true, locationContextEnabled: true, mobileEmulationEnabled: false, nativeEvents: true, networkConnectionEnabled: false, pageLoadStrategy: normal, platform: MAC, platformName: MAC, rotatable: false, setWindowRect: true, takesHeapSnapshot: true, takesScreenshot: true, unexpectedAlertBehaviour: , unhandledPromptBehavior: , version: 83.0.4103.97, webStorageEnabled: true}
Session ID: 2c349e66fd565d2096b286d1a42f7473
	at java.lang.reflect.Constructor.newInstance(Constructor.java:423)
	at org.openqa.selenium.remote.ErrorHandler.createThrowable(ErrorHandler.java:214)
	at org.openqa.selenium.remote.ErrorHandler.throwIfResponseFailed(ErrorHandler.java:166)
	at org.openqa.selenium.remote.http.JsonHttpResponseCodec.reconstructValue(JsonHttpResponseCodec.java:40)
	at org.openqa.selenium.remote.http.AbstractHttpResponseCodec.decode(AbstractHttpResponseCodec.java:80)
	at org.openqa.selenium.remote.http.AbstractHttpResponseCodec.decode(AbstractHttpResponseCodec.java:44)
	at org.openqa.selenium.remote.HttpCommandExecutor.execute(HttpCommandExecutor.java:160)
	at org.openqa.selenium.remote.service.DriverCommandExecutor.execute(DriverCommandExecutor.java:83)
	at org.openqa.selenium.remote.RemoteWebDriver.execute(RemoteWebDriver.java:601)
	at org.openqa.selenium.remote.RemoteWebDriver.execute(RemoteWebDriver.java:658)
	at org.openqa.selenium.remote.RemoteWebDriver.close(RemoteWebDriver.java:487)
	at SharedClasses.BasePage.closeCurrentWindow(BasePage.java:61)
	at Tests.DisableArticlesTests$1.failed(DisableArticlesTests.java:153)
	at TrueUserTests.TrueUser.Retry$1.evaluate(Retry.java:24)
	at TrueUserTests.TrueUser.RegressionSuiteRunner.main(RegressionSuiteRunner.java:158)
</failure>
  </testcase>
  <testcase classname="Tests.DisableArticlesTests" name="testCategoryStaysOn" time="1.45">
    <failure type="testCategoryStaysOn(Tests.DisableArticlesTests)">java.lang.NullPointerException
	at Tests.DisableArticlesTests.testCategoryStaysOn(DisableArticlesTests.java:873)
	at TrueUserTests.TrueUser.Retry$1.evaluate(Retry.java:24)
	at TrueUserTests.TrueUser.RegressionSuiteRunner.main(RegressionSuiteRunner.java:158)
</failure>
    <failure message="invalid session id
  (Driver info: chromedriver=2.43.600229 (3fae4d0cda5334b4f533bede5a4787f7b832d052),platform=Mac OS X 10.14.6 x86_64) (WARNING: The server did not provide any stacktrace information)
Command duration or timeout: 0 milliseconds
Build info: version: &apos;3.10.0&apos;, revision: &apos;176b4a9&apos;, time: &apos;2018-03-02T19:11:12.151Z&apos;
System info: host: &apos;WillHall-MBPrd.roc.mn.charter.com&apos;, ip: &apos;2600:6c46:7800:954:59ac:d5fb:e9a6:82fb%en0&apos;, os.name: &apos;Mac OS X&apos;, os.arch: &apos;x86_64&apos;, os.version: &apos;10.14.6&apos;, java.version: &apos;1.8.0_181&apos;
Driver info: org.openqa.selenium.chrome.ChromeDriver
Capabilities {acceptInsecureCerts: false, acceptSslCerts: false, applicationCacheEnabled: false, browserConnectionEnabled: false, browserName: chrome, chrome: {chromedriverVersion: 2.43.600229 (3fae4d0cda5334..., userDataDir: /var/folders/3n/b5sknkcj0f3...}, cssSelectorsEnabled: true, databaseEnabled: false, goog:chromeOptions: {debuggerAddress: localhost:51677}, handlesAlerts: true, hasTouchScreen: false, javascriptEnabled: true, locationContextEnabled: true, mobileEmulationEnabled: false, nativeEvents: true, networkConnectionEnabled: false, pageLoadStrategy: normal, platform: MAC, platformName: MAC, rotatable: false, setWindowRect: true, takesHeapSnapshot: true, takesScreenshot: true, unexpectedAlertBehaviour: , unhandledPromptBehavior: , version: 83.0.4103.97, webStorageEnabled: true}
Session ID: 2c349e66fd565d2096b286d1a42f7473" type="testCategoryStaysOn(Tests.DisableArticlesTests)">org.openqa.selenium.NoSuchSessionException: invalid session id
  (Driver info: chromedriver=2.43.600229 (3fae4d0cda5334b4f533bede5a4787f7b832d052),platform=Mac OS X 10.14.6 x86_64) (WARNING: The server did not provide any stacktrace information)
Command duration or timeout: 0 milliseconds
Build info: version: &apos;3.10.0&apos;, revision: &apos;176b4a9&apos;, time: &apos;2018-03-02T19:11:12.151Z&apos;
System info: host: &apos;WillHall-MBPrd.roc.mn.charter.com&apos;, ip: &apos;2600:6c46:7800:954:59ac:d5fb:e9a6:82fb%en0&apos;, os.name: &apos;Mac OS X&apos;, os.arch: &apos;x86_64&apos;, os.version: &apos;10.14.6&apos;, java.version: &apos;1.8.0_181&apos;
Driver info: org.openqa.selenium.chrome.ChromeDriver
Capabilities {acceptInsecureCerts: false, acceptSslCerts: false, applicationCacheEnabled: false, browserConnectionEnabled: false, browserName: chrome, chrome: {chromedriverVersion: 2.43.600229 (3fae4d0cda5334..., userDataDir: /var/folders/3n/b5sknkcj0f3...}, cssSelectorsEnabled: true, databaseEnabled: false, goog:chromeOptions: {debuggerAddress: localhost:51677}, handlesAlerts: true, hasTouchScreen: false, javascriptEnabled: true, locationContextEnabled: true, mobileEmulationEnabled: false, nativeEvents: true, networkConnectionEnabled: false, pageLoadStrategy: normal, platform: MAC, platformName: MAC, rotatable: false, setWindowRect: true, takesHeapSnapshot: true, takesScreenshot: true, unexpectedAlertBehaviour: , unhandledPromptBehavior: , version: 83.0.4103.97, webStorageEnabled: true}
Session ID: 2c349e66fd565d2096b286d1a42f7473
	at java.lang.reflect.Constructor.newInstance(Constructor.java:423)
	at org.openqa.selenium.remote.ErrorHandler.createThrowable(ErrorHandler.java:214)
	at org.openqa.selenium.remote.ErrorHandler.throwIfResponseFailed(ErrorHandler.java:166)
	at org.openqa.selenium.remote.http.JsonHttpResponseCodec.reconstructValue(JsonHttpResponseCodec.java:40)
	at org.openqa.selenium.remote.http.AbstractHttpResponseCodec.decode(AbstractHttpResponseCodec.java:80)
	at org.openqa.selenium.remote.http.AbstractHttpResponseCodec.decode(AbstractHttpResponseCodec.java:44)
	at org.openqa.selenium.remote.HttpCommandExecutor.execute(HttpCommandExecutor.java:160)
	at org.openqa.selenium.remote.service.DriverCommandExecutor.execute(DriverCommandExecutor.java:83)
	at org.openqa.selenium.remote.RemoteWebDriver.execute(RemoteWebDriver.java:601)
	at org.openqa.selenium.remote.RemoteWebDriver.execute(RemoteWebDriver.java:658)
	at org.openqa.selenium.remote.RemoteWebDriver.close(RemoteWebDriver.java:487)
	at SharedClasses.BasePage.closeCurrentWindow(BasePage.java:61)
	at Tests.DisableArticlesTests$1.failed(DisableArticlesTests.java:153)
	at TrueUserTests.TrueUser.Retry$1.evaluate(Retry.java:24)
	at TrueUserTests.TrueUser.RegressionSuiteRunner.main(RegressionSuiteRunner.java:158)
</failure>
  </testcase>
  <testcase classname="Tests.DisableArticlesTests" name="testAnimalesDatabaseLink" time="1.447">
    <failure type="testAnimalesDatabaseLink(Tests.DisableArticlesTests)">java.lang.NullPointerException
	at Tests.DisableArticlesTests.testAnimalesDatabaseLink(DisableArticlesTests.java:315)
	at TrueUserTests.TrueUser.Retry$1.evaluate(Retry.java:24)
	at TrueUserTests.TrueUser.RegressionSuiteRunner.main(RegressionSuiteRunner.java:158)
</failure>
    <failure message="invalid session id
  (Driver info: chromedriver=2.43.600229 (3fae4d0cda5334b4f533bede5a4787f7b832d052),platform=Mac OS X 10.14.6 x86_64) (WARNING: The server did not provide any stacktrace information)
Command duration or timeout: 0 milliseconds
Build info: version: &apos;3.10.0&apos;, revision: &apos;176b4a9&apos;, time: &apos;2018-03-02T19:11:12.151Z&apos;
System info: host: &apos;WillHall-MBPrd.roc.mn.charter.com&apos;, ip: &apos;2600:6c46:7800:954:59ac:d5fb:e9a6:82fb%en0&apos;, os.name: &apos;Mac OS X&apos;, os.arch: &apos;x86_64&apos;, os.version: &apos;10.14.6&apos;, java.version: &apos;1.8.0_181&apos;
Driver info: org.openqa.selenium.chrome.ChromeDriver
Capabilities {acceptInsecureCerts: false, acceptSslCerts: false, applicationCacheEnabled: false, browserConnectionEnabled: false, browserName: chrome, chrome: {chromedriverVersion: 2.43.600229 (3fae4d0cda5334..., userDataDir: /var/folders/3n/b5sknkcj0f3...}, cssSelectorsEnabled: true, databaseEnabled: false, goog:chromeOptions: {debuggerAddress: localhost:51677}, handlesAlerts: true, hasTouchScreen: false, javascriptEnabled: true, locationContextEnabled: true, mobileEmulationEnabled: false, nativeEvents: true, networkConnectionEnabled: false, pageLoadStrategy: normal, platform: MAC, platformName: MAC, rotatable: false, setWindowRect: true, takesHeapSnapshot: true, takesScreenshot: true, unexpectedAlertBehaviour: , unhandledPromptBehavior: , version: 83.0.4103.97, webStorageEnabled: true}
Session ID: 2c349e66fd565d2096b286d1a42f7473" type="testAnimalesDatabaseLink(Tests.DisableArticlesTests)">org.openqa.selenium.NoSuchSessionException: invalid session id
  (Driver info: chromedriver=2.43.600229 (3fae4d0cda5334b4f533bede5a4787f7b832d052),platform=Mac OS X 10.14.6 x86_64) (WARNING: The server did not provide any stacktrace information)
Command duration or timeout: 0 milliseconds
Build info: version: &apos;3.10.0&apos;, revision: &apos;176b4a9&apos;, time: &apos;2018-03-02T19:11:12.151Z&apos;
System info: host: &apos;WillHall-MBPrd.roc.mn.charter.com&apos;, ip: &apos;2600:6c46:7800:954:59ac:d5fb:e9a6:82fb%en0&apos;, os.name: &apos;Mac OS X&apos;, os.arch: &apos;x86_64&apos;, os.version: &apos;10.14.6&apos;, java.version: &apos;1.8.0_181&apos;
Driver info: org.openqa.selenium.chrome.ChromeDriver
Capabilities {acceptInsecureCerts: false, acceptSslCerts: false, applicationCacheEnabled: false, browserConnectionEnabled: false, browserName: chrome, chrome: {chromedriverVersion: 2.43.600229 (3fae4d0cda5334..., userDataDir: /var/folders/3n/b5sknkcj0f3...}, cssSelectorsEnabled: true, databaseEnabled: false, goog:chromeOptions: {debuggerAddress: localhost:51677}, handlesAlerts: true, hasTouchScreen: false, javascriptEnabled: true, locationContextEnabled: true, mobileEmulationEnabled: false, nativeEvents: true, networkConnectionEnabled: false, pageLoadStrategy: normal, platform: MAC, platformName: MAC, rotatable: false, setWindowRect: true, takesHeapSnapshot: true, takesScreenshot: true, unexpectedAlertBehaviour: , unhandledPromptBehavior: , version: 83.0.4103.97, webStorageEnabled: true}
Session ID: 2c349e66fd565d2096b286d1a42f7473
	at java.lang.reflect.Constructor.newInstance(Constructor.java:423)
	at org.openqa.selenium.remote.ErrorHandler.createThrowable(ErrorHandler.java:214)
	at org.openqa.selenium.remote.ErrorHandler.throwIfResponseFailed(ErrorHandler.java:166)
	at org.openqa.selenium.remote.http.JsonHttpResponseCodec.reconstructValue(JsonHttpResponseCodec.java:40)
	at org.openqa.selenium.remote.http.AbstractHttpResponseCodec.decode(AbstractHttpResponseCodec.java:80)
	at org.openqa.selenium.remote.http.AbstractHttpResponseCodec.decode(AbstractHttpResponseCodec.java:44)
	at org.openqa.selenium.remote.HttpCommandExecutor.execute(HttpCommandExecutor.java:160)
	at org.openqa.selenium.remote.service.DriverCommandExecutor.execute(DriverCommandExecutor.java:83)
	at org.openqa.selenium.remote.RemoteWebDriver.execute(RemoteWebDriver.java:601)
	at org.openqa.selenium.remote.RemoteWebDriver.execute(RemoteWebDriver.java:658)
	at org.openqa.selenium.remote.RemoteWebDriver.close(RemoteWebDriver.java:487)
	at SharedClasses.BasePage.closeCurrentWindow(BasePage.java:61)
	at Tests.DisableArticlesTests$1.failed(DisableArticlesTests.java:153)
	at TrueUserTests.TrueUser.Retry$1.evaluate(Retry.java:24)
	at TrueUserTests.TrueUser.RegressionSuiteRunner.main(RegressionSuiteRunner.java:158)
</failure>
  </testcase>
  <testcase classname="Tests.DisableArticlesTests" name="testCannotNavigateToTurnedOffArticleByRandomWheel" time="1.449">
    <failure type="testCannotNavigateToTurnedOffArticleByRandomWheel(Tests.DisableArticlesTests)">java.lang.NullPointerException
	at Tests.DisableArticlesTests.testCannotNavigateToTurnedOffArticleByRandomWheel(DisableArticlesTests.java:1037)
	at TrueUserTests.TrueUser.Retry$1.evaluate(Retry.java:24)
	at TrueUserTests.TrueUser.RegressionSuiteRunner.main(RegressionSuiteRunner.java:158)
</failure>
    <failure message="invalid session id
  (Driver info: chromedriver=2.43.600229 (3fae4d0cda5334b4f533bede5a4787f7b832d052),platform=Mac OS X 10.14.6 x86_64) (WARNING: The server did not provide any stacktrace information)
Command duration or timeout: 0 milliseconds
Build info: version: &apos;3.10.0&apos;, revision: &apos;176b4a9&apos;, time: &apos;2018-03-02T19:11:12.151Z&apos;
System info: host: &apos;WillHall-MBPrd.roc.mn.charter.com&apos;, ip: &apos;2600:6c46:7800:954:59ac:d5fb:e9a6:82fb%en0&apos;, os.name: &apos;Mac OS X&apos;, os.arch: &apos;x86_64&apos;, os.version: &apos;10.14.6&apos;, java.version: &apos;1.8.0_181&apos;
Driver info: org.openqa.selenium.chrome.ChromeDriver
Capabilities {acceptInsecureCerts: false, acceptSslCerts: false, applicationCacheEnabled: false, browserConnectionEnabled: false, browserName: chrome, chrome: {chromedriverVersion: 2.43.600229 (3fae4d0cda5334..., userDataDir: /var/folders/3n/b5sknkcj0f3...}, cssSelectorsEnabled: true, databaseEnabled: false, goog:chromeOptions: {debuggerAddress: localhost:51677}, handlesAlerts: true, hasTouchScreen: false, javascriptEnabled: true, locationContextEnabled: true, mobileEmulationEnabled: false, nativeEvents: true, networkConnectionEnabled: false, pageLoadStrategy: normal, platform: MAC, platformName: MAC, rotatable: false, setWindowRect: true, takesHeapSnapshot: true, takesScreenshot: true, unexpectedAlertBehaviour: , unhandledPromptBehavior: , version: 83.0.4103.97, webStorageEnabled: true}
Session ID: 2c349e66fd565d2096b286d1a42f7473" type="testCannotNavigateToTurnedOffArticleByRandomWheel(Tests.DisableArticlesTests)">org.openqa.selenium.NoSuchSessionException: invalid session id
  (Driver info: chromedriver=2.43.600229 (3fae4d0cda5334b4f533bede5a4787f7b832d052),platform=Mac OS X 10.14.6 x86_64) (WARNING: The server did not provide any stacktrace information)
Command duration or timeout: 0 milliseconds
Build info: version: &apos;3.10.0&apos;, revision: &apos;176b4a9&apos;, time: &apos;2018-03-02T19:11:12.151Z&apos;
System info: host: &apos;WillHall-MBPrd.roc.mn.charter.com&apos;, ip: &apos;2600:6c46:7800:954:59ac:d5fb:e9a6:82fb%en0&apos;, os.name: &apos;Mac OS X&apos;, os.arch: &apos;x86_64&apos;, os.version: &apos;10.14.6&apos;, java.version: &apos;1.8.0_181&apos;
Driver info: org.openqa.selenium.chrome.ChromeDriver
Capabilities {acceptInsecureCerts: false, acceptSslCerts: false, applicationCacheEnabled: false, browserConnectionEnabled: false, browserName: chrome, chrome: {chromedriverVersion: 2.43.600229 (3fae4d0cda5334..., userDataDir: /var/folders/3n/b5sknkcj0f3...}, cssSelectorsEnabled: true, databaseEnabled: false, goog:chromeOptions: {debuggerAddress: localhost:51677}, handlesAlerts: true, hasTouchScreen: false, javascriptEnabled: true, locationContextEnabled: true, mobileEmulationEnabled: false, nativeEvents: true, networkConnectionEnabled: false, pageLoadStrategy: normal, platform: MAC, platformName: MAC, rotatable: false, setWindowRect: true, takesHeapSnapshot: true, takesScreenshot: true, unexpectedAlertBehaviour: , unhandledPromptBehavior: , version: 83.0.4103.97, webStorageEnabled: true}
Session ID: 2c349e66fd565d2096b286d1a42f7473
	at java.lang.reflect.Constructor.newInstance(Constructor.java:423)
	at org.openqa.selenium.remote.ErrorHandler.createThrowable(ErrorHandler.java:214)
	at org.openqa.selenium.remote.ErrorHandler.throwIfResponseFailed(ErrorHandler.java:166)
	at org.openqa.selenium.remote.http.JsonHttpResponseCodec.reconstructValue(JsonHttpResponseCodec.java:40)
	at org.openqa.selenium.remote.http.AbstractHttpResponseCodec.decode(AbstractHttpResponseCodec.java:80)
	at org.openqa.selenium.remote.http.AbstractHttpResponseCodec.decode(AbstractHttpResponseCodec.java:44)
	at org.openqa.selenium.remote.HttpCommandExecutor.execute(HttpCommandExecutor.java:160)
	at org.openqa.selenium.remote.service.DriverCommandExecutor.execute(DriverCommandExecutor.java:83)
	at org.openqa.selenium.remote.RemoteWebDriver.execute(RemoteWebDriver.java:601)
	at org.openqa.selenium.remote.RemoteWebDriver.execute(RemoteWebDriver.java:658)
	at org.openqa.selenium.remote.RemoteWebDriver.close(RemoteWebDriver.java:487)
	at SharedClasses.BasePage.closeCurrentWindow(BasePage.java:61)
	at Tests.DisableArticlesTests$1.failed(DisableArticlesTests.java:153)
	at TrueUserTests.TrueUser.Retry$1.evaluate(Retry.java:24)
	at TrueUserTests.TrueUser.RegressionSuiteRunner.main(RegressionSuiteRunner.java:158)
</failure>
  </testcase>
  <testcase classname="Tests.DisableArticlesTests" name="testHomeBreadcrumbSecondLevel" time="1.453">
    <failure type="testHomeBreadcrumbSecondLevel(Tests.DisableArticlesTests)">java.lang.NullPointerException
	at Tests.DisableArticlesTests.testHomeBreadcrumbSecondLevel(DisableArticlesTests.java:506)
	at TrueUserTests.TrueUser.Retry$1.evaluate(Retry.java:24)
	at TrueUserTests.TrueUser.RegressionSuiteRunner.main(RegressionSuiteRunner.java:158)
</failure>
    <failure message="invalid session id
  (Driver info: chromedriver=2.43.600229 (3fae4d0cda5334b4f533bede5a4787f7b832d052),platform=Mac OS X 10.14.6 x86_64) (WARNING: The server did not provide any stacktrace information)
Command duration or timeout: 0 milliseconds
Build info: version: &apos;3.10.0&apos;, revision: &apos;176b4a9&apos;, time: &apos;2018-03-02T19:11:12.151Z&apos;
System info: host: &apos;WillHall-MBPrd.roc.mn.charter.com&apos;, ip: &apos;2600:6c46:7800:954:59ac:d5fb:e9a6:82fb%en0&apos;, os.name: &apos;Mac OS X&apos;, os.arch: &apos;x86_64&apos;, os.version: &apos;10.14.6&apos;, java.version: &apos;1.8.0_181&apos;
Driver info: org.openqa.selenium.chrome.ChromeDriver
Capabilities {acceptInsecureCerts: false, acceptSslCerts: false, applicationCacheEnabled: false, browserConnectionEnabled: false, browserName: chrome, chrome: {chromedriverVersion: 2.43.600229 (3fae4d0cda5334..., userDataDir: /var/folders/3n/b5sknkcj0f3...}, cssSelectorsEnabled: true, databaseEnabled: false, goog:chromeOptions: {debuggerAddress: localhost:51677}, handlesAlerts: true, hasTouchScreen: false, javascriptEnabled: true, locationContextEnabled: true, mobileEmulationEnabled: false, nativeEvents: true, networkConnectionEnabled: false, pageLoadStrategy: normal, platform: MAC, platformName: MAC, rotatable: false, setWindowRect: true, takesHeapSnapshot: true, takesScreenshot: true, unexpectedAlertBehaviour: , unhandledPromptBehavior: , version: 83.0.4103.97, webStorageEnabled: true}
Session ID: 2c349e66fd565d2096b286d1a42f7473" type="testHomeBreadcrumbSecondLevel(Tests.DisableArticlesTests)">org.openqa.selenium.NoSuchSessionException: invalid session id
  (Driver info: chromedriver=2.43.600229 (3fae4d0cda5334b4f533bede5a4787f7b832d052),platform=Mac OS X 10.14.6 x86_64) (WARNING: The server did not provide any stacktrace information)
Command duration or timeout: 0 milliseconds
Build info: version: &apos;3.10.0&apos;, revision: &apos;176b4a9&apos;, time: &apos;2018-03-02T19:11:12.151Z&apos;
System info: host: &apos;WillHall-MBPrd.roc.mn.charter.com&apos;, ip: &apos;2600:6c46:7800:954:59ac:d5fb:e9a6:82fb%en0&apos;, os.name: &apos;Mac OS X&apos;, os.arch: &apos;x86_64&apos;, os.version: &apos;10.14.6&apos;, java.version: &apos;1.8.0_181&apos;
Driver info: org.openqa.selenium.chrome.ChromeDriver
Capabilities {acceptInsecureCerts: false, acceptSslCerts: false, applicationCacheEnabled: false, browserConnectionEnabled: false, browserName: chrome, chrome: {chromedriverVersion: 2.43.600229 (3fae4d0cda5334..., userDataDir: /var/folders/3n/b5sknkcj0f3...}, cssSelectorsEnabled: true, databaseEnabled: false, goog:chromeOptions: {debuggerAddress: localhost:51677}, handlesAlerts: true, hasTouchScreen: false, javascriptEnabled: true, locationContextEnabled: true, mobileEmulationEnabled: false, nativeEvents: true, networkConnectionEnabled: false, pageLoadStrategy: normal, platform: MAC, platformName: MAC, rotatable: false, setWindowRect: true, takesHeapSnapshot: true, takesScreenshot: true, unexpectedAlertBehaviour: , unhandledPromptBehavior: , version: 83.0.4103.97, webStorageEnabled: true}
Session ID: 2c349e66fd565d2096b286d1a42f7473
	at java.lang.reflect.Constructor.newInstance(Constructor.java:423)
	at org.openqa.selenium.remote.ErrorHandler.createThrowable(ErrorHandler.java:214)
	at org.openqa.selenium.remote.ErrorHandler.throwIfResponseFailed(ErrorHandler.java:166)
	at org.openqa.selenium.remote.http.JsonHttpResponseCodec.reconstructValue(JsonHttpResponseCodec.java:40)
	at org.openqa.selenium.remote.http.AbstractHttpResponseCodec.decode(AbstractHttpResponseCodec.java:80)
	at org.openqa.selenium.remote.http.AbstractHttpResponseCodec.decode(AbstractHttpResponseCodec.java:44)
	at org.openqa.selenium.remote.HttpCommandExecutor.execute(HttpCommandExecutor.java:160)
	at org.openqa.selenium.remote.service.DriverCommandExecutor.execute(DriverCommandExecutor.java:83)
	at org.openqa.selenium.remote.RemoteWebDriver.execute(RemoteWebDriver.java:601)
	at org.openqa.selenium.remote.RemoteWebDriver.execute(RemoteWebDriver.java:658)
	at org.openqa.selenium.remote.RemoteWebDriver.close(RemoteWebDriver.java:487)
	at SharedClasses.BasePage.closeCurrentWindow(BasePage.java:61)
	at Tests.DisableArticlesTests$1.failed(DisableArticlesTests.java:153)
	at TrueUserTests.TrueUser.Retry$1.evaluate(Retry.java:24)
	at TrueUserTests.TrueUser.RegressionSuiteRunner.main(RegressionSuiteRunner.java:158)
</failure>
  </testcase>
  <testcase classname="Tests.DisableArticlesTests" name="testCategoryStaysOnBubbleUp" time="1.468">
    <failure type="testCategoryStaysOnBubbleUp(Tests.DisableArticlesTests)">java.lang.NullPointerException
	at Tests.DisableArticlesTests.testCategoryStaysOnBubbleUp(DisableArticlesTests.java:835)
	at TrueUserTests.TrueUser.Retry$1.evaluate(Retry.java:24)
	at TrueUserTests.TrueUser.RegressionSuiteRunner.main(RegressionSuiteRunner.java:158)
</failure>
    <failure message="invalid session id
  (Driver info: chromedriver=2.43.600229 (3fae4d0cda5334b4f533bede5a4787f7b832d052),platform=Mac OS X 10.14.6 x86_64) (WARNING: The server did not provide any stacktrace information)
Command duration or timeout: 0 milliseconds
Build info: version: &apos;3.10.0&apos;, revision: &apos;176b4a9&apos;, time: &apos;2018-03-02T19:11:12.151Z&apos;
System info: host: &apos;WillHall-MBPrd.roc.mn.charter.com&apos;, ip: &apos;2600:6c46:7800:954:59ac:d5fb:e9a6:82fb%en0&apos;, os.name: &apos;Mac OS X&apos;, os.arch: &apos;x86_64&apos;, os.version: &apos;10.14.6&apos;, java.version: &apos;1.8.0_181&apos;
Driver info: org.openqa.selenium.chrome.ChromeDriver
Capabilities {acceptInsecureCerts: false, acceptSslCerts: false, applicationCacheEnabled: false, browserConnectionEnabled: false, browserName: chrome, chrome: {chromedriverVersion: 2.43.600229 (3fae4d0cda5334..., userDataDir: /var/folders/3n/b5sknkcj0f3...}, cssSelectorsEnabled: true, databaseEnabled: false, goog:chromeOptions: {debuggerAddress: localhost:51677}, handlesAlerts: true, hasTouchScreen: false, javascriptEnabled: true, locationContextEnabled: true, mobileEmulationEnabled: false, nativeEvents: true, networkConnectionEnabled: false, pageLoadStrategy: normal, platform: MAC, platformName: MAC, rotatable: false, setWindowRect: true, takesHeapSnapshot: true, takesScreenshot: true, unexpectedAlertBehaviour: , unhandledPromptBehavior: , version: 83.0.4103.97, webStorageEnabled: true}
Session ID: 2c349e66fd565d2096b286d1a42f7473" type="testCategoryStaysOnBubbleUp(Tests.DisableArticlesTests)">org.openqa.selenium.NoSuchSessionException: invalid session id
  (Driver info: chromedriver=2.43.600229 (3fae4d0cda5334b4f533bede5a4787f7b832d052),platform=Mac OS X 10.14.6 x86_64) (WARNING: The server did not provide any stacktrace information)
Command duration or timeout: 0 milliseconds
Build info: version: &apos;3.10.0&apos;, revision: &apos;176b4a9&apos;, time: &apos;2018-03-02T19:11:12.151Z&apos;
System info: host: &apos;WillHall-MBPrd.roc.mn.charter.com&apos;, ip: &apos;2600:6c46:7800:954:59ac:d5fb:e9a6:82fb%en0&apos;, os.name: &apos;Mac OS X&apos;, os.arch: &apos;x86_64&apos;, os.version: &apos;10.14.6&apos;, java.version: &apos;1.8.0_181&apos;
Driver info: org.openqa.selenium.chrome.ChromeDriver
Capabilities {acceptInsecureCerts: false, acceptSslCerts: false, applicationCacheEnabled: false, browserConnectionEnabled: false, browserName: chrome, chrome: {chromedriverVersion: 2.43.600229 (3fae4d0cda5334..., userDataDir: /var/folders/3n/b5sknkcj0f3...}, cssSelectorsEnabled: true, databaseEnabled: false, goog:chromeOptions: {debuggerAddress: localhost:51677}, handlesAlerts: true, hasTouchScreen: false, javascriptEnabled: true, locationContextEnabled: true, mobileEmulationEnabled: false, nativeEvents: true, networkConnectionEnabled: false, pageLoadStrategy: normal, platform: MAC, platformName: MAC, rotatable: false, setWindowRect: true, takesHeapSnapshot: true, takesScreenshot: true, unexpectedAlertBehaviour: , unhandledPromptBehavior: , version: 83.0.4103.97, webStorageEnabled: true}
Session ID: 2c349e66fd565d2096b286d1a42f7473
	at java.lang.reflect.Constructor.newInstance(Constructor.java:423)
	at org.openqa.selenium.remote.ErrorHandler.createThrowable(ErrorHandler.java:214)
	at org.openqa.selenium.remote.ErrorHandler.throwIfResponseFailed(ErrorHandler.java:166)
	at org.openqa.selenium.remote.http.JsonHttpResponseCodec.reconstructValue(JsonHttpResponseCodec.java:40)
	at org.openqa.selenium.remote.http.AbstractHttpResponseCodec.decode(AbstractHttpResponseCodec.java:80)
	at org.openqa.selenium.remote.http.AbstractHttpResponseCodec.decode(AbstractHttpResponseCodec.java:44)
	at org.openqa.selenium.remote.HttpCommandExecutor.execute(HttpCommandExecutor.java:160)
	at org.openqa.selenium.remote.service.DriverCommandExecutor.execute(DriverCommandExecutor.java:83)
	at org.openqa.selenium.remote.RemoteWebDriver.execute(RemoteWebDriver.java:601)
	at org.openqa.selenium.remote.RemoteWebDriver.execute(RemoteWebDriver.java:658)
	at org.openqa.selenium.remote.RemoteWebDriver.close(RemoteWebDriver.java:487)
	at SharedClasses.BasePage.closeCurrentWindow(BasePage.java:61)
	at Tests.DisableArticlesTests$1.failed(DisableArticlesTests.java:153)
	at TrueUserTests.TrueUser.Retry$1.evaluate(Retry.java:24)
	at TrueUserTests.TrueUser.RegressionSuiteRunner.main(RegressionSuiteRunner.java:158)
</failure>
  </testcase>
  <testcase classname="Tests.DisableArticlesTests" name="turnOnAllElementsAfterTests" time="1.463">
    <failure type="turnOnAllElementsAfterTests(Tests.DisableArticlesTests)">java.lang.NullPointerException
	at Tests.DisableArticlesTests.turnOnAllElementsAfterTests(DisableArticlesTests.java:1064)
	at TrueUserTests.TrueUser.Retry$1.evaluate(Retry.java:24)
	at TrueUserTests.TrueUser.RegressionSuiteRunner.main(RegressionSuiteRunner.java:158)
</failure>
    <failure message="invalid session id
  (Driver info: chromedriver=2.43.600229 (3fae4d0cda5334b4f533bede5a4787f7b832d052),platform=Mac OS X 10.14.6 x86_64) (WARNING: The server did not provide any stacktrace information)
Command duration or timeout: 0 milliseconds
Build info: version: &apos;3.10.0&apos;, revision: &apos;176b4a9&apos;, time: &apos;2018-03-02T19:11:12.151Z&apos;
System info: host: &apos;WillHall-MBPrd.roc.mn.charter.com&apos;, ip: &apos;2600:6c46:7800:954:59ac:d5fb:e9a6:82fb%en0&apos;, os.name: &apos;Mac OS X&apos;, os.arch: &apos;x86_64&apos;, os.version: &apos;10.14.6&apos;, java.version: &apos;1.8.0_181&apos;
Driver info: org.openqa.selenium.chrome.ChromeDriver
Capabilities {acceptInsecureCerts: false, acceptSslCerts: false, applicationCacheEnabled: false, browserConnectionEnabled: false, browserName: chrome, chrome: {chromedriverVersion: 2.43.600229 (3fae4d0cda5334..., userDataDir: /var/folders/3n/b5sknkcj0f3...}, cssSelectorsEnabled: true, databaseEnabled: false, goog:chromeOptions: {debuggerAddress: localhost:51677}, handlesAlerts: true, hasTouchScreen: false, javascriptEnabled: true, locationContextEnabled: true, mobileEmulationEnabled: false, nativeEvents: true, networkConnectionEnabled: false, pageLoadStrategy: normal, platform: MAC, platformName: MAC, rotatable: false, setWindowRect: true, takesHeapSnapshot: true, takesScreenshot: true, unexpectedAlertBehaviour: , unhandledPromptBehavior: , version: 83.0.4103.97, webStorageEnabled: true}
Session ID: 2c349e66fd565d2096b286d1a42f7473" type="turnOnAllElementsAfterTests(Tests.DisableArticlesTests)">org.openqa.selenium.NoSuchSessionException: invalid session id
  (Driver info: chromedriver=2.43.600229 (3fae4d0cda5334b4f533bede5a4787f7b832d052),platform=Mac OS X 10.14.6 x86_64) (WARNING: The server did not provide any stacktrace information)
Command duration or timeout: 0 milliseconds
Build info: version: &apos;3.10.0&apos;, revision: &apos;176b4a9&apos;, time: &apos;2018-03-02T19:11:12.151Z&apos;
System info: host: &apos;WillHall-MBPrd.roc.mn.charter.com&apos;, ip: &apos;2600:6c46:7800:954:59ac:d5fb:e9a6:82fb%en0&apos;, os.name: &apos;Mac OS X&apos;, os.arch: &apos;x86_64&apos;, os.version: &apos;10.14.6&apos;, java.version: &apos;1.8.0_181&apos;
Driver info: org.openqa.selenium.chrome.ChromeDriver
Capabilities {acceptInsecureCerts: false, acceptSslCerts: false, applicationCacheEnabled: false, browserConnectionEnabled: false, browserName: chrome, chrome: {chromedriverVersion: 2.43.600229 (3fae4d0cda5334..., userDataDir: /var/folders/3n/b5sknkcj0f3...}, cssSelectorsEnabled: true, databaseEnabled: false, goog:chromeOptions: {debuggerAddress: localhost:51677}, handlesAlerts: true, hasTouchScreen: false, javascriptEnabled: true, locationContextEnabled: true, mobileEmulationEnabled: false, nativeEvents: true, networkConnectionEnabled: false, pageLoadStrategy: normal, platform: MAC, platformName: MAC, rotatable: false, setWindowRect: true, takesHeapSnapshot: true, takesScreenshot: true, unexpectedAlertBehaviour: , unhandledPromptBehavior: , version: 83.0.4103.97, webStorageEnabled: true}
Session ID: 2c349e66fd565d2096b286d1a42f7473
	at java.lang.reflect.Constructor.newInstance(Constructor.java:423)
	at org.openqa.selenium.remote.ErrorHandler.createThrowable(ErrorHandler.java:214)
	at org.openqa.selenium.remote.ErrorHandler.throwIfResponseFailed(ErrorHandler.java:166)
	at org.openqa.selenium.remote.http.JsonHttpResponseCodec.reconstructValue(JsonHttpResponseCodec.java:40)
	at org.openqa.selenium.remote.http.AbstractHttpResponseCodec.decode(AbstractHttpResponseCodec.java:80)
	at org.openqa.selenium.remote.http.AbstractHttpResponseCodec.decode(AbstractHttpResponseCodec.java:44)
	at org.openqa.selenium.remote.HttpCommandExecutor.execute(HttpCommandExecutor.java:160)
	at org.openqa.selenium.remote.service.DriverCommandExecutor.execute(DriverCommandExecutor.java:83)
	at org.openqa.selenium.remote.RemoteWebDriver.execute(RemoteWebDriver.java:601)
	at org.openqa.selenium.remote.RemoteWebDriver.execute(RemoteWebDriver.java:658)
	at org.openqa.selenium.remote.RemoteWebDriver.close(RemoteWebDriver.java:487)
	at SharedClasses.BasePage.closeCurrentWindow(BasePage.java:61)
	at Tests.DisableArticlesTests$1.failed(DisableArticlesTests.java:153)
	at TrueUserTests.TrueUser.Retry$1.evaluate(Retry.java:24)
	at TrueUserTests.TrueUser.RegressionSuiteRunner.main(RegressionSuiteRunner.java:158)
</failure>
  </testcase>
  <testcase classname="Tests.DisableArticlesTests" name="testRelatedArticlesTabIsTurnedOff" time="1.448">
    <failure type="testRelatedArticlesTabIsTurnedOff(Tests.DisableArticlesTests)">java.lang.NullPointerException
	at Tests.DisableArticlesTests.testRelatedArticlesTabIsTurnedOff(DisableArticlesTests.java:1054)
	at TrueUserTests.TrueUser.Retry$1.evaluate(Retry.java:24)
	at TrueUserTests.TrueUser.RegressionSuiteRunner.main(RegressionSuiteRunner.java:158)
</failure>
    <failure message="invalid session id
  (Driver info: chromedriver=2.43.600229 (3fae4d0cda5334b4f533bede5a4787f7b832d052),platform=Mac OS X 10.14.6 x86_64) (WARNING: The server did not provide any stacktrace information)
Command duration or timeout: 0 milliseconds
Build info: version: &apos;3.10.0&apos;, revision: &apos;176b4a9&apos;, time: &apos;2018-03-02T19:11:12.151Z&apos;
System info: host: &apos;WillHall-MBPrd.roc.mn.charter.com&apos;, ip: &apos;2600:6c46:7800:954:59ac:d5fb:e9a6:82fb%en0&apos;, os.name: &apos;Mac OS X&apos;, os.arch: &apos;x86_64&apos;, os.version: &apos;10.14.6&apos;, java.version: &apos;1.8.0_181&apos;
Driver info: org.openqa.selenium.chrome.ChromeDriver
Capabilities {acceptInsecureCerts: false, acceptSslCerts: false, applicationCacheEnabled: false, browserConnectionEnabled: false, browserName: chrome, chrome: {chromedriverVersion: 2.43.600229 (3fae4d0cda5334..., userDataDir: /var/folders/3n/b5sknkcj0f3...}, cssSelectorsEnabled: true, databaseEnabled: false, goog:chromeOptions: {debuggerAddress: localhost:51677}, handlesAlerts: true, hasTouchScreen: false, javascriptEnabled: true, locationContextEnabled: true, mobileEmulationEnabled: false, nativeEvents: true, networkConnectionEnabled: false, pageLoadStrategy: normal, platform: MAC, platformName: MAC, rotatable: false, setWindowRect: true, takesHeapSnapshot: true, takesScreenshot: true, unexpectedAlertBehaviour: , unhandledPromptBehavior: , version: 83.0.4103.97, webStorageEnabled: true}
Session ID: 2c349e66fd565d2096b286d1a42f7473" type="testRelatedArticlesTabIsTurnedOff(Tests.DisableArticlesTests)">org.openqa.selenium.NoSuchSessionException: invalid session id
  (Driver info: chromedriver=2.43.600229 (3fae4d0cda5334b4f533bede5a4787f7b832d052),platform=Mac OS X 10.14.6 x86_64) (WARNING: The server did not provide any stacktrace information)
Command duration or timeout: 0 milliseconds
Build info: version: &apos;3.10.0&apos;, revision: &apos;176b4a9&apos;, time: &apos;2018-03-02T19:11:12.151Z&apos;
System info: host: &apos;WillHall-MBPrd.roc.mn.charter.com&apos;, ip: &apos;2600:6c46:7800:954:59ac:d5fb:e9a6:82fb%en0&apos;, os.name: &apos;Mac OS X&apos;, os.arch: &apos;x86_64&apos;, os.version: &apos;10.14.6&apos;, java.version: &apos;1.8.0_181&apos;
Driver info: org.openqa.selenium.chrome.ChromeDriver
Capabilities {acceptInsecureCerts: false, acceptSslCerts: false, applicationCacheEnabled: false, browserConnectionEnabled: false, browserName: chrome, chrome: {chromedriverVersion: 2.43.600229 (3fae4d0cda5334..., userDataDir: /var/folders/3n/b5sknkcj0f3...}, cssSelectorsEnabled: true, databaseEnabled: false, goog:chromeOptions: {debuggerAddress: localhost:51677}, handlesAlerts: true, hasTouchScreen: false, javascriptEnabled: true, locationContextEnabled: true, mobileEmulationEnabled: false, nativeEvents: true, networkConnectionEnabled: false, pageLoadStrategy: normal, platform: MAC, platformName: MAC, rotatable: false, setWindowRect: true, takesHeapSnapshot: true, takesScreenshot: true, unexpectedAlertBehaviour: , unhandledPromptBehavior: , version: 83.0.4103.97, webStorageEnabled: true}
Session ID: 2c349e66fd565d2096b286d1a42f7473
	at java.lang.reflect.Constructor.newInstance(Constructor.java:423)
	at org.openqa.selenium.remote.ErrorHandler.createThrowable(ErrorHandler.java:214)
	at org.openqa.selenium.remote.ErrorHandler.throwIfResponseFailed(ErrorHandler.java:166)
	at org.openqa.selenium.remote.http.JsonHttpResponseCodec.reconstructValue(JsonHttpResponseCodec.java:40)
	at org.openqa.selenium.remote.http.AbstractHttpResponseCodec.decode(AbstractHttpResponseCodec.java:80)
	at org.openqa.selenium.remote.http.AbstractHttpResponseCodec.decode(AbstractHttpResponseCodec.java:44)
	at org.openqa.selenium.remote.HttpCommandExecutor.execute(HttpCommandExecutor.java:160)
	at org.openqa.selenium.remote.service.DriverCommandExecutor.execute(DriverCommandExecutor.java:83)
	at org.openqa.selenium.remote.RemoteWebDriver.execute(RemoteWebDriver.java:601)
	at org.openqa.selenium.remote.RemoteWebDriver.execute(RemoteWebDriver.java:658)
	at org.openqa.selenium.remote.RemoteWebDriver.close(RemoteWebDriver.java:487)
	at SharedClasses.BasePage.closeCurrentWindow(BasePage.java:61)
	at Tests.DisableArticlesTests$1.failed(DisableArticlesTests.java:153)
	at TrueUserTests.TrueUser.Retry$1.evaluate(Retry.java:24)
	at TrueUserTests.TrueUser.RegressionSuiteRunner.main(RegressionSuiteRunner.java:158)
</failure>
  </testcase>
  <testcase classname="Tests.DisableArticlesTests" name="testDatabaseBreadcrumbSocialStudies" time="1.449">
    <failure type="testDatabaseBreadcrumbSocialStudies(Tests.DisableArticlesTests)">java.lang.NullPointerException
	at Tests.DisableArticlesTests.testDatabaseBreadcrumbSocialStudies(DisableArticlesTests.java:471)
	at TrueUserTests.TrueUser.Retry$1.evaluate(Retry.java:24)
	at TrueUserTests.TrueUser.RegressionSuiteRunner.main(RegressionSuiteRunner.java:158)
</failure>
    <failure message="invalid session id
  (Driver info: chromedriver=2.43.600229 (3fae4d0cda5334b4f533bede5a4787f7b832d052),platform=Mac OS X 10.14.6 x86_64) (WARNING: The server did not provide any stacktrace information)
Command duration or timeout: 0 milliseconds
Build info: version: &apos;3.10.0&apos;, revision: &apos;176b4a9&apos;, time: &apos;2018-03-02T19:11:12.151Z&apos;
System info: host: &apos;WillHall-MBPrd.roc.mn.charter.com&apos;, ip: &apos;2600:6c46:7800:954:59ac:d5fb:e9a6:82fb%en0&apos;, os.name: &apos;Mac OS X&apos;, os.arch: &apos;x86_64&apos;, os.version: &apos;10.14.6&apos;, java.version: &apos;1.8.0_181&apos;
Driver info: org.openqa.selenium.chrome.ChromeDriver
Capabilities {acceptInsecureCerts: false, acceptSslCerts: false, applicationCacheEnabled: false, browserConnectionEnabled: false, browserName: chrome, chrome: {chromedriverVersion: 2.43.600229 (3fae4d0cda5334..., userDataDir: /var/folders/3n/b5sknkcj0f3...}, cssSelectorsEnabled: true, databaseEnabled: false, goog:chromeOptions: {debuggerAddress: localhost:51677}, handlesAlerts: true, hasTouchScreen: false, javascriptEnabled: true, locationContextEnabled: true, mobileEmulationEnabled: false, nativeEvents: true, networkConnectionEnabled: false, pageLoadStrategy: normal, platform: MAC, platformName: MAC, rotatable: false, setWindowRect: true, takesHeapSnapshot: true, takesScreenshot: true, unexpectedAlertBehaviour: , unhandledPromptBehavior: , version: 83.0.4103.97, webStorageEnabled: true}
Session ID: 2c349e66fd565d2096b286d1a42f7473" type="testDatabaseBreadcrumbSocialStudies(Tests.DisableArticlesTests)">org.openqa.selenium.NoSuchSessionException: invalid session id
  (Driver info: chromedriver=2.43.600229 (3fae4d0cda5334b4f533bede5a4787f7b832d052),platform=Mac OS X 10.14.6 x86_64) (WARNING: The server did not provide any stacktrace information)
Command duration or timeout: 0 milliseconds
Build info: version: &apos;3.10.0&apos;, revision: &apos;176b4a9&apos;, time: &apos;2018-03-02T19:11:12.151Z&apos;
System info: host: &apos;WillHall-MBPrd.roc.mn.charter.com&apos;, ip: &apos;2600:6c46:7800:954:59ac:d5fb:e9a6:82fb%en0&apos;, os.name: &apos;Mac OS X&apos;, os.arch: &apos;x86_64&apos;, os.version: &apos;10.14.6&apos;, java.version: &apos;1.8.0_181&apos;
Driver info: org.openqa.selenium.chrome.ChromeDriver
Capabilities {acceptInsecureCerts: false, acceptSslCerts: false, applicationCacheEnabled: false, browserConnectionEnabled: false, browserName: chrome, chrome: {chromedriverVersion: 2.43.600229 (3fae4d0cda5334..., userDataDir: /var/folders/3n/b5sknkcj0f3...}, cssSelectorsEnabled: true, databaseEnabled: false, goog:chromeOptions: {debuggerAddress: localhost:51677}, handlesAlerts: true, hasTouchScreen: false, javascriptEnabled: true, locationContextEnabled: true, mobileEmulationEnabled: false, nativeEvents: true, networkConnectionEnabled: false, pageLoadStrategy: normal, platform: MAC, platformName: MAC, rotatable: false, setWindowRect: true, takesHeapSnapshot: true, takesScreenshot: true, unexpectedAlertBehaviour: , unhandledPromptBehavior: , version: 83.0.4103.97, webStorageEnabled: true}
Session ID: 2c349e66fd565d2096b286d1a42f7473
	at java.lang.reflect.Constructor.newInstance(Constructor.java:423)
	at org.openqa.selenium.remote.ErrorHandler.createThrowable(ErrorHandler.java:214)
	at org.openqa.selenium.remote.ErrorHandler.throwIfResponseFailed(ErrorHandler.java:166)
	at org.openqa.selenium.remote.http.JsonHttpResponseCodec.reconstructValue(JsonHttpResponseCodec.java:40)
	at org.openqa.selenium.remote.http.AbstractHttpResponseCodec.decode(AbstractHttpResponseCodec.java:80)
	at org.openqa.selenium.remote.http.AbstractHttpResponseCodec.decode(AbstractHttpResponseCodec.java:44)
	at org.openqa.selenium.remote.HttpCommandExecutor.execute(HttpCommandExecutor.java:160)
	at org.openqa.selenium.remote.service.DriverCommandExecutor.execute(DriverCommandExecutor.java:83)
	at org.openqa.selenium.remote.RemoteWebDriver.execute(RemoteWebDriver.java:601)
	at org.openqa.selenium.remote.RemoteWebDriver.execute(RemoteWebDriver.java:658)
	at org.openqa.selenium.remote.RemoteWebDriver.close(RemoteWebDriver.java:487)
	at SharedClasses.BasePage.closeCurrentWindow(BasePage.java:61)
	at Tests.DisableArticlesTests$1.failed(DisableArticlesTests.java:153)
	at TrueUserTests.TrueUser.Retry$1.evaluate(Retry.java:24)
	at TrueUserTests.TrueUser.RegressionSuiteRunner.main(RegressionSuiteRunner.java:158)
</failure>
  </testcase>
  <testcase classname="Tests.DisableArticlesTests" name="testBubbleUpFunctionalityThirdLevel" time="1.451">
    <failure type="testBubbleUpFunctionalityThirdLevel(Tests.DisableArticlesTests)">java.lang.NullPointerException
	at Tests.DisableArticlesTests.testBubbleUpFunctionalityThirdLevel(DisableArticlesTests.java:763)
	at TrueUserTests.TrueUser.Retry$1.evaluate(Retry.java:24)
	at TrueUserTests.TrueUser.RegressionSuiteRunner.main(RegressionSuiteRunner.java:158)
</failure>
    <failure message="invalid session id
  (Driver info: chromedriver=2.43.600229 (3fae4d0cda5334b4f533bede5a4787f7b832d052),platform=Mac OS X 10.14.6 x86_64) (WARNING: The server did not provide any stacktrace information)
Command duration or timeout: 0 milliseconds
Build info: version: &apos;3.10.0&apos;, revision: &apos;176b4a9&apos;, time: &apos;2018-03-02T19:11:12.151Z&apos;
System info: host: &apos;WillHall-MBPrd.roc.mn.charter.com&apos;, ip: &apos;2600:6c46:7800:954:59ac:d5fb:e9a6:82fb%en0&apos;, os.name: &apos;Mac OS X&apos;, os.arch: &apos;x86_64&apos;, os.version: &apos;10.14.6&apos;, java.version: &apos;1.8.0_181&apos;
Driver info: org.openqa.selenium.chrome.ChromeDriver
Capabilities {acceptInsecureCerts: false, acceptSslCerts: false, applicationCacheEnabled: false, browserConnectionEnabled: false, browserName: chrome, chrome: {chromedriverVersion: 2.43.600229 (3fae4d0cda5334..., userDataDir: /var/folders/3n/b5sknkcj0f3...}, cssSelectorsEnabled: true, databaseEnabled: false, goog:chromeOptions: {debuggerAddress: localhost:51677}, handlesAlerts: true, hasTouchScreen: false, javascriptEnabled: true, locationContextEnabled: true, mobileEmulationEnabled: false, nativeEvents: true, networkConnectionEnabled: false, pageLoadStrategy: normal, platform: MAC, platformName: MAC, rotatable: false, setWindowRect: true, takesHeapSnapshot: true, takesScreenshot: true, unexpectedAlertBehaviour: , unhandledPromptBehavior: , version: 83.0.4103.97, webStorageEnabled: true}
Session ID: 2c349e66fd565d2096b286d1a42f7473" type="testBubbleUpFunctionalityThirdLevel(Tests.DisableArticlesTests)">org.openqa.selenium.NoSuchSessionException: invalid session id
  (Driver info: chromedriver=2.43.600229 (3fae4d0cda5334b4f533bede5a4787f7b832d052),platform=Mac OS X 10.14.6 x86_64) (WARNING: The server did not provide any stacktrace information)
Command duration or timeout: 0 milliseconds
Build info: version: &apos;3.10.0&apos;, revision: &apos;176b4a9&apos;, time: &apos;2018-03-02T19:11:12.151Z&apos;
System info: host: &apos;WillHall-MBPrd.roc.mn.charter.com&apos;, ip: &apos;2600:6c46:7800:954:59ac:d5fb:e9a6:82fb%en0&apos;, os.name: &apos;Mac OS X&apos;, os.arch: &apos;x86_64&apos;, os.version: &apos;10.14.6&apos;, java.version: &apos;1.8.0_181&apos;
Driver info: org.openqa.selenium.chrome.ChromeDriver
Capabilities {acceptInsecureCerts: false, acceptSslCerts: false, applicationCacheEnabled: false, browserConnectionEnabled: false, browserName: chrome, chrome: {chromedriverVersion: 2.43.600229 (3fae4d0cda5334..., userDataDir: /var/folders/3n/b5sknkcj0f3...}, cssSelectorsEnabled: true, databaseEnabled: false, goog:chromeOptions: {debuggerAddress: localhost:51677}, handlesAlerts: true, hasTouchScreen: false, javascriptEnabled: true, locationContextEnabled: true, mobileEmulationEnabled: false, nativeEvents: true, networkConnectionEnabled: false, pageLoadStrategy: normal, platform: MAC, platformName: MAC, rotatable: false, setWindowRect: true, takesHeapSnapshot: true, takesScreenshot: true, unexpectedAlertBehaviour: , unhandledPromptBehavior: , version: 83.0.4103.97, webStorageEnabled: true}
Session ID: 2c349e66fd565d2096b286d1a42f7473
	at java.lang.reflect.Constructor.newInstance(Constructor.java:423)
	at org.openqa.selenium.remote.ErrorHandler.createThrowable(ErrorHandler.java:214)
	at org.openqa.selenium.remote.ErrorHandler.throwIfResponseFailed(ErrorHandler.java:166)
	at org.openqa.selenium.remote.http.JsonHttpResponseCodec.reconstructValue(JsonHttpResponseCodec.java:40)
	at org.openqa.selenium.remote.http.AbstractHttpResponseCodec.decode(AbstractHttpResponseCodec.java:80)
	at org.openqa.selenium.remote.http.AbstractHttpResponseCodec.decode(AbstractHttpResponseCodec.java:44)
	at org.openqa.selenium.remote.HttpCommandExecutor.execute(HttpCommandExecutor.java:160)
	at org.openqa.selenium.remote.service.DriverCommandExecutor.execute(DriverCommandExecutor.java:83)
	at org.openqa.selenium.remote.RemoteWebDriver.execute(RemoteWebDriver.java:601)
	at org.openqa.selenium.remote.RemoteWebDriver.execute(RemoteWebDriver.java:658)
	at org.openqa.selenium.remote.RemoteWebDriver.close(RemoteWebDriver.java:487)
	at SharedClasses.BasePage.closeCurrentWindow(BasePage.java:61)
	at Tests.DisableArticlesTests$1.failed(DisableArticlesTests.java:153)
	at TrueUserTests.TrueUser.Retry$1.evaluate(Retry.java:24)
	at TrueUserTests.TrueUser.RegressionSuiteRunner.main(RegressionSuiteRunner.java:158)
</failure>
  </testcase>
  <testcase classname="Tests.DisableArticlesTests" name="testDisableAll" time="1.448">
    <failure type="testDisableAll(Tests.DisableArticlesTests)">java.lang.NullPointerException
	at Tests.DisableArticlesTests.testDisableAll(DisableArticlesTests.java:589)
	at TrueUserTests.TrueUser.Retry$1.evaluate(Retry.java:24)
	at TrueUserTests.TrueUser.RegressionSuiteRunner.main(RegressionSuiteRunner.java:158)
</failure>
    <failure message="invalid session id
  (Driver info: chromedriver=2.43.600229 (3fae4d0cda5334b4f533bede5a4787f7b832d052),platform=Mac OS X 10.14.6 x86_64) (WARNING: The server did not provide any stacktrace information)
Command duration or timeout: 0 milliseconds
Build info: version: &apos;3.10.0&apos;, revision: &apos;176b4a9&apos;, time: &apos;2018-03-02T19:11:12.151Z&apos;
System info: host: &apos;WillHall-MBPrd.roc.mn.charter.com&apos;, ip: &apos;2600:6c46:7800:954:59ac:d5fb:e9a6:82fb%en0&apos;, os.name: &apos;Mac OS X&apos;, os.arch: &apos;x86_64&apos;, os.version: &apos;10.14.6&apos;, java.version: &apos;1.8.0_181&apos;
Driver info: org.openqa.selenium.chrome.ChromeDriver
Capabilities {acceptInsecureCerts: false, acceptSslCerts: false, applicationCacheEnabled: false, browserConnectionEnabled: false, browserName: chrome, chrome: {chromedriverVersion: 2.43.600229 (3fae4d0cda5334..., userDataDir: /var/folders/3n/b5sknkcj0f3...}, cssSelectorsEnabled: true, databaseEnabled: false, goog:chromeOptions: {debuggerAddress: localhost:51677}, handlesAlerts: true, hasTouchScreen: false, javascriptEnabled: true, locationContextEnabled: true, mobileEmulationEnabled: false, nativeEvents: true, networkConnectionEnabled: false, pageLoadStrategy: normal, platform: MAC, platformName: MAC, rotatable: false, setWindowRect: true, takesHeapSnapshot: true, takesScreenshot: true, unexpectedAlertBehaviour: , unhandledPromptBehavior: , version: 83.0.4103.97, webStorageEnabled: true}
Session ID: 2c349e66fd565d2096b286d1a42f7473" type="testDisableAll(Tests.DisableArticlesTests)">org.openqa.selenium.NoSuchSessionException: invalid session id
  (Driver info: chromedriver=2.43.600229 (3fae4d0cda5334b4f533bede5a4787f7b832d052),platform=Mac OS X 10.14.6 x86_64) (WARNING: The server did not provide any stacktrace information)
Command duration or timeout: 0 milliseconds
Build info: version: &apos;3.10.0&apos;, revision: &apos;176b4a9&apos;, time: &apos;2018-03-02T19:11:12.151Z&apos;
System info: host: &apos;WillHall-MBPrd.roc.mn.charter.com&apos;, ip: &apos;2600:6c46:7800:954:59ac:d5fb:e9a6:82fb%en0&apos;, os.name: &apos;Mac OS X&apos;, os.arch: &apos;x86_64&apos;, os.version: &apos;10.14.6&apos;, java.version: &apos;1.8.0_181&apos;
Driver info: org.openqa.selenium.chrome.ChromeDriver
Capabilities {acceptInsecureCerts: false, acceptSslCerts: false, applicationCacheEnabled: false, browserConnectionEnabled: false, browserName: chrome, chrome: {chromedriverVersion: 2.43.600229 (3fae4d0cda5334..., userDataDir: /var/folders/3n/b5sknkcj0f3...}, cssSelectorsEnabled: true, databaseEnabled: false, goog:chromeOptions: {debuggerAddress: localhost:51677}, handlesAlerts: true, hasTouchScreen: false, javascriptEnabled: true, locationContextEnabled: true, mobileEmulationEnabled: false, nativeEvents: true, networkConnectionEnabled: false, pageLoadStrategy: normal, platform: MAC, platformName: MAC, rotatable: false, setWindowRect: true, takesHeapSnapshot: true, takesScreenshot: true, unexpectedAlertBehaviour: , unhandledPromptBehavior: , version: 83.0.4103.97, webStorageEnabled: true}
Session ID: 2c349e66fd565d2096b286d1a42f7473
	at java.lang.reflect.Constructor.newInstance(Constructor.java:423)
	at org.openqa.selenium.remote.ErrorHandler.createThrowable(ErrorHandler.java:214)
	at org.openqa.selenium.remote.ErrorHandler.throwIfResponseFailed(ErrorHandler.java:166)
	at org.openqa.selenium.remote.http.JsonHttpResponseCodec.reconstructValue(JsonHttpResponseCodec.java:40)
	at org.openqa.selenium.remote.http.AbstractHttpResponseCodec.decode(AbstractHttpResponseCodec.java:80)
	at org.openqa.selenium.remote.http.AbstractHttpResponseCodec.decode(AbstractHttpResponseCodec.java:44)
	at org.openqa.selenium.remote.HttpCommandExecutor.execute(HttpCommandExecutor.java:160)
	at org.openqa.selenium.remote.service.DriverCommandExecutor.execute(DriverCommandExecutor.java:83)
	at org.openqa.selenium.remote.RemoteWebDriver.execute(RemoteWebDriver.java:601)
	at org.openqa.selenium.remote.RemoteWebDriver.execute(RemoteWebDriver.java:658)
	at org.openqa.selenium.remote.RemoteWebDriver.close(RemoteWebDriver.java:487)
	at SharedClasses.BasePage.closeCurrentWindow(BasePage.java:61)
	at Tests.DisableArticlesTests$1.failed(DisableArticlesTests.java:153)
	at TrueUserTests.TrueUser.Retry$1.evaluate(Retry.java:24)
	at TrueUserTests.TrueUser.RegressionSuiteRunner.main(RegressionSuiteRunner.java:158)
</failure>
  </testcase>
  <testcase classname="Tests.DisableArticlesTests" name="testPreviousBreadcrumbThirdLevel" time="1.447">
    <failure type="testPreviousBreadcrumbThirdLevel(Tests.DisableArticlesTests)">java.lang.NullPointerException
	at Tests.DisableArticlesTests.testPreviousBreadcrumbThirdLevel(DisableArticlesTests.java:563)
	at TrueUserTests.TrueUser.Retry$1.evaluate(Retry.java:24)
	at TrueUserTests.TrueUser.RegressionSuiteRunner.main(RegressionSuiteRunner.java:158)
</failure>
    <failure message="invalid session id
  (Driver info: chromedriver=2.43.600229 (3fae4d0cda5334b4f533bede5a4787f7b832d052),platform=Mac OS X 10.14.6 x86_64) (WARNING: The server did not provide any stacktrace information)
Command duration or timeout: 0 milliseconds
Build info: version: &apos;3.10.0&apos;, revision: &apos;176b4a9&apos;, time: &apos;2018-03-02T19:11:12.151Z&apos;
System info: host: &apos;WillHall-MBPrd.roc.mn.charter.com&apos;, ip: &apos;2600:6c46:7800:954:59ac:d5fb:e9a6:82fb%en0&apos;, os.name: &apos;Mac OS X&apos;, os.arch: &apos;x86_64&apos;, os.version: &apos;10.14.6&apos;, java.version: &apos;1.8.0_181&apos;
Driver info: org.openqa.selenium.chrome.ChromeDriver
Capabilities {acceptInsecureCerts: false, acceptSslCerts: false, applicationCacheEnabled: false, browserConnectionEnabled: false, browserName: chrome, chrome: {chromedriverVersion: 2.43.600229 (3fae4d0cda5334..., userDataDir: /var/folders/3n/b5sknkcj0f3...}, cssSelectorsEnabled: true, databaseEnabled: false, goog:chromeOptions: {debuggerAddress: localhost:51677}, handlesAlerts: true, hasTouchScreen: false, javascriptEnabled: true, locationContextEnabled: true, mobileEmulationEnabled: false, nativeEvents: true, networkConnectionEnabled: false, pageLoadStrategy: normal, platform: MAC, platformName: MAC, rotatable: false, setWindowRect: true, takesHeapSnapshot: true, takesScreenshot: true, unexpectedAlertBehaviour: , unhandledPromptBehavior: , version: 83.0.4103.97, webStorageEnabled: true}
Session ID: 2c349e66fd565d2096b286d1a42f7473" type="testPreviousBreadcrumbThirdLevel(Tests.DisableArticlesTests)">org.openqa.selenium.NoSuchSessionException: invalid session id
  (Driver info: chromedriver=2.43.600229 (3fae4d0cda5334b4f533bede5a4787f7b832d052),platform=Mac OS X 10.14.6 x86_64) (WARNING: The server did not provide any stacktrace information)
Command duration or timeout: 0 milliseconds
Build info: version: &apos;3.10.0&apos;, revision: &apos;176b4a9&apos;, time: &apos;2018-03-02T19:11:12.151Z&apos;
System info: host: &apos;WillHall-MBPrd.roc.mn.charter.com&apos;, ip: &apos;2600:6c46:7800:954:59ac:d5fb:e9a6:82fb%en0&apos;, os.name: &apos;Mac OS X&apos;, os.arch: &apos;x86_64&apos;, os.version: &apos;10.14.6&apos;, java.version: &apos;1.8.0_181&apos;
Driver info: org.openqa.selenium.chrome.ChromeDriver
Capabilities {acceptInsecureCerts: false, acceptSslCerts: false, applicationCacheEnabled: false, browserConnectionEnabled: false, browserName: chrome, chrome: {chromedriverVersion: 2.43.600229 (3fae4d0cda5334..., userDataDir: /var/folders/3n/b5sknkcj0f3...}, cssSelectorsEnabled: true, databaseEnabled: false, goog:chromeOptions: {debuggerAddress: localhost:51677}, handlesAlerts: true, hasTouchScreen: false, javascriptEnabled: true, locationContextEnabled: true, mobileEmulationEnabled: false, nativeEvents: true, networkConnectionEnabled: false, pageLoadStrategy: normal, platform: MAC, platformName: MAC, rotatable: false, setWindowRect: true, takesHeapSnapshot: true, takesScreenshot: true, unexpectedAlertBehaviour: , unhandledPromptBehavior: , version: 83.0.4103.97, webStorageEnabled: true}
Session ID: 2c349e66fd565d2096b286d1a42f7473
	at java.lang.reflect.Constructor.newInstance(Constructor.java:423)
	at org.openqa.selenium.remote.ErrorHandler.createThrowable(ErrorHandler.java:214)
	at org.openqa.selenium.remote.ErrorHandler.throwIfResponseFailed(ErrorHandler.java:166)
	at org.openqa.selenium.remote.http.JsonHttpResponseCodec.reconstructValue(JsonHttpResponseCodec.java:40)
	at org.openqa.selenium.remote.http.AbstractHttpResponseCodec.decode(AbstractHttpResponseCodec.java:80)
	at org.openqa.selenium.remote.http.AbstractHttpResponseCodec.decode(AbstractHttpResponseCodec.java:44)
	at org.openqa.selenium.remote.HttpCommandExecutor.execute(HttpCommandExecutor.java:160)
	at org.openqa.selenium.remote.service.DriverCommandExecutor.execute(DriverCommandExecutor.java:83)
	at org.openqa.selenium.remote.RemoteWebDriver.execute(RemoteWebDriver.java:601)
	at org.openqa.selenium.remote.RemoteWebDriver.execute(RemoteWebDriver.java:658)
	at org.openqa.selenium.remote.RemoteWebDriver.close(RemoteWebDriver.java:487)
	at SharedClasses.BasePage.closeCurrentWindow(BasePage.java:61)
	at Tests.DisableArticlesTests$1.failed(DisableArticlesTests.java:153)
	at TrueUserTests.TrueUser.Retry$1.evaluate(Retry.java:24)
	at TrueUserTests.TrueUser.RegressionSuiteRunner.main(RegressionSuiteRunner.java:158)
</failure>
  </testcase>
  <testcase classname="Tests.DisableArticlesTests" name="testDatabaseBreadcrumbAnimals" time="1.45">
    <failure type="testDatabaseBreadcrumbAnimals(Tests.DisableArticlesTests)">java.lang.NullPointerException
	at Tests.DisableArticlesTests.testDatabaseBreadcrumbAnimals(DisableArticlesTests.java:432)
	at TrueUserTests.TrueUser.Retry$1.evaluate(Retry.java:24)
	at TrueUserTests.TrueUser.RegressionSuiteRunner.main(RegressionSuiteRunner.java:158)
</failure>
    <failure message="invalid session id
  (Driver info: chromedriver=2.43.600229 (3fae4d0cda5334b4f533bede5a4787f7b832d052),platform=Mac OS X 10.14.6 x86_64) (WARNING: The server did not provide any stacktrace information)
Command duration or timeout: 0 milliseconds
Build info: version: &apos;3.10.0&apos;, revision: &apos;176b4a9&apos;, time: &apos;2018-03-02T19:11:12.151Z&apos;
System info: host: &apos;WillHall-MBPrd.roc.mn.charter.com&apos;, ip: &apos;2600:6c46:7800:954:59ac:d5fb:e9a6:82fb%en0&apos;, os.name: &apos;Mac OS X&apos;, os.arch: &apos;x86_64&apos;, os.version: &apos;10.14.6&apos;, java.version: &apos;1.8.0_181&apos;
Driver info: org.openqa.selenium.chrome.ChromeDriver
Capabilities {acceptInsecureCerts: false, acceptSslCerts: false, applicationCacheEnabled: false, browserConnectionEnabled: false, browserName: chrome, chrome: {chromedriverVersion: 2.43.600229 (3fae4d0cda5334..., userDataDir: /var/folders/3n/b5sknkcj0f3...}, cssSelectorsEnabled: true, databaseEnabled: false, goog:chromeOptions: {debuggerAddress: localhost:51677}, handlesAlerts: true, hasTouchScreen: false, javascriptEnabled: true, locationContextEnabled: true, mobileEmulationEnabled: false, nativeEvents: true, networkConnectionEnabled: false, pageLoadStrategy: normal, platform: MAC, platformName: MAC, rotatable: false, setWindowRect: true, takesHeapSnapshot: true, takesScreenshot: true, unexpectedAlertBehaviour: , unhandledPromptBehavior: , version: 83.0.4103.97, webStorageEnabled: true}
Session ID: 2c349e66fd565d2096b286d1a42f7473" type="testDatabaseBreadcrumbAnimals(Tests.DisableArticlesTests)">org.openqa.selenium.NoSuchSessionException: invalid session id
  (Driver info: chromedriver=2.43.600229 (3fae4d0cda5334b4f533bede5a4787f7b832d052),platform=Mac OS X 10.14.6 x86_64) (WARNING: The server did not provide any stacktrace information)
Command duration or timeout: 0 milliseconds
Build info: version: &apos;3.10.0&apos;, revision: &apos;176b4a9&apos;, time: &apos;2018-03-02T19:11:12.151Z&apos;
System info: host: &apos;WillHall-MBPrd.roc.mn.charter.com&apos;, ip: &apos;2600:6c46:7800:954:59ac:d5fb:e9a6:82fb%en0&apos;, os.name: &apos;Mac OS X&apos;, os.arch: &apos;x86_64&apos;, os.version: &apos;10.14.6&apos;, java.version: &apos;1.8.0_181&apos;
Driver info: org.openqa.selenium.chrome.ChromeDriver
Capabilities {acceptInsecureCerts: false, acceptSslCerts: false, applicationCacheEnabled: false, browserConnectionEnabled: false, browserName: chrome, chrome: {chromedriverVersion: 2.43.600229 (3fae4d0cda5334..., userDataDir: /var/folders/3n/b5sknkcj0f3...}, cssSelectorsEnabled: true, databaseEnabled: false, goog:chromeOptions: {debuggerAddress: localhost:51677}, handlesAlerts: true, hasTouchScreen: false, javascriptEnabled: true, locationContextEnabled: true, mobileEmulationEnabled: false, nativeEvents: true, networkConnectionEnabled: false, pageLoadStrategy: normal, platform: MAC, platformName: MAC, rotatable: false, setWindowRect: true, takesHeapSnapshot: true, takesScreenshot: true, unexpectedAlertBehaviour: , unhandledPromptBehavior: , version: 83.0.4103.97, webStorageEnabled: true}
Session ID: 2c349e66fd565d2096b286d1a42f7473
	at java.lang.reflect.Constructor.newInstance(Constructor.java:423)
	at org.openqa.selenium.remote.ErrorHandler.createThrowable(ErrorHandler.java:214)
	at org.openqa.selenium.remote.ErrorHandler.throwIfResponseFailed(ErrorHandler.java:166)
	at org.openqa.selenium.remote.http.JsonHttpResponseCodec.reconstructValue(JsonHttpResponseCodec.java:40)
	at org.openqa.selenium.remote.http.AbstractHttpResponseCodec.decode(AbstractHttpResponseCodec.java:80)
	at org.openqa.selenium.remote.http.AbstractHttpResponseCodec.decode(AbstractHttpResponseCodec.java:44)
	at org.openqa.selenium.remote.HttpCommandExecutor.execute(HttpCommandExecutor.java:160)
	at org.openqa.selenium.remote.service.DriverCommandExecutor.execute(DriverCommandExecutor.java:83)
	at org.openqa.selenium.remote.RemoteWebDriver.execute(RemoteWebDriver.java:601)
	at org.openqa.selenium.remote.RemoteWebDriver.execute(RemoteWebDriver.java:658)
	at org.openqa.selenium.remote.RemoteWebDriver.close(RemoteWebDriver.java:487)
	at SharedClasses.BasePage.closeCurrentWindow(BasePage.java:61)
	at Tests.DisableArticlesTests$1.failed(DisableArticlesTests.java:153)
	at TrueUserTests.TrueUser.Retry$1.evaluate(Retry.java:24)
	at TrueUserTests.TrueUser.RegressionSuiteRunner.main(RegressionSuiteRunner.java:158)
</failure>
  </testcase>
</testsuite>
