<?xml version="1.0" encoding="UTF-8" ?>
<testsuite errors="0" failures="0" hostname="WillHall-MBPrd.roc.mn.charter.com" name="testDatabaseBreadcrumbAnimales(Tests.StudentContentTests)" skipped="0" tests="1" time="2.92" timestamp="2020-06-14T04:55:31">
  <properties />
  <system-out><![CDATA[Starting test: testDatabaseBreadcrumbAnimales
 ====================================== Sat Jun 13 23:55:34 CDT 2020 === Finished execution of test case : testDatabaseBreadcrumbAnimales
]]></system-out>
  <system-err><![CDATA[]]></system-err>
  <testcase classname="TrueUserTests.TrueUser.DescriptionAsTest" name="testDatabaseBreadcrumbAnimales(Tests.StudentContentTests)" time="2.92" />
</testsuite>
