<?xml version="1.0" encoding="UTF-8" ?>
<testsuite errors="0" failures="0" hostname="WillHall-MBPrd.roc.mn.charter.com" name="testCapstoneMenuScreenReaderElementAttributes(Tests.RegressionPGONewHomepageTests)" skipped="0" tests="1" time="1.118" timestamp="2020-06-14T04:56:37">
  <properties />
  <system-out><![CDATA[ ====================================== Sat Jun 13 23:56:39 CDT 2020 === Finished execution of test case : testCapstoneMenuScreenReaderElementAttributes
]]></system-out>
  <system-err><![CDATA[]]></system-err>
  <testcase classname="TrueUserTests.TrueUser.DescriptionAsTest" name="testCapstoneMenuScreenReaderElementAttributes(Tests.RegressionPGONewHomepageTests)" time="1.118" />
</testsuite>
