<?xml version="1.0" encoding="UTF-8" ?>
<testsuite errors="0" failures="0" hostname="WillHall-MBPrd.roc.mn.charter.com" name="testAllScienceContentPresent(Tests.StudentContentTests)" skipped="0" tests="1" time="1.508" timestamp="2020-06-14T04:55:23">
  <properties />
  <system-out><![CDATA[Starting test: testAllScienceContentPresent
 ====================================== Sat Jun 13 23:55:25 CDT 2020 === Finished execution of test case : testAllScienceContentPresent
]]></system-out>
  <system-err><![CDATA[]]></system-err>
  <testcase classname="TrueUserTests.TrueUser.DescriptionAsTest" name="testAllScienceContentPresent(Tests.StudentContentTests)" time="1.508" />
</testsuite>
