<?xml version="1.0" encoding="UTF-8" ?>
<testsuite errors="0" failures="0" hostname="WillHall-MBPrd.roc.mn.charter.com" name="testAllDinosaursContentPresent(Tests.StudentContentTests)" skipped="0" tests="1" time="1.374" timestamp="2020-06-14T04:55:39">
  <properties />
  <system-out><![CDATA[Starting test: testAllDinosaursContentPresent
 ====================================== Sat Jun 13 23:55:41 CDT 2020 === Finished execution of test case : testAllDinosaursContentPresent
]]></system-out>
  <system-err><![CDATA[]]></system-err>
  <testcase classname="TrueUserTests.TrueUser.DescriptionAsTest" name="testAllDinosaursContentPresent(Tests.StudentContentTests)" time="1.374" />
</testsuite>
