<?xml version="1.0" encoding="UTF-8" ?>
<testsuite errors="0" failures="0" hostname="WillHall-MBPrd.roc.mn.charter.com" name="testDatabaseBreadcrumbSocialStudies(Tests.StudentContentTests)" skipped="0" tests="1" time="3.076" timestamp="2020-06-14T04:56:03">
  <properties />
  <system-out><![CDATA[Starting test: testDatabaseBreadcrumbSocialStudies
 ====================================== Sat Jun 13 23:56:06 CDT 2020 === Finished execution of test case : testDatabaseBreadcrumbSocialStudies
]]></system-out>
  <system-err><![CDATA[]]></system-err>
  <testcase classname="TrueUserTests.TrueUser.DescriptionAsTest" name="testDatabaseBreadcrumbSocialStudies(Tests.StudentContentTests)" time="3.076" />
</testsuite>
