<?xml version="1.0" encoding="UTF-8" ?>
<testsuite errors="0" failures="0" hostname="WillHall-MBPrd.roc.mn.charter.com" name="testDatabaseBreadcrumbScience(Tests.StudentContentTests)" skipped="0" tests="1" time="2.631" timestamp="2020-06-14T04:55:20">
  <properties />
  <system-out><![CDATA[Starting test: testDatabaseBreadcrumbScience
 ====================================== Sat Jun 13 23:55:23 CDT 2020 === Finished execution of test case : testDatabaseBreadcrumbScience
]]></system-out>
  <system-err><![CDATA[]]></system-err>
  <testcase classname="TrueUserTests.TrueUser.DescriptionAsTest" name="testDatabaseBreadcrumbScience(Tests.StudentContentTests)" time="2.63" />
</testsuite>
