<?xml version="1.0" encoding="UTF-8" ?>
<testsuite errors="0" failures="0" hostname="WillHall-MBPrd.roc.mn.charter.com" name="canSearchIntoArticle(Tests.RegressionPGONewHomepageTests)" skipped="0" tests="1" time="2.738" timestamp="2020-06-14T04:56:22">
  <properties />
  <system-out><![CDATA[ ====================================== Sat Jun 13 23:56:25 CDT 2020 === Finished execution of test case : canSearchIntoArticle
]]></system-out>
  <system-err><![CDATA[]]></system-err>
  <testcase classname="TrueUserTests.TrueUser.DescriptionAsTest" name="canSearchIntoArticle(Tests.RegressionPGONewHomepageTests)" time="2.738" />
</testsuite>
