<?xml version="1.0" encoding="UTF-8" ?>
<testsuite errors="0" failures="0" hostname="WillHall-MBPrd.roc.mn.charter.com" name="testFirstContentBreadcrumbAnimals(Tests.StudentContentTests)" skipped="0" tests="1" time="2.959" timestamp="2020-06-14T04:54:15">
  <properties />
  <system-out><![CDATA[Starting test: testFirstContentBreadcrumbAnimals
 ====================================== Sat Jun 13 23:54:18 CDT 2020 === Finished execution of test case : testFirstContentBreadcrumbAnimals
]]></system-out>
  <system-err><![CDATA[]]></system-err>
  <testcase classname="TrueUserTests.TrueUser.DescriptionAsTest" name="testFirstContentBreadcrumbAnimals(Tests.StudentContentTests)" time="2.959" />
</testsuite>
