<?xml version="1.0" encoding="UTF-8" ?>
<testsuite errors="0" failures="0" hostname="WillHall-MBPrd.roc.mn.charter.com" name="testClickHomeButtonFromDinosaurs(Tests.StudentContentTests)" skipped="0" tests="1" time="1.378" timestamp="2020-06-14T04:54:14">
  <properties />
  <system-out><![CDATA[Starting test: testClickHomeButtonFromDinosaurs
 ====================================== Sat Jun 13 23:54:15 CDT 2020 === Finished execution of test case : testClickHomeButtonFromDinosaurs
]]></system-out>
  <system-err><![CDATA[]]></system-err>
  <testcase classname="TrueUserTests.TrueUser.DescriptionAsTest" name="testClickHomeButtonFromDinosaurs(Tests.StudentContentTests)" time="1.378" />
</testsuite>
