<?xml version="1.0" encoding="UTF-8" ?>
<testsuite errors="0" failures="0" hostname="WillHall-MBPrd.roc.mn.charter.com" name="testAllBiographiesContentPresent(Tests.StudentContentTests)" skipped="0" tests="1" time="1.793" timestamp="2020-06-14T04:55:28">
  <properties />
  <system-out><![CDATA[Starting test: testAllBiographiesContentPresent
 ====================================== Sat Jun 13 23:55:29 CDT 2020 === Finished execution of test case : testAllBiographiesContentPresent
]]></system-out>
  <system-err><![CDATA[]]></system-err>
  <testcase classname="TrueUserTests.TrueUser.DescriptionAsTest" name="testAllBiographiesContentPresent(Tests.StudentContentTests)" time="1.793" />
</testsuite>
