<?xml version="1.0" encoding="UTF-8" ?>
<testsuite errors="0" failures="0" hostname="WillHall-MBPrd.roc.mn.charter.com" name="testSecondContentBreadcrumbDinosaurs(Tests.StudentContentTests)" skipped="0" tests="1" time="4.356" timestamp="2020-06-14T04:54:24">
  <properties />
  <system-out><![CDATA[Starting test: testSecondContentBreadcrumbDinosaurs
 ====================================== Sat Jun 13 23:54:28 CDT 2020 === Finished execution of test case : testSecondContentBreadcrumbDinosaurs
]]></system-out>
  <system-err><![CDATA[]]></system-err>
  <testcase classname="TrueUserTests.TrueUser.DescriptionAsTest" name="testSecondContentBreadcrumbDinosaurs(Tests.StudentContentTests)" time="4.356" />
</testsuite>
