<?xml version="1.0" encoding="UTF-8" ?>
<testsuite errors="0" failures="0" hostname="WillHall-MBPrd.roc.mn.charter.com" name="testFirstContentBreadcrumbDinosaurs(Tests.StudentContentTests)" skipped="0" tests="1" time="3.053" timestamp="2020-06-14T04:55:13">
  <properties />
  <system-out><![CDATA[Starting test: testFirstContentBreadcrumbDinosaurs
 ====================================== Sat Jun 13 23:55:16 CDT 2020 === Finished execution of test case : testFirstContentBreadcrumbDinosaurs
]]></system-out>
  <system-err><![CDATA[]]></system-err>
  <testcase classname="TrueUserTests.TrueUser.DescriptionAsTest" name="testFirstContentBreadcrumbDinosaurs(Tests.StudentContentTests)" time="3.053" />
</testsuite>
