<?xml version="1.0" encoding="UTF-8" ?>
<testsuite errors="0" failures="0" hostname="WillHall-MBPrd.roc.mn.charter.com" name="testClickHomeButtonFromSocialStudies(Tests.StudentContentTests)" skipped="0" tests="1" time="1.761" timestamp="2020-06-14T04:54:12">
  <properties />
  <system-out><![CDATA[Starting test: testClickHomeButtonFromSocialStudies
 ====================================== Sat Jun 13 23:54:14 CDT 2020 === Finished execution of test case : testClickHomeButtonFromSocialStudies
]]></system-out>
  <system-err><![CDATA[]]></system-err>
  <testcase classname="TrueUserTests.TrueUser.DescriptionAsTest" name="testClickHomeButtonFromSocialStudies(Tests.StudentContentTests)" time="1.761" />
</testsuite>
