<?xml version="1.0" encoding="UTF-8" ?>
<testsuite errors="0" failures="0" hostname="WillHall-MBPrd.roc.mn.charter.com" name="testCapstoneMenuLinksScreenReaderElementAttributes(Tests.RegressionPGONewHomepageTests)" skipped="0" tests="1" time="1.621" timestamp="2020-06-14T04:56:39">
  <properties />
  <system-out><![CDATA[ ====================================== Sat Jun 13 23:56:40 CDT 2020 === Finished execution of test case : testCapstoneMenuLinksScreenReaderElementAttributes
]]></system-out>
  <system-err><![CDATA[]]></system-err>
  <testcase classname="TrueUserTests.TrueUser.DescriptionAsTest" name="testCapstoneMenuLinksScreenReaderElementAttributes(Tests.RegressionPGONewHomepageTests)" time="1.621" />
</testsuite>
