<?xml version="1.0" encoding="UTF-8" ?>
<testsuite errors="0" failures="0" hostname="WillHall-MBPrd.roc.mn.charter.com" name="testThirdContentBreadcrumbAnimals(Tests.StudentContentTests)" skipped="0" tests="1" time="5.792" timestamp="2020-06-14T04:54:18">
  <properties />
  <system-out><![CDATA[Starting test: testThirdContentBreadcrumbAnimals
 ====================================== Sat Jun 13 23:54:24 CDT 2020 === Finished execution of test case : testThirdContentBreadcrumbAnimals
]]></system-out>
  <system-err><![CDATA[]]></system-err>
  <testcase classname="TrueUserTests.TrueUser.DescriptionAsTest" name="testThirdContentBreadcrumbAnimals(Tests.StudentContentTests)" time="5.792" />
</testsuite>
