<?xml version="1.0" encoding="UTF-8" ?>
<testsuite errors="0" failures="0" hostname="WillHall-MBPrd.roc.mn.charter.com" name="testPebbleGoLogo(Tests.StudentContentTests)" skipped="0" tests="1" time="0.675" timestamp="2020-06-14T04:54:28">
  <properties />
  <system-out><![CDATA[Starting test: testPebbleGoLogo
 ====================================== Sat Jun 13 23:54:29 CDT 2020 === Finished execution of test case : testPebbleGoLogo
]]></system-out>
  <system-err><![CDATA[]]></system-err>
  <testcase classname="TrueUserTests.TrueUser.DescriptionAsTest" name="testPebbleGoLogo(Tests.StudentContentTests)" time="0.675" />
</testsuite>
