<?xml version="1.0" encoding="UTF-8" ?>
<testsuite errors="0" failures="0" hostname="WillHall-MBPrd.roc.mn.charter.com" name="testTexasButtonBiografias(Tests.StudentContentTests)" skipped="0" tests="1" time="2.554" timestamp="2020-06-14T04:55:16">
  <properties />
  <system-out><![CDATA[Starting test: testTexasButtonBiografias
 ====================================== Sat Jun 13 23:55:18 CDT 2020 === Finished execution of test case : testTexasButtonBiografias
]]></system-out>
  <system-err><![CDATA[]]></system-err>
  <testcase classname="TrueUserTests.TrueUser.DescriptionAsTest" name="testTexasButtonBiografias(Tests.StudentContentTests)" time="2.554" />
</testsuite>
