<?xml version="1.0" encoding="UTF-8" ?>
<testsuite errors="0" failures="0" hostname="WillHall-MBPrd.roc.mn.charter.com" name="testSecondContentBreadcrumbScience(Tests.StudentContentTests)" skipped="0" tests="1" time="3.69" timestamp="2020-06-14T04:56:11">
  <properties />
  <system-out><![CDATA[Starting test: testSecondContentBreadcrumbScience
 ====================================== Sat Jun 13 23:56:14 CDT 2020 === Finished execution of test case : testSecondContentBreadcrumbScience
]]></system-out>
  <system-err><![CDATA[]]></system-err>
  <testcase classname="TrueUserTests.TrueUser.DescriptionAsTest" name="testSecondContentBreadcrumbScience(Tests.StudentContentTests)" time="3.69" />
</testsuite>
