<?xml version="1.0" encoding="UTF-8" ?>
<testsuite errors="0" failures="0" hostname="WillHall-MBPrd.roc.mn.charter.com" name="testSearchResultsScreenReaderElementAttributes(Tests.RegressionPGONewHomepageTests)" skipped="0" tests="1" time="1.108" timestamp="2020-06-14T04:56:43">
  <properties />
  <system-out><![CDATA[ ====================================== Sat Jun 13 23:56:45 CDT 2020 === Finished execution of test case : testSearchResultsScreenReaderElementAttributes
]]></system-out>
  <system-err><![CDATA[]]></system-err>
  <testcase classname="TrueUserTests.TrueUser.DescriptionAsTest" name="testSearchResultsScreenReaderElementAttributes(Tests.RegressionPGONewHomepageTests)" time="1.108" />
</testsuite>
