<?xml version="1.0" encoding="UTF-8" ?>
<testsuite errors="0" failures="0" hostname="WillHall-MBPrd.roc.mn.charter.com" name="testLogOutButton(Tests.StudentContentTests)" skipped="0" tests="1" time="6.884" timestamp="2020-06-14T04:54:36">
  <properties />
  <system-out><![CDATA[Starting test: testLogOutButton
 ====================================== Sat Jun 13 23:54:43 CDT 2020 === Finished execution of test case : testLogOutButton
]]></system-out>
  <system-err><![CDATA[]]></system-err>
  <testcase classname="TrueUserTests.TrueUser.DescriptionAsTest" name="testLogOutButton(Tests.StudentContentTests)" time="6.884" />
</testsuite>
