<?xml version="1.0" encoding="UTF-8" ?>
<testsuite errors="0" failures="0" hostname="WillHall-MBPrd.roc.mn.charter.com" name="testFirstContentBreadcrumbSocialStudies(Tests.StudentContentTests)" skipped="0" tests="1" time="2.835" timestamp="2020-06-14T04:55:45">
  <properties />
  <system-out><![CDATA[Starting test: testFirstContentBreadcrumbSocialStudies
 ====================================== Sat Jun 13 23:55:48 CDT 2020 === Finished execution of test case : testFirstContentBreadcrumbSocialStudies
]]></system-out>
  <system-err><![CDATA[]]></system-err>
  <testcase classname="TrueUserTests.TrueUser.DescriptionAsTest" name="testFirstContentBreadcrumbSocialStudies(Tests.StudentContentTests)" time="2.835" />
</testsuite>
